
===========================================================================
report_checks -path_delay max (Setup)
============================================================================
Startpoint: clock (input port clocked by clk_48)
Endpoint: led_clock (output port clocked by clk_48)
Path Group: clk_48
Path Type: max

Fanout     Cap    Slew   Delay    Time   Description
-----------------------------------------------------------------------------
                  0.00    0.00    0.00   clock clk_48 (rise edge)
                          0.00    0.00   clock network delay (ideal)
                          3.00    3.00 ^ input external delay
                  0.03    0.02    3.02 ^ clock (in)
     1    0.01                           clock (net)
                  0.03    0.00    3.02 ^ input33/A (sky130_fd_sc_hd__clkbuf_1)
                  0.08    0.11    3.13 ^ input33/X (sky130_fd_sc_hd__clkbuf_1)
     1    0.01                           net33 (net)
                  0.08    0.00    3.13 ^ fanout183/A (sky130_fd_sc_hd__buf_2)
                  0.16    0.21    3.34 ^ fanout183/X (sky130_fd_sc_hd__buf_2)
     4    0.03                           net183 (net)
                  0.16    0.00    3.34 ^ fanout169/A (sky130_fd_sc_hd__clkbuf_2)
                  0.13    0.21    3.55 ^ fanout169/X (sky130_fd_sc_hd__clkbuf_2)
     4    0.02                           net169 (net)
                  0.13    0.00    3.56 ^ fanout165/A (sky130_fd_sc_hd__clkbuf_1)
                  0.13    0.17    3.73 ^ fanout165/X (sky130_fd_sc_hd__clkbuf_1)
     3    0.01                           net165 (net)
                  0.13    0.00    3.73 ^ fanout164/A (sky130_fd_sc_hd__clkbuf_2)
                  0.11    0.19    3.92 ^ fanout164/X (sky130_fd_sc_hd__clkbuf_2)
     6    0.02                           net164 (net)
                  0.11    0.00    3.92 ^ _3558_/A (sky130_fd_sc_hd__clkbuf_1)
                  0.05    0.11    4.03 ^ _3558_/X (sky130_fd_sc_hd__clkbuf_1)
     1    0.00                           net78 (net)
                  0.05    0.00    4.03 ^ output78/A (sky130_fd_sc_hd__clkbuf_4)
                  0.12    0.20    4.23 ^ output78/X (sky130_fd_sc_hd__clkbuf_4)
     1    0.04                           led_clock (net)
                  0.12    0.00    4.24 ^ led_clock (out)
                                  4.24   data arrival time

                  0.00   15.00   15.00   clock clk_48 (rise edge)
                          0.00   15.00   clock network delay (ideal)
                         -0.25   14.75   clock uncertainty
                          0.00   14.75   clock reconvergence pessimism
                         -3.00   11.75   output external delay
                                 11.75   data required time
-----------------------------------------------------------------------------
                                 11.75   data required time
                                 -4.24   data arrival time
-----------------------------------------------------------------------------
                                  7.51   slack (MET)


