
===========================================================================
report_checks -unconstrained
============================================================================
Startpoint: clock (input port clocked by clk_48)
Endpoint: led_clock (output port clocked by clk_48)
Path Group: clk_48
Path Type: max

Fanout     Cap    Slew   Delay    Time   Description
-----------------------------------------------------------------------------
                  0.00    0.00    0.00   clock clk_48 (rise edge)
                          0.00    0.00   clock network delay (ideal)
                          3.00    3.00 ^ input external delay
                  0.04    0.02    3.02 ^ clock (in)
     1    0.01                           clock (net)
                  0.04    0.00    3.02 ^ input33/A (sky130_fd_sc_hd__clkbuf_1)
                  0.08    0.11    3.13 ^ input33/X (sky130_fd_sc_hd__clkbuf_1)
     1    0.01                           net33 (net)
                  0.08    0.00    3.13 ^ fanout191/A (sky130_fd_sc_hd__clkbuf_2)
                  0.14    0.19    3.32 ^ fanout191/X (sky130_fd_sc_hd__clkbuf_2)
     5    0.02                           net191 (net)
                  0.14    0.00    3.32 ^ fanout190/A (sky130_fd_sc_hd__clkbuf_2)
                  0.10    0.19    3.51 ^ fanout190/X (sky130_fd_sc_hd__clkbuf_2)
     3    0.02                           net190 (net)
                  0.10    0.00    3.51 ^ fanout177/A (sky130_fd_sc_hd__dlymetal6s2s_1)
                  0.18    0.21    3.73 ^ fanout177/X (sky130_fd_sc_hd__dlymetal6s2s_1)
     3    0.02                           net177 (net)
                  0.18    0.00    3.73 ^ fanout173/A (sky130_fd_sc_hd__clkbuf_2)
                  0.11    0.21    3.93 ^ fanout173/X (sky130_fd_sc_hd__clkbuf_2)
     6    0.02                           net173 (net)
                  0.11    0.00    3.94 ^ _3702_/A (sky130_fd_sc_hd__clkbuf_1)
                  0.04    0.10    4.04 ^ _3702_/X (sky130_fd_sc_hd__clkbuf_1)
     1    0.00                           net78 (net)
                  0.04    0.00    4.04 ^ output78/A (sky130_fd_sc_hd__clkbuf_4)
                  0.12    0.20    4.24 ^ output78/X (sky130_fd_sc_hd__clkbuf_4)
     1    0.04                           led_clock (net)
                  0.12    0.00    4.24 ^ led_clock (out)
                                  4.24   data arrival time

                  0.00   15.00   15.00   clock clk_48 (rise edge)
                          0.00   15.00   clock network delay (ideal)
                         -0.25   14.75   clock uncertainty
                          0.00   14.75   clock reconvergence pessimism
                         -3.00   11.75   output external delay
                                 11.75   data required time
-----------------------------------------------------------------------------
                                 11.75   data required time
                                 -4.24   data arrival time
-----------------------------------------------------------------------------
                                  7.51   slack (MET)



===========================================================================
report_checks --slack_max -0.01
============================================================================
No paths found.
