
===========================================================================
report_parasitic_annotation -report_unannotated
============================================================================
Found 1287 unannotated drivers.
 D_R_data[0]
 D_R_data[1]
 D_R_data[2]
 D_R_data[3]
 D_R_data[4]
 D_R_data[5]
 D_R_data[6]
 D_R_data[7]
 I_data[0]
 I_data[1]
 I_data[2]
 I_data[3]
 I_data[4]
 I_data[5]
 I_data[6]
 I_data[7]
 clock
 reset
 _0889_/X
 _0890_/X
 _0891_/X
 _0892_/X
 _0893_/X
 _0894_/X
 _0895_/X
 _0896_/X
 _0897_/X
 _0898_/X
 _0899_/X
 _0900_/X
 _0901_/X
 _0902_/X
 _0903_/X
 _0904_/X
 _0905_/X
 _0906_/X
 _0907_/X
 _0908_/X
 _0909_/X
 _0910_/X
 _0911_/X
 _0912_/X
 _0913_/X
 _0914_/X
 _0915_/Y
 _0916_/X
 _0917_/Y
 _0918_/X
 _0919_/Y
 _0920_/X
 _0921_/Y
 _0922_/X
 _0923_/Y
 _0924_/Y
 _0925_/X
 _0926_/X
 _0927_/X
 _0928_/Y
 _0929_/X
 _0930_/X
 _0931_/X
 _0932_/Y
 _0933_/Y
 _0934_/Y
 _0935_/Y
 _0936_/Y
 _0937_/X
 _0938_/Y
 _0939_/X
 _0940_/X
 _0941_/Y
 _0942_/X
 _0943_/X
 _0944_/Y
 _0945_/X
 _0946_/Y
 _0947_/X
 _0948_/Y
 _0949_/X
 _0950_/Y
 _0951_/X
 _0952_/Y
 _0953_/X
 _0954_/X
 _0955_/X
 _0956_/X
 _0957_/X
 _0958_/X
 _0959_/X
 _0960_/X
 _0961_/X
 _0962_/X
 _0963_/X
 _0964_/X
 _0965_/X
 _0966_/X
 _0967_/X
 _0968_/X
 _0969_/X
 _0970_/X
 _0971_/X
 _0972_/X
 _0973_/X
 _0974_/X
 _0975_/X
 _0976_/X
 _0977_/X
 _0978_/X
 _0979_/X
 _0980_/X
 _0981_/X
 _0982_/X
 _0983_/X
 _0984_/X
 _0985_/X
 _0986_/X
 _0987_/X
 _0988_/X
 _0989_/X
 _0990_/X
 _0991_/X
 _0992_/X
 _0993_/X
 _0994_/X
 _0995_/X
 _0996_/X
 _0997_/X
 _0998_/X
 _0999_/X
 _1000_/X
 _1001_/X
 _1002_/X
 _1003_/X
 _1004_/X
 _1005_/X
 _1006_/X
 _1007_/X
 _1008_/X
 _1009_/X
 _1010_/X
 _1011_/X
 _1012_/X
 _1013_/X
 _1014_/X
 _1015_/X
 _1016_/X
 _1017_/X
 _1018_/X
 _1019_/X
 _1020_/X
 _1021_/X
 _1022_/X
 _1023_/X
 _1024_/X
 _1025_/X
 _1026_/X
 _1027_/X
 _1028_/X
 _1029_/X
 _1030_/X
 _1031_/X
 _1032_/X
 _1033_/X
 _1034_/X
 _1035_/X
 _1036_/X
 _1037_/X
 _1038_/X
 _1039_/X
 _1040_/X
 _1041_/X
 _1042_/X
 _1043_/X
 _1044_/X
 _1045_/X
 _1046_/X
 _1047_/X
 _1048_/X
 _1049_/X
 _1050_/X
 _1051_/X
 _1052_/X
 _1053_/X
 _1054_/X
 _1055_/X
 _1056_/X
 _1057_/X
 _1058_/X
 _1059_/X
 _1060_/X
 _1061_/X
 _1062_/X
 _1063_/X
 _1064_/X
 _1065_/X
 _1066_/X
 _1067_/X
 _1068_/X
 _1069_/X
 _1070_/X
 _1071_/X
 _1072_/X
 _1073_/X
 _1074_/X
 _1075_/X
 _1076_/X
 _1077_/X
 _1078_/X
 _1079_/X
 _1080_/X
 _1081_/X
 _1082_/X
 _1083_/X
 _1084_/X
 _1085_/X
 _1086_/X
 _1087_/X
 _1088_/X
 _1089_/X
 _1090_/X
 _1091_/X
 _1092_/X
 _1093_/X
 _1094_/X
 _1095_/X
 _1096_/X
 _1097_/X
 _1098_/X
 _1099_/X
 _1100_/X
 _1101_/X
 _1102_/X
 _1103_/X
 _1104_/X
 _1105_/X
 _1106_/X
 _1107_/X
 _1108_/X
 _1109_/X
 _1110_/X
 _1111_/X
 _1112_/X
 _1113_/X
 _1114_/X
 _1115_/X
 _1116_/X
 _1117_/X
 _1118_/X
 _1119_/X
 _1120_/X
 _1121_/X
 _1122_/X
 _1123_/X
 _1124_/X
 _1125_/X
 _1126_/X
 _1127_/X
 _1128_/X
 _1129_/X
 _1130_/X
 _1131_/X
 _1132_/X
 _1133_/X
 _1134_/X
 _1135_/X
 _1136_/X
 _1137_/X
 _1138_/X
 _1139_/X
 _1140_/X
 _1141_/Y
 _1142_/Y
 _1143_/X
 _1144_/Y
 _1145_/X
 _1146_/X
 _1147_/X
 _1148_/X
 _1149_/X
 _1150_/X
 _1151_/X
 _1152_/X
 _1153_/X
 _1154_/X
 _1155_/X
 _1156_/X
 _1157_/X
 _1158_/X
 _1159_/X
 _1160_/X
 _1161_/X
 _1162_/X
 _1163_/X
 _1164_/X
 _1165_/X
 _1166_/X
 _1167_/X
 _1168_/X
 _1169_/X
 _1170_/X
 _1171_/X
 _1172_/X
 _1173_/X
 _1174_/X
 _1175_/X
 _1176_/X
 _1177_/X
 _1178_/X
 _1179_/X
 _1180_/X
 _1181_/X
 _1182_/X
 _1183_/X
 _1184_/X
 _1185_/X
 _1186_/X
 _1187_/X
 _1188_/X
 _1189_/X
 _1190_/X
 _1191_/X
 _1192_/X
 _1193_/X
 _1194_/X
 _1195_/X
 _1196_/Y
 _1197_/Y
 _1198_/X
 _1199_/X
 _1200_/X
 _1201_/X
 _1202_/Y
 _1203_/X
 _1204_/X
 _1205_/Y
 _1206_/Y
 _1207_/X
 _1208_/Y
 _1209_/X
 _1210_/Y
 _1211_/X
 _1212_/X
 _1213_/X
 _1214_/X
 _1215_/Y
 _1216_/X
 _1217_/X
 _1218_/Y
 _1219_/X
 _1220_/Y
 _1221_/Y
 _1222_/X
 _1223_/X
 _1224_/X
 _1225_/X
 _1226_/X
 _1227_/Y
 _1228_/Y
 _1229_/Y
 _1230_/Y
 _1231_/X
 _1232_/X
 _1233_/X
 _1234_/Y
 _1235_/X
 _1236_/X
 _1237_/X
 _1238_/Y
 _1239_/Y
 _1240_/Y
 _1241_/Y
 _1242_/X
 _1243_/Y
 _1244_/X
 _1245_/Y
 _1246_/X
 _1247_/X
 _1248_/X
 _1249_/X
 _1250_/Y
 _1251_/Y
 _1252_/X
 _1253_/X
 _1254_/Y
 _1255_/X
 _1256_/X
 _1257_/X
 _1258_/X
 _1259_/X
 _1260_/X
 _1261_/X
 _1262_/X
 _1263_/X
 _1264_/X
 _1265_/X
 _1266_/X
 _1267_/X
 _1268_/X
 _1269_/X
 _1270_/Y
 _1271_/X
 _1272_/X
 _1273_/X
 _1274_/X
 _1275_/X
 _1276_/X
 _1277_/X
 _1278_/X
 _1279_/X
 _1280_/Y
 _1281_/Y
 _1282_/Y
 _1283_/X
 _1284_/X
 _1285_/X
 _1286_/X
 _1287_/X
 _1288_/Y
 _1289_/Y
 _1290_/Y
 _1291_/Y
 _1292_/Y
 _1293_/X
 _1294_/X
 _1295_/X
 _1296_/X
 _1297_/X
 _1298_/X
 _1299_/Y
 _1300_/Y
 _1301_/Y
 _1302_/X
 _1303_/Y
 _1304_/X
 _1305_/X
 _1306_/Y
 _1307_/Y
 _1308_/Y
 _1309_/X
 _1310_/Y
 _1311_/X
 _1312_/X
 _1313_/X
 _1314_/X
 _1315_/Y
 _1316_/X
 _1317_/Y
 _1318_/Y
 _1319_/X
 _1320_/X
 _1321_/Y
 _1322_/Y
 _1323_/Y
 _1324_/X
 _1325_/X
 _1326_/X
 _1327_/Y
 _1328_/Y
 _1329_/X
 _1330_/Y
 _1331_/X
 _1332_/X
 _1333_/Y
 _1334_/Y
 _1335_/Y
 _1336_/X
 _1337_/X
 _1338_/X
 _1339_/Y
 _1340_/Y
 _1341_/Y
 _1342_/Y
 _1343_/Y
 _1344_/X
 _1345_/X
 _1346_/X
 _1347_/Y
 _1348_/X
 _1349_/Y
 _1350_/Y
 _1351_/X
 _1352_/X
 _1353_/X
 _1354_/X
 _1355_/X
 _1356_/X
 _1357_/X
 _1358_/X
 _1359_/X
 _1360_/X
 _1361_/X
 _1362_/X
 _1363_/X
 _1364_/X
 _1365_/X
 _1366_/X
 _1367_/X
 _1368_/X
 _1369_/X
 _1370_/X
 _1371_/X
 _1372_/X
 _1373_/X
 _1374_/X
 _1375_/X
 _1376_/X
 _1377_/Y
 _1378_/Y
 _1379_/Y
 _1380_/X
 _1381_/X
 _1382_/X
 _1383_/X
 _1384_/X
 _1385_/X
 _1386_/X
 _1387_/X
 _1388_/X
 _1389_/X
 _1390_/X
 _1391_/X
 _1392_/X
 _1393_/X
 _1394_/X
 _1395_/X
 _1396_/X
 _1397_/Y
 _1398_/Y
 _1399_/X
 _1400_/X
 _1401_/X
 _1402_/X
 _1403_/X
 _1404_/X
 _1405_/X
 _1406_/X
 _1407_/X
 _1408_/X
 _1409_/X
 _1410_/X
 _1411_/X
 _1412_/X
 _1413_/X
 _1414_/X
 _1415_/X
 _1416_/X
 _1417_/Y
 _1418_/Y
 _1419_/X
 _1420_/X
 _1421_/X
 _1422_/X
 _1423_/X
 _1424_/X
 _1425_/X
 _1426_/X
 _1427_/X
 _1428_/X
 _1429_/X
 _1430_/X
 _1431_/X
 _1432_/X
 _1433_/X
 _1434_/X
 _1435_/Y
 _1436_/Y
 _1437_/Y
 _1438_/X
 _1439_/X
 _1440_/X
 _1441_/X
 _1442_/X
 _1443_/X
 _1444_/X
 _1445_/X
 _1446_/X
 _1447_/X
 _1448_/X
 _1449_/X
 _1450_/X
 _1451_/X
 _1452_/X
 _1453_/X
 _1454_/Y
 _1455_/Y
 _1456_/X
 _1457_/Y
 _1458_/X
 _1459_/X
 _1460_/X
 _1461_/X
 _1462_/X
 _1463_/X
 _1464_/X
 _1465_/X
 _1466_/X
 _1467_/X
 _1468_/X
 _1469_/X
 _1470_/X
 _1471_/X
 _1472_/X
 _1473_/Y
 _1474_/Y
 _1475_/X
 _1476_/X
 _1477_/X
 _1478_/X
 _1479_/X
 _1480_/X
 _1481_/X
 _1482_/X
 _1483_/X
 _1484_/X
 _1485_/X
 _1486_/X
 _1487_/X
 _1488_/X
 _1489_/X
 _1490_/X
 _1491_/Y
 _1492_/Y
 _1493_/Y
 _1494_/X
 _1495_/X
 _1496_/X
 _1497_/X
 _1498_/X
 _1499_/X
 _1500_/X
 _1501_/X
 _1502_/X
 _1503_/X
 _1504_/X
 _1505_/X
 _1506_/X
 _1507_/X
 _1508_/X
 _1509_/Y
 _1510_/Y
 _1511_/X
 _1512_/X
 _1513_/X
 _1514_/X
 _1515_/X
 _1516_/X
 _1517_/X
 _1518_/X
 _1519_/X
 _1520_/X
 _1521_/X
 _1522_/X
 _1523_/X
 _1524_/X
 _1525_/X
 _1526_/X
 _1527_/Y
 _1528_/Y
 _1529_/X
 _1530_/X
 _1531_/Y
 _1532_/X
 _1533_/X
 _1534_/Y
 _1535_/X
 _1536_/Y
 _1537_/X
 _1538_/X
 _1539_/X
 _1540_/X
 _1541_/X
 _1542_/X
 _1543_/Y
 _1544_/X
 _1545_/Y
 _1546_/Y
 _1547_/Y
 _1548_/X
 _1549_/X
 _1550_/X
 _1551_/X
 _1552_/Y
 _1553_/Y
 _1554_/X
 _1555_/Y
 _1556_/Y
 _1557_/Y
 _1558_/Y
 _1559_/X
 _1560_/X
 _1561_/Y
 _1562_/Y
 _1563_/Y
 _1564_/X
 _1565_/X
 _1566_/Y
 _1567_/X
 _1568_/Y
 _1569_/X
 _1570_/Y
 _1571_/Y
 _1572_/Y
 _1573_/Y
 _1574_/Y
 _1575_/X
 _1576_/Y
 _1577_/X
 _1578_/X
 _1579_/X
 _1580_/X
 _1581_/Y
 _1582_/X
 _1583_/X
 _1584_/X
 _1585_/X
 _1586_/X
 _1587_/Y
 _1588_/Y
 _1589_/Y
 _1590_/Y
 _1591_/X
 _1592_/X
 _1593_/X
 _1594_/Y
 _1595_/Y
 _1596_/X
 _1597_/X
 _1598_/X
 _1599_/X
 _1600_/Y
 _1601_/X
 _1602_/Y
 _1603_/X
 _1604_/Y
 _1605_/X
 _1606_/X
 _1607_/Y
 _1608_/Y
 _1609_/Y
 _1610_/X
 _1611_/Y
 _1612_/X
 _1613_/X
 _1614_/X
 _1615_/Y
 _1616_/Y
 _1617_/Y
 _1618_/Y
 _1619_/Y
 _1620_/X
 _1621_/Y
 _1622_/X
 _1623_/Y
 _1624_/X
 _1625_/Y
 _1626_/Y
 _1627_/X
 _1628_/Y
 _1629_/Y
 _1630_/Y
 _1631_/X
 _1632_/Y
 _1633_/Y
 _1634_/X
 _1635_/Y
 _1636_/Y
 _1637_/Y
 _1638_/X
 _1639_/X
 _1640_/Y
 _1641_/Y
 _1642_/X
 _1643_/X
 _1644_/X
 _1645_/X
 _1646_/X
 _1647_/X
 _1648_/X
 _1649_/X
 _1650_/X
 _1651_/X
 _1652_/X
 _1653_/X
 _1654_/X
 _1655_/X
 _1656_/X
 _1657_/X
 _1658_/Y
 _1659_/Y
 _1660_/X
 _1661_/X
 _1662_/X
 _1663_/X
 _1664_/X
 _1665_/X
 _1666_/X
 _1667_/X
 _1668_/X
 _1669_/X
 _1670_/X
 _1671_/X
 _1672_/X
 _1673_/X
 _1674_/X
 _1675_/X
 _1676_/X
 _1677_/X
 _1678_/X
 _1679_/Y
 _1680_/Y
 _1681_/X
 _1682_/X
 _1683_/X
 _1684_/X
 _1685_/X
 _1686_/X
 _1687_/X
 _1688_/X
 _1689_/X
 _1690_/X
 _1691_/X
 _1692_/X
 _1693_/X
 _1694_/X
 _1695_/X
 _1696_/X
 _1697_/Y
 _1698_/Y
 _1699_/X
 _1700_/X
 _1701_/X
 _1702_/X
 _1703_/X
 _1704_/X
 _1705_/X
 _1706_/X
 _1707_/X
 _1708_/X
 _1709_/X
 _1710_/X
 _1711_/X
 _1712_/X
 _1713_/X
 _1714_/X
 _1715_/Y
 _1716_/Y
 _1717_/X
 _1718_/X
 _1719_/X
 _1720_/X
 _1721_/X
 _1722_/X
 _1723_/X
 _1724_/X
 _1725_/X
 _1726_/X
 _1727_/X
 _1728_/X
 _1729_/X
 _1730_/X
 _1731_/X
 _1732_/X
 _1733_/Y
 _1734_/Y
 _1735_/X
 _1736_/Y
 _1737_/X
 _1738_/Y
 _1739_/X
 _1740_/X
 _1741_/X
 _1742_/X
 _1743_/Y
 _1744_/X
 _1745_/X
 _1746_/X
 _1747_/X
 _1748_/X
 _1749_/X
 _1750_/X
 _1751_/X
 _1752_/X
 _1753_/X
 _1754_/X
 _1755_/X
 _1756_/X
 _1757_/X
 _1758_/X
 _1759_/X
 _1760_/Y
 _1761_/Y
 _1762_/X
 _1763_/X
 _1764_/X
 _1765_/X
 _1766_/X
 _1767_/X
 _1768_/X
 _1769_/X
 _1770_/X
 _1771_/X
 _1772_/X
 _1773_/X
 _1774_/X
 _1775_/X
 _1776_/X
 _1777_/X
 _1778_/X
 _1779_/X
 _1780_/X
 _1781_/X
 _1782_/X
 _1783_/X
 _1784_/X
 _1785_/X
 _1786_/X
 _1787_/X
 _1788_/X
 _1789_/X
 _1790_/X
 _1791_/X
 _1792_/X
 _1793_/X
 _1794_/X
 _1795_/X
 _1796_/X
 _1797_/X
 _1798_/X
 _1799_/X
 _1800_/X
 _1801_/X
 _1802_/X
 _1803_/X
 _1804_/X
 _1805_/X
 _1806_/X
 _1807_/X
 _1808_/X
 _1809_/X
 _1810_/X
 _1811_/X
 _1812_/X
 _1813_/X
 _1814_/X
 _1815_/X
 _1816_/X
 _1817_/X
 _1818_/Q
 _1819_/Q
 _1820_/Q
 _1821_/Q
 _1822_/Q
 _1823_/Q
 _1824_/Q
 _1825_/Q
 _1826_/Q
 _1827_/Q
 _1828_/Q
 _1829_/Q
 _1830_/Q
 _1831_/Q
 _1832_/Q
 _1833_/Q
 _1834_/Q
 _1835_/Q
 _1836_/Q
 _1837_/Q
 _1838_/Q
 _1839_/Q
 _1840_/Q
 _1841_/Q
 _1842_/Q
 _1843_/Q
 _1844_/Q
 _1845_/Q
 _1846_/Q
 _1847_/Q
 _1848_/Q
 _1849_/Q
 _1850_/Q
 _1851_/Q
 _1852_/Q
 _1853_/Q
 _1854_/Q
 _1855_/Q
 _1856_/Q
 _1857_/Q
 _1858_/Q
 _1859_/Q
 _1860_/Q
 _1861_/Q
 _1862_/Q
 _1863_/Q
 _1864_/Q
 _1865_/Q
 _1866_/Q
 _1867_/Q
 _1868_/Q
 _1869_/Q
 _1870_/Q
 _1871_/Q
 _1872_/Q
 _1873_/Q
 _1874_/Q
 _1875_/Q
 _1876_/Q
 _1877_/Q
 _1878_/Q
 _1879_/Q
 _1880_/Q
 _1881_/Q
 _1882_/Q
 _1883_/Q
 _1884_/Q
 _1885_/Q
 _1886_/Q
 _1887_/Q
 _1888_/Q
 _1889_/Q
 _1890_/Q
 _1891_/Q
 _1892_/Q
 _1893_/Q
 _1894_/Q
 _1895_/Q
 _1896_/Q
 _1897_/Q
 _1898_/Q
 _1899_/Q
 _1900_/Q
 _1901_/Q
 _1902_/Q
 _1903_/Q
 _1904_/Q
 _1905_/Q
 _1906_/Q
 _1907_/Q
 _1908_/Q
 _1909_/Q
 _1910_/Q
 _1911_/Q
 _1912_/Q
 _1913_/Q
 _1914_/Q
 _1915_/Q
 _1916_/Q
 _1917_/Q
 _1918_/Q
 _1919_/Q
 _1920_/Q
 _1921_/Q
 _1922_/Q
 _1923_/Q
 _1924_/Q
 _1925_/Q
 _1926_/Q
 _1927_/Q
 _1928_/Q
 _1929_/Q
 _1930_/Q
 _1931_/Q
 _1932_/Q
 _1933_/Q
 _1934_/Q
 _1935_/Q
 _1936_/Q
 _1937_/Q
 _1938_/Q
 _1939_/Q
 _1940_/Q
 _1941_/Q
 _1942_/Q
 _1943_/Q
 _1944_/Q
 _1945_/Q
 _1946_/Q
 _1947_/Q
 _1948_/Q
 _1949_/Q
 _1950_/Q
 _1951_/Q
 _1952_/Q
 _1953_/Q
 _1954_/Q
 _1955_/Q
 _1956_/Q
 _1957_/Q
 _1958_/Q
 _1959_/Q
 _1960_/Q
 _1961_/Q
 _1962_/Q
 _1963_/Q
 _1964_/Q
 _1965_/Q
 _1966_/Q
 _1967_/Q
 _1968_/Q
 _1969_/Q
 _1970_/Q
 _1971_/Q
 _1972_/Q
 _1973_/Q
 _1974_/Q
 _1975_/Q
 _1976_/Q
 _1977_/Q
 _1978_/Q
 _1979_/Q
 _1980_/Q
 _1981_/Q
 _1982_/Q
 _1983_/Q
 _1984_/Q
 _1985_/Q
 _1986_/Q
 _1987_/Q
 _1988_/Q
 _1989_/Q
 _1990_/Q
 _1991_/Q
 _1992_/Q
 _1993_/Q
 _1994_/Q
 _1995_/Q
 _1996_/Q
 _1997_/Q
 _1998_/Q
 _1999_/Q
 _2000_/Q
 _2001_/Q
 _2002_/Q
 _2003_/Q
 _2004_/Q
 _2005_/Q
 _2006_/Q
 _2007_/Q
 _2008_/Q
 _2009_/Q
 _2010_/Q
 _2011_/Q
 _2012_/Q
 _2013_/Q
 _2014_/Q
 _2015_/Q
 _2016_/Q
 _2017_/Q
 _2018_/Q
 _2019_/Q
 _2020_/Q
 _2021_/Q
 _2022_/Q
 _2023_/Q
 _2024_/Q
 _2025_/Q
 _2026_/Q
 _2027_/Q
 _2028_/Q
 _2029_/Q
 _2030_/Q
 _2031_/Q
 _2032_/Q
 _2033_/Q
 _2034_/Q
 _2035_/Q
 _2036_/Q
 _2037_/Q
 _2039_/X
 _2040_/Z
 _2041_/Z
 _2042_/Z
 _2043_/Z
 _2044_/Z
 _2045_/Z
 _2046_/Z
 _2047_/Z
 fanout100/X
 fanout101/X
 fanout102/X
 fanout103/X
 fanout104/X
 fanout105/X
 fanout106/X
 fanout107/X
 fanout108/X
 fanout109/X
 fanout50/X
 fanout51/X
 fanout52/X
 fanout53/X
 fanout54/X
 fanout55/X
 fanout56/X
 fanout57/X
 fanout58/X
 fanout59/X
 fanout60/X
 fanout61/X
 fanout62/X
 fanout63/X
 fanout64/X
 fanout65/X
 fanout66/X
 fanout67/X
 fanout68/X
 fanout69/X
 fanout70/X
 fanout71/X
 fanout72/X
 fanout73/X
 fanout74/X
 fanout75/X
 fanout76/X
 fanout77/X
 fanout78/X
 fanout79/X
 fanout80/X
 fanout81/X
 fanout82/X
 fanout83/X
 fanout84/X
 fanout85/X
 fanout86/X
 fanout87/X
 fanout88/X
 fanout89/X
 fanout90/X
 fanout91/X
 fanout92/X
 fanout93/X
 fanout94/X
 fanout95/X
 fanout96/X
 fanout97/X
 fanout98/X
 fanout99/X
 input1/X
 input10/X
 input11/X
 input12/X
 input13/X
 input14/X
 input15/X
 input16/X
 input17/X
 input18/X
 input2/X
 input3/X
 input4/X
 input5/X
 input6/X
 input7/X
 input8/X
 input9/X
 output19/X
 output20/X
 output21/X
 output22/X
 output23/X
 output24/X
 output25/X
 output26/X
 output27/X
 output28/X
 output29/X
 output30/X
 output31/X
 output32/X
 output33/X
 output34/X
 output35/X
 output36/X
 output37/X
 output38/X
 output39/X
 output40/X
 output41/X
 output42/X
 output43/X
 output44/X
 output45/X
 output46/X
 output47/X
 output48/X
 output49/X
 vahid6i_110/HI
 vahid6i_110/LO
Found 0 partially unannotated drivers.
parastic_annotation_check
check_slew

===========================================================================
 report_check_types -max_slew -max_cap -max_fanout -violators
============================================================================

===========================================================================
max slew violation count 0
max fanout violation count 0
max cap violation count 0
============================================================================
check_slew_end
tns_report

===========================================================================
 report_tns
============================================================================
tns 0.00
tns_report_end
wns_report

===========================================================================
 report_wns
============================================================================
wns 0.00
wns_report_end
worst_slack

===========================================================================
 report_worst_slack -max (Setup)
============================================================================
worst slack 7.50

===========================================================================
 report_worst_slack -min (Hold)
============================================================================
worst slack 6.79
worst_slack_end
clock_skew

===========================================================================
 report_clock_skew
============================================================================
Clock clk_48
No launch/capture paths found.

clock_skew_end
power_report

===========================================================================
 report_power
============================================================================
Group                  Internal  Switching    Leakage      Total
                          Power      Power      Power      Power (Watts)
----------------------------------------------------------------
Sequential             6.03e-04   4.97e-04   1.84e-09   1.10e-03  62.6%
Combinational          3.38e-04   3.21e-04   4.85e-09   6.59e-04  37.4%
Macro                  0.00e+00   0.00e+00   0.00e+00   0.00e+00   0.0%
Pad                    0.00e+00   0.00e+00   0.00e+00   0.00e+00   0.0%
----------------------------------------------------------------
Total                  9.41e-04   8.18e-04   6.70e-09   1.76e-03 100.0%
                          53.5%      46.5%       0.0%
power_report_end
area_report

===========================================================================
 report_design_area
============================================================================
Design area 13891 u^2 44% utilization.
area_report_end
Setting global connections for newly added cells...
Writing OpenROAD database to /openlane/designs/vahid6i/runs/RUN_2023.04.06_14.28.11/results/cts/vahid6i.odb...
Writing layout to /openlane/designs/vahid6i/runs/RUN_2023.04.06_14.28.11/results/cts/vahid6i.def...
Writing timing constraints to /openlane/designs/vahid6i/runs/RUN_2023.04.06_14.28.11/results/cts/vahid6i.sdc...

