OpenROAD 6840b7481d49c83870f79646cf979e66f22f6833 
This program is licensed under the BSD-3 license. See the LICENSE file for details.
Components of this program may be licensed under more restrictive licenses which must be honored.
[INFO ODB-0222] Reading LEF file: /openlane/designs/vahid6i/runs/RUN_2023.04.16_13.47.40/tmp/merged.nom.lef
[WARNING ODB-0220] WARNING (LEFPARS-2036): SOURCE statement is obsolete in version 5.6 and later.
The LEF parser will ignore this statement.
To avoid this warning in the future, remove this statement from the LEF file with version 5.6 or later. See file /openlane/designs/vahid6i/runs/RUN_2023.04.16_13.47.40/tmp/merged.nom.lef at line 930.

[INFO ODB-0223]     Created 13 technology layers
[INFO ODB-0224]     Created 25 technology vias
[INFO ODB-0225]     Created 441 library cells
[INFO ODB-0226] Finished LEF file:  /openlane/designs/vahid6i/runs/RUN_2023.04.16_13.47.40/tmp/merged.nom.lef
[INFO ODB-0127] Reading DEF file: /openlane/designs/vahid6i/runs/RUN_2023.04.16_13.47.40/results/routing/vahid6i.def
[INFO ODB-0128] Design: vahid6i
[INFO ODB-0130]     Created 84 pins.
[INFO ODB-0131]     Created 7112 components and 34416 component-terminals.
[INFO ODB-0132]     Created 2 special nets and 26846 connections.
[INFO ODB-0133]     Created 2304 nets and 7570 connections.
[INFO ODB-0134] Finished DEF file: /openlane/designs/vahid6i/runs/RUN_2023.04.16_13.47.40/results/routing/vahid6i.def
Using RCX ruleset '/home/hugodg/sky130_workspace/open_pdks/sky130/sky130A/libs.tech/openlane/rules.openrcx.sky130A.nom.calibre'...
[INFO RCX-0431] Defined process_corner X with ext_model_index 0
[INFO RCX-0029] Defined extraction corner X
[INFO RCX-0008] extracting parasitics of vahid6i ...
[INFO RCX-0435] Reading extraction model file /home/hugodg/sky130_workspace/open_pdks/sky130/sky130A/libs.tech/openlane/rules.openrcx.sky130A.nom.calibre ...
[INFO RCX-0436] RC segment generation vahid6i (max_merge_res 50.0) ...
[INFO RCX-0040] Final 8963 rc segments
[INFO RCX-0439] Coupling Cap extraction vahid6i ...
[INFO RCX-0440] Coupling threshhold is 0.1000 fF, coupling capacitance less than 0.1000 fF will be grounded.
[INFO RCX-0043] 17116 wires to be extracted
[INFO RCX-0442] 51% completion -- 8859 wires have been extracted
[INFO RCX-0442] 100% completion -- 17116 wires have been extracted
[INFO RCX-0045] Extract 2304 nets, 11267 rsegs, 11267 caps, 20051 ccs
[INFO RCX-0015] Finished extracting vahid6i.
Writing result to /openlane/designs/vahid6i/runs/RUN_2023.04.16_13.47.40/results/routing/mca/process_corner_nom/vahid6i.spef...
Setting global connections for newly added cells...
[WARNING] Did not save OpenROAD database!
Writing extracted parasitics to /openlane/designs/vahid6i/runs/RUN_2023.04.16_13.47.40/results/routing/mca/process_corner_nom/vahid6i.spef...
[INFO RCX-0016] Writing SPEF ...
[INFO RCX-0443] 2304 nets finished
[INFO RCX-0017] Finished writing SPEF ...
