OpenROAD 6840b7481d49c83870f79646cf979e66f22f6833 
This program is licensed under the BSD-3 license. See the LICENSE file for details.
Components of this program may be licensed under more restrictive licenses which must be honored.
[INFO ODB-0222] Reading LEF file: /openlane/designs/vahid6i/runs/RUN_2023.04.16_13.47.40/tmp/merged.nom.lef
[WARNING ODB-0220] WARNING (LEFPARS-2036): SOURCE statement is obsolete in version 5.6 and later.
The LEF parser will ignore this statement.
To avoid this warning in the future, remove this statement from the LEF file with version 5.6 or later. See file /openlane/designs/vahid6i/runs/RUN_2023.04.16_13.47.40/tmp/merged.nom.lef at line 930.

[INFO ODB-0223]     Created 13 technology layers
[INFO ODB-0224]     Created 25 technology vias
[INFO ODB-0225]     Created 441 library cells
[INFO ODB-0226] Finished LEF file:  /openlane/designs/vahid6i/runs/RUN_2023.04.16_13.47.40/tmp/merged.nom.lef
[INFO ODB-0127] Reading DEF file: /openlane/designs/vahid6i/runs/RUN_2023.04.16_13.47.40/tmp/signoff/31-vahid6i.p.def
[INFO ODB-0128] Design: vahid6i
[INFO ODB-0130]     Created 84 pins.
[INFO ODB-0131]     Created 7112 components and 34416 component-terminals.
[INFO ODB-0132]     Created 2 special nets and 26846 connections.
[INFO ODB-0133]     Created 2304 nets and 7570 connections.
[INFO ODB-0134] Finished DEF file: /openlane/designs/vahid6i/runs/RUN_2023.04.16_13.47.40/tmp/signoff/31-vahid6i.p.def
Setting global connections for newly added cells...
[WARNING] Did not save OpenROAD database!
Writing netlist to /openlane/designs/vahid6i/runs/RUN_2023.04.16_13.47.40/tmp/signoff/31-vahid6i.nl.v...
Writing powered netlist to /openlane/designs/vahid6i/runs/RUN_2023.04.16_13.47.40/tmp/signoff/31-vahid6i.pnl.v...
