OpenROAD 6840b7481d49c83870f79646cf979e66f22f6833 
This program is licensed under the BSD-3 license. See the LICENSE file for details.
Components of this program may be licensed under more restrictive licenses which must be honored.
[INFO]: Reading ODB at '/openlane/designs/vahid6i/runs/RUN_2023.04.16_13.47.40/results/routing/vahid6i.odb'...
Net: uc_0._21_\[11\]
  Pin: _3081_/A0 (sky130_fd_sc_hd__mux2_1)
    Layer: met2
      Partial area ratio:    2.57
      Required ratio:    0.00 (Gate area) 
      Partial area ratio:   13.44
      Required ratio: 2771.60 (Side area) 
      Cumulative area ratio:   88.93
      Required ratio:    0.00 (Cumulative area) 
      Cumulative area ratio:  456.89
      Required ratio:    0.00 (Cumulative side area) 

    Layer: met1
      Partial area ratio:   86.36
      Required ratio:    0.00 (Gate area) 
      Partial area ratio:  443.44
      Required ratio:  400.00 (Side area) (VIOLATED)
      Cumulative area ratio:   86.36
      Required ratio:    0.00 (Cumulative area) 
      Cumulative area ratio:  443.44
      Required ratio:    0.00 (Cumulative side area) 

    Layer: li1
      Partial area ratio:    0.00
      Required ratio:    0.00 (Gate area) 
      Partial area ratio:    0.00
      Required ratio:   75.00 (Side area) 
      Cumulative area ratio:    0.00
      Required ratio:    0.00 (Cumulative area) 
      Cumulative area ratio:    0.00
      Required ratio:    0.00 (Cumulative side area) 

    Via: M1M2_PR
      Partial area ratio:    0.54
      Required ratio:    6.00 (Gate area) 
      Cumulative area ratio:    0.77
      Required ratio:    0.00 (Cumulative area) 

    Via: L1M1_PR
      Partial area ratio:    0.23
      Required ratio:    3.00 (Gate area) 
      Cumulative area ratio:    0.23
      Required ratio:    0.00 (Cumulative area) 

  Pin: _3263_/A1 (sky130_fd_sc_hd__mux2_1)
    Layer: met2
      Partial area ratio:    2.57
      Required ratio:    0.00 (Gate area) 
      Partial area ratio:   13.44
      Required ratio: 2771.60 (Side area) 
      Cumulative area ratio:   98.22
      Required ratio:    0.00 (Cumulative area) 
      Cumulative area ratio:  504.11
      Required ratio:    0.00 (Cumulative side area) 

    Layer: met1
      Partial area ratio:    9.29
      Required ratio:    0.00 (Gate area) 
      Partial area ratio:   47.22
      Required ratio:  400.00 (Side area) 
      Cumulative area ratio:    9.29
      Required ratio:    0.00 (Cumulative area) 
      Cumulative area ratio:   47.22
      Required ratio:    0.00 (Cumulative side area) 

    Layer: li1
      Partial area ratio:    0.00
      Required ratio:    0.00 (Gate area) 
      Partial area ratio:    0.00
      Required ratio:   75.00 (Side area) 
      Cumulative area ratio:    0.00
      Required ratio:    0.00 (Cumulative area) 
      Cumulative area ratio:    0.00
      Required ratio:    0.00 (Cumulative side area) 

    Via: M1M2_PR
      Partial area ratio:    0.09
      Required ratio:    6.00 (Gate area) 
      Cumulative area ratio:    0.32
      Required ratio:    0.00 (Cumulative area) 

    Via: L1M1_PR
      Partial area ratio:    0.23
      Required ratio:    3.00 (Gate area) 
      Cumulative area ratio:    0.23
      Required ratio:    0.00 (Cumulative area) 

  Pin: _3274_/A0 (sky130_fd_sc_hd__mux2_1)
    Layer: met2
      Partial area ratio:    2.57
      Required ratio:    0.00 (Gate area) 
      Partial area ratio:   13.44
      Required ratio: 2771.60 (Side area) 
      Cumulative area ratio:   98.22
      Required ratio:    0.00 (Cumulative area) 
      Cumulative area ratio:  504.11
      Required ratio:    0.00 (Cumulative side area) 

    Layer: met1
      Partial area ratio:    9.29
      Required ratio:    0.00 (Gate area) 
      Partial area ratio:   47.22
      Required ratio:  400.00 (Side area) 
      Cumulative area ratio:    9.29
      Required ratio:    0.00 (Cumulative area) 
      Cumulative area ratio:   47.22
      Required ratio:    0.00 (Cumulative side area) 

    Layer: li1
      Partial area ratio:    0.00
      Required ratio:    0.00 (Gate area) 
      Partial area ratio:    0.00
      Required ratio:   75.00 (Side area) 
      Cumulative area ratio:    0.00
      Required ratio:    0.00 (Cumulative area) 
      Cumulative area ratio:    0.00
      Required ratio:    0.00 (Cumulative side area) 

    Via: M1M2_PR
      Partial area ratio:    0.09
      Required ratio:    6.00 (Gate area) 
      Cumulative area ratio:    0.32
      Required ratio:    0.00 (Cumulative area) 

    Via: L1M1_PR
      Partial area ratio:    0.23
      Required ratio:    3.00 (Gate area) 
      Cumulative area ratio:    0.23
      Required ratio:    0.00 (Cumulative area) 

  Pin: _2091_/A1 (sky130_fd_sc_hd__mux2_1)
    Layer: met2
      Partial area ratio:    2.57
      Required ratio:    0.00 (Gate area) 
      Partial area ratio:   13.44
      Required ratio: 2771.60 (Side area) 
      Cumulative area ratio:   88.93
      Required ratio:    0.00 (Cumulative area) 
      Cumulative area ratio:  456.89
      Required ratio:    0.00 (Cumulative side area) 

    Layer: met1
      Partial area ratio:    0.00
      Required ratio:    0.00 (Gate area) 
      Partial area ratio:    0.00
      Required ratio:  400.00 (Side area) 
      Cumulative area ratio:    0.00
      Required ratio:    0.00 (Cumulative area) 
      Cumulative area ratio:    0.00
      Required ratio:    0.00 (Cumulative side area) 

    Layer: li1
      Partial area ratio:    0.00
      Required ratio:    0.00 (Gate area) 
      Partial area ratio:    0.00
      Required ratio:   75.00 (Side area) 
      Cumulative area ratio:    0.00
      Required ratio:    0.00 (Cumulative area) 
      Cumulative area ratio:    0.00
      Required ratio:    0.00 (Cumulative side area) 

    Via: M1M2_PR
      Partial area ratio:    0.18
      Required ratio:    6.00 (Gate area) 
      Cumulative area ratio:    0.41
      Required ratio:    0.00 (Cumulative area) 

    Via: L1M1_PR
      Partial area ratio:    0.23
      Required ratio:    3.00 (Gate area) 
      Cumulative area ratio:    0.23
      Required ratio:    0.00 (Cumulative area) 


Net: net24
  Pin: _3059_/A1 (sky130_fd_sc_hd__mux2_1)
    Layer: met2
      Partial area ratio:    1.67
      Required ratio:    0.00 (Gate area) 
      Partial area ratio:    9.11
      Required ratio: 2736.24 (Side area) 
      Cumulative area ratio:  109.22
      Required ratio:    0.00 (Cumulative area) 
      Cumulative area ratio:  550.00
      Required ratio:    0.00 (Cumulative side area) 

    Layer: met1
      Partial area ratio:  107.56
      Required ratio:    0.00 (Gate area) 
      Partial area ratio:  540.89
      Required ratio:  400.00 (Side area) (VIOLATED)
      Cumulative area ratio:  107.56
      Required ratio:    0.00 (Cumulative area) 
      Cumulative area ratio:  540.89
      Required ratio:    0.00 (Cumulative side area) 

    Layer: li1
      Partial area ratio:    0.00
      Required ratio:    0.00 (Gate area) 
      Partial area ratio:    0.00
      Required ratio:   75.00 (Side area) 
      Cumulative area ratio:    0.00
      Required ratio:    0.00 (Cumulative area) 
      Cumulative area ratio:    0.00
      Required ratio:    0.00 (Cumulative side area) 

    Via: M1M2_PR
      Partial area ratio:    0.18
      Required ratio:    6.00 (Gate area) 
      Cumulative area ratio:    0.41
      Required ratio:    0.00 (Cumulative area) 

    Via: L1M1_PR
      Partial area ratio:    0.23
      Required ratio:    3.00 (Gate area) 
      Cumulative area ratio:    0.23
      Required ratio:    0.00 (Cumulative area) 


[INFO ANT-0002] Found 2 net violations.
[INFO ANT-0001] Found 2 pin violations.
