
Magic 8.3 revision 384 - Compiled on Thu Mar 23 09:59:54 UTC 2023.
Starting magic under Tcl interpreter
Using the terminal as the console.
Using NULL graphics device.
Processing system .magicrc file
Sourcing design .magicrc for technology sky130A ...
2 Magic internal units = 1 Lambda
Input style sky130(): scaleFactor=2, multiplier=2
The following types are not handled by extraction and will be treated as non-electrical types:
    ubm 
Scaled tech values by 2 / 1 to match internal grid scaling
Loading sky130A Device Generator Menu ...
Using technology "sky130A", version 1.0.403-0-g12df12e
Reading LEF data from file /home/hugodg/sky130_workspace/open_pdks/sky130/sky130A/libs.ref/sky130_fd_sc_hd/techlef/sky130_fd_sc_hd__nom.tlef.
This action cannot be undone.
LEF read, Line 78 (Message): Unknown keyword "ANTENNAMODEL" in LEF file; ignoring.
LEF read, Line 79 (Message): Unknown keyword "ANTENNADIFFSIDEAREARATIO" in LEF file; ignoring.
LEF read, Line 112 (Message): Unknown keyword "MINENCLOSEDAREA" in LEF file; ignoring.
LEF read, Line 114 (Message): Unknown keyword "ANTENNAMODEL" in LEF file; ignoring.
LEF read, Line 115 (Message): Unknown keyword "ANTENNADIFFSIDEAREARATIO" in LEF file; ignoring.
LEF read, Line 121 (Message): Unknown keyword "MAXIMUMDENSITY" in LEF file; ignoring.
LEF read, Line 122 (Message): Unknown keyword "DENSITYCHECKWINDOW" in LEF file; ignoring.
LEF read, Line 123 (Message): Unknown keyword "DENSITYCHECKSTEP" in LEF file; ignoring.
LEF read, Line 156 (Message): Unknown keyword "MINENCLOSEDAREA" in LEF file; ignoring.
LEF read, Line 164 (Message): Unknown keyword "ANTENNAMODEL" in LEF file; ignoring.
LEF read, Line 165 (Message): Unknown keyword "ANTENNADIFFSIDEAREARATIO" in LEF file; ignoring.
LEF read, Line 167 (Message): Unknown keyword "MAXIMUMDENSITY" in LEF file; ignoring.
LEF read, Line 168 (Message): Unknown keyword "DENSITYCHECKWINDOW" in LEF file; ignoring.
LEF read, Line 169 (Message): Unknown keyword "DENSITYCHECKSTEP" in LEF file; ignoring.
LEF read, Line 206 (Message): Unknown keyword "ANTENNAMODEL" in LEF file; ignoring.
LEF read, Line 207 (Message): Unknown keyword "ANTENNADIFFSIDEAREARATIO" in LEF file; ignoring.
LEF read, Line 209 (Message): Unknown keyword "MAXIMUMDENSITY" in LEF file; ignoring.
LEF read, Line 210 (Message): Unknown keyword "DENSITYCHECKWINDOW" in LEF file; ignoring.
LEF read, Line 211 (Message): Unknown keyword "DENSITYCHECKSTEP" in LEF file; ignoring.
LEF read, Line 248 (Message): Unknown keyword "ANTENNAMODEL" in LEF file; ignoring.
LEF read, Line 249 (Message): Unknown keyword "ANTENNADIFFSIDEAREARATIO" in LEF file; ignoring.
LEF read, Line 251 (Message): Unknown keyword "MAXIMUMDENSITY" in LEF file; ignoring.
LEF read, Line 252 (Message): Unknown keyword "DENSITYCHECKWINDOW" in LEF file; ignoring.
LEF read, Line 253 (Message): Unknown keyword "DENSITYCHECKSTEP" in LEF file; ignoring.
LEF read, Line 290 (Message): Unknown keyword "ANTENNAMODEL" in LEF file; ignoring.
LEF read, Line 291 (Message): Unknown keyword "ANTENNADIFFSIDEAREARATIO" in LEF file; ignoring.
LEF read: Processed 797 lines.
Reading DEF data from file /openlane/designs/vahid6i/runs/RUN_2023.03.27_21.25.06/results/routing/vahid6i.def.
This action cannot be undone.
  Processed 4 vias total.
  Processed 6695 subcell instances total.
  Processed 84 pins total.
  Processed 2 special nets total.
  Processed 2155 nets total.
DEF read: Processed 41508 lines.
Moving label "D_W_data[11]" from metal2 to via2 in cell vahid6i.
Moving label "D_W_data[14]" from metal2 to via2 in cell vahid6i.
Moving label "D_W_data[6]" from metal2 to via2 in cell vahid6i.
Moving label "D_addr[4]" from metal2 to via2 in cell vahid6i.
Moving label "_0008_" from metal1 to via1 in cell vahid6i.
Moving label "_0009_" from metal1 to via1 in cell vahid6i.
Moving label "_0016_" from metal1 to via1 in cell vahid6i.
Moving label "_0024_" from metal1 to via1 in cell vahid6i.
Moving label "_0028_" from metal1 to via1 in cell vahid6i.
Moving label "_0048_" from metal1 to via1 in cell vahid6i.
Moving label "_0055_" from metal1 to via1 in cell vahid6i.
Moving label "_0063_" from metal1 to via1 in cell vahid6i.
Moving label "_0064_" from metal1 to via1 in cell vahid6i.
Moving label "_0065_" from metal1 to via1 in cell vahid6i.
Moving label "_0066_" from metal1 to via1 in cell vahid6i.
Moving label "_0071_" from metal1 to via1 in cell vahid6i.
Moving label "_0074_" from metal1 to via1 in cell vahid6i.
Moving label "_0075_" from metal1 to via1 in cell vahid6i.
Moving label "_0079_" from metal1 to via1 in cell vahid6i.
Moving label "_0084_" from metal1 to via1 in cell vahid6i.
Moving label "_0089_" from metal1 to via1 in cell vahid6i.
Moving label "_0115_" from metal1 to via1 in cell vahid6i.
Moving label "_0116_" from metal1 to via1 in cell vahid6i.
Moving label "_0129_" from metal1 to via1 in cell vahid6i.
Moving label "_0132_" from metal1 to via1 in cell vahid6i.
Moving label "_0137_" from metal1 to via1 in cell vahid6i.
Moving label "_0141_" from metal1 to via1 in cell vahid6i.
Moving label "_0153_" from metal1 to via1 in cell vahid6i.
Moving label "_0154_" from metal1 to via1 in cell vahid6i.
Moving label "_0160_" from metal1 to via1 in cell vahid6i.
Moving label "_0161_" from metal1 to via1 in cell vahid6i.
Moving label "_0176_" from metal1 to via1 in cell vahid6i.
Moving label "_0181_" from metal1 to via1 in cell vahid6i.
Moving label "_0186_" from metal1 to via1 in cell vahid6i.
Moving label "_0193_" from metal1 to via1 in cell vahid6i.
Moving label "_0212_" from metal1 to viali in cell vahid6i.
Moving label "_0214_" from metal1 to via1 in cell vahid6i.
Moving label "_0216_" from metal1 to via1 in cell vahid6i.
Moving label "_0230_" from metal1 to via1 in cell vahid6i.
Moving label "_0234_" from metal1 to via1 in cell vahid6i.
Moving label "_0242_" from metal1 to via1 in cell vahid6i.
Moving label "_0254_" from metal1 to via1 in cell vahid6i.
Moving label "_0257_" from metal1 to via1 in cell vahid6i.
Moving label "_0260_" from metal1 to via1 in cell vahid6i.
Moving label "_0263_" from metal1 to via1 in cell vahid6i.
Moving label "_0264_" from metal1 to via1 in cell vahid6i.
Moving label "_0266_" from metal1 to via1 in cell vahid6i.
Moving label "_0275_" from metal1 to via1 in cell vahid6i.
Moving label "_0298_" from metal1 to via1 in cell vahid6i.
Moving label "_0310_" from metal1 to via1 in cell vahid6i.
Moving label "_0311_" from metal1 to via1 in cell vahid6i.
Moving label "_0315_" from metal1 to via1 in cell vahid6i.
Moving label "_0328_" from metal1 to via1 in cell vahid6i.
Moving label "_0329_" from metal1 to via1 in cell vahid6i.
Moving label "_0369_" from metal2 to via2 in cell vahid6i.
Moving label "_0427_" from metal2 to via2 in cell vahid6i.
Moving label "_0480_" from metal2 to via2 in cell vahid6i.
Moving label "_0497_" from metal3 to via3 in cell vahid6i.
Moving label "_0629_" from metal2 to via1 in cell vahid6i.
Moving label "_0656_" from metal1 to viali in cell vahid6i.
Moving label "_0720_" from metal2 to via2 in cell vahid6i.
Moving label "_0764_" from metal1 to viali in cell vahid6i.
Moving label "_0835_" from metal1 to viali in cell vahid6i.
Moving label "_0871_" from metal2 to via2 in cell vahid6i.
Moving label "_0934_" from metal1 to via1 in cell vahid6i.
Moving label "_0954_" from metal2 to via1 in cell vahid6i.
Moving label "_1407_" from metal2 to via2 in cell vahid6i.
Moving label "_1412_" from metal1 to via1 in cell vahid6i.
Moving label "_1429_" from metal2 to via1 in cell vahid6i.
Moving label "_1436_" from metal2 to via2 in cell vahid6i.
Moving label "_1443_" from metal2 to via2 in cell vahid6i.
Moving label "_1482_" from metal1 to viali in cell vahid6i.
Moving label "net11" from metal2 to via2 in cell vahid6i.
Moving label "net23" from metal2 to via2 in cell vahid6i.
Moving label "net28" from metal2 to via2 in cell vahid6i.
Moving label "net4" from metal2 to via2 in cell vahid6i.
Moving label "net41" from metal2 to via2 in cell vahid6i.
Moving label "net46" from metal2 to via2 in cell vahid6i.
Moving label "net48" from metal2 to via2 in cell vahid6i.
Moving label "net50" from metal2 to via2 in cell vahid6i.
Moving label "net53" from metal3 to via3 in cell vahid6i.
Moving label "net64" from metal2 to via2 in cell vahid6i.
Moving label "net72" from metal2 to via2 in cell vahid6i.
Moving label "net74" from metal2 to via2 in cell vahid6i.
Moving label "net79" from metal2 to via2 in cell vahid6i.
Moving label "net8" from metal2 to via2 in cell vahid6i.
Moving label "po_0.regf_0._5_\[12\]" from metal2 to via2 in cell vahid6i.
Moving label "po_0.regf_0._5_\[14\]" from metal2 to via2 in cell vahid6i.
Moving label "po_0.regf_0._5_\[5\]" from metal2 to via2 in cell vahid6i.
Moving label "po_0.regf_0.rf\[10\]\[0\]" from metal1 to via1 in cell vahid6i.
Moving label "po_0.regf_0.rf\[10\]\[14\]" from metal1 to via1 in cell vahid6i.
Moving label "po_0.regf_0.rf\[10\]\[8\]" from metal1 to via1 in cell vahid6i.
Moving label "po_0.regf_0.rf\[14\]\[11\]" from metal1 to via1 in cell vahid6i.
Moving label "po_0.regf_0.rf\[14\]\[5\]" from metal1 to via1 in cell vahid6i.
Moving label "po_0.regf_0.rf\[14\]\[7\]" from metal1 to via1 in cell vahid6i.
Moving label "po_0.regf_0.rf\[14\]\[8\]" from metal1 to via1 in cell vahid6i.
Moving label "po_0.regf_0.rf\[15\]\[12\]" from metal2 to via1 in cell vahid6i.
Moving label "po_0.regf_0.rf\[15\]\[7\]" from metal2 to via1 in cell vahid6i.
Moving label "po_0.regf_0.rf\[2\]\[12\]" from metal1 to via1 in cell vahid6i.
Moving label "po_0.regf_0.rf\[2\]\[13\]" from metal1 to via1 in cell vahid6i.
Moving label "po_0.regf_0.rf\[2\]\[6\]" from metal2 to via1 in cell vahid6i.
Moving label "po_0.regf_0.rf\[2\]\[8\]" from metal1 to via1 in cell vahid6i.
Moving label "po_0.regf_0.rf\[6\]\[2\]" from metal1 to via1 in cell vahid6i.
Moving label "po_0.regf_0.rf\[6\]\[3\]" from metal1 to via1 in cell vahid6i.
Moving label "po_0.regf_0.rf\[6\]\[8\]" from metal1 to via1 in cell vahid6i.
Moving label "po_0.regf_0.rf\[7\]\[10\]" from metal2 to via1 in cell vahid6i.
Root cell box:
           width x height  (   llx,  lly  ), (   urx,  ury  )  area (units^2)

microns:  242.770 x 253.490  ( 0.000,  0.000), ( 242.770,  253.490)  61539.770 
lambda:   24277.00 x 25349.00  (  0.00,  0.00 ), ( 24277.00,  25349.00)  615397696.00
internal:  48554 x 50698   (     0,  0    ), ( 48554,  50698)  2461590692
   Generating output for cell sky130_fd_sc_hd__clkbuf_4
   Generating output for cell sky130_fd_sc_hd__buf_2
   Generating output for cell sky130_fd_sc_hd__dlymetal6s2s_1
   Generating output for cell sky130_fd_sc_hd__decap_3
   Generating output for cell sky130_fd_sc_hd__fill_2
   Generating output for cell sky130_fd_sc_hd__diode_2
   Generating output for cell sky130_fd_sc_hd__decap_6
   Generating output for cell sky130_ef_sc_hd__decap_12
   Generating output for cell sky130_fd_sc_hd__fill_1
   Generating output for cell sky130_fd_sc_hd__decap_8
   Generating output for cell sky130_fd_sc_hd__tapvpwrvgnd_1
   Generating output for cell sky130_fd_sc_hd__clkbuf_2
   Generating output for cell sky130_fd_sc_hd__clkbuf_1
   Generating output for cell sky130_fd_sc_hd__dfxtp_1
   Generating output for cell sky130_fd_sc_hd__decap_4
   Generating output for cell sky130_fd_sc_hd__mux2_1
   Generating output for cell sky130_fd_sc_hd__inv_2
   Generating output for cell sky130_fd_sc_hd__mux4_1
   Generating output for cell sky130_fd_sc_hd__mux4_2
   Generating output for cell sky130_fd_sc_hd__and2b_1
   Generating output for cell sky130_fd_sc_hd__and2_1
   Generating output for cell sky130_fd_sc_hd__nor2_1
   Generating output for cell sky130_fd_sc_hd__or2_1
   Generating output for cell sky130_fd_sc_hd__a21oi_1
   Generating output for cell sky130_fd_sc_hd__o22a_1
   Generating output for cell sky130_fd_sc_hd__a21bo_1
   Generating output for cell sky130_fd_sc_hd__dlxtp_1
   Generating output for cell sky130_fd_sc_hd__or2b_1
   Generating output for cell sky130_fd_sc_hd__o21ai_1
   Generating output for cell sky130_fd_sc_hd__or3b_1
   Generating output for cell sky130_fd_sc_hd__a2bb2oi_1
   Generating output for cell sky130_fd_sc_hd__a21o_1
   Generating output for cell sky130_fd_sc_hd__nand3b_1
   Generating output for cell sky130_fd_sc_hd__o22ai_1
   Generating output for cell sky130_fd_sc_hd__o211ai_1
   Generating output for cell sky130_fd_sc_hd__o2bb2ai_4
   Generating output for cell sky130_fd_sc_hd__a31o_1
   Generating output for cell sky130_fd_sc_hd__nand3_1
   Generating output for cell sky130_fd_sc_hd__xor2_1
   Generating output for cell sky130_fd_sc_hd__a22o_2
   Generating output for cell sky130_fd_sc_hd__o21bai_1
   Generating output for cell sky130_fd_sc_hd__o211a_1
   Generating output for cell sky130_fd_sc_hd__nand2_1
   Generating output for cell sky130_fd_sc_hd__and3b_1
   Generating output for cell sky130_fd_sc_hd__o21a_1
   Generating output for cell sky130_fd_sc_hd__nor3_1
   Generating output for cell sky130_fd_sc_hd__xnor2_2
   Generating output for cell sky130_fd_sc_hd__dfxtp_2
   Generating output for cell sky130_fd_sc_hd__nor4_1
   Generating output for cell sky130_fd_sc_hd__a21oi_2
   Generating output for cell sky130_fd_sc_hd__xnor2_1
   Generating output for cell sky130_fd_sc_hd__buf_4
   Generating output for cell sky130_fd_sc_hd__xor2_2
   Generating output for cell sky130_fd_sc_hd__o21ai_2
   Generating output for cell sky130_fd_sc_hd__o2bb2ai_1
   Generating output for cell sky130_fd_sc_hd__o311a_1
   Generating output for cell sky130_fd_sc_hd__nor2_2
   Generating output for cell sky130_fd_sc_hd__or3_1
   Generating output for cell sky130_fd_sc_hd__a221o_1
   Generating output for cell sky130_fd_sc_hd__ebufn_1
   Generating output for cell sky130_fd_sc_hd__o31a_1
   Generating output for cell sky130_fd_sc_hd__and4_1
   Generating output for cell sky130_fd_sc_hd__nand2b_2
   Generating output for cell sky130_fd_sc_hd__o2bb2a_1
   Generating output for cell sky130_fd_sc_hd__a22oi_2
   Generating output for cell sky130_fd_sc_hd__a221oi_4
   Generating output for cell sky130_fd_sc_hd__a211o_1
   Generating output for cell sky130_fd_sc_hd__o31ai_1
   Generating output for cell sky130_fd_sc_hd__ebufn_2
   Generating output for cell sky130_fd_sc_hd__a31oi_2
   Generating output for cell sky130_fd_sc_hd__a22oi_1
   Generating output for cell sky130_fd_sc_hd__and4b_2
   Generating output for cell sky130_fd_sc_hd__and4_2
   Generating output for cell sky130_fd_sc_hd__or4bb_4
   Generating output for cell sky130_fd_sc_hd__o21ai_4
   Generating output for cell sky130_fd_sc_hd__and4b_4
   Generating output for cell sky130_fd_sc_hd__a22o_1
   Generating output for cell sky130_fd_sc_hd__a221o_2
   Generating output for cell sky130_fd_sc_hd__o22ai_4
   Generating output for cell sky130_fd_sc_hd__and3_1
   Generating output for cell sky130_fd_sc_hd__and4_4
   Generating output for cell sky130_fd_sc_hd__and3_4
   Generating output for cell sky130_fd_sc_hd__and3b_4
   Generating output for cell sky130_fd_sc_hd__and3_2
   Generating output for cell sky130_fd_sc_hd__a21o_2
   Generating output for cell sky130_fd_sc_hd__a2bb2oi_2
   Generating output for cell sky130_fd_sc_hd__nor4b_1
   Generating output for cell sky130_fd_sc_hd__o21bai_2
   Generating output for cell sky130_fd_sc_hd__o221ai_4
   Generating output for cell sky130_fd_sc_hd__nand4_1
   Generating output for cell sky130_fd_sc_hd__a31o_2
   Generating output for cell sky130_fd_sc_hd__a221o_4
   Generating output for cell sky130_fd_sc_hd__nand2_2
   Generating output for cell sky130_fd_sc_hd__o22ai_2
   Generating output for cell sky130_fd_sc_hd__nor3_4
   Generating output for cell sky130_fd_sc_hd__o2111ai_1
   Generating output for cell sky130_fd_sc_hd__and4bb_1
   Generating output for cell sky130_fd_sc_hd__a311o_1
   Generating output for cell sky130_fd_sc_hd__a211oi_1
   Generating output for cell sky130_fd_sc_hd__nand2b_1
   Generating output for cell sky130_fd_sc_hd__or2b_2
   Generating output for cell sky130_fd_sc_hd__and2b_2
   Generating output for cell sky130_fd_sc_hd__a2bb2o_1
   Generating output for cell sky130_fd_sc_hd__a41o_1
   Generating output for cell sky130_fd_sc_hd__o211a_2
   Generating output for cell sky130_fd_sc_hd__o31ai_4
   Generating output for cell sky130_fd_sc_hd__nor3b_1
   Generating output for cell sky130_fd_sc_hd__a21boi_1
   Generating output for cell sky130_fd_sc_hd__or4bb_1
   Generating output for cell sky130_fd_sc_hd__or3_2
   Generating output for cell sky130_fd_sc_hd__clkinv_2
   Generating output for cell sky130_fd_sc_hd__or4_1
   Generating output for cell sky130_fd_sc_hd__or4b_1
   Generating output for cell sky130_fd_sc_hd__a32o_1
   Generating output for cell sky130_fd_sc_hd__and4b_1
   Generating output for cell sky130_fd_sc_hd__a41oi_2
   Generating output for cell sky130_fd_sc_hd__o21ba_1
   Generating output for cell sky130_fd_sc_hd__a31oi_1
   Generating output for cell sky130_fd_sc_hd__nor3b_2
   Generating output for cell sky130_fd_sc_hd__o221a_1
   Generating output for cell sky130_fd_sc_hd__a221oi_2
   Generating output for cell vahid6i
[INFO]: GDS Write Complete
