
===========================================================================
report_checks -unconstrained
============================================================================
Startpoint: clock (input port clocked by clk_48)
Endpoint: led_clock (output port clocked by clk_48)
Path Group: clk_48
Path Type: max

Fanout     Cap    Slew   Delay    Time   Description
-----------------------------------------------------------------------------
                  0.00    0.00    0.00   clock clk_48 (rise edge)
                          0.00    0.00   clock network delay (ideal)
                          3.00    3.00 ^ input external delay
                  2.35    1.71    4.71 ^ clock (in)
   189    0.53                           clock (net)
                  2.35    0.00    4.71 ^ _2039_/A (sky130_fd_sc_hd__buf_2)
                  0.19    0.49    5.20 ^ _2039_/X (sky130_fd_sc_hd__buf_2)
     1    0.03                           led_clock (net)
                  0.19    0.00    5.20 ^ led_clock (out)
                                  5.20   data arrival time

                  0.00   15.00   15.00   clock clk_48 (rise edge)
                          0.00   15.00   clock network delay (ideal)
                         -0.25   14.75   clock uncertainty
                          0.00   14.75   clock reconvergence pessimism
                         -3.00   11.75   output external delay
                                 11.75   data required time
-----------------------------------------------------------------------------
                                 11.75   data required time
                                 -5.20   data arrival time
-----------------------------------------------------------------------------
                                  6.55   slack (MET)



===========================================================================
report_checks --slack_max -0.01
============================================================================
No paths found.
