OpenROAD 6840b7481d49c83870f79646cf979e66f22f6833 
This program is licensed under the BSD-3 license. See the LICENSE file for details.
Components of this program may be licensed under more restrictive licenses which must be honored.
[INFO]: Reading ODB at '/openlane/designs/vahid6i/runs/RUN_2023.03.27_22.14.52/results/routing/vahid6i.odb'...
Net: _0724_
  Pin: _2444_/A (sky130_fd_sc_hd__clkbuf_2)
    Layer: met2
      Partial area ratio:    4.03
      Required ratio:    0.00 (Gate area) 
      Partial area ratio:   20.55
      Required ratio: 2784.80 (Side area) 
      Cumulative area ratio:  118.29
      Required ratio:    0.00 (Cumulative area) 
      Cumulative area ratio:  601.16
      Required ratio:    0.00 (Cumulative side area) 

    Layer: met1
      Partial area ratio:    9.92
      Required ratio:    0.00 (Gate area) 
      Partial area ratio:   50.54
      Required ratio:  400.00 (Side area) 
      Cumulative area ratio:    9.92
      Required ratio:    0.00 (Cumulative area) 
      Cumulative area ratio:   50.54
      Required ratio:    0.00 (Cumulative side area) 

    Layer: li1
      Partial area ratio:    0.00
      Required ratio:    0.00 (Gate area) 
      Partial area ratio:    0.00
      Required ratio:   75.00 (Side area) 
      Cumulative area ratio:    0.00
      Required ratio:    0.00 (Cumulative area) 
      Cumulative area ratio:    0.00
      Required ratio:    0.00 (Cumulative side area) 

    Via: M1M2_PR
      Partial area ratio:    0.11
      Required ratio:    6.00 (Gate area) 
      Cumulative area ratio:    0.24
      Required ratio:    0.00 (Cumulative area) 

    Via: L1M1_PR
      Partial area ratio:    0.14
      Required ratio:    3.00 (Gate area) 
      Cumulative area ratio:    0.14
      Required ratio:    0.00 (Cumulative area) 

  Pin: _2853_/A1 (sky130_fd_sc_hd__mux2_1)
    Layer: met2
      Partial area ratio:    4.03
      Required ratio:    0.00 (Gate area) 
      Partial area ratio:   20.55
      Required ratio: 2784.80 (Side area) 
      Cumulative area ratio:  108.37
      Required ratio:    0.00 (Cumulative area) 
      Cumulative area ratio:  550.62
      Required ratio:    0.00 (Cumulative side area) 

    Layer: met1
      Partial area ratio:   82.29
      Required ratio:    0.00 (Gate area) 
      Partial area ratio:  415.33
      Required ratio:  400.00 (Side area) (VIOLATED)
      Cumulative area ratio:   82.29
      Required ratio:    0.00 (Cumulative area) 
      Cumulative area ratio:  415.33
      Required ratio:    0.00 (Cumulative side area) 

    Layer: li1
      Partial area ratio:    0.00
      Required ratio:    0.00 (Gate area) 
      Partial area ratio:    0.00
      Required ratio:   75.00 (Side area) 
      Cumulative area ratio:    0.00
      Required ratio:    0.00 (Cumulative area) 
      Cumulative area ratio:    0.00
      Required ratio:    0.00 (Cumulative side area) 

    Via: M1M2_PR
      Partial area ratio:    0.36
      Required ratio:    6.00 (Gate area) 
      Cumulative area ratio:    0.59
      Required ratio:    0.00 (Cumulative area) 

    Via: L1M1_PR
      Partial area ratio:    0.23
      Required ratio:    3.00 (Gate area) 
      Cumulative area ratio:    0.23
      Required ratio:    0.00 (Cumulative area) 

  Pin: _2818_/A1 (sky130_fd_sc_hd__mux2_1)
    Layer: met2
      Partial area ratio:    4.03
      Required ratio:    0.00 (Gate area) 
      Partial area ratio:   20.55
      Required ratio: 2784.80 (Side area) 
      Cumulative area ratio:   26.08
      Required ratio:    0.00 (Cumulative area) 
      Cumulative area ratio:  135.28
      Required ratio:    0.00 (Cumulative side area) 

    Layer: met1
      Partial area ratio:   14.59
      Required ratio:    0.00 (Gate area) 
      Partial area ratio:   75.67
      Required ratio:  400.00 (Side area) 
      Cumulative area ratio:   14.59
      Required ratio:    0.00 (Cumulative area) 
      Cumulative area ratio:   75.67
      Required ratio:    0.00 (Cumulative side area) 

    Layer: li1
      Partial area ratio:    0.00
      Required ratio:    0.00 (Gate area) 
      Partial area ratio:    0.00
      Required ratio:   75.00 (Side area) 
      Cumulative area ratio:    0.00
      Required ratio:    0.00 (Cumulative area) 
      Cumulative area ratio:    0.00
      Required ratio:    0.00 (Cumulative side area) 

    Via: M1M2_PR
      Partial area ratio:    0.18
      Required ratio:    6.00 (Gate area) 
      Cumulative area ratio:    0.41
      Required ratio:    0.00 (Cumulative area) 

    Via: L1M1_PR
      Partial area ratio:    0.23
      Required ratio:    3.00 (Gate area) 
      Cumulative area ratio:    0.23
      Required ratio:    0.00 (Cumulative area) 

  Pin: _2923_/A1 (sky130_fd_sc_hd__mux2_1)
    Layer: met2
      Partial area ratio:    4.03
      Required ratio:    0.00 (Gate area) 
      Partial area ratio:   20.55
      Required ratio: 2784.80 (Side area) 
      Cumulative area ratio:   26.08
      Required ratio:    0.00 (Cumulative area) 
      Cumulative area ratio:  135.28
      Required ratio:    0.00 (Cumulative side area) 

    Layer: met1
      Partial area ratio:   14.59
      Required ratio:    0.00 (Gate area) 
      Partial area ratio:   75.67
      Required ratio:  400.00 (Side area) 
      Cumulative area ratio:   14.59
      Required ratio:    0.00 (Cumulative area) 
      Cumulative area ratio:   75.67
      Required ratio:    0.00 (Cumulative side area) 

    Layer: li1
      Partial area ratio:    0.00
      Required ratio:    0.00 (Gate area) 
      Partial area ratio:    0.00
      Required ratio:   75.00 (Side area) 
      Cumulative area ratio:    0.00
      Required ratio:    0.00 (Cumulative area) 
      Cumulative area ratio:    0.00
      Required ratio:    0.00 (Cumulative side area) 

    Via: M1M2_PR
      Partial area ratio:    0.18
      Required ratio:    6.00 (Gate area) 
      Cumulative area ratio:    0.41
      Required ratio:    0.00 (Cumulative area) 

    Via: L1M1_PR
      Partial area ratio:    0.23
      Required ratio:    3.00 (Gate area) 
      Cumulative area ratio:    0.23
      Required ratio:    0.00 (Cumulative area) 

  Pin: _2126_/A (sky130_fd_sc_hd__clkbuf_2)
    Layer: met2
      Partial area ratio:    4.03
      Required ratio:    0.00 (Gate area) 
      Partial area ratio:   20.55
      Required ratio: 2784.80 (Side area) 
      Cumulative area ratio:   11.49
      Required ratio:    0.00 (Cumulative area) 
      Cumulative area ratio:   59.62
      Required ratio:    0.00 (Cumulative side area) 

    Layer: met1
      Partial area ratio:    7.47
      Required ratio:    0.00 (Gate area) 
      Partial area ratio:   39.07
      Required ratio:  400.00 (Side area) 
      Cumulative area ratio:    7.47
      Required ratio:    0.00 (Cumulative area) 
      Cumulative area ratio:   39.07
      Required ratio:    0.00 (Cumulative side area) 

    Layer: li1
      Partial area ratio:    0.00
      Required ratio:    0.00 (Gate area) 
      Partial area ratio:    0.00
      Required ratio:   75.00 (Side area) 
      Cumulative area ratio:    0.00
      Required ratio:    0.00 (Cumulative area) 
      Cumulative area ratio:    0.00
      Required ratio:    0.00 (Cumulative side area) 

    Via: M1M2_PR
      Partial area ratio:    0.13
      Required ratio:    6.00 (Gate area) 
      Cumulative area ratio:    0.27
      Required ratio:    0.00 (Cumulative area) 

    Via: L1M1_PR
      Partial area ratio:    0.14
      Required ratio:    3.00 (Gate area) 
      Cumulative area ratio:    0.14
      Required ratio:    0.00 (Cumulative area) 

  Pin: _2888_/A1 (sky130_fd_sc_hd__mux2_1)
    Layer: met2
      Partial area ratio:    4.03
      Required ratio:    0.00 (Gate area) 
      Partial area ratio:   20.55
      Required ratio: 2784.80 (Side area) 
      Cumulative area ratio:   11.49
      Required ratio:    0.00 (Cumulative area) 
      Cumulative area ratio:   59.62
      Required ratio:    0.00 (Cumulative side area) 

    Layer: met1
      Partial area ratio:    7.47
      Required ratio:    0.00 (Gate area) 
      Partial area ratio:   39.07
      Required ratio:  400.00 (Side area) 
      Cumulative area ratio:    7.47
      Required ratio:    0.00 (Cumulative area) 
      Cumulative area ratio:   39.07
      Required ratio:    0.00 (Cumulative side area) 

    Layer: li1
      Partial area ratio:    0.00
      Required ratio:    0.00 (Gate area) 
      Partial area ratio:    0.00
      Required ratio:   75.00 (Side area) 
      Cumulative area ratio:    0.00
      Required ratio:    0.00 (Cumulative area) 
      Cumulative area ratio:    0.00
      Required ratio:    0.00 (Cumulative side area) 

    Via: M1M2_PR
      Partial area ratio:    0.13
      Required ratio:    6.00 (Gate area) 
      Cumulative area ratio:    0.36
      Required ratio:    0.00 (Cumulative area) 

    Via: L1M1_PR
      Partial area ratio:    0.23
      Required ratio:    3.00 (Gate area) 
      Cumulative area ratio:    0.23
      Required ratio:    0.00 (Cumulative area) 


Net: net73
  Pin: _2775_/A (sky130_fd_sc_hd__xnor2_1)
    Layer: met2
      Partial area ratio:    8.35
      Required ratio:    0.00 (Gate area) 
      Partial area ratio:   42.20
      Required ratio: 2778.20 (Side area) 
      Cumulative area ratio:    8.91
      Required ratio:    0.00 (Cumulative area) 
      Cumulative area ratio:   45.20
      Required ratio:    0.00 (Cumulative side area) 

    Layer: met1
      Partial area ratio:    0.56
      Required ratio:    0.00 (Gate area) 
      Partial area ratio:    3.00
      Required ratio:  400.00 (Side area) 
      Cumulative area ratio:    0.56
      Required ratio:    0.00 (Cumulative area) 
      Cumulative area ratio:    3.00
      Required ratio:    0.00 (Cumulative side area) 

    Layer: li1
      Partial area ratio:    0.00
      Required ratio:    0.00 (Gate area) 
      Partial area ratio:    0.00
      Required ratio:   75.00 (Side area) 
      Cumulative area ratio:    0.00
      Required ratio:    0.00 (Cumulative area) 
      Cumulative area ratio:    0.00
      Required ratio:    0.00 (Cumulative side area) 

    Via: M1M2_PR
      Partial area ratio:    0.05
      Required ratio:    6.00 (Gate area) 
      Cumulative area ratio:    0.10
      Required ratio:    0.00 (Cumulative area) 

    Via: L1M1_PR
      Partial area ratio:    0.06
      Required ratio:    3.00 (Gate area) 
      Cumulative area ratio:    0.06
      Required ratio:    0.00 (Cumulative area) 

  Pin: _2784_/A (sky130_fd_sc_hd__or4bb_1)
    Layer: met2
      Partial area ratio:    8.35
      Required ratio:    0.00 (Gate area) 
      Partial area ratio:   42.20
      Required ratio: 2778.20 (Side area) 
      Cumulative area ratio:   12.03
      Required ratio:    0.00 (Cumulative area) 
      Cumulative area ratio:   61.76
      Required ratio:    0.00 (Cumulative side area) 

    Layer: met1
      Partial area ratio:    3.68
      Required ratio:    0.00 (Gate area) 
      Partial area ratio:   19.56
      Required ratio:  400.00 (Side area) 
      Cumulative area ratio:    3.68
      Required ratio:    0.00 (Cumulative area) 
      Cumulative area ratio:   19.56
      Required ratio:    0.00 (Cumulative side area) 

    Layer: li1
      Partial area ratio:    0.00
      Required ratio:    0.00 (Gate area) 
      Partial area ratio:    0.00
      Required ratio:   75.00 (Side area) 
      Cumulative area ratio:    0.00
      Required ratio:    0.00 (Cumulative area) 
      Cumulative area ratio:    0.00
      Required ratio:    0.00 (Cumulative side area) 

    Via: M1M2_PR
      Partial area ratio:    0.09
      Required ratio:    6.00 (Gate area) 
      Cumulative area ratio:    0.32
      Required ratio:    0.00 (Cumulative area) 

    Via: L1M1_PR
      Partial area ratio:    0.23
      Required ratio:    3.00 (Gate area) 
      Cumulative area ratio:    0.23
      Required ratio:    0.00 (Cumulative area) 

  Pin: _2785_/A1_N (sky130_fd_sc_hd__a2bb2o_1)
    Layer: met2
      Partial area ratio:    8.35
      Required ratio:    0.00 (Gate area) 
      Partial area ratio:   42.20
      Required ratio: 2778.20 (Side area) 
      Cumulative area ratio:   12.03
      Required ratio:    0.00 (Cumulative area) 
      Cumulative area ratio:   61.76
      Required ratio:    0.00 (Cumulative side area) 

    Layer: met1
      Partial area ratio:    3.68
      Required ratio:    0.00 (Gate area) 
      Partial area ratio:   19.56
      Required ratio:  400.00 (Side area) 
      Cumulative area ratio:    3.68
      Required ratio:    0.00 (Cumulative area) 
      Cumulative area ratio:   19.56
      Required ratio:    0.00 (Cumulative side area) 

    Layer: li1
      Partial area ratio:    0.00
      Required ratio:    0.00 (Gate area) 
      Partial area ratio:    0.00
      Required ratio:   75.00 (Side area) 
      Cumulative area ratio:    0.00
      Required ratio:    0.00 (Cumulative area) 
      Cumulative area ratio:    0.00
      Required ratio:    0.00 (Cumulative side area) 

    Via: M1M2_PR
      Partial area ratio:    0.09
      Required ratio:    6.00 (Gate area) 
      Cumulative area ratio:    0.32
      Required ratio:    0.00 (Cumulative area) 

    Via: L1M1_PR
      Partial area ratio:    0.23
      Required ratio:    3.00 (Gate area) 
      Cumulative area ratio:    0.23
      Required ratio:    0.00 (Cumulative area) 

  Pin: output73/A (sky130_fd_sc_hd__clkbuf_4)
    Layer: met3
      Partial area ratio:    1.51
      Required ratio:    0.00 (Gate area) 
      Partial area ratio:    9.40
      Required ratio: 2778.20 (Side area) 
      Cumulative area ratio:  141.17
      Required ratio:    0.00 (Cumulative area) 
      Cumulative area ratio:  712.72
      Required ratio:    0.00 (Cumulative side area) 

    Layer: met2
      Partial area ratio:  107.21
      Required ratio:    0.00 (Gate area) 
      Partial area ratio:  540.64
      Required ratio:  400.00 (Side area) (VIOLATED)
      Cumulative area ratio:  139.65
      Required ratio:    0.00 (Cumulative area) 
      Cumulative area ratio:  703.32
      Required ratio:    0.00 (Cumulative side area) 

    Layer: met1
      Partial area ratio:   32.44
      Required ratio:    0.00 (Gate area) 
      Partial area ratio:  162.68
      Required ratio:  400.00 (Side area) 
      Cumulative area ratio:   32.44
      Required ratio:    0.00 (Cumulative area) 
      Cumulative area ratio:  162.68
      Required ratio:    0.00 (Cumulative side area) 

    Layer: li1
      Partial area ratio:    0.00
      Required ratio:    0.00 (Gate area) 
      Partial area ratio:    0.00
      Required ratio:   75.00 (Side area) 
      Cumulative area ratio:    0.00
      Required ratio:    0.00 (Cumulative area) 
      Cumulative area ratio:    0.00
      Required ratio:    0.00 (Cumulative side area) 

    Via: M2M3_PR
      Partial area ratio:    0.19
      Required ratio:    6.00 (Gate area) 
      Cumulative area ratio:    0.43
      Required ratio:    0.00 (Cumulative area) 

    Via: M1M2_PR
      Partial area ratio:    0.11
      Required ratio:    6.00 (Gate area) 
      Cumulative area ratio:    0.24
      Required ratio:    0.00 (Cumulative area) 

    Via: L1M1_PR
      Partial area ratio:    0.14
      Required ratio:    3.00 (Gate area) 
      Cumulative area ratio:    0.14
      Required ratio:    0.00 (Cumulative area) 

  Pin: _2711_/B (sky130_fd_sc_hd__or4_1)
    Layer: met1
      Partial area ratio:    0.00
      Required ratio:    0.00 (Gate area) 
      Partial area ratio:    0.00
      Required ratio:  400.00 (Side area) 
      Cumulative area ratio:    0.00
      Required ratio:    0.00 (Cumulative area) 
      Cumulative area ratio:    0.00
      Required ratio:    0.00 (Cumulative side area) 

    Layer: li1
      Partial area ratio:    0.00
      Required ratio:    0.00 (Gate area) 
      Partial area ratio:    0.00
      Required ratio:   75.00 (Side area) 
      Cumulative area ratio:    0.00
      Required ratio:    0.00 (Cumulative area) 
      Cumulative area ratio:    0.00
      Required ratio:    0.00 (Cumulative side area) 

    Via: M1M2_PR
      Partial area ratio:    0.18
      Required ratio:    6.00 (Gate area) 
      Cumulative area ratio:    0.41
      Required ratio:    0.00 (Cumulative area) 

    Via: L1M1_PR
      Partial area ratio:    0.23
      Required ratio:    3.00 (Gate area) 
      Cumulative area ratio:    0.23
      Required ratio:    0.00 (Cumulative area) 


[INFO ANT-0002] Found 2 net violations.
[INFO ANT-0001] Found 2 pin violations.
