
===========================================================================
report_checks -unconstrained
============================================================================
Startpoint: clock (input port clocked by clk_48)
Endpoint: led_clock (output port clocked by clk_48)
Path Group: clk_48
Path Type: max

Fanout     Cap    Slew   Delay    Time   Description
-----------------------------------------------------------------------------
                  0.00    0.00    0.00   clock clk_48 (rise edge)
                          0.00    0.00   clock network delay (ideal)
                          3.00    3.00 ^ input external delay
                  3.97    2.86    5.86 ^ clock (in)
   335    0.90                           clock (net)
                  3.97    0.00    5.86 ^ _3424_/A (sky130_fd_sc_hd__buf_2)
                  0.20    0.63    6.48 ^ _3424_/X (sky130_fd_sc_hd__buf_2)
     1    0.03                           led_clock (net)
                  0.20    0.00    6.49 ^ led_clock (out)
                                  6.49   data arrival time

                  0.00   15.00   15.00   clock clk_48 (rise edge)
                          0.00   15.00   clock network delay (ideal)
                         -0.25   14.75   clock uncertainty
                          0.00   14.75   clock reconvergence pessimism
                         -3.00   11.75   output external delay
                                 11.75   data required time
-----------------------------------------------------------------------------
                                 11.75   data required time
                                 -6.49   data arrival time
-----------------------------------------------------------------------------
                                  5.26   slack (MET)



===========================================================================
report_checks --slack_max -0.01
============================================================================
No paths found.
