
===========================================================================
report_checks -path_delay min (Hold)
============================================================================
Startpoint: clock (input port clocked by clk_48)
Endpoint: led_clock (output port clocked by clk_48)
Path Group: clk_48
Path Type: min

Fanout     Cap    Slew   Delay    Time   Description
-----------------------------------------------------------------------------
                  0.00    0.00    0.00   clock clk_48 (rise edge)
                          0.00    0.00   clock network delay (ideal)
                          3.00    3.00 v input external delay
                  0.01    0.00    3.00 v clock (in)
     1    0.00                           clock (net)
                  0.01    0.00    3.00 v input17/A (sky130_fd_sc_hd__clkbuf_1)
                  0.04    0.08    3.09 v input17/X (sky130_fd_sc_hd__clkbuf_1)
     1    0.01                           net17 (net)
                  0.04    0.00    3.09 v fanout109/A (sky130_fd_sc_hd__clkbuf_2)
                  0.13    0.18    3.27 v fanout109/X (sky130_fd_sc_hd__clkbuf_2)
     3    0.03                           net109 (net)
                  0.13    0.00    3.27 v fanout108/A (sky130_fd_sc_hd__dlymetal6s2s_1)
                  0.11    0.23    3.49 v fanout108/X (sky130_fd_sc_hd__dlymetal6s2s_1)
     3    0.02                           net108 (net)
                  0.11    0.00    3.49 v fanout96/A (sky130_fd_sc_hd__dlymetal6s2s_1)
                  0.11    0.22    3.71 v fanout96/X (sky130_fd_sc_hd__dlymetal6s2s_1)
     3    0.02                           net96 (net)
                  0.11    0.00    3.71 v fanout91/A (sky130_fd_sc_hd__dlymetal6s2s_1)
                  0.10    0.21    3.92 v fanout91/X (sky130_fd_sc_hd__dlymetal6s2s_1)
     5    0.02                           net91 (net)
                  0.10    0.00    3.92 v _2039_/A (sky130_fd_sc_hd__clkbuf_1)
                  0.02    0.10    4.02 v _2039_/X (sky130_fd_sc_hd__clkbuf_1)
     1    0.00                           net45 (net)
                  0.02    0.00    4.02 v output45/A (sky130_fd_sc_hd__buf_2)
                  0.09    0.16    4.19 v output45/X (sky130_fd_sc_hd__buf_2)
     1    0.03                           led_clock (net)
                  0.09    0.00    4.19 v led_clock (out)
                                  4.19   data arrival time

                  0.00    0.00    0.00   clock clk_48 (rise edge)
                          0.00    0.00   clock network delay (ideal)
                          0.25    0.25   clock uncertainty
                          0.00    0.25   clock reconvergence pessimism
                         -3.00   -2.75   output external delay
                                 -2.75   data required time
-----------------------------------------------------------------------------
                                 -2.75   data required time
                                 -4.19   data arrival time
-----------------------------------------------------------------------------
                                  6.94   slack (MET)


