Instance name,  X location,  Y location,  Voltage 
FILLER_64_361, 175.44, 187.68, 1.8
input17, 175.44, 187.68, 1.8
FILLER_62_357, 175.44, 182.24, 1.8
FILLER_64_370, 175.44, 182.24, 1.8
vahid6i_110, 175.44, 182.24, 1.8
FILLER_60_356, 175.44, 176.8, 1.8
FILLER_62_377, 175.44, 176.8, 1.8
FILLER_58_357, 175.44, 171.36, 1.8
FILLER_60_377, 175.44, 171.36, 1.8
FILLER_56_357, 175.44, 165.92, 1.8
FILLER_57_373, 175.44, 165.92, 1.8
FILLER_58_377, 175.44, 165.92, 1.8
FILLER_56_377, 175.44, 160.48, 1.8
FILLER_54_377, 175.44, 155.04, 1.8
FILLER_51_373, 175.44, 149.6, 1.8
FILLER_52_377, 175.44, 149.6, 1.8
FILLER_50_377, 175.44, 144.16, 1.8
FILLER_46_360, 175.44, 138.72, 1.8
FILLER_48_377, 175.44, 138.72, 1.8
FILLER_44_356, 175.44, 133.28, 1.8
FILLER_46_377, 175.44, 133.28, 1.8
FILLER_44_377, 175.44, 127.84, 1.8
FILLER_42_377, 175.44, 122.4, 1.8
FILLER_39_377, 175.44, 116.96, 1.8
FILLER_40_377, 175.44, 116.96, 1.8
FILLER_38_377, 175.44, 111.52, 1.8
FILLER_35_375, 175.44, 106.08, 1.8
FILLER_36_377, 175.44, 106.08, 1.8
FILLER_33_377, 175.44, 100.64, 1.8
fanout80, 175.44, 100.64, 1.8
fanout81, 175.44, 100.64, 1.8
FILLER_30_356, 175.44, 95.2, 1.8
FILLER_31_375, 175.44, 95.2, 1.8
_2012_, 175.44, 95.2, 1.8
fanout79, 175.44, 95.2, 1.8
FILLER_30_375, 175.44, 89.76, 1.8
_1781_, 175.44, 89.76, 1.8
FILLER_27_374, 175.44, 84.32, 1.8
FILLER_28_377, 175.44, 84.32, 1.8
_1799_, 175.44, 84.32, 1.8
FILLER_24_356, 175.44, 78.88, 1.8
FILLER_25_376, 175.44, 78.88, 1.8
FILLER_24_377, 175.44, 73.44, 1.8
fanout62, 175.44, 73.44, 1.8
FILLER_20_357, 175.44, 68, 1.8
FILLER_22_377, 175.44, 68, 1.8
FILLER_19_359, 175.44, 62.56, 1.8
FILLER_20_377, 175.44, 62.56, 1.8
_1779_, 175.44, 62.56, 1.8
_2011_, 175.44, 62.56, 1.8
FILLER_16_365, 175.44, 57.12, 1.8
FILLER_17_357, 175.44, 57.12, 1.8
FILLER_17_365, 175.44, 57.12, 1.8
_1936_, 175.44, 57.12, 1.8
fanout73, 175.44, 57.12, 1.8
FILLER_16_372, 175.44, 51.68, 1.8
_1154_, 175.44, 51.68, 1.8
_1532_, 175.44, 51.68, 1.8
_1534_, 175.44, 51.68, 1.8
_1918_, 175.44, 51.68, 1.8
FILLER_12_357, 175.44, 46.24, 1.8
FILLER_13_376, 175.44, 46.24, 1.8
FILLER_10_358, 175.44, 40.8, 1.8
FILLER_11_377, 175.44, 40.8, 1.8
FILLER_12_377, 175.44, 40.8, 1.8
_1533_, 175.44, 40.8, 1.8
_1548_, 175.44, 40.8, 1.8
_1919_, 175.44, 40.8, 1.8
FILLER_8_359, 175.44, 35.36, 1.8
_1546_, 175.44, 35.36, 1.8
_1547_, 175.44, 35.36, 1.8
FILLER_8_377, 175.44, 29.92, 1.8
FILLER_5_372, 175.44, 24.48, 1.8
FILLER_6_377, 175.44, 24.48, 1.8
FILLER_2_361, 175.44, 19.04, 1.8
FILLER_4_377, 175.44, 19.04, 1.8
ANTENNA_3, 175.44, 13.6, 1.8
FILLER_0_361, 175.44, 13.6, 1.8
FILLER_0_365, 175.44, 13.6, 1.8
FILLER_1_372, 175.44, 13.6, 1.8
FILLER_2_377, 175.44, 13.6, 1.8
input7, 175.44, 13.6, 1.8
FILLER_64_29, 21.84, 187.68, 1.8
FILLER_64_48, 21.84, 182.24, 1.8
input4, 21.84, 182.24, 1.8
FILLER_62_41, 21.84, 176.8, 1.8
FILLER_58_29, 21.84, 171.36, 1.8
_1465_, 21.84, 171.36, 1.8
_1466_, 21.84, 171.36, 1.8
_1889_, 21.84, 171.36, 1.8
FILLER_57_39, 21.84, 165.92, 1.8
FILLER_57_47, 21.84, 165.92, 1.8
FILLER_58_37, 21.84, 165.92, 1.8
_1502_, 21.84, 165.92, 1.8
_1895_, 21.84, 165.92, 1.8
_1905_, 21.84, 165.92, 1.8
_1479_, 21.84, 160.48, 1.8
_1483_, 21.84, 160.48, 1.8
FILLER_54_39, 21.84, 155.04, 1.8
_1000_, 21.84, 155.04, 1.8
FILLER_51_27, 21.84, 149.6, 1.8
FILLER_51_35, 21.84, 149.6, 1.8
_1088_, 21.84, 149.6, 1.8
_1298_, 21.84, 149.6, 1.8
_1821_, 21.84, 149.6, 1.8
_1853_, 21.84, 149.6, 1.8
FILLER_49_31, 21.84, 144.16, 1.8
FILLER_49_43, 21.84, 144.16, 1.8
_1297_, 21.84, 144.16, 1.8
_1389_, 21.84, 144.16, 1.8
FILLER_48_41, 21.84, 138.72, 1.8
_1084_, 21.84, 138.72, 1.8
_1650_, 21.84, 138.72, 1.8
_1651_, 21.84, 138.72, 1.8
_1929_, 21.84, 138.72, 1.8
FILLER_44_29, 21.84, 133.28, 1.8
FILLER_45_49, 21.84, 133.28, 1.8
_1005_, 21.84, 133.28, 1.8
_1646_, 21.84, 133.28, 1.8
FILLER_43_45, 21.84, 127.84, 1.8
_1752_, 21.84, 127.84, 1.8
_1753_, 21.84, 127.84, 1.8
FILLER_40_29, 21.84, 122.4, 1.8
_1091_, 21.84, 122.4, 1.8
FILLER_38_32, 21.84, 116.96, 1.8
FILLER_39_48, 21.84, 116.96, 1.8
FILLER_40_37, 21.84, 116.96, 1.8
_1002_, 21.84, 116.96, 1.8
_1690_, 21.84, 116.96, 1.8
FILLER_36_29, 21.84, 111.52, 1.8
FILLER_37_48, 21.84, 111.52, 1.8
_1748_, 21.84, 111.52, 1.8
_1988_, 21.84, 111.52, 1.8
fanout82, 21.84, 111.52, 1.8
_0983_, 21.84, 106.08, 1.8
_1685_, 21.84, 106.08, 1.8
_1749_, 21.84, 106.08, 1.8
FILLER_33_49, 21.84, 100.64, 1.8
_1068_, 21.84, 100.64, 1.8
FILLER_30_29, 21.84, 95.2, 1.8
_1086_, 21.84, 95.2, 1.8
_1296_, 21.84, 95.2, 1.8
_1358_, 21.84, 95.2, 1.8
_1364_, 21.84, 95.2, 1.8
_1004_, 21.84, 89.76, 1.8
_1974_, 21.84, 89.76, 1.8
FILLER_27_45, 21.84, 84.32, 1.8
FILLER_28_45, 21.84, 84.32, 1.8
_1707_, 21.84, 84.32, 1.8
_1725_, 21.84, 84.32, 1.8
_1726_, 21.84, 84.32, 1.8
FILLER_24_29, 21.84, 78.88, 1.8
FILLER_25_30, 21.84, 78.88, 1.8
FILLER_26_41, 21.84, 78.88, 1.8
FILLER_26_49, 21.84, 78.88, 1.8
_1704_, 21.84, 78.88, 1.8
_1964_, 21.84, 78.88, 1.8
FILLER_22_32, 21.84, 73.44, 1.8
FILLER_23_27, 21.84, 73.44, 1.8
FILLER_23_41, 21.84, 73.44, 1.8
FILLER_23_49, 21.84, 73.44, 1.8
FILLER_24_37, 21.84, 73.44, 1.8
_1668_, 21.84, 73.44, 1.8
_1671_, 21.84, 73.44, 1.8
_1672_, 21.84, 73.44, 1.8
_1703_, 21.84, 73.44, 1.8
FILLER_20_29, 21.84, 68, 1.8
FILLER_22_40, 21.84, 68, 1.8
_1948_, 21.84, 68, 1.8
FILLER_18_29, 21.84, 62.56, 1.8
FILLER_19_33, 21.84, 62.56, 1.8
FILLER_20_48, 21.84, 62.56, 1.8
_1241_, 21.84, 62.56, 1.8
_1833_, 21.84, 62.56, 1.8
ANTENNA_2, 21.84, 57.12, 1.8
FILLER_17_27, 21.84, 57.12, 1.8
_1831_, 21.84, 57.12, 1.8
_1832_, 21.84, 57.12, 1.8
_1233_, 21.84, 51.68, 1.8
_1234_, 21.84, 51.68, 1.8
_1340_, 21.84, 51.68, 1.8
_1343_, 21.84, 51.68, 1.8
FILLER_12_29, 21.84, 46.24, 1.8
FILLER_13_39, 21.84, 46.24, 1.8
FILLER_13_47, 21.84, 46.24, 1.8
FILLER_14_46, 21.84, 46.24, 1.8
_1235_, 21.84, 46.24, 1.8
_1236_, 21.84, 46.24, 1.8
_1342_, 21.84, 46.24, 1.8
FILLER_10_29, 21.84, 40.8, 1.8
_1242_, 21.84, 40.8, 1.8
_1243_, 21.84, 35.36, 1.8
_1244_, 21.84, 35.36, 1.8
_1245_, 21.84, 35.36, 1.8
FILLER_8_41, 21.84, 29.92, 1.8
_1237_, 21.84, 29.92, 1.8
_1239_, 21.84, 29.92, 1.8
_1240_, 21.84, 29.92, 1.8
FILLER_0_41, 21.84, 13.6, 1.8
FILLER_0_49, 21.84, 13.6, 1.8
FILLER_1_47, 21.84, 13.6, 1.8
PHY_128, 5.52, 187.68, 1.8
PHY_129, 184, 187.68, 1.8
output28, 184, 187.68, 1.8
input2, 13.68, 187.68, 1.8
FILLER_64_57, 34.64, 187.68, 1.8
FILLER_64_133, 73.04, 187.68, 1.8
output46, 73.04, 187.68, 1.8
FILLER_64_161, 85.84, 187.68, 1.8
FILLER_64_169, 85.84, 187.68, 1.8
output32, 85.84, 187.68, 1.8
FILLER_64_190, 98.64, 187.68, 1.8
fanout96, 98.64, 187.68, 1.8
FILLER_64_225, 111.44, 187.68, 1.8
FILLER_64_273, 137.04, 187.68, 1.8
output38, 162.64, 187.68, 1.8
PHY_124, 5.52, 182.24, 1.8
PHY_126, 5.52, 182.24, 1.8
output30, 5.52, 182.24, 1.8
PHY_125, 184, 182.24, 1.8
PHY_127, 184, 182.24, 1.8
FILLER_63_51, 34.64, 182.24, 1.8
FILLER_63_57, 34.64, 182.24, 1.8
_1887_, 34.64, 182.24, 1.8
_2039_, 34.64, 182.24, 1.8
fanout91, 34.64, 182.24, 1.8
output45, 34.64, 182.24, 1.8
FILLER_62_79, 47.44, 182.24, 1.8
FILLER_64_105, 47.44, 182.24, 1.8
FILLER_64_97, 47.44, 182.24, 1.8
output29, 47.44, 182.24, 1.8
FILLER_64_125, 60.24, 182.24, 1.8
FILLER_62_133, 73.04, 182.24, 1.8
FILLER_64_153, 73.04, 182.24, 1.8
FILLER_63_161, 85.84, 182.24, 1.8
FILLER_63_169, 85.84, 182.24, 1.8
FILLER_64_177, 85.84, 182.24, 1.8
_1768_, 85.84, 182.24, 1.8
_1770_, 85.84, 182.24, 1.8
_2005_, 85.84, 182.24, 1.8
fanout95, 85.84, 182.24, 1.8
FILLER_62_192, 98.64, 182.24, 1.8
FILLER_62_197, 98.64, 182.24, 1.8
FILLER_63_213, 98.64, 182.24, 1.8
_1773_, 98.64, 182.24, 1.8
_1774_, 98.64, 182.24, 1.8
_2008_, 98.64, 182.24, 1.8
input10, 98.64, 182.24, 1.8
_1771_, 111.44, 182.24, 1.8
_1772_, 111.44, 182.24, 1.8
_1935_, 111.44, 182.24, 1.8
_2007_, 111.44, 182.24, 1.8
fanout102, 111.44, 182.24, 1.8
output31, 111.44, 182.24, 1.8
FILLER_62_247, 124.24, 182.24, 1.8
FILLER_64_265, 124.24, 182.24, 1.8
output33, 124.24, 182.24, 1.8
FILLER_63_276, 137.04, 182.24, 1.8
FILLER_64_293, 137.04, 182.24, 1.8
input8, 137.04, 182.24, 1.8
FILLER_62_301, 149.84, 182.24, 1.8
FILLER_62_309, 149.84, 182.24, 1.8
FILLER_63_305, 149.84, 182.24, 1.8
FILLER_64_321, 149.84, 182.24, 1.8
fanout107, 149.84, 182.24, 1.8
fanout109, 149.84, 182.24, 1.8
FILLER_63_330, 162.64, 182.24, 1.8
PHY_120, 5.52, 176.8, 1.8
PHY_122, 5.52, 176.8, 1.8
PHY_121, 184, 176.8, 1.8
PHY_123, 184, 176.8, 1.8
FILLER_61_51, 34.64, 176.8, 1.8
_1461_, 34.64, 176.8, 1.8
_1462_, 34.64, 176.8, 1.8
FILLER_60_89, 47.44, 176.8, 1.8
_1474_, 47.44, 176.8, 1.8
FILLER_61_108, 60.24, 176.8, 1.8
FILLER_62_153, 73.04, 176.8, 1.8
_1495_, 73.04, 176.8, 1.8
_2006_, 73.04, 176.8, 1.8
FILLER_61_161, 85.84, 176.8, 1.8
_1767_, 85.84, 176.8, 1.8
_1769_, 85.84, 176.8, 1.8
fanout94, 85.84, 176.8, 1.8
FILLER_60_191, 98.64, 176.8, 1.8
FILLER_60_197, 98.64, 176.8, 1.8
FILLER_61_190, 98.64, 176.8, 1.8
FILLER_61_215, 98.64, 176.8, 1.8
FILLER_62_209, 98.64, 176.8, 1.8
_1472_, 98.64, 176.8, 1.8
_1892_, 98.64, 176.8, 1.8
_1908_, 111.44, 176.8, 1.8
_1470_, 124.24, 176.8, 1.8
_1506_, 124.24, 176.8, 1.8
FILLER_61_273, 137.04, 176.8, 1.8
FILLER_61_293, 137.04, 176.8, 1.8
FILLER_60_300, 149.84, 176.8, 1.8
FILLER_61_301, 149.84, 176.8, 1.8
FILLER_61_326, 149.84, 176.8, 1.8
_1765_, 149.84, 176.8, 1.8
_1766_, 149.84, 176.8, 1.8
_2004_, 149.84, 176.8, 1.8
fanout106, 149.84, 176.8, 1.8
fanout108, 149.84, 176.8, 1.8
PHY_116, 5.52, 171.36, 1.8
PHY_118, 5.52, 171.36, 1.8
output49, 5.52, 171.36, 1.8
PHY_117, 184, 171.36, 1.8
PHY_119, 184, 171.36, 1.8
FILLER_60_19, 13.68, 171.36, 1.8
FILLER_59_57, 34.64, 171.36, 1.8
FILLER_60_76, 34.64, 171.36, 1.8
_1498_, 34.64, 171.36, 1.8
_1501_, 34.64, 171.36, 1.8
_1903_, 34.64, 171.36, 1.8
FILLER_58_89, 47.44, 171.36, 1.8
_1473_, 47.44, 171.36, 1.8
_1893_, 47.44, 171.36, 1.8
_1909_, 47.44, 171.36, 1.8
fanout90, 47.44, 171.36, 1.8
FILLER_58_115, 60.24, 171.36, 1.8
FILLER_60_131, 60.24, 171.36, 1.8
_1509_, 60.24, 171.36, 1.8
_1886_, 60.24, 171.36, 1.8
FILLER_58_133, 73.04, 171.36, 1.8
_1496_, 73.04, 171.36, 1.8
_1888_, 73.04, 171.36, 1.8
_1902_, 73.04, 171.36, 1.8
_1910_, 73.04, 171.36, 1.8
_1463_, 85.84, 171.36, 1.8
_1464_, 85.84, 171.36, 1.8
_1499_, 85.84, 171.36, 1.8
_1500_, 85.84, 171.36, 1.8
_1904_, 85.84, 171.36, 1.8
fanout93, 85.84, 171.36, 1.8
FILLER_58_193, 98.64, 171.36, 1.8
FILLER_59_199, 98.64, 171.36, 1.8
_1458_, 98.64, 171.36, 1.8
_1471_, 98.64, 171.36, 1.8
_1494_, 98.64, 171.36, 1.8
_1508_, 98.64, 171.36, 1.8
FILLER_59_219, 111.44, 171.36, 1.8
_1507_, 111.44, 171.36, 1.8
_1891_, 111.44, 171.36, 1.8
FILLER_58_245, 124.24, 171.36, 1.8
FILLER_59_256, 124.24, 171.36, 1.8
_1469_, 124.24, 171.36, 1.8
_1505_, 124.24, 171.36, 1.8
_1907_, 124.24, 171.36, 1.8
fanout103, 124.24, 171.36, 1.8
FILLER_58_301, 149.84, 171.36, 1.8
FILLER_59_329, 162.64, 171.36, 1.8
PHY_112, 5.52, 165.92, 1.8
PHY_114, 5.52, 165.92, 1.8
PHY_113, 184, 165.92, 1.8
PHY_115, 184, 165.92, 1.8
output35, 184, 165.92, 1.8
FILLER_56_57, 34.64, 165.92, 1.8
FILLER_58_74, 34.64, 165.92, 1.8
_1066_, 34.64, 165.92, 1.8
_1497_, 34.64, 165.92, 1.8
FILLER_56_81, 47.44, 165.92, 1.8
FILLER_57_105, 47.44, 165.92, 1.8
_1510_, 47.44, 165.92, 1.8
FILLER_56_118, 60.24, 165.92, 1.8
_1459_, 60.24, 165.92, 1.8
_1460_, 60.24, 165.92, 1.8
FILLER_56_136, 73.04, 165.92, 1.8
FILLER_57_137, 73.04, 165.92, 1.8
FILLER_57_158, 73.04, 165.92, 1.8
FILLER_58_157, 73.04, 165.92, 1.8
_1513_, 73.04, 165.92, 1.8
_1514_, 73.04, 165.92, 1.8
FILLER_56_172, 85.84, 165.92, 1.8
FILLER_57_169, 85.84, 165.92, 1.8
FILLER_58_185, 85.84, 165.92, 1.8
_1518_, 85.84, 165.92, 1.8
_1912_, 85.84, 165.92, 1.8
FILLER_57_193, 98.64, 165.92, 1.8
_1489_, 98.64, 165.92, 1.8
_1490_, 98.64, 165.92, 1.8
_1900_, 98.64, 165.92, 1.8
FILLER_57_242, 111.44, 165.92, 1.8
_1027_, 111.44, 165.92, 1.8
_1916_, 111.44, 165.92, 1.8
FILLER_57_266, 124.24, 165.92, 1.8
_1017_, 124.24, 165.92, 1.8
_1487_, 124.24, 165.92, 1.8
_1488_, 124.24, 165.92, 1.8
_1523_, 137.04, 165.92, 1.8
_1524_, 137.04, 165.92, 1.8
_1915_, 137.04, 165.92, 1.8
FILLER_57_333, 162.64, 165.92, 1.8
FILLER_56_3, 5.52, 160.48, 1.8
PHY_108, 5.52, 160.48, 1.8
PHY_110, 5.52, 160.48, 1.8
_1911_, 5.52, 160.48, 1.8
output19, 5.52, 160.48, 1.8
PHY_109, 184, 160.48, 1.8
PHY_111, 184, 160.48, 1.8
FILLER_55_22, 13.68, 160.48, 1.8
FILLER_56_22, 13.68, 160.48, 1.8
_1480_, 13.68, 160.48, 1.8
_1515_, 13.68, 160.48, 1.8
_1516_, 13.68, 160.48, 1.8
FILLER_55_51, 34.64, 160.48, 1.8
_0980_, 34.64, 160.48, 1.8
FILLER_55_105, 47.44, 160.48, 1.8
_1121_, 47.44, 160.48, 1.8
_1491_, 47.44, 160.48, 1.8
_1492_, 47.44, 160.48, 1.8
_1528_, 47.44, 160.48, 1.8
_1901_, 47.44, 160.48, 1.8
fanout89, 47.44, 160.48, 1.8
FILLER_54_118, 60.24, 160.48, 1.8
FILLER_55_113, 60.24, 160.48, 1.8
_1478_, 60.24, 160.48, 1.8
_1894_, 60.24, 160.48, 1.8
FILLER_55_133, 73.04, 160.48, 1.8
FILLER_56_152, 73.04, 160.48, 1.8
_0964_, 73.04, 160.48, 1.8
_1046_, 73.04, 160.48, 1.8
_1481_, 73.04, 160.48, 1.8
_1896_, 73.04, 160.48, 1.8
FILLER_54_165, 85.84, 160.48, 1.8
FILLER_55_169, 85.84, 160.48, 1.8
FILLER_56_187, 85.84, 160.48, 1.8
_0993_, 85.84, 160.48, 1.8
_1074_, 85.84, 160.48, 1.8
_1482_, 85.84, 160.48, 1.8
_1517_, 85.84, 160.48, 1.8
FILLER_55_194, 98.64, 160.48, 1.8
_1112_, 98.64, 160.48, 1.8
_1476_, 98.64, 160.48, 1.8
_1512_, 98.64, 160.48, 1.8
FILLER_55_217, 111.44, 160.48, 1.8
_1525_, 111.44, 160.48, 1.8
_1526_, 111.44, 160.48, 1.8
_1899_, 111.44, 160.48, 1.8
FILLER_54_245, 124.24, 160.48, 1.8
_1102_, 124.24, 160.48, 1.8
FILLER_54_277, 137.04, 160.48, 1.8
FILLER_55_276, 137.04, 160.48, 1.8
FILLER_55_281, 137.04, 160.48, 1.8
_1486_, 137.04, 160.48, 1.8
_1898_, 137.04, 160.48, 1.8
_1914_, 137.04, 160.48, 1.8
FILLER_54_313, 149.84, 160.48, 1.8
_1468_, 149.84, 160.48, 1.8
FILLER_55_332, 162.64, 160.48, 1.8
PHY_104, 5.52, 155.04, 1.8
PHY_106, 5.52, 155.04, 1.8
_1913_, 5.52, 155.04, 1.8
PHY_105, 184, 155.04, 1.8
PHY_107, 184, 155.04, 1.8
_1484_, 13.68, 155.04, 1.8
_1519_, 13.68, 155.04, 1.8
_1520_, 13.68, 155.04, 1.8
_1897_, 13.68, 155.04, 1.8
FILLER_53_57, 34.64, 155.04, 1.8
FILLER_54_68, 34.64, 155.04, 1.8
FILLER_54_76, 34.64, 155.04, 1.8
_1276_, 34.64, 155.04, 1.8
FILLER_53_105, 47.44, 155.04, 1.8
FILLER_53_85, 47.44, 155.04, 1.8
_1034_, 47.44, 155.04, 1.8
_1527_, 47.44, 155.04, 1.8
_1917_, 47.44, 155.04, 1.8
FILLER_52_109, 60.24, 155.04, 1.8
FILLER_54_132, 60.24, 155.04, 1.8
_1477_, 60.24, 155.04, 1.8
_1850_, 60.24, 155.04, 1.8
FILLER_52_134, 73.04, 155.04, 1.8
_1266_, 73.04, 155.04, 1.8
FILLER_52_168, 85.84, 155.04, 1.8
FILLER_53_161, 85.84, 155.04, 1.8
FILLER_52_191, 98.64, 155.04, 1.8
FILLER_53_193, 98.64, 155.04, 1.8
_1396_, 98.64, 155.04, 1.8
_1856_, 98.64, 155.04, 1.8
FILLER_53_217, 111.44, 155.04, 1.8
_0962_, 111.44, 155.04, 1.8
_1824_, 111.44, 155.04, 1.8
FILLER_52_256, 124.24, 155.04, 1.8
FILLER_53_256, 124.24, 155.04, 1.8
_0978_, 124.24, 155.04, 1.8
_0979_, 124.24, 155.04, 1.8
_1010_, 124.24, 155.04, 1.8
_1394_, 124.24, 155.04, 1.8
FILLER_53_281, 137.04, 155.04, 1.8
FILLER_53_296, 137.04, 155.04, 1.8
_1485_, 137.04, 155.04, 1.8
_1521_, 137.04, 155.04, 1.8
_1522_, 137.04, 155.04, 1.8
FILLER_53_304, 149.84, 155.04, 1.8
_1467_, 149.84, 155.04, 1.8
_1503_, 149.84, 155.04, 1.8
_1890_, 149.84, 155.04, 1.8
fanout105, 149.84, 155.04, 1.8
FILLER_54_355, 162.64, 155.04, 1.8
_1504_, 162.64, 155.04, 1.8
FILLER_52_3, 5.52, 149.6, 1.8
PHY_100, 5.52, 149.6, 1.8
PHY_102, 5.52, 149.6, 1.8
PHY_101, 184, 149.6, 1.8
PHY_103, 184, 149.6, 1.8
output42, 184, 149.6, 1.8
FILLER_50_15, 13.68, 149.6, 1.8
FILLER_52_22, 13.68, 149.6, 1.8
FILLER_50_54, 34.64, 149.6, 1.8
FILLER_51_57, 34.64, 149.6, 1.8
FILLER_51_76, 34.64, 149.6, 1.8
_1277_, 34.64, 149.6, 1.8
_1385_, 34.64, 149.6, 1.8
_1819_, 34.64, 149.6, 1.8
fanout88, 34.64, 149.6, 1.8
FILLER_50_89, 47.44, 149.6, 1.8
_1398_, 47.44, 149.6, 1.8
_1825_, 47.44, 149.6, 1.8
_1857_, 47.44, 149.6, 1.8
FILLER_51_116, 60.24, 149.6, 1.8
_1349_, 60.24, 149.6, 1.8
_1383_, 60.24, 149.6, 1.8
_1384_, 60.24, 149.6, 1.8
_1265_, 73.04, 149.6, 1.8
_1818_, 73.04, 149.6, 1.8
_1852_, 73.04, 149.6, 1.8
FILLER_50_172, 85.84, 149.6, 1.8
_1287_, 85.84, 149.6, 1.8
_1387_, 85.84, 149.6, 1.8
_1388_, 85.84, 149.6, 1.8
_1820_, 85.84, 149.6, 1.8
fanout92, 85.84, 149.6, 1.8
FILLER_51_195, 98.64, 149.6, 1.8
FILLER_51_213, 98.64, 149.6, 1.8
_1264_, 98.64, 149.6, 1.8
_1338_, 98.64, 149.6, 1.8
_1382_, 98.64, 149.6, 1.8
_1395_, 98.64, 149.6, 1.8
FILLER_51_221, 111.44, 149.6, 1.8
FILLER_51_234, 111.44, 149.6, 1.8
_0963_, 111.44, 149.6, 1.8
_1337_, 111.44, 149.6, 1.8
_1855_, 111.44, 149.6, 1.8
FILLER_50_245, 124.24, 149.6, 1.8
FILLER_50_253, 124.24, 149.6, 1.8
FILLER_51_255, 124.24, 149.6, 1.8
FILLER_51_270, 124.24, 149.6, 1.8
_1094_, 124.24, 149.6, 1.8
_1326_, 124.24, 149.6, 1.8
_1393_, 124.24, 149.6, 1.8
fanout104, 124.24, 149.6, 1.8
FILLER_50_275, 137.04, 149.6, 1.8
_1368_, 137.04, 149.6, 1.8
_1369_, 137.04, 149.6, 1.8
_1846_, 137.04, 149.6, 1.8
_1314_, 149.84, 149.6, 1.8
_1822_, 149.84, 149.6, 1.8
_1906_, 149.84, 149.6, 1.8
FILLER_51_331, 162.64, 149.6, 1.8
PHY_96, 5.52, 144.16, 1.8
PHY_98, 5.52, 144.16, 1.8
_1845_, 5.52, 144.16, 1.8
input14, 5.52, 144.16, 1.8
PHY_97, 184, 144.16, 1.8
PHY_99, 184, 144.16, 1.8
FILLER_49_23, 13.68, 144.16, 1.8
_1365_, 13.68, 144.16, 1.8
_1366_, 13.68, 144.16, 1.8
_1390_, 13.68, 144.16, 1.8
_1386_, 34.64, 144.16, 1.8
_1851_, 34.64, 144.16, 1.8
FILLER_50_95, 47.44, 144.16, 1.8
_1350_, 47.44, 144.16, 1.8
_1377_, 47.44, 144.16, 1.8
_1378_, 47.44, 144.16, 1.8
_1397_, 47.44, 144.16, 1.8
FILLER_49_113, 60.24, 144.16, 1.8
_1357_, 60.24, 144.16, 1.8
FILLER_48_136, 73.04, 144.16, 1.8
_0974_, 73.04, 144.16, 1.8
FILLER_48_162, 85.84, 144.16, 1.8
FILLER_49_161, 85.84, 144.16, 1.8
FILLER_49_181, 85.84, 144.16, 1.8
FILLER_50_186, 85.84, 144.16, 1.8
_1079_, 85.84, 144.16, 1.8
_1286_, 85.84, 144.16, 1.8
_1848_, 85.84, 144.16, 1.8
FILLER_48_193, 98.64, 144.16, 1.8
_1116_, 98.64, 144.16, 1.8
_1374_, 98.64, 144.16, 1.8
_1375_, 98.64, 144.16, 1.8
FILLER_49_225, 111.44, 144.16, 1.8
_1847_, 111.44, 144.16, 1.8
FILLER_48_253, 124.24, 144.16, 1.8
FILLER_49_250, 124.24, 144.16, 1.8
FILLER_49_258, 124.24, 144.16, 1.8
FILLER_49_270, 124.24, 144.16, 1.8
_1325_, 124.24, 144.16, 1.8
_1823_, 124.24, 144.16, 1.8
FILLER_49_281, 137.04, 144.16, 1.8
FILLER_50_296, 137.04, 144.16, 1.8
_1014_, 137.04, 144.16, 1.8
FILLER_49_305, 149.84, 144.16, 1.8
_1313_, 149.84, 144.16, 1.8
_1392_, 149.84, 144.16, 1.8
_1854_, 149.84, 144.16, 1.8
FILLER_48_3, 5.52, 138.72, 1.8
PHY_92, 5.52, 138.72, 1.8
PHY_94, 5.52, 138.72, 1.8
PHY_93, 184, 138.72, 1.8
PHY_95, 184, 138.72, 1.8
output36, 184, 138.72, 1.8
FILLER_48_23, 13.68, 138.72, 1.8
FILLER_47_69, 34.64, 138.72, 1.8
FILLER_48_77, 34.64, 138.72, 1.8
_1071_, 34.64, 138.72, 1.8
FILLER_48_92, 47.44, 138.72, 1.8
_1039_, 47.44, 138.72, 1.8
_1849_, 47.44, 138.72, 1.8
FILLER_47_107, 60.24, 138.72, 1.8
FILLER_47_113, 60.24, 138.72, 1.8
FILLER_47_121, 60.24, 138.72, 1.8
_1356_, 60.24, 138.72, 1.8
_1842_, 60.24, 138.72, 1.8
FILLER_46_144, 73.04, 138.72, 1.8
_1062_, 73.04, 138.72, 1.8
_1362_, 73.04, 138.72, 1.8
_1363_, 73.04, 138.72, 1.8
_1645_, 73.04, 138.72, 1.8
FILLER_46_169, 85.84, 138.72, 1.8
_0997_, 85.84, 138.72, 1.8
FILLER_46_192, 98.64, 138.72, 1.8
FILLER_47_204, 98.64, 138.72, 1.8
_1031_, 98.64, 138.72, 1.8
_1082_, 98.64, 138.72, 1.8
_1083_, 98.64, 138.72, 1.8
_1355_, 98.64, 138.72, 1.8
_1643_, 98.64, 138.72, 1.8
fanout86, 98.64, 138.72, 1.8
fanout87, 98.64, 138.72, 1.8
FILLER_48_232, 111.44, 138.72, 1.8
_1022_, 111.44, 138.72, 1.8
_1371_, 111.44, 138.72, 1.8
_1372_, 111.44, 138.72, 1.8
_1656_, 111.44, 138.72, 1.8
_1657_, 111.44, 138.72, 1.8
_1932_, 111.44, 138.72, 1.8
_1045_, 124.24, 138.72, 1.8
_1107_, 124.24, 138.72, 1.8
_1931_, 124.24, 138.72, 1.8
fanout98, 124.24, 138.72, 1.8
FILLER_46_283, 137.04, 138.72, 1.8
FILLER_47_287, 137.04, 138.72, 1.8
_1043_, 137.04, 138.72, 1.8
_1099_, 137.04, 138.72, 1.8
_1652_, 137.04, 138.72, 1.8
_1654_, 137.04, 138.72, 1.8
FILLER_46_309, 149.84, 138.72, 1.8
_1391_, 149.84, 138.72, 1.8
FILLER_47_329, 162.64, 138.72, 1.8
FILLER_48_355, 162.64, 138.72, 1.8
FILLER_45_3, 5.52, 133.28, 1.8
PHY_88, 5.52, 133.28, 1.8
PHY_90, 5.52, 133.28, 1.8
_1360_, 5.52, 133.28, 1.8
_1843_, 5.52, 133.28, 1.8
FILLER_45_380, 184, 133.28, 1.8
PHY_89, 184, 133.28, 1.8
PHY_91, 184, 133.28, 1.8
FILLER_45_10, 13.68, 133.28, 1.8
_1359_, 13.68, 133.28, 1.8
_1647_, 13.68, 133.28, 1.8
_1927_, 13.68, 133.28, 1.8
FILLER_45_57, 34.64, 133.28, 1.8
_0988_, 34.64, 133.28, 1.8
FILLER_45_81, 47.44, 133.28, 1.8
FILLER_45_93, 47.44, 133.28, 1.8
_1125_, 47.44, 133.28, 1.8
_1348_, 47.44, 133.28, 1.8
_1376_, 47.44, 133.28, 1.8
_1933_, 47.44, 133.28, 1.8
fanout84, 47.44, 133.28, 1.8
FILLER_44_114, 60.24, 133.28, 1.8
FILLER_45_116, 60.24, 133.28, 1.8
FILLER_46_130, 60.24, 133.28, 1.8
_1658_, 60.24, 133.28, 1.8
_1747_, 60.24, 133.28, 1.8
_1987_, 60.24, 133.28, 1.8
_1351_, 73.04, 133.28, 1.8
_1644_, 73.04, 133.28, 1.8
_1844_, 73.04, 133.28, 1.8
_1926_, 73.04, 133.28, 1.8
FILLER_44_162, 85.84, 133.28, 1.8
FILLER_45_164, 85.84, 133.28, 1.8
FILLER_45_169, 85.84, 133.28, 1.8
_1285_, 85.84, 133.28, 1.8
_1648_, 85.84, 133.28, 1.8
_1928_, 85.84, 133.28, 1.8
fanout85, 85.84, 133.28, 1.8
FILLER_45_195, 98.64, 133.28, 1.8
FILLER_45_205, 98.64, 133.28, 1.8
FILLER_46_213, 98.64, 133.28, 1.8
_1336_, 98.64, 133.28, 1.8
_1373_, 98.64, 133.28, 1.8
_1759_, 98.64, 133.28, 1.8
_1993_, 98.64, 133.28, 1.8
FILLER_44_229, 111.44, 133.28, 1.8
FILLER_45_219, 111.44, 133.28, 1.8
FILLER_45_225, 111.44, 133.28, 1.8
_1015_, 111.44, 133.28, 1.8
_1028_, 111.44, 133.28, 1.8
FILLER_45_253, 124.24, 133.28, 1.8
FILLER_45_263, 124.24, 133.28, 1.8
_1324_, 124.24, 133.28, 1.8
_1655_, 124.24, 133.28, 1.8
_1757_, 124.24, 133.28, 1.8
FILLER_45_277, 137.04, 133.28, 1.8
FILLER_45_299, 137.04, 133.28, 1.8
_1367_, 137.04, 133.28, 1.8
_1370_, 137.04, 133.28, 1.8
_1653_, 137.04, 133.28, 1.8
_1930_, 137.04, 133.28, 1.8
FILLER_44_304, 149.84, 133.28, 1.8
FILLER_44_309, 149.84, 133.28, 1.8
FILLER_45_313, 149.84, 133.28, 1.8
_1312_, 149.84, 133.28, 1.8
_1354_, 149.84, 133.28, 1.8
_1475_, 149.84, 133.28, 1.8
_1642_, 149.84, 133.28, 1.8
FILLER_45_329, 162.64, 133.28, 1.8
_1493_, 162.64, 133.28, 1.8
FILLER_43_3, 5.52, 127.84, 1.8
PHY_84, 5.52, 127.84, 1.8
PHY_86, 5.52, 127.84, 1.8
_1428_, 5.52, 127.84, 1.8
FILLER_43_382, 184, 127.84, 1.8
PHY_85, 184, 127.84, 1.8
PHY_87, 184, 127.84, 1.8
_1427_, 13.68, 127.84, 1.8
FILLER_42_62, 34.64, 127.84, 1.8
FILLER_43_53, 34.64, 127.84, 1.8
FILLER_43_66, 34.64, 127.84, 1.8
_0981_, 34.64, 127.84, 1.8
_0982_, 34.64, 127.84, 1.8
_1006_, 34.64, 127.84, 1.8
FILLER_42_91, 47.44, 127.84, 1.8
FILLER_43_103, 47.44, 127.84, 1.8
FILLER_43_81, 47.44, 127.84, 1.8
FILLER_44_95, 47.44, 127.84, 1.8
_1659_, 47.44, 127.84, 1.8
_1760_, 47.44, 127.84, 1.8
_1761_, 47.44, 127.84, 1.8
_1994_, 47.44, 127.84, 1.8
_1035_, 60.24, 127.84, 1.8
_1746_, 60.24, 127.84, 1.8
FILLER_42_141, 73.04, 127.84, 1.8
FILLER_43_137, 73.04, 127.84, 1.8
_0968_, 73.04, 127.84, 1.8
_1257_, 73.04, 127.84, 1.8
_1989_, 73.04, 127.84, 1.8
_0994_, 85.84, 127.84, 1.8
_1361_, 85.84, 127.84, 1.8
_1649_, 85.84, 127.84, 1.8
_1745_, 85.84, 127.84, 1.8
_1750_, 85.84, 127.84, 1.8
_1751_, 85.84, 127.84, 1.8
FILLER_43_196, 98.64, 127.84, 1.8
FILLER_43_213, 98.64, 127.84, 1.8
_0998_, 98.64, 127.84, 1.8
_1032_, 98.64, 127.84, 1.8
_1434_, 98.64, 127.84, 1.8
_1758_, 98.64, 127.84, 1.8
_1876_, 98.64, 127.84, 1.8
FILLER_43_221, 111.44, 127.84, 1.8
FILLER_43_225, 111.44, 127.84, 1.8
FILLER_44_236, 111.44, 127.84, 1.8
_0966_, 111.44, 127.84, 1.8
_0967_, 111.44, 127.84, 1.8
_1011_, 111.44, 127.84, 1.8
_1018_, 111.44, 127.84, 1.8
FILLER_42_249, 124.24, 127.84, 1.8
FILLER_43_245, 124.24, 127.84, 1.8
FILLER_43_266, 124.24, 127.84, 1.8
_1756_, 124.24, 127.84, 1.8
_1992_, 124.24, 127.84, 1.8
FILLER_43_275, 137.04, 127.84, 1.8
_1430_, 137.04, 127.84, 1.8
_1431_, 137.04, 127.84, 1.8
_1432_, 137.04, 127.84, 1.8
FILLER_43_318, 149.84, 127.84, 1.8
_1457_, 149.84, 127.84, 1.8
_1511_, 149.84, 127.84, 1.8
_1755_, 149.84, 127.84, 1.8
_1991_, 149.84, 127.84, 1.8
FILLER_42_341, 162.64, 127.84, 1.8
FILLER_43_332, 162.64, 127.84, 1.8
_1261_, 162.64, 127.84, 1.8
_1352_, 162.64, 127.84, 1.8
_1381_, 162.64, 127.84, 1.8
_1456_, 162.64, 127.84, 1.8
_1744_, 162.64, 127.84, 1.8
PHY_80, 5.52, 122.4, 1.8
PHY_82, 5.52, 122.4, 1.8
_1873_, 5.52, 122.4, 1.8
input5, 5.52, 122.4, 1.8
FILLER_41_381, 184, 122.4, 1.8
PHY_81, 184, 122.4, 1.8
PHY_83, 184, 122.4, 1.8
output44, 184, 122.4, 1.8
FILLER_41_13, 13.68, 122.4, 1.8
FILLER_41_21, 13.68, 122.4, 1.8
FILLER_42_20, 13.68, 122.4, 1.8
_1990_, 13.68, 122.4, 1.8
FILLER_41_52, 34.64, 122.4, 1.8
FILLER_42_77, 34.64, 122.4, 1.8
_0975_, 34.64, 122.4, 1.8
_0989_, 34.64, 122.4, 1.8
_0990_, 34.64, 122.4, 1.8
_1001_, 34.64, 122.4, 1.8
_1007_, 34.64, 122.4, 1.8
_1040_, 47.44, 122.4, 1.8
_1041_, 47.44, 122.4, 1.8
_1877_, 47.44, 122.4, 1.8
fanout83, 47.44, 122.4, 1.8
FILLER_40_114, 60.24, 122.4, 1.8
FILLER_41_113, 60.24, 122.4, 1.8
_1037_, 60.24, 122.4, 1.8
_1870_, 60.24, 122.4, 1.8
FILLER_40_134, 73.04, 122.4, 1.8
FILLER_42_153, 73.04, 122.4, 1.8
_0961_, 73.04, 122.4, 1.8
_0973_, 73.04, 122.4, 1.8
_0976_, 73.04, 122.4, 1.8
_0977_, 73.04, 122.4, 1.8
FILLER_41_169, 85.84, 122.4, 1.8
FILLER_42_188, 85.84, 122.4, 1.8
_0999_, 85.84, 122.4, 1.8
_1420_, 85.84, 122.4, 1.8
FILLER_40_191, 98.64, 122.4, 1.8
FILLER_41_210, 98.64, 122.4, 1.8
_1033_, 98.64, 122.4, 1.8
_1433_, 98.64, 122.4, 1.8
FILLER_41_225, 111.44, 122.4, 1.8
_0955_, 111.44, 122.4, 1.8
_0965_, 111.44, 122.4, 1.8
_1009_, 111.44, 122.4, 1.8
_1024_, 111.44, 122.4, 1.8
_1026_, 111.44, 122.4, 1.8
FILLER_40_247, 124.24, 122.4, 1.8
FILLER_40_253, 124.24, 122.4, 1.8
FILLER_42_263, 124.24, 122.4, 1.8
_1019_, 124.24, 122.4, 1.8
_1023_, 124.24, 122.4, 1.8
_1875_, 124.24, 122.4, 1.8
FILLER_41_281, 137.04, 122.4, 1.8
_1008_, 137.04, 122.4, 1.8
_1429_, 137.04, 122.4, 1.8
_1874_, 137.04, 122.4, 1.8
FILLER_41_300, 149.84, 122.4, 1.8
_1258_, 149.84, 122.4, 1.8
_1263_, 149.84, 122.4, 1.8
_1419_, 149.84, 122.4, 1.8
_1754_, 149.84, 122.4, 1.8
FILLER_40_333, 162.64, 122.4, 1.8
_1380_, 162.64, 122.4, 1.8
_1814_, 162.64, 122.4, 1.8
_2036_, 162.64, 122.4, 1.8
fanout100, 162.64, 122.4, 1.8
fanout101, 162.64, 122.4, 1.8
FILLER_39_3, 5.52, 116.96, 1.8
PHY_76, 5.52, 116.96, 1.8
PHY_78, 5.52, 116.96, 1.8
_1410_, 5.52, 116.96, 1.8
_1861_, 5.52, 116.96, 1.8
PHY_77, 184, 116.96, 1.8
PHY_79, 184, 116.96, 1.8
FILLER_38_15, 13.68, 116.96, 1.8
FILLER_40_19, 13.68, 116.96, 1.8
_1409_, 13.68, 116.96, 1.8
_1958_, 13.68, 116.96, 1.8
FILLER_39_71, 34.64, 116.96, 1.8
FILLER_40_69, 34.64, 116.96, 1.8
FILLER_40_77, 34.64, 116.96, 1.8
_0984_, 34.64, 116.96, 1.8
_1003_, 34.64, 116.96, 1.8
FILLER_38_85, 47.44, 116.96, 1.8
FILLER_39_83, 47.44, 116.96, 1.8
FILLER_40_101, 47.44, 116.96, 1.8
_1119_, 47.44, 116.96, 1.8
_1435_, 47.44, 116.96, 1.8
_1436_, 47.44, 116.96, 1.8
FILLER_39_121, 60.24, 116.96, 1.8
_0957_, 60.24, 116.96, 1.8
_0959_, 60.24, 116.96, 1.8
_0960_, 60.24, 116.96, 1.8
_1421_, 60.24, 116.96, 1.8
_1422_, 60.24, 116.96, 1.8
FILLER_39_146, 73.04, 116.96, 1.8
_1404_, 73.04, 116.96, 1.8
_1872_, 73.04, 116.96, 1.8
_0991_, 85.84, 116.96, 1.8
_0992_, 85.84, 116.96, 1.8
_0996_, 85.84, 116.96, 1.8
_1425_, 85.84, 116.96, 1.8
FILLER_39_190, 98.64, 116.96, 1.8
FILLER_40_209, 98.64, 116.96, 1.8
_1025_, 98.64, 116.96, 1.8
_1030_, 98.64, 116.96, 1.8
_1682_, 98.64, 116.96, 1.8
_1695_, 98.64, 116.96, 1.8
_1696_, 98.64, 116.96, 1.8
FILLER_39_225, 111.44, 116.96, 1.8
FILLER_39_233, 111.44, 116.96, 1.8
_0969_, 111.44, 116.96, 1.8
_1013_, 111.44, 116.96, 1.8
_1016_, 111.44, 116.96, 1.8
FILLER_38_249, 124.24, 116.96, 1.8
FILLER_39_251, 124.24, 116.96, 1.8
_1020_, 124.24, 116.96, 1.8
_1104_, 124.24, 116.96, 1.8
_1693_, 124.24, 116.96, 1.8
_1694_, 124.24, 116.96, 1.8
FILLER_38_278, 137.04, 116.96, 1.8
FILLER_39_277, 137.04, 116.96, 1.8
FILLER_40_298, 137.04, 116.96, 1.8
_1096_, 137.04, 116.96, 1.8
_1691_, 149.84, 116.96, 1.8
_1692_, 149.84, 116.96, 1.8
_1959_, 149.84, 116.96, 1.8
FILLER_38_337, 162.64, 116.96, 1.8
FILLER_39_330, 162.64, 116.96, 1.8
FILLER_40_355, 162.64, 116.96, 1.8
_1400_, 162.64, 116.96, 1.8
_1681_, 162.64, 116.96, 1.8
fanout99, 162.64, 116.96, 1.8
PHY_72, 5.52, 111.52, 1.8
PHY_74, 5.52, 111.52, 1.8
output22, 5.52, 111.52, 1.8
FILLER_37_382, 184, 111.52, 1.8
PHY_73, 184, 111.52, 1.8
PHY_75, 184, 111.52, 1.8
_1689_, 13.68, 111.52, 1.8
FILLER_36_53, 34.64, 111.52, 1.8
FILLER_38_76, 34.64, 111.52, 1.8
_1092_, 34.64, 111.52, 1.8
_1962_, 34.64, 111.52, 1.8
FILLER_36_78, 47.44, 111.52, 1.8
FILLER_36_85, 47.44, 111.52, 1.8
FILLER_37_101, 47.44, 111.52, 1.8
_1036_, 47.44, 111.52, 1.8
_1697_, 47.44, 111.52, 1.8
_1865_, 47.44, 111.52, 1.8
FILLER_36_107, 60.24, 111.52, 1.8
FILLER_37_109, 60.24, 111.52, 1.8
FILLER_37_113, 60.24, 111.52, 1.8
FILLER_37_121, 60.24, 111.52, 1.8
_1054_, 60.24, 111.52, 1.8
_1955_, 60.24, 111.52, 1.8
FILLER_36_137, 73.04, 111.52, 1.8
_1403_, 73.04, 111.52, 1.8
_1426_, 73.04, 111.52, 1.8
_1858_, 73.04, 111.52, 1.8
FILLER_37_161, 85.84, 111.52, 1.8
FILLER_37_181, 85.84, 111.52, 1.8
FILLER_38_182, 85.84, 111.52, 1.8
_1076_, 85.84, 111.52, 1.8
_1402_, 85.84, 111.52, 1.8
FILLER_36_193, 98.64, 111.52, 1.8
_1110_, 98.64, 111.52, 1.8
_1961_, 98.64, 111.52, 1.8
FILLER_37_217, 111.44, 111.52, 1.8
FILLER_37_237, 111.44, 111.52, 1.8
FILLER_38_236, 111.44, 111.52, 1.8
_1416_, 111.44, 111.52, 1.8
_1864_, 111.44, 111.52, 1.8
_1960_, 111.44, 111.52, 1.8
FILLER_36_248, 124.24, 111.52, 1.8
FILLER_36_253, 124.24, 111.52, 1.8
FILLER_37_258, 124.24, 111.52, 1.8
FILLER_37_270, 124.24, 111.52, 1.8
FILLER_38_262, 124.24, 111.52, 1.8
_1413_, 124.24, 111.52, 1.8
fanout97, 124.24, 111.52, 1.8
FILLER_37_281, 137.04, 111.52, 1.8
FILLER_37_289, 137.04, 111.52, 1.8
_1411_, 137.04, 111.52, 1.8
_1412_, 137.04, 111.52, 1.8
_1862_, 137.04, 111.52, 1.8
FILLER_36_309, 149.84, 111.52, 1.8
FILLER_37_313, 149.84, 111.52, 1.8
_1262_, 149.84, 111.52, 1.8
_1401_, 149.84, 111.52, 1.8
FILLER_37_341, 162.64, 111.52, 1.8
_1260_, 162.64, 111.52, 1.8
_1379_, 162.64, 111.52, 1.8
_1437_, 162.64, 111.52, 1.8
_1813_, 162.64, 111.52, 1.8
_1817_, 162.64, 111.52, 1.8
_2037_, 162.64, 111.52, 1.8
FILLER_35_3, 5.52, 106.08, 1.8
PHY_68, 5.52, 106.08, 1.8
PHY_70, 5.52, 106.08, 1.8
_1871_, 5.52, 106.08, 1.8
PHY_69, 184, 106.08, 1.8
PHY_71, 184, 106.08, 1.8
output37, 184, 106.08, 1.8
FILLER_36_21, 13.68, 106.08, 1.8
_1405_, 13.68, 106.08, 1.8
_1423_, 13.68, 106.08, 1.8
_1424_, 13.68, 106.08, 1.8
FILLER_35_57, 34.64, 106.08, 1.8
FILLER_36_66, 34.64, 106.08, 1.8
_1085_, 34.64, 106.08, 1.8
_1090_, 34.64, 106.08, 1.8
_1093_, 34.64, 106.08, 1.8
_1698_, 34.64, 106.08, 1.8
FILLER_35_105, 47.44, 106.08, 1.8
_1067_, 47.44, 106.08, 1.8
_1417_, 47.44, 106.08, 1.8
_1418_, 47.44, 106.08, 1.8
FILLER_35_113, 60.24, 106.08, 1.8
_1122_, 60.24, 106.08, 1.8
_1126_, 60.24, 106.08, 1.8
_1683_, 60.24, 106.08, 1.8
_1684_, 60.24, 106.08, 1.8
_1050_, 73.04, 106.08, 1.8
_1055_, 73.04, 106.08, 1.8
_1687_, 73.04, 106.08, 1.8
FILLER_34_166, 85.84, 106.08, 1.8
FILLER_36_185, 85.84, 106.08, 1.8
_1077_, 85.84, 106.08, 1.8
_1408_, 85.84, 106.08, 1.8
_1860_, 85.84, 106.08, 1.8
FILLER_34_193, 98.64, 106.08, 1.8
FILLER_34_197, 98.64, 106.08, 1.8
FILLER_35_201, 98.64, 106.08, 1.8
FILLER_36_209, 98.64, 106.08, 1.8
_1089_, 98.64, 106.08, 1.8
_1111_, 98.64, 106.08, 1.8
_1113_, 98.64, 106.08, 1.8
FILLER_35_234, 111.44, 106.08, 1.8
_1415_, 111.44, 106.08, 1.8
_1883_, 111.44, 106.08, 1.8
FILLER_34_245, 124.24, 106.08, 1.8
FILLER_34_253, 124.24, 106.08, 1.8
_1105_, 124.24, 106.08, 1.8
_1414_, 124.24, 106.08, 1.8
_1450_, 124.24, 106.08, 1.8
_1863_, 124.24, 106.08, 1.8
FILLER_35_276, 137.04, 106.08, 1.8
_1101_, 137.04, 106.08, 1.8
_1448_, 137.04, 106.08, 1.8
FILLER_34_312, 149.84, 106.08, 1.8
_1353_, 149.84, 106.08, 1.8
_1438_, 149.84, 106.08, 1.8
_1449_, 149.84, 106.08, 1.8
FILLER_35_328, 162.64, 106.08, 1.8
FILLER_35_337, 162.64, 106.08, 1.8
FILLER_35_345, 162.64, 106.08, 1.8
FILLER_36_355, 162.64, 106.08, 1.8
_1259_, 162.64, 106.08, 1.8
_1663_, 162.64, 106.08, 1.8
_1808_, 162.64, 106.08, 1.8
_1816_, 162.64, 106.08, 1.8
FILLER_34_3, 5.52, 100.64, 1.8
PHY_64, 5.52, 100.64, 1.8
PHY_66, 5.52, 100.64, 1.8
_1859_, 5.52, 100.64, 1.8
FILLER_32_381, 184, 100.64, 1.8
PHY_65, 184, 100.64, 1.8
PHY_67, 184, 100.64, 1.8
FILLER_34_21, 13.68, 100.64, 1.8
_1686_, 13.68, 100.64, 1.8
_1956_, 13.68, 100.64, 1.8
FILLER_32_53, 34.64, 100.64, 1.8
FILLER_33_57, 34.64, 100.64, 1.8
FILLER_34_74, 34.64, 100.64, 1.8
_1069_, 34.64, 100.64, 1.8
_1087_, 34.64, 100.64, 1.8
_1837_, 34.64, 100.64, 1.8
FILLER_33_101, 47.44, 100.64, 1.8
FILLER_33_93, 47.44, 100.64, 1.8
FILLER_34_97, 47.44, 100.64, 1.8
_1049_, 47.44, 100.64, 1.8
_1056_, 47.44, 100.64, 1.8
_1072_, 47.44, 100.64, 1.8
_1120_, 47.44, 100.64, 1.8
_1127_, 47.44, 100.64, 1.8
_1834_, 60.24, 100.64, 1.8
FILLER_32_141, 73.04, 100.64, 1.8
FILLER_33_149, 73.04, 100.64, 1.8
FILLER_33_157, 73.04, 100.64, 1.8
_1064_, 73.04, 100.64, 1.8
_1065_, 73.04, 100.64, 1.8
_1688_, 73.04, 100.64, 1.8
_1957_, 73.04, 100.64, 1.8
FILLER_33_165, 85.84, 100.64, 1.8
FILLER_33_169, 85.84, 100.64, 1.8
_1075_, 85.84, 100.64, 1.8
_1080_, 85.84, 100.64, 1.8
_1081_, 85.84, 100.64, 1.8
_1407_, 85.84, 100.64, 1.8
_1439_, 85.84, 100.64, 1.8
_1444_, 85.84, 100.64, 1.8
FILLER_32_197, 98.64, 100.64, 1.8
FILLER_33_191, 98.64, 100.64, 1.8
FILLER_33_201, 98.64, 100.64, 1.8
FILLER_33_213, 98.64, 100.64, 1.8
_1051_, 98.64, 100.64, 1.8
_1115_, 98.64, 100.64, 1.8
_1117_, 98.64, 100.64, 1.8
_1118_, 98.64, 100.64, 1.8
FILLER_33_221, 111.44, 100.64, 1.8
FILLER_33_234, 111.44, 100.64, 1.8
FILLER_33_244, 111.44, 100.64, 1.8
_0970_, 111.44, 100.64, 1.8
_1451_, 111.44, 100.64, 1.8
_1452_, 111.44, 100.64, 1.8
_1453_, 111.44, 100.64, 1.8
_1884_, 111.44, 100.64, 1.8
FILLER_32_246, 124.24, 100.64, 1.8
FILLER_33_266, 124.24, 100.64, 1.8
_1048_, 124.24, 100.64, 1.8
_1095_, 124.24, 100.64, 1.8
_1103_, 124.24, 100.64, 1.8
_1108_, 124.24, 100.64, 1.8
_1109_, 124.24, 100.64, 1.8
FILLER_33_275, 137.04, 100.64, 1.8
FILLER_33_281, 137.04, 100.64, 1.8
_1063_, 137.04, 100.64, 1.8
_1097_, 137.04, 100.64, 1.8
_1100_, 137.04, 100.64, 1.8
_1882_, 137.04, 100.64, 1.8
FILLER_33_327, 149.84, 100.64, 1.8
_1047_, 149.84, 100.64, 1.8
_1699_, 149.84, 100.64, 1.8
_1717_, 149.84, 100.64, 1.8
_1728_, 149.84, 100.64, 1.8
FILLER_32_338, 162.64, 100.64, 1.8
_1399_, 162.64, 100.64, 1.8
_1789_, 162.64, 100.64, 1.8
_2025_, 162.64, 100.64, 1.8
_2034_, 162.64, 100.64, 1.8
FILLER_32_3, 5.52, 95.2, 1.8
PHY_60, 5.52, 95.2, 1.8
PHY_62, 5.52, 95.2, 1.8
_1406_, 5.52, 95.2, 1.8
output25, 5.52, 95.2, 1.8
PHY_61, 184, 95.2, 1.8
PHY_63, 184, 95.2, 1.8
FILLER_31_24, 13.68, 95.2, 1.8
FILLER_31_9, 13.68, 95.2, 1.8
FILLER_32_23, 13.68, 95.2, 1.8
_1446_, 13.68, 95.2, 1.8
_1447_, 13.68, 95.2, 1.8
FILLER_31_69, 34.64, 95.2, 1.8
_1073_, 34.64, 95.2, 1.8
_1885_, 34.64, 95.2, 1.8
FILLER_30_78, 47.44, 95.2, 1.8
FILLER_31_103, 47.44, 95.2, 1.8
FILLER_32_97, 47.44, 95.2, 1.8
_1123_, 47.44, 95.2, 1.8
_1124_, 47.44, 95.2, 1.8
_1455_, 47.44, 95.2, 1.8
FILLER_31_113, 60.24, 95.2, 1.8
_1059_, 60.24, 95.2, 1.8
_1440_, 60.24, 95.2, 1.8
_1878_, 60.24, 95.2, 1.8
FILLER_30_137, 73.04, 95.2, 1.8
FILLER_30_141, 73.04, 95.2, 1.8
fanout69, 73.04, 95.2, 1.8
fanout70, 73.04, 95.2, 1.8
FILLER_31_161, 85.84, 95.2, 1.8
FILLER_31_179, 85.84, 95.2, 1.8
FILLER_32_186, 85.84, 95.2, 1.8
_1078_, 85.84, 95.2, 1.8
_1840_, 85.84, 95.2, 1.8
fanout68, 85.84, 95.2, 1.8
FILLER_30_197, 98.64, 95.2, 1.8
FILLER_31_198, 98.64, 95.2, 1.8
FILLER_32_210, 98.64, 95.2, 1.8
_1029_, 98.64, 95.2, 1.8
_1052_, 98.64, 95.2, 1.8
_1053_, 98.64, 95.2, 1.8
FILLER_30_222, 111.44, 95.2, 1.8
FILLER_31_221, 111.44, 95.2, 1.8
_0956_, 111.44, 95.2, 1.8
_0958_, 111.44, 95.2, 1.8
_0971_, 111.44, 95.2, 1.8
_0985_, 111.44, 95.2, 1.8
_0986_, 111.44, 95.2, 1.8
FILLER_30_249, 124.24, 95.2, 1.8
_1058_, 124.24, 95.2, 1.8
_1106_, 124.24, 95.2, 1.8
_1729_, 124.24, 95.2, 1.8
FILLER_30_274, 137.04, 95.2, 1.8
FILLER_32_289, 137.04, 95.2, 1.8
_1012_, 137.04, 95.2, 1.8
_1042_, 137.04, 95.2, 1.8
_1057_, 137.04, 95.2, 1.8
_1061_, 137.04, 95.2, 1.8
_1098_, 137.04, 95.2, 1.8
FILLER_30_309, 149.84, 95.2, 1.8
FILLER_31_302, 149.84, 95.2, 1.8
_1727_, 149.84, 95.2, 1.8
_1975_, 149.84, 95.2, 1.8
FILLER_31_337, 162.64, 95.2, 1.8
FILLER_31_345, 162.64, 95.2, 1.8
FILLER_31_352, 162.64, 95.2, 1.8
FILLER_32_352, 162.64, 95.2, 1.8
_1807_, 162.64, 95.2, 1.8
_1868_, 162.64, 95.2, 1.8
fanout78, 162.64, 95.2, 1.8
FILLER_29_3, 5.52, 89.76, 1.8
FILLER_30_3, 5.52, 89.76, 1.8
PHY_56, 5.52, 89.76, 1.8
PHY_58, 5.52, 89.76, 1.8
_1881_, 5.52, 89.76, 1.8
PHY_57, 184, 89.76, 1.8
PHY_59, 184, 89.76, 1.8
FILLER_30_24, 13.68, 89.76, 1.8
_1442_, 13.68, 89.76, 1.8
FILLER_30_68, 34.64, 89.76, 1.8
_0987_, 34.64, 89.76, 1.8
_1070_, 34.64, 89.76, 1.8
fanout65, 34.64, 89.76, 1.8
FILLER_28_85, 47.44, 89.76, 1.8
FILLER_29_78, 47.44, 89.76, 1.8
FILLER_29_88, 47.44, 89.76, 1.8
_1038_, 47.44, 89.76, 1.8
_1454_, 47.44, 89.76, 1.8
fanout66, 47.44, 89.76, 1.8
FILLER_29_113, 60.24, 89.76, 1.8
FILLER_29_120, 60.24, 89.76, 1.8
FILLER_30_129, 60.24, 89.76, 1.8
_0972_, 60.24, 89.76, 1.8
_1441_, 60.24, 89.76, 1.8
_1733_, 60.24, 89.76, 1.8
FILLER_28_133, 73.04, 89.76, 1.8
FILLER_29_149, 73.04, 89.76, 1.8
_1445_, 73.04, 89.76, 1.8
_1719_, 73.04, 89.76, 1.8
_1880_, 73.04, 89.76, 1.8
FILLER_28_162, 85.84, 89.76, 1.8
FILLER_28_170, 85.84, 89.76, 1.8
FILLER_30_187, 85.84, 89.76, 1.8
_0995_, 85.84, 89.76, 1.8
_1723_, 85.84, 89.76, 1.8
FILLER_29_194, 98.64, 89.76, 1.8
_1114_, 98.64, 89.76, 1.8
_1714_, 98.64, 89.76, 1.8
_1718_, 98.64, 89.76, 1.8
_1969_, 98.64, 89.76, 1.8
FILLER_28_229, 111.44, 89.76, 1.8
FILLER_29_219, 111.44, 89.76, 1.8
FILLER_30_241, 111.44, 89.76, 1.8
_1021_, 111.44, 89.76, 1.8
_1712_, 111.44, 89.76, 1.8
_1731_, 111.44, 89.76, 1.8
FILLER_28_248, 124.24, 89.76, 1.8
FILLER_28_253, 124.24, 89.76, 1.8
_1976_, 124.24, 89.76, 1.8
FILLER_29_275, 137.04, 89.76, 1.8
_1044_, 137.04, 89.76, 1.8
_1060_, 137.04, 89.76, 1.8
fanout77, 137.04, 89.76, 1.8
FILLER_29_313, 149.84, 89.76, 1.8
FILLER_30_321, 149.84, 89.76, 1.8
_1810_, 149.84, 89.76, 1.8
_1811_, 149.84, 89.76, 1.8
_1867_, 149.84, 89.76, 1.8
_2035_, 149.84, 89.76, 1.8
FILLER_29_330, 162.64, 89.76, 1.8
FILLER_29_341, 162.64, 89.76, 1.8
_1151_, 162.64, 89.76, 1.8
_1866_, 162.64, 89.76, 1.8
FILLER_27_3, 5.52, 84.32, 1.8
PHY_52, 5.52, 84.32, 1.8
PHY_54, 5.52, 84.32, 1.8
_1443_, 5.52, 84.32, 1.8
_1879_, 5.52, 84.32, 1.8
FILLER_26_380, 184, 84.32, 1.8
PHY_53, 184, 84.32, 1.8
PHY_55, 184, 84.32, 1.8
input18, 184, 84.32, 1.8
FILLER_27_23, 13.68, 84.32, 1.8
FILLER_28_19, 13.68, 84.32, 1.8
FILLER_28_74, 34.64, 84.32, 1.8
_1275_, 34.64, 84.32, 1.8
_1721_, 34.64, 84.32, 1.8
_1972_, 34.64, 84.32, 1.8
_1715_, 47.44, 84.32, 1.8
_1734_, 47.44, 84.32, 1.8
_1978_, 47.44, 84.32, 1.8
fanout67, 47.44, 84.32, 1.8
FILLER_26_112, 60.24, 84.32, 1.8
FILLER_27_109, 60.24, 84.32, 1.8
FILLER_27_129, 60.24, 84.32, 1.8
_1702_, 60.24, 84.32, 1.8
_1720_, 60.24, 84.32, 1.8
_1963_, 60.24, 84.32, 1.8
FILLER_26_141, 73.04, 84.32, 1.8
_1971_, 73.04, 84.32, 1.8
FILLER_27_185, 85.84, 84.32, 1.8
FILLER_28_182, 85.84, 84.32, 1.8
_1700_, 85.84, 84.32, 1.8
_1705_, 85.84, 84.32, 1.8
_1973_, 85.84, 84.32, 1.8
FILLER_26_190, 98.64, 84.32, 1.8
_1713_, 98.64, 84.32, 1.8
_1732_, 98.64, 84.32, 1.8
_1977_, 98.64, 84.32, 1.8
FILLER_27_219, 111.44, 84.32, 1.8
FILLER_27_225, 111.44, 84.32, 1.8
FILLER_27_233, 111.44, 84.32, 1.8
_1711_, 111.44, 84.32, 1.8
_1968_, 111.44, 84.32, 1.8
FILLER_26_253, 124.24, 84.32, 1.8
FILLER_27_269, 124.24, 84.32, 1.8
FILLER_28_262, 124.24, 84.32, 1.8
_1730_, 124.24, 84.32, 1.8
_1869_, 124.24, 84.32, 1.8
_1967_, 124.24, 84.32, 1.8
fanout76, 124.24, 84.32, 1.8
FILLER_27_276, 137.04, 84.32, 1.8
_1674_, 137.04, 84.32, 1.8
_1709_, 137.04, 84.32, 1.8
_1710_, 137.04, 84.32, 1.8
_1951_, 137.04, 84.32, 1.8
FILLER_27_301, 149.84, 84.32, 1.8
_1148_, 149.84, 84.32, 1.8
_1149_, 149.84, 84.32, 1.8
FILLER_27_346, 162.64, 84.32, 1.8
FILLER_28_349, 162.64, 84.32, 1.8
FILLER_28_355, 162.64, 84.32, 1.8
_1146_, 162.64, 84.32, 1.8
_1147_, 162.64, 84.32, 1.8
_1150_, 162.64, 84.32, 1.8
_2032_, 162.64, 84.32, 1.8
FILLER_25_7, 5.52, 78.88, 1.8
PHY_48, 5.52, 78.88, 1.8
PHY_50, 5.52, 78.88, 1.8
output48, 5.52, 78.88, 1.8
PHY_49, 184, 78.88, 1.8
PHY_51, 184, 78.88, 1.8
FILLER_24_15, 13.68, 78.88, 1.8
_1966_, 13.68, 78.88, 1.8
FILLER_25_51, 34.64, 78.88, 1.8
FILLER_25_72, 34.64, 78.88, 1.8
_1716_, 34.64, 78.88, 1.8
_1722_, 34.64, 78.88, 1.8
_1970_, 34.64, 78.88, 1.8
FILLER_24_81, 47.44, 78.88, 1.8
FILLER_25_103, 47.44, 78.88, 1.8
FILLER_25_79, 47.44, 78.88, 1.8
_1679_, 47.44, 78.88, 1.8
_1680_, 47.44, 78.88, 1.8
_1954_, 47.44, 78.88, 1.8
FILLER_25_113, 60.24, 78.88, 1.8
_1666_, 60.24, 78.88, 1.8
_1701_, 60.24, 78.88, 1.8
_1947_, 60.24, 78.88, 1.8
FILLER_24_137, 73.04, 78.88, 1.8
FILLER_25_157, 73.04, 78.88, 1.8
_1706_, 73.04, 78.88, 1.8
_1965_, 73.04, 78.88, 1.8
FILLER_25_165, 85.84, 78.88, 1.8
FILLER_25_169, 85.84, 78.88, 1.8
FILLER_25_183, 85.84, 78.88, 1.8
_1664_, 85.84, 78.88, 1.8
_1669_, 85.84, 78.88, 1.8
_1724_, 85.84, 78.88, 1.8
_1953_, 85.84, 78.88, 1.8
FILLER_25_204, 98.64, 78.88, 1.8
_1677_, 98.64, 78.88, 1.8
_1678_, 98.64, 78.88, 1.8
_1944_, 98.64, 78.88, 1.8
FILLER_25_225, 111.44, 78.88, 1.8
FILLER_26_233, 111.44, 78.88, 1.8
_1675_, 111.44, 78.88, 1.8
_1676_, 111.44, 78.88, 1.8
_1943_, 111.44, 78.88, 1.8
_1952_, 111.44, 78.88, 1.8
FILLER_24_246, 124.24, 78.88, 1.8
_2024_, 124.24, 78.88, 1.8
fanout52, 124.24, 78.88, 1.8
fanout75, 124.24, 78.88, 1.8
FILLER_25_277, 137.04, 78.88, 1.8
FILLER_25_293, 137.04, 78.88, 1.8
FILLER_26_298, 137.04, 78.88, 1.8
_1152_, 137.04, 78.88, 1.8
_1153_, 137.04, 78.88, 1.8
_1673_, 137.04, 78.88, 1.8
FILLER_24_303, 149.84, 78.88, 1.8
_1800_, 149.84, 78.88, 1.8
_1801_, 149.84, 78.88, 1.8
_1809_, 149.84, 78.88, 1.8
_2031_, 149.84, 78.88, 1.8
_1798_, 162.64, 78.88, 1.8
_1802_, 162.64, 78.88, 1.8
_1803_, 162.64, 78.88, 1.8
_1812_, 162.64, 78.88, 1.8
_2030_, 162.64, 78.88, 1.8
PHY_44, 5.52, 73.44, 1.8
PHY_46, 5.52, 73.44, 1.8
PHY_45, 184, 73.44, 1.8
PHY_47, 184, 73.44, 1.8
output21, 184, 73.44, 1.8
FILLER_24_22, 13.68, 73.44, 1.8
_1708_, 13.68, 73.44, 1.8
FILLER_22_59, 34.64, 73.44, 1.8
FILLER_23_66, 34.64, 73.44, 1.8
FILLER_24_73, 34.64, 73.44, 1.8
_1667_, 34.64, 73.44, 1.8
_1835_, 34.64, 73.44, 1.8
FILLER_22_85, 47.44, 73.44, 1.8
_1841_, 47.44, 73.44, 1.8
FILLER_23_109, 60.24, 73.44, 1.8
_1199_, 60.24, 73.44, 1.8
_1279_, 60.24, 73.44, 1.8
_1665_, 60.24, 73.44, 1.8
FILLER_22_146, 73.04, 73.44, 1.8
FILLER_24_153, 73.04, 73.44, 1.8
_0930_, 73.04, 73.44, 1.8
_0951_, 73.04, 73.44, 1.8
_1826_, 73.04, 73.44, 1.8
_1949_, 73.04, 73.44, 1.8
FILLER_23_172, 85.84, 73.44, 1.8
FILLER_24_184, 85.84, 73.44, 1.8
_1670_, 85.84, 73.44, 1.8
_1836_, 85.84, 73.44, 1.8
FILLER_22_190, 98.64, 73.44, 1.8
_1134_, 98.64, 73.44, 1.8
_1135_, 98.64, 73.44, 1.8
_1137_, 98.64, 73.44, 1.8
_1945_, 98.64, 73.44, 1.8
FILLER_22_219, 111.44, 73.44, 1.8
FILLER_22_227, 111.44, 73.44, 1.8
FILLER_23_225, 111.44, 73.44, 1.8
_1132_, 111.44, 73.44, 1.8
_1133_, 111.44, 73.44, 1.8
FILLER_22_257, 124.24, 73.44, 1.8
FILLER_23_258, 124.24, 73.44, 1.8
FILLER_24_271, 124.24, 73.44, 1.8
_1787_, 124.24, 73.44, 1.8
fanout74, 124.24, 73.44, 1.8
_1145_, 137.04, 73.44, 1.8
_1804_, 137.04, 73.44, 1.8
_1815_, 137.04, 73.44, 1.8
_2033_, 137.04, 73.44, 1.8
FILLER_23_327, 149.84, 73.44, 1.8
_1179_, 149.84, 73.44, 1.8
_2014_, 149.84, 73.44, 1.8
_1176_, 162.64, 73.44, 1.8
_1181_, 162.64, 73.44, 1.8
_2015_, 162.64, 73.44, 1.8
PHY_40, 5.52, 68, 1.8
PHY_42, 5.52, 68, 1.8
FILLER_21_381, 184, 68, 1.8
PHY_41, 184, 68, 1.8
PHY_43, 184, 68, 1.8
FILLER_21_15, 13.68, 68, 1.8
_1950_, 13.68, 68, 1.8
FILLER_21_50, 34.64, 68, 1.8
FILLER_21_57, 34.64, 68, 1.8
FILLER_21_75, 34.64, 68, 1.8
FILLER_22_77, 34.64, 68, 1.8
_1827_, 34.64, 68, 1.8
_1829_, 34.64, 68, 1.8
_1830_, 34.64, 68, 1.8
FILLER_20_80, 47.44, 68, 1.8
FILLER_21_82, 47.44, 68, 1.8
FILLER_21_92, 47.44, 68, 1.8
FILLER_22_105, 47.44, 68, 1.8
_0929_, 47.44, 68, 1.8
_1200_, 47.44, 68, 1.8
_1201_, 47.44, 68, 1.8
_1202_, 47.44, 68, 1.8
_1204_, 47.44, 68, 1.8
_1299_, 47.44, 68, 1.8
_0952_, 60.24, 68, 1.8
_1203_, 60.24, 68, 1.8
_1267_, 60.24, 68, 1.8
_1280_, 60.24, 68, 1.8
_0953_, 73.04, 68, 1.8
_1268_, 73.04, 68, 1.8
_1270_, 73.04, 68, 1.8
_1839_, 73.04, 68, 1.8
FILLER_21_163, 85.84, 68, 1.8
FILLER_22_180, 85.84, 68, 1.8
_1793_, 85.84, 68, 1.8
_1946_, 85.84, 68, 1.8
_2027_, 85.84, 68, 1.8
FILLER_20_190, 98.64, 68, 1.8
FILLER_21_199, 98.64, 68, 1.8
FILLER_22_206, 98.64, 68, 1.8
_1792_, 98.64, 68, 1.8
_1794_, 98.64, 68, 1.8
_2028_, 98.64, 68, 1.8
FILLER_20_222, 111.44, 68, 1.8
FILLER_21_243, 111.44, 68, 1.8
_1790_, 111.44, 68, 1.8
_1791_, 111.44, 68, 1.8
_2026_, 111.44, 68, 1.8
FILLER_21_270, 124.24, 68, 1.8
_1775_, 124.24, 68, 1.8
_1776_, 124.24, 68, 1.8
_1838_, 124.24, 68, 1.8
_2009_, 124.24, 68, 1.8
fanout53, 124.24, 68, 1.8
FILLER_20_277, 137.04, 68, 1.8
FILLER_20_284, 137.04, 68, 1.8
FILLER_21_284, 137.04, 68, 1.8
_1183_, 137.04, 68, 1.8
_1805_, 137.04, 68, 1.8
_1996_, 137.04, 68, 1.8
FILLER_20_305, 149.84, 68, 1.8
FILLER_20_309, 149.84, 68, 1.8
_1159_, 149.84, 68, 1.8
_1162_, 149.84, 68, 1.8
_1178_, 149.84, 68, 1.8
_1180_, 149.84, 68, 1.8
_1997_, 149.84, 68, 1.8
FILLER_21_337, 162.64, 68, 1.8
FILLER_21_345, 162.64, 68, 1.8
FILLER_22_343, 162.64, 68, 1.8
_1177_, 162.64, 68, 1.8
_1806_, 162.64, 68, 1.8
_2013_, 162.64, 68, 1.8
PHY_36, 5.52, 62.56, 1.8
PHY_38, 5.52, 62.56, 1.8
output26, 5.52, 62.56, 1.8
FILLER_19_380, 184, 62.56, 1.8
PHY_37, 184, 62.56, 1.8
PHY_39, 184, 62.56, 1.8
FILLER_18_54, 34.64, 62.56, 1.8
FILLER_18_62, 34.64, 62.56, 1.8
FILLER_19_50, 34.64, 62.56, 1.8
FILLER_20_65, 34.64, 62.56, 1.8
FILLER_20_73, 34.64, 62.56, 1.8
_1210_, 34.64, 62.56, 1.8
_1301_, 34.64, 62.56, 1.8
fanout51, 34.64, 62.56, 1.8
fanout54, 34.64, 62.56, 1.8
FILLER_19_86, 47.44, 62.56, 1.8
FILLER_20_103, 47.44, 62.56, 1.8
_1205_, 47.44, 62.56, 1.8
_1206_, 47.44, 62.56, 1.8
_1207_, 47.44, 62.56, 1.8
_1288_, 47.44, 62.56, 1.8
_1300_, 47.44, 62.56, 1.8
FILLER_18_117, 60.24, 62.56, 1.8
FILLER_19_107, 60.24, 62.56, 1.8
FILLER_19_125, 60.24, 62.56, 1.8
FILLER_20_131, 60.24, 62.56, 1.8
_1274_, 60.24, 62.56, 1.8
_1281_, 60.24, 62.56, 1.8
_1282_, 60.24, 62.56, 1.8
FILLER_18_141, 73.04, 62.56, 1.8
FILLER_19_145, 73.04, 62.56, 1.8
_1272_, 73.04, 62.56, 1.8
_1273_, 73.04, 62.56, 1.8
_1294_, 73.04, 62.56, 1.8
_1828_, 73.04, 62.56, 1.8
FILLER_19_164, 85.84, 62.56, 1.8
_1139_, 85.84, 62.56, 1.8
_1248_, 85.84, 62.56, 1.8
_1762_, 85.84, 62.56, 1.8
FILLER_18_197, 98.64, 62.56, 1.8
FILLER_19_216, 98.64, 62.56, 1.8
_1136_, 98.64, 62.56, 1.8
_1311_, 98.64, 62.56, 1.8
_1795_, 98.64, 62.56, 1.8
_1980_, 111.44, 62.56, 1.8
FILLER_19_261, 124.24, 62.56, 1.8
FILLER_20_262, 124.24, 62.56, 1.8
_1163_, 124.24, 62.56, 1.8
_1164_, 124.24, 62.56, 1.8
_1979_, 124.24, 62.56, 1.8
_1998_, 124.24, 62.56, 1.8
FILLER_19_293, 137.04, 62.56, 1.8
_1158_, 137.04, 62.56, 1.8
_1182_, 137.04, 62.56, 1.8
_2016_, 137.04, 62.56, 1.8
ANTENNA_1, 149.84, 62.56, 1.8
FILLER_20_317, 149.84, 62.56, 1.8
_1161_, 149.84, 62.56, 1.8
_1763_, 149.84, 62.56, 1.8
_1764_, 149.84, 62.56, 1.8
_2003_, 149.84, 62.56, 1.8
FILLER_18_331, 162.64, 62.56, 1.8
FILLER_18_338, 162.64, 62.56, 1.8
FILLER_19_330, 162.64, 62.56, 1.8
FILLER_19_337, 162.64, 62.56, 1.8
_1157_, 162.64, 62.56, 1.8
_1557_, 162.64, 62.56, 1.8
_1995_, 162.64, 62.56, 1.8
fanout61, 162.64, 62.56, 1.8
PHY_32, 5.52, 57.12, 1.8
PHY_34, 5.52, 57.12, 1.8
PHY_33, 184, 57.12, 1.8
PHY_35, 184, 57.12, 1.8
input11, 184, 57.12, 1.8
FILLER_17_57, 34.64, 57.12, 1.8
FILLER_18_77, 34.64, 57.12, 1.8
_1211_, 34.64, 57.12, 1.8
_1212_, 34.64, 57.12, 1.8
_1302_, 34.64, 57.12, 1.8
_1304_, 34.64, 57.12, 1.8
_1305_, 34.64, 57.12, 1.8
FILLER_16_85, 47.44, 57.12, 1.8
FILLER_17_82, 47.44, 57.12, 1.8
FILLER_17_95, 47.44, 57.12, 1.8
_0931_, 47.44, 57.12, 1.8
_1208_, 47.44, 57.12, 1.8
_1209_, 47.44, 57.12, 1.8
_1214_, 47.44, 57.12, 1.8
_1215_, 47.44, 57.12, 1.8
FILLER_16_106, 60.24, 57.12, 1.8
FILLER_17_106, 60.24, 57.12, 1.8
FILLER_17_127, 60.24, 57.12, 1.8
_0932_, 60.24, 57.12, 1.8
_1278_, 60.24, 57.12, 1.8
_1283_, 60.24, 57.12, 1.8
_2041_, 60.24, 57.12, 1.8
_2042_, 60.24, 57.12, 1.8
FILLER_16_134, 73.04, 57.12, 1.8
FILLER_17_145, 73.04, 57.12, 1.8
FILLER_17_158, 73.04, 57.12, 1.8
FILLER_18_156, 73.04, 57.12, 1.8
_1254_, 73.04, 57.12, 1.8
_1255_, 73.04, 57.12, 1.8
_1271_, 73.04, 57.12, 1.8
_1309_, 73.04, 57.12, 1.8
_1310_, 73.04, 57.12, 1.8
FILLER_16_166, 85.84, 57.12, 1.8
FILLER_17_169, 85.84, 57.12, 1.8
FILLER_18_176, 85.84, 57.12, 1.8
_1138_, 85.84, 57.12, 1.8
_1246_, 85.84, 57.12, 1.8
_1247_, 85.84, 57.12, 1.8
_1284_, 85.84, 57.12, 1.8
_1335_, 85.84, 57.12, 1.8
FILLER_17_196, 98.64, 57.12, 1.8
FILLER_18_209, 98.64, 57.12, 1.8
_1249_, 98.64, 57.12, 1.8
_1256_, 98.64, 57.12, 1.8
_1322_, 98.64, 57.12, 1.8
_1346_, 98.64, 57.12, 1.8
FILLER_16_218, 111.44, 57.12, 1.8
FILLER_17_220, 111.44, 57.12, 1.8
FILLER_17_240, 111.44, 57.12, 1.8
FILLER_18_239, 111.44, 57.12, 1.8
_1129_, 111.44, 57.12, 1.8
_1130_, 111.44, 57.12, 1.8
_1739_, 111.44, 57.12, 1.8
_1740_, 111.44, 57.12, 1.8
_1788_, 111.44, 57.12, 1.8
_1736_, 124.24, 57.12, 1.8
_1738_, 124.24, 57.12, 1.8
fanout72, 137.04, 57.12, 1.8
FILLER_16_302, 149.84, 57.12, 1.8
FILLER_18_318, 149.84, 57.12, 1.8
_1561_, 149.84, 57.12, 1.8
_1588_, 149.84, 57.12, 1.8
_1589_, 149.84, 57.12, 1.8
FILLER_16_329, 162.64, 57.12, 1.8
FILLER_17_341, 162.64, 57.12, 1.8
FILLER_18_355, 162.64, 57.12, 1.8
_1156_, 162.64, 57.12, 1.8
_1160_, 162.64, 57.12, 1.8
_1542_, 162.64, 57.12, 1.8
_1543_, 162.64, 57.12, 1.8
_1558_, 162.64, 57.12, 1.8
PHY_28, 5.52, 51.68, 1.8
PHY_30, 5.52, 51.68, 1.8
FILLER_14_381, 184, 51.68, 1.8
PHY_29, 184, 51.68, 1.8
PHY_31, 184, 51.68, 1.8
FILLER_15_57, 34.64, 51.68, 1.8
_1306_, 34.64, 51.68, 1.8
_1307_, 34.64, 51.68, 1.8
_1328_, 34.64, 51.68, 1.8
_1331_, 34.64, 51.68, 1.8
_1339_, 34.64, 51.68, 1.8
_1341_, 34.64, 51.68, 1.8
FILLER_14_79, 47.44, 51.68, 1.8
FILLER_15_94, 47.44, 51.68, 1.8
_1213_, 47.44, 51.68, 1.8
_1347_, 47.44, 51.68, 1.8
FILLER_14_107, 60.24, 51.68, 1.8
_1295_, 60.24, 51.68, 1.8
FILLER_14_144, 73.04, 51.68, 1.8
FILLER_15_142, 73.04, 51.68, 1.8
FILLER_15_154, 73.04, 51.68, 1.8
_0909_, 73.04, 51.68, 1.8
_0954_, 73.04, 51.68, 1.8
_1250_, 73.04, 51.68, 1.8
_1252_, 73.04, 51.68, 1.8
_1253_, 73.04, 51.68, 1.8
FILLER_15_162, 85.84, 51.68, 1.8
FILLER_16_179, 85.84, 51.68, 1.8
_1796_, 85.84, 51.68, 1.8
_1797_, 85.84, 51.68, 1.8
_2029_, 85.84, 51.68, 1.8
FILLER_15_209, 98.64, 51.68, 1.8
_1323_, 98.64, 51.68, 1.8
_1334_, 98.64, 51.68, 1.8
_2023_, 98.64, 51.68, 1.8
FILLER_15_217, 111.44, 51.68, 1.8
FILLER_16_234, 111.44, 51.68, 1.8
FILLER_16_244, 111.44, 51.68, 1.8
_0945_, 111.44, 51.68, 1.8
_1735_, 111.44, 51.68, 1.8
_1737_, 111.44, 51.68, 1.8
fanout55, 111.44, 51.68, 1.8
FILLER_16_265, 124.24, 51.68, 1.8
_1661_, 124.24, 51.68, 1.8
_1662_, 124.24, 51.68, 1.8
_1780_, 124.24, 51.68, 1.8
_1942_, 124.24, 51.68, 1.8
_1985_, 124.24, 51.68, 1.8
FILLER_14_273, 137.04, 51.68, 1.8
FILLER_15_281, 137.04, 51.68, 1.8
FILLER_16_289, 137.04, 51.68, 1.8
_1536_, 137.04, 51.68, 1.8
_1569_, 137.04, 51.68, 1.8
_1570_, 137.04, 51.68, 1.8
_1571_, 137.04, 51.68, 1.8
_1591_, 137.04, 51.68, 1.8
_1592_, 137.04, 51.68, 1.8
FILLER_14_303, 149.84, 51.68, 1.8
FILLER_14_309, 149.84, 51.68, 1.8
FILLER_15_323, 149.84, 51.68, 1.8
FILLER_16_321, 149.84, 51.68, 1.8
_1556_, 149.84, 51.68, 1.8
_1560_, 149.84, 51.68, 1.8
_1572_, 149.84, 51.68, 1.8
_1574_, 149.84, 51.68, 1.8
FILLER_14_336, 162.64, 51.68, 1.8
_1545_, 162.64, 51.68, 1.8
_1559_, 162.64, 51.68, 1.8
_1562_, 162.64, 51.68, 1.8
_1568_, 162.64, 51.68, 1.8
_1590_, 162.64, 51.68, 1.8
PHY_24, 5.52, 46.24, 1.8
PHY_26, 5.52, 46.24, 1.8
output41, 5.52, 46.24, 1.8
PHY_25, 184, 46.24, 1.8
PHY_27, 184, 46.24, 1.8
FILLER_14_21, 13.68, 46.24, 1.8
FILLER_13_74, 34.64, 46.24, 1.8
_1219_, 34.64, 46.24, 1.8
_1330_, 34.64, 46.24, 1.8
_1333_, 34.64, 46.24, 1.8
FILLER_12_78, 47.44, 46.24, 1.8
FILLER_13_98, 47.44, 46.24, 1.8
_1216_, 47.44, 46.24, 1.8
_1220_, 47.44, 46.24, 1.8
_1289_, 47.44, 46.24, 1.8
_1290_, 47.44, 46.24, 1.8
_1332_, 47.44, 46.24, 1.8
FILLER_13_109, 60.24, 46.24, 1.8
FILLER_13_119, 60.24, 46.24, 1.8
FILLER_14_127, 60.24, 46.24, 1.8
_1292_, 60.24, 46.24, 1.8
_1293_, 60.24, 46.24, 1.8
_1308_, 60.24, 46.24, 1.8
_1345_, 60.24, 46.24, 1.8
FILLER_12_134, 73.04, 46.24, 1.8
FILLER_12_141, 73.04, 46.24, 1.8
FILLER_13_143, 73.04, 46.24, 1.8
_0910_, 73.04, 46.24, 1.8
_0911_, 73.04, 46.24, 1.8
_2040_, 73.04, 46.24, 1.8
FILLER_13_173, 85.84, 46.24, 1.8
FILLER_14_188, 85.84, 46.24, 1.8
_0928_, 85.84, 46.24, 1.8
_1131_, 85.84, 46.24, 1.8
_1984_, 85.84, 46.24, 1.8
fanout50, 85.84, 46.24, 1.8
fanout63, 85.84, 46.24, 1.8
fanout64, 85.84, 46.24, 1.8
FILLER_12_192, 98.64, 46.24, 1.8
FILLER_13_211, 98.64, 46.24, 1.8
_1660_, 98.64, 46.24, 1.8
_1786_, 98.64, 46.24, 1.8
FILLER_12_217, 111.44, 46.24, 1.8
FILLER_13_225, 111.44, 46.24, 1.8
_0946_, 111.44, 46.24, 1.8
_0950_, 111.44, 46.24, 1.8
_1128_, 111.44, 46.24, 1.8
_1142_, 111.44, 46.24, 1.8
_1144_, 111.44, 46.24, 1.8
fanout58, 111.44, 46.24, 1.8
fanout60, 111.44, 46.24, 1.8
_1741_, 124.24, 46.24, 1.8
_1742_, 124.24, 46.24, 1.8
FILLER_12_277, 137.04, 46.24, 1.8
FILLER_13_273, 137.04, 46.24, 1.8
FILLER_14_292, 137.04, 46.24, 1.8
_1529_, 137.04, 46.24, 1.8
_1573_, 137.04, 46.24, 1.8
FILLER_12_309, 149.84, 46.24, 1.8
FILLER_13_305, 149.84, 46.24, 1.8
FILLER_13_325, 149.84, 46.24, 1.8
_1540_, 149.84, 46.24, 1.8
_1551_, 149.84, 46.24, 1.8
_1575_, 149.84, 46.24, 1.8
fanout57, 149.84, 46.24, 1.8
FILLER_13_333, 162.64, 46.24, 1.8
FILLER_13_345, 162.64, 46.24, 1.8
_1537_, 162.64, 46.24, 1.8
_1538_, 162.64, 46.24, 1.8
_1544_, 162.64, 46.24, 1.8
_1563_, 162.64, 46.24, 1.8
PHY_20, 5.52, 40.8, 1.8
PHY_22, 5.52, 40.8, 1.8
PHY_21, 184, 40.8, 1.8
PHY_23, 184, 40.8, 1.8
input1, 184, 40.8, 1.8
FILLER_11_51, 34.64, 40.8, 1.8
FILLER_11_57, 34.64, 40.8, 1.8
_1226_, 34.64, 40.8, 1.8
_1228_, 34.64, 40.8, 1.8
_1316_, 34.64, 40.8, 1.8
_1329_, 34.64, 40.8, 1.8
FILLER_10_85, 47.44, 40.8, 1.8
FILLER_11_102, 47.44, 40.8, 1.8
FILLER_12_104, 47.44, 40.8, 1.8
FILLER_12_97, 47.44, 40.8, 1.8
_1291_, 47.44, 40.8, 1.8
_1315_, 47.44, 40.8, 1.8
_2043_, 47.44, 40.8, 1.8
FILLER_10_112, 60.24, 40.8, 1.8
FILLER_11_113, 60.24, 40.8, 1.8
FILLER_11_130, 60.24, 40.8, 1.8
_0908_, 60.24, 40.8, 1.8
_1320_, 60.24, 40.8, 1.8
_1321_, 60.24, 40.8, 1.8
_1344_, 60.24, 40.8, 1.8
FILLER_12_150, 73.04, 40.8, 1.8
_0890_, 73.04, 40.8, 1.8
_0892_, 73.04, 40.8, 1.8
_1251_, 73.04, 40.8, 1.8
_1269_, 73.04, 40.8, 1.8
_1782_, 73.04, 40.8, 1.8
_2021_, 73.04, 40.8, 1.8
FILLER_10_167, 85.84, 40.8, 1.8
FILLER_11_162, 85.84, 40.8, 1.8
FILLER_11_169, 85.84, 40.8, 1.8
_0933_, 85.84, 40.8, 1.8
_1981_, 85.84, 40.8, 1.8
FILLER_11_212, 98.64, 40.8, 1.8
FILLER_12_209, 98.64, 40.8, 1.8
_1983_, 98.64, 40.8, 1.8
FILLER_10_226, 111.44, 40.8, 1.8
FILLER_11_220, 111.44, 40.8, 1.8
FILLER_11_239, 111.44, 40.8, 1.8
_0938_, 111.44, 40.8, 1.8
_0948_, 111.44, 40.8, 1.8
_1141_, 111.44, 40.8, 1.8
_1143_, 111.44, 40.8, 1.8
FILLER_10_249, 124.24, 40.8, 1.8
_0939_, 124.24, 40.8, 1.8
_1986_, 124.24, 40.8, 1.8
fanout59, 124.24, 40.8, 1.8
FILLER_10_278, 137.04, 40.8, 1.8
FILLER_11_272, 137.04, 40.8, 1.8
FILLER_12_299, 137.04, 40.8, 1.8
_1584_, 137.04, 40.8, 1.8
_1587_, 137.04, 40.8, 1.8
_1593_, 137.04, 40.8, 1.8
_1594_, 137.04, 40.8, 1.8
_1608_, 137.04, 40.8, 1.8
_1609_, 137.04, 40.8, 1.8
_1530_, 149.84, 40.8, 1.8
_1541_, 149.84, 40.8, 1.8
_1596_, 149.84, 40.8, 1.8
_1597_, 149.84, 40.8, 1.8
FILLER_11_346, 162.64, 40.8, 1.8
FILLER_11_354, 162.64, 40.8, 1.8
_1553_, 162.64, 40.8, 1.8
_1554_, 162.64, 40.8, 1.8
_1567_, 162.64, 40.8, 1.8
_1582_, 162.64, 40.8, 1.8
PHY_16, 5.52, 35.36, 1.8
PHY_18, 5.52, 35.36, 1.8
FILLER_9_380, 184, 35.36, 1.8
PHY_17, 184, 35.36, 1.8
PHY_19, 184, 35.36, 1.8
FILLER_9_57, 34.64, 35.36, 1.8
_1227_, 34.64, 35.36, 1.8
_1303_, 34.64, 35.36, 1.8
_1317_, 34.64, 35.36, 1.8
_1318_, 34.64, 35.36, 1.8
_1327_, 34.64, 35.36, 1.8
FILLER_10_103, 47.44, 35.36, 1.8
FILLER_8_85, 47.44, 35.36, 1.8
FILLER_9_103, 47.44, 35.36, 1.8
FILLER_9_87, 47.44, 35.36, 1.8
_0897_, 47.44, 35.36, 1.8
_0905_, 47.44, 35.36, 1.8
_2047_, 47.44, 35.36, 1.8
FILLER_10_130, 60.24, 35.36, 1.8
FILLER_9_113, 60.24, 35.36, 1.8
FILLER_9_119, 60.24, 35.36, 1.8
_0893_, 60.24, 35.36, 1.8
_0894_, 60.24, 35.36, 1.8
_0895_, 60.24, 35.36, 1.8
_0906_, 60.24, 35.36, 1.8
_0907_, 60.24, 35.36, 1.8
_1319_, 60.24, 35.36, 1.8
FILLER_8_135, 73.04, 35.36, 1.8
FILLER_9_138, 73.04, 35.36, 1.8
_0889_, 73.04, 35.36, 1.8
_1783_, 73.04, 35.36, 1.8
_1784_, 73.04, 35.36, 1.8
_1785_, 73.04, 35.36, 1.8
FILLER_10_183, 85.84, 35.36, 1.8
FILLER_9_163, 85.84, 35.36, 1.8
_0926_, 85.84, 35.36, 1.8
_0927_, 85.84, 35.36, 1.8
_1982_, 85.84, 35.36, 1.8
FILLER_9_197, 98.64, 35.36, 1.8
FILLER_9_207, 98.64, 35.36, 1.8
_0924_, 98.64, 35.36, 1.8
_0936_, 98.64, 35.36, 1.8
_0937_, 98.64, 35.36, 1.8
_0944_, 98.64, 35.36, 1.8
FILLER_9_233, 111.44, 35.36, 1.8
_0925_, 111.44, 35.36, 1.8
_0947_, 111.44, 35.36, 1.8
_0949_, 111.44, 35.36, 1.8
_1165_, 111.44, 35.36, 1.8
_1166_, 111.44, 35.36, 1.8
_1999_, 111.44, 35.36, 1.8
FILLER_8_246, 124.24, 35.36, 1.8
FILLER_9_256, 124.24, 35.36, 1.8
_1743_, 124.24, 35.36, 1.8
_1922_, 124.24, 35.36, 1.8
FILLER_10_299, 137.04, 35.36, 1.8
FILLER_9_275, 137.04, 35.36, 1.8
FILLER_9_299, 137.04, 35.36, 1.8
_1585_, 137.04, 35.36, 1.8
_1586_, 137.04, 35.36, 1.8
_1595_, 137.04, 35.36, 1.8
_1531_, 149.84, 35.36, 1.8
_1552_, 149.84, 35.36, 1.8
_1566_, 149.84, 35.36, 1.8
_1576_, 149.84, 35.36, 1.8
_1577_, 149.84, 35.36, 1.8
_1581_, 149.84, 35.36, 1.8
_1583_, 149.84, 35.36, 1.8
FILLER_10_345, 162.64, 35.36, 1.8
FILLER_9_344, 162.64, 35.36, 1.8
_1539_, 162.64, 35.36, 1.8
_1549_, 162.64, 35.36, 1.8
_1550_, 162.64, 35.36, 1.8
_1555_, 162.64, 35.36, 1.8
_1564_, 162.64, 35.36, 1.8
PHY_12, 5.52, 29.92, 1.8
PHY_14, 5.52, 29.92, 1.8
_1939_, 5.52, 29.92, 1.8
PHY_13, 184, 29.92, 1.8
PHY_15, 184, 29.92, 1.8
FILLER_7_60, 34.64, 29.92, 1.8
FILLER_8_76, 34.64, 29.92, 1.8
_1217_, 34.64, 29.92, 1.8
_1218_, 34.64, 29.92, 1.8
_1222_, 34.64, 29.92, 1.8
_1238_, 34.64, 29.92, 1.8
FILLER_6_90, 47.44, 29.92, 1.8
FILLER_7_102, 47.44, 29.92, 1.8
FILLER_7_86, 47.44, 29.92, 1.8
FILLER_8_102, 47.44, 29.92, 1.8
FILLER_8_93, 47.44, 29.92, 1.8
_0896_, 47.44, 29.92, 1.8
_0904_, 47.44, 29.92, 1.8
_1221_, 47.44, 29.92, 1.8
_1223_, 47.44, 29.92, 1.8
_1230_, 47.44, 29.92, 1.8
FILLER_7_123, 60.24, 29.92, 1.8
_0891_, 60.24, 29.92, 1.8
_0902_, 60.24, 29.92, 1.8
_2022_, 60.24, 29.92, 1.8
_2045_, 60.24, 29.92, 1.8
FILLER_6_137, 73.04, 29.92, 1.8
FILLER_6_141, 73.04, 29.92, 1.8
FILLER_7_147, 73.04, 29.92, 1.8
FILLER_7_159, 73.04, 29.92, 1.8
_1198_, 73.04, 29.92, 1.8
FILLER_6_163, 85.84, 29.92, 1.8
FILLER_7_169, 85.84, 29.92, 1.8
FILLER_8_179, 85.84, 29.92, 1.8
_0912_, 85.84, 29.92, 1.8
_0913_, 85.84, 29.92, 1.8
_0917_, 85.84, 29.92, 1.8
_0918_, 85.84, 29.92, 1.8
_0934_, 85.84, 29.92, 1.8
FILLER_7_215, 98.64, 29.92, 1.8
_0915_, 98.64, 29.92, 1.8
_0935_, 98.64, 29.92, 1.8
_0940_, 98.64, 29.92, 1.8
_0941_, 98.64, 29.92, 1.8
FILLER_7_236, 111.44, 29.92, 1.8
FILLER_8_232, 111.44, 29.92, 1.8
_0914_, 111.44, 29.92, 1.8
_0942_, 111.44, 29.92, 1.8
_1155_, 111.44, 29.92, 1.8
_1175_, 111.44, 29.92, 1.8
_1187_, 111.44, 29.92, 1.8
_2018_, 111.44, 29.92, 1.8
FILLER_8_265, 124.24, 29.92, 1.8
_1167_, 124.24, 29.92, 1.8
_1185_, 124.24, 29.92, 1.8
_1579_, 124.24, 29.92, 1.8
_1602_, 124.24, 29.92, 1.8
FILLER_6_284, 137.04, 29.92, 1.8
FILLER_7_281, 137.04, 29.92, 1.8
FILLER_8_297, 137.04, 29.92, 1.8
_1604_, 137.04, 29.92, 1.8
_1606_, 137.04, 29.92, 1.8
_1610_, 137.04, 29.92, 1.8
_1617_, 137.04, 29.92, 1.8
FILLER_7_300, 149.84, 29.92, 1.8
FILLER_7_321, 149.84, 29.92, 1.8
FILLER_8_321, 149.84, 29.92, 1.8
_1578_, 149.84, 29.92, 1.8
_1599_, 149.84, 29.92, 1.8
_1601_, 149.84, 29.92, 1.8
_1921_, 149.84, 29.92, 1.8
FILLER_7_332, 162.64, 29.92, 1.8
FILLER_8_345, 162.64, 29.92, 1.8
_1535_, 162.64, 29.92, 1.8
_1600_, 162.64, 29.92, 1.8
_1920_, 162.64, 29.92, 1.8
PHY_10, 5.52, 24.48, 1.8
PHY_8, 5.52, 24.48, 1.8
output24, 5.52, 24.48, 1.8
PHY_11, 184, 24.48, 1.8
PHY_9, 184, 24.48, 1.8
output23, 184, 24.48, 1.8
FILLER_6_19, 13.68, 24.48, 1.8
FILLER_5_51, 34.64, 24.48, 1.8
_1225_, 34.64, 24.48, 1.8
_1229_, 34.64, 24.48, 1.8
_1231_, 34.64, 24.48, 1.8
FILLER_5_103, 47.44, 24.48, 1.8
FILLER_5_85, 47.44, 24.48, 1.8
_0898_, 47.44, 24.48, 1.8
_0899_, 47.44, 24.48, 1.8
_1224_, 47.44, 24.48, 1.8
_1232_, 47.44, 24.48, 1.8
_2046_, 47.44, 24.48, 1.8
FILLER_6_129, 60.24, 24.48, 1.8
_0900_, 60.24, 24.48, 1.8
_0901_, 60.24, 24.48, 1.8
_0903_, 60.24, 24.48, 1.8
_2044_, 60.24, 24.48, 1.8
FILLER_4_133, 73.04, 24.48, 1.8
FILLER_5_139, 73.04, 24.48, 1.8
_1192_, 73.04, 24.48, 1.8
_1193_, 73.04, 24.48, 1.8
_1195_, 73.04, 24.48, 1.8
_1196_, 73.04, 24.48, 1.8
_1197_, 73.04, 24.48, 1.8
FILLER_4_165, 85.84, 24.48, 1.8
FILLER_6_187, 85.84, 24.48, 1.8
_0916_, 85.84, 24.48, 1.8
_0919_, 85.84, 24.48, 1.8
_0920_, 85.84, 24.48, 1.8
_0921_, 85.84, 24.48, 1.8
_1194_, 85.84, 24.48, 1.8
FILLER_5_192, 98.64, 24.48, 1.8
FILLER_5_200, 98.64, 24.48, 1.8
FILLER_5_214, 98.64, 24.48, 1.8
_0922_, 98.64, 24.48, 1.8
_0923_, 98.64, 24.48, 1.8
_0943_, 98.64, 24.48, 1.8
_1140_, 98.64, 24.48, 1.8
FILLER_5_236, 111.44, 24.48, 1.8
_1184_, 111.44, 24.48, 1.8
_1186_, 111.44, 24.48, 1.8
_2017_, 111.44, 24.48, 1.8
FILLER_4_245, 124.24, 24.48, 1.8
FILLER_4_253, 124.24, 24.48, 1.8
FILLER_5_252, 124.24, 24.48, 1.8
FILLER_6_259, 124.24, 24.48, 1.8
_1603_, 124.24, 24.48, 1.8
_1605_, 124.24, 24.48, 1.8
_1619_, 124.24, 24.48, 1.8
FILLER_4_282, 137.04, 24.48, 1.8
FILLER_5_277, 137.04, 24.48, 1.8
FILLER_5_281, 137.04, 24.48, 1.8
_1607_, 137.04, 24.48, 1.8
_1611_, 137.04, 24.48, 1.8
_1630_, 137.04, 24.48, 1.8
FILLER_4_305, 149.84, 24.48, 1.8
FILLER_5_312, 149.84, 24.48, 1.8
FILLER_5_325, 149.84, 24.48, 1.8
_1565_, 149.84, 24.48, 1.8
_1612_, 149.84, 24.48, 1.8
_1623_, 149.84, 24.48, 1.8
FILLER_5_337, 162.64, 24.48, 1.8
_1923_, 162.64, 24.48, 1.8
fanout56, 162.64, 24.48, 1.8
fanout71, 162.64, 24.48, 1.8
PHY_4, 5.52, 19.04, 1.8
PHY_6, 5.52, 19.04, 1.8
PHY_5, 184, 19.04, 1.8
PHY_7, 184, 19.04, 1.8
FILLER_3_51, 34.64, 19.04, 1.8
FILLER_4_77, 34.64, 19.04, 1.8
_1937_, 34.64, 19.04, 1.8
FILLER_3_86, 47.44, 19.04, 1.8
_1938_, 47.44, 19.04, 1.8
FILLER_3_106, 60.24, 19.04, 1.8
FILLER_2_133, 73.04, 19.04, 1.8
FILLER_3_161, 85.84, 19.04, 1.8
FILLER_3_181, 85.84, 19.04, 1.8
FILLER_4_188, 85.84, 19.04, 1.8
_1173_, 85.84, 19.04, 1.8
FILLER_2_193, 98.64, 19.04, 1.8
FILLER_3_195, 98.64, 19.04, 1.8
_1168_, 98.64, 19.04, 1.8
_2000_, 98.64, 19.04, 1.8
FILLER_3_228, 111.44, 19.04, 1.8
_1171_, 111.44, 19.04, 1.8
_1189_, 111.44, 19.04, 1.8
_2019_, 111.44, 19.04, 1.8
FILLER_3_252, 124.24, 19.04, 1.8
FILLER_3_264, 124.24, 19.04, 1.8
_1620_, 124.24, 19.04, 1.8
_1631_, 124.24, 19.04, 1.8
_1632_, 124.24, 19.04, 1.8
FILLER_2_273, 137.04, 19.04, 1.8
FILLER_2_283, 137.04, 19.04, 1.8
_1621_, 137.04, 19.04, 1.8
_1622_, 137.04, 19.04, 1.8
_1629_, 137.04, 19.04, 1.8
_1636_, 137.04, 19.04, 1.8
FILLER_3_305, 149.84, 19.04, 1.8
FILLER_3_326, 149.84, 19.04, 1.8
FILLER_4_321, 149.84, 19.04, 1.8
_1580_, 149.84, 19.04, 1.8
_1598_, 149.84, 19.04, 1.8
_1614_, 149.84, 19.04, 1.8
_1624_, 149.84, 19.04, 1.8
FILLER_4_354, 162.64, 19.04, 1.8
_1616_, 162.64, 19.04, 1.8
_1625_, 162.64, 19.04, 1.8
_1641_, 162.64, 19.04, 1.8
PHY_0, 5.52, 13.6, 1.8
PHY_2, 5.52, 13.6, 1.8
input15, 5.52, 13.6, 1.8
output40, 5.52, 13.6, 1.8
PHY_1, 184, 13.6, 1.8
PHY_3, 184, 13.6, 1.8
output20, 184, 13.6, 1.8
ANTENNA_4, 13.68, 13.6, 1.8
ANTENNA_5, 13.68, 13.6, 1.8
FILLER_0_25, 13.68, 13.6, 1.8
_1940_, 13.68, 13.6, 1.8
output39, 13.68, 13.6, 1.8
FILLER_2_77, 34.64, 13.6, 1.8
input12, 34.64, 13.6, 1.8
FILLER_0_102, 47.44, 13.6, 1.8
FILLER_0_81, 47.44, 13.6, 1.8
FILLER_1_105, 47.44, 13.6, 1.8
input13, 47.44, 13.6, 1.8
FILLER_0_131, 60.24, 13.6, 1.8
output43, 60.24, 13.6, 1.8
FILLER_0_141, 73.04, 13.6, 1.8
FILLER_2_153, 73.04, 13.6, 1.8
_2010_, 73.04, 13.6, 1.8
output34, 73.04, 13.6, 1.8
FILLER_0_181, 85.84, 13.6, 1.8
FILLER_0_188, 85.84, 13.6, 1.8
FILLER_1_161, 85.84, 13.6, 1.8
FILLER_2_175, 85.84, 13.6, 1.8
_1174_, 85.84, 13.6, 1.8
_1777_, 85.84, 13.6, 1.8
_1778_, 85.84, 13.6, 1.8
_1941_, 85.84, 13.6, 1.8
_2002_, 85.84, 13.6, 1.8
input16, 85.84, 13.6, 1.8
FILLER_0_209, 98.64, 13.6, 1.8
FILLER_1_195, 98.64, 13.6, 1.8
_1169_, 98.64, 13.6, 1.8
_1190_, 98.64, 13.6, 1.8
_1191_, 98.64, 13.6, 1.8
_2020_, 98.64, 13.6, 1.8
FILLER_0_217, 111.44, 13.6, 1.8
FILLER_0_237, 111.44, 13.6, 1.8
FILLER_1_219, 111.44, 13.6, 1.8
FILLER_1_237, 111.44, 13.6, 1.8
FILLER_2_244, 111.44, 13.6, 1.8
_1172_, 111.44, 13.6, 1.8
_1188_, 111.44, 13.6, 1.8
_2001_, 111.44, 13.6, 1.8
input6, 111.44, 13.6, 1.8
FILLER_0_245, 124.24, 13.6, 1.8
FILLER_0_265, 124.24, 13.6, 1.8
FILLER_2_265, 124.24, 13.6, 1.8
_1170_, 124.24, 13.6, 1.8
_1618_, 124.24, 13.6, 1.8
_1626_, 124.24, 13.6, 1.8
_1627_, 124.24, 13.6, 1.8
_1628_, 124.24, 13.6, 1.8
_1633_, 124.24, 13.6, 1.8
output47, 124.24, 13.6, 1.8
FILLER_0_274, 137.04, 13.6, 1.8
FILLER_0_298, 137.04, 13.6, 1.8
FILLER_1_275, 137.04, 13.6, 1.8
FILLER_1_291, 137.04, 13.6, 1.8
FILLER_2_291, 137.04, 13.6, 1.8
FILLER_2_298, 137.04, 13.6, 1.8
_1634_, 137.04, 13.6, 1.8
_1635_, 137.04, 13.6, 1.8
_1637_, 137.04, 13.6, 1.8
_1924_, 137.04, 13.6, 1.8
input3, 137.04, 13.6, 1.8
FILLER_0_309, 149.84, 13.6, 1.8
FILLER_0_325, 149.84, 13.6, 1.8
FILLER_1_315, 149.84, 13.6, 1.8
FILLER_1_323, 149.84, 13.6, 1.8
FILLER_2_317, 149.84, 13.6, 1.8
_1613_, 149.84, 13.6, 1.8
_1615_, 149.84, 13.6, 1.8
_1639_, 149.84, 13.6, 1.8
output27, 149.84, 13.6, 1.8
FILLER_0_333, 162.64, 13.6, 1.8
FILLER_0_337, 162.64, 13.6, 1.8
FILLER_1_333, 162.64, 13.6, 1.8
_1638_, 162.64, 13.6, 1.8
_1640_, 162.64, 13.6, 1.8
_1925_, 162.64, 13.6, 1.8
_1934_, 162.64, 13.6, 1.8
input9, 162.64, 13.6, 1.8

