
===========================================================================
report_checks -path_delay max (Setup)
============================================================================
Startpoint: clock (input port clocked by clk_48)
Endpoint: led_clock (output port clocked by clk_48)
Path Group: clk_48
Path Type: max

Fanout     Cap    Slew   Delay    Time   Description
-----------------------------------------------------------------------------
                  0.00    0.00    0.00   clock clk_48 (rise edge)
                          0.00    0.00   clock network delay (ideal)
                          3.00    3.00 ^ input external delay
                  0.02    0.01    3.01 ^ clock (in)
     1    0.00                           clock (net)
                  0.02    0.00    3.01 ^ input33/A (sky130_fd_sc_hd__clkbuf_1)
                  0.06    0.09    3.10 ^ input33/X (sky130_fd_sc_hd__clkbuf_1)
     1    0.00                           net33 (net)
                  0.06    0.00    3.10 ^ fanout187/A (sky130_fd_sc_hd__clkbuf_2)
                  0.13    0.18    3.27 ^ fanout187/X (sky130_fd_sc_hd__clkbuf_2)
     3    0.02                           net187 (net)
                  0.13    0.00    3.27 ^ fanout186/A (sky130_fd_sc_hd__clkbuf_2)
                  0.11    0.19    3.47 ^ fanout186/X (sky130_fd_sc_hd__clkbuf_2)
     3    0.02                           net186 (net)
                  0.11    0.00    3.47 ^ fanout167/A (sky130_fd_sc_hd__clkbuf_2)
                  0.11    0.19    3.66 ^ fanout167/X (sky130_fd_sc_hd__clkbuf_2)
     4    0.02                           net167 (net)
                  0.11    0.00    3.66 ^ fanout159/A (sky130_fd_sc_hd__clkbuf_1)
                  0.14    0.18    3.84 ^ fanout159/X (sky130_fd_sc_hd__clkbuf_1)
     3    0.01                           net159 (net)
                  0.14    0.00    3.84 ^ _3424_/A (sky130_fd_sc_hd__clkbuf_1)
                  0.04    0.10    3.94 ^ _3424_/X (sky130_fd_sc_hd__clkbuf_1)
     1    0.00                           net78 (net)
                  0.04    0.00    3.94 ^ output78/A (sky130_fd_sc_hd__buf_2)
                  0.17    0.21    4.15 ^ output78/X (sky130_fd_sc_hd__buf_2)
     1    0.03                           led_clock (net)
                  0.17    0.00    4.15 ^ led_clock (out)
                                  4.15   data arrival time

                  0.00   15.00   15.00   clock clk_48 (rise edge)
                          0.00   15.00   clock network delay (ideal)
                         -0.25   14.75   clock uncertainty
                          0.00   14.75   clock reconvergence pessimism
                         -3.00   11.75   output external delay
                                 11.75   data required time
-----------------------------------------------------------------------------
                                 11.75   data required time
                                 -4.15   data arrival time
-----------------------------------------------------------------------------
                                  7.60   slack (MET)


