
===========================================================================
report_checks -path_delay min (Hold)
============================================================================
Startpoint: clock (input port clocked by clk_48)
Endpoint: led_clock (output port clocked by clk_48)
Path Group: clk_48
Path Type: min

Fanout     Cap    Slew   Delay    Time   Description
-----------------------------------------------------------------------------
                  0.00    0.00    0.00   clock clk_48 (rise edge)
                          0.00    0.00   clock network delay (ideal)
                          3.00    3.00 v input external delay
                  0.68    0.49    3.49 v clock (in)
   189    0.32                           clock (net)
                  0.68    0.00    3.49 v _2039_/A (sky130_fd_sc_hd__buf_2)
                  0.10    0.39    3.89 v _2039_/X (sky130_fd_sc_hd__buf_2)
     1    0.03                           led_clock (net)
                  0.10    0.00    3.89 v led_clock (out)
                                  3.89   data arrival time

                  0.00    0.00    0.00   clock clk_48 (rise edge)
                          0.00    0.00   clock network delay (ideal)
                          0.25    0.25   clock uncertainty
                          0.00    0.25   clock reconvergence pessimism
                         -3.00   -2.75   output external delay
                                 -2.75   data required time
-----------------------------------------------------------------------------
                                 -2.75   data required time
                                 -3.89   data arrival time
-----------------------------------------------------------------------------
                                  6.64   slack (MET)


