
===========================================================================
report_checks -path_delay min (Hold)
============================================================================
Startpoint: clock (input port clocked by clk_48)
Endpoint: led_clock (output port clocked by clk_48)
Path Group: clk_48
Path Type: min

Fanout     Cap    Slew   Delay    Time   Description
-----------------------------------------------------------------------------
                  0.00    0.00    0.00   clock clk_48 (rise edge)
                          0.00    0.00   clock network delay (ideal)
                          3.00    3.00 v input external delay
                  1.89    1.31    4.31 v clock (in)
   343    0.86                           clock (net)
                  1.89    0.00    4.31 v _3702_/A (sky130_fd_sc_hd__buf_2)
                  0.13    0.65    4.96 v _3702_/X (sky130_fd_sc_hd__buf_2)
     1    0.03                           led_clock (net)
                  0.13    0.00    4.96 v led_clock (out)
                                  4.96   data arrival time

                  0.00    0.00    0.00   clock clk_48 (rise edge)
                          0.00    0.00   clock network delay (ideal)
                          0.25    0.25   clock uncertainty
                          0.00    0.25   clock reconvergence pessimism
                         -3.00   -2.75   output external delay
                                 -2.75   data required time
-----------------------------------------------------------------------------
                                 -2.75   data required time
                                 -4.96   data arrival time
-----------------------------------------------------------------------------
                                  7.71   slack (MET)


