
===========================================================================
report_parasitic_annotation -report_unannotated
============================================================================
Found 2218 unannotated drivers.
 D_R_data[0]
 D_R_data[10]
 D_R_data[11]
 D_R_data[12]
 D_R_data[13]
 D_R_data[14]
 D_R_data[15]
 D_R_data[1]
 D_R_data[2]
 D_R_data[3]
 D_R_data[4]
 D_R_data[5]
 D_R_data[6]
 D_R_data[7]
 D_R_data[8]
 D_R_data[9]
 I_data[0]
 I_data[10]
 I_data[11]
 I_data[12]
 I_data[13]
 I_data[14]
 I_data[15]
 I_data[1]
 I_data[2]
 I_data[3]
 I_data[4]
 I_data[5]
 I_data[6]
 I_data[7]
 I_data[8]
 I_data[9]
 clock
 reset
 _1574_/X
 _1575_/X
 _1576_/X
 _1577_/X
 _1578_/X
 _1579_/X
 _1580_/X
 _1581_/X
 _1582_/X
 _1583_/X
 _1584_/X
 _1585_/X
 _1586_/X
 _1587_/X
 _1588_/X
 _1589_/X
 _1590_/X
 _1591_/X
 _1592_/X
 _1593_/X
 _1594_/X
 _1595_/X
 _1596_/X
 _1597_/X
 _1598_/X
 _1599_/X
 _1600_/X
 _1601_/X
 _1602_/X
 _1603_/X
 _1604_/X
 _1605_/X
 _1606_/X
 _1607_/X
 _1608_/X
 _1609_/X
 _1610_/X
 _1611_/X
 _1612_/X
 _1613_/X
 _1614_/X
 _1615_/X
 _1616_/X
 _1617_/X
 _1618_/Y
 _1619_/X
 _1620_/X
 _1621_/X
 _1622_/Y
 _1623_/X
 _1624_/Y
 _1625_/Y
 _1626_/Y
 _1627_/X
 _1628_/X
 _1629_/Y
 _1630_/X
 _1631_/Y
 _1632_/Y
 _1633_/Y
 _1634_/X
 _1635_/Y
 _1636_/Y
 _1637_/Y
 _1638_/Y
 _1639_/X
 _1640_/X
 _1641_/X
 _1642_/X
 _1643_/X
 _1644_/X
 _1645_/Y
 _1646_/X
 _1647_/X
 _1648_/X
 _1649_/X
 _1650_/X
 _1651_/X
 _1652_/X
 _1653_/X
 _1654_/X
 _1655_/X
 _1656_/X
 _1657_/X
 _1658_/X
 _1659_/X
 _1660_/X
 _1661_/X
 _1662_/X
 _1663_/X
 _1664_/X
 _1665_/X
 _1666_/X
 _1667_/X
 _1668_/X
 _1669_/X
 _1670_/X
 _1671_/X
 _1672_/X
 _1673_/X
 _1674_/X
 _1675_/X
 _1676_/X
 _1677_/X
 _1678_/X
 _1679_/X
 _1680_/X
 _1681_/X
 _1682_/X
 _1683_/X
 _1684_/X
 _1685_/X
 _1686_/X
 _1687_/X
 _1688_/X
 _1689_/X
 _1690_/X
 _1691_/X
 _1692_/X
 _1693_/X
 _1694_/X
 _1695_/X
 _1696_/X
 _1697_/X
 _1698_/X
 _1699_/X
 _1700_/X
 _1701_/X
 _1702_/X
 _1703_/X
 _1704_/X
 _1705_/X
 _1706_/X
 _1707_/X
 _1708_/X
 _1709_/X
 _1710_/X
 _1711_/X
 _1712_/X
 _1713_/X
 _1714_/X
 _1715_/X
 _1716_/X
 _1717_/X
 _1718_/X
 _1719_/X
 _1720_/X
 _1721_/X
 _1722_/X
 _1723_/X
 _1724_/X
 _1725_/X
 _1726_/X
 _1727_/X
 _1728_/X
 _1729_/X
 _1730_/X
 _1731_/X
 _1732_/X
 _1733_/X
 _1734_/X
 _1735_/X
 _1736_/X
 _1737_/X
 _1738_/X
 _1739_/X
 _1740_/X
 _1741_/X
 _1742_/X
 _1743_/X
 _1744_/X
 _1745_/X
 _1746_/X
 _1747_/X
 _1748_/X
 _1749_/X
 _1750_/X
 _1751_/X
 _1752_/X
 _1753_/X
 _1754_/X
 _1755_/X
 _1756_/X
 _1757_/X
 _1758_/X
 _1759_/X
 _1760_/X
 _1761_/X
 _1762_/X
 _1763_/X
 _1764_/X
 _1765_/X
 _1766_/X
 _1767_/X
 _1768_/X
 _1769_/X
 _1770_/X
 _1771_/X
 _1772_/X
 _1773_/X
 _1774_/X
 _1775_/X
 _1776_/X
 _1777_/X
 _1778_/X
 _1779_/X
 _1780_/X
 _1781_/X
 _1782_/X
 _1783_/X
 _1784_/X
 _1785_/X
 _1786_/X
 _1787_/X
 _1788_/X
 _1789_/X
 _1790_/X
 _1791_/X
 _1792_/X
 _1793_/X
 _1794_/X
 _1795_/X
 _1796_/X
 _1797_/X
 _1798_/X
 _1799_/X
 _1800_/X
 _1801_/X
 _1802_/X
 _1803_/X
 _1804_/X
 _1805_/X
 _1806_/X
 _1807_/X
 _1808_/X
 _1809_/X
 _1810_/X
 _1811_/X
 _1812_/X
 _1813_/X
 _1814_/X
 _1815_/X
 _1816_/X
 _1817_/X
 _1818_/X
 _1819_/X
 _1820_/X
 _1821_/X
 _1822_/X
 _1823_/X
 _1824_/X
 _1825_/X
 _1826_/X
 _1827_/X
 _1828_/X
 _1829_/X
 _1830_/X
 _1831_/X
 _1832_/X
 _1833_/X
 _1834_/X
 _1835_/X
 _1836_/X
 _1837_/X
 _1838_/X
 _1839_/X
 _1840_/X
 _1841_/X
 _1842_/X
 _1843_/X
 _1844_/X
 _1845_/X
 _1846_/X
 _1847_/X
 _1848_/X
 _1849_/X
 _1850_/X
 _1851_/X
 _1852_/X
 _1853_/X
 _1854_/X
 _1855_/X
 _1856_/X
 _1857_/X
 _1858_/X
 _1859_/X
 _1860_/X
 _1861_/X
 _1862_/X
 _1863_/X
 _1864_/X
 _1865_/X
 _1866_/X
 _1867_/X
 _1868_/X
 _1869_/X
 _1870_/X
 _1871_/X
 _1872_/X
 _1873_/X
 _1874_/X
 _1875_/X
 _1876_/X
 _1877_/X
 _1878_/X
 _1879_/X
 _1880_/X
 _1881_/X
 _1882_/X
 _1883_/X
 _1884_/X
 _1885_/X
 _1886_/X
 _1887_/X
 _1888_/X
 _1889_/X
 _1890_/X
 _1891_/X
 _1892_/X
 _1893_/X
 _1894_/X
 _1895_/X
 _1896_/X
 _1897_/X
 _1898_/X
 _1899_/X
 _1900_/X
 _1901_/X
 _1902_/X
 _1903_/X
 _1904_/X
 _1905_/X
 _1906_/X
 _1907_/X
 _1908_/X
 _1909_/X
 _1910_/X
 _1911_/X
 _1912_/X
 _1913_/X
 _1914_/X
 _1915_/X
 _1916_/X
 _1917_/X
 _1918_/X
 _1919_/X
 _1920_/X
 _1921_/X
 _1922_/X
 _1923_/X
 _1924_/X
 _1925_/X
 _1926_/X
 _1927_/X
 _1928_/X
 _1929_/X
 _1930_/X
 _1931_/X
 _1932_/X
 _1933_/X
 _1934_/X
 _1935_/X
 _1936_/X
 _1937_/X
 _1938_/X
 _1939_/X
 _1940_/X
 _1941_/X
 _1942_/X
 _1943_/X
 _1944_/X
 _1945_/X
 _1946_/X
 _1947_/X
 _1948_/X
 _1949_/X
 _1950_/X
 _1951_/X
 _1952_/X
 _1953_/X
 _1954_/X
 _1955_/X
 _1956_/X
 _1957_/X
 _1958_/X
 _1959_/X
 _1960_/X
 _1961_/X
 _1962_/X
 _1963_/X
 _1964_/X
 _1965_/X
 _1966_/X
 _1967_/X
 _1968_/X
 _1969_/X
 _1970_/X
 _1971_/X
 _1972_/X
 _1973_/X
 _1974_/X
 _1975_/X
 _1976_/X
 _1977_/X
 _1978_/X
 _1979_/X
 _1980_/X
 _1981_/X
 _1982_/X
 _1983_/X
 _1984_/X
 _1985_/X
 _1986_/X
 _1987_/X
 _1988_/X
 _1989_/X
 _1990_/X
 _1991_/X
 _1992_/X
 _1993_/X
 _1994_/X
 _1995_/X
 _1996_/X
 _1997_/X
 _1998_/X
 _1999_/X
 _2000_/X
 _2001_/X
 _2002_/X
 _2003_/X
 _2004_/X
 _2005_/X
 _2006_/X
 _2007_/X
 _2008_/Y
 _2009_/X
 _2010_/X
 _2011_/X
 _2012_/X
 _2013_/X
 _2014_/X
 _2015_/X
 _2016_/X
 _2017_/X
 _2018_/X
 _2019_/X
 _2020_/X
 _2021_/X
 _2022_/X
 _2023_/X
 _2024_/Y
 _2025_/X
 _2026_/X
 _2027_/X
 _2028_/X
 _2029_/X
 _2030_/X
 _2031_/X
 _2032_/X
 _2033_/X
 _2034_/X
 _2035_/X
 _2036_/Y
 _2037_/Y
 _2038_/X
 _2039_/Y
 _2040_/Y
 _2041_/Y
 _2042_/X
 _2043_/X
 _2044_/Y
 _2045_/Y
 _2046_/Y
 _2047_/X
 _2048_/X
 _2049_/Y
 _2050_/X
 _2051_/X
 _2052_/X
 _2053_/Y
 _2054_/X
 _2055_/X
 _2056_/Y
 _2057_/Y
 _2058_/Y
 _2059_/Y
 _2060_/X
 _2061_/X
 _2062_/X
 _2063_/X
 _2064_/Y
 _2065_/X
 _2066_/Y
 _2067_/Y
 _2068_/Y
 _2069_/X
 _2070_/X
 _2071_/X
 _2072_/Y
 _2073_/X
 _2074_/X
 _2075_/Y
 _2076_/X
 _2077_/X
 _2078_/X
 _2079_/X
 _2080_/X
 _2081_/X
 _2082_/Y
 _2083_/X
 _2084_/Y
 _2085_/X
 _2086_/X
 _2087_/Y
 _2088_/X
 _2089_/Y
 _2090_/X
 _2091_/Y
 _2092_/X
 _2093_/Y
 _2094_/Y
 _2095_/X
 _2096_/X
 _2097_/X
 _2098_/X
 _2099_/Y
 _2100_/X
 _2101_/Y
 _2102_/X
 _2103_/Y
 _2104_/X
 _2105_/X
 _2106_/X
 _2107_/Y
 _2108_/X
 _2109_/X
 _2110_/X
 _2111_/X
 _2112_/Y
 _2113_/X
 _2114_/X
 _2115_/X
 _2116_/Y
 _2117_/Y
 _2118_/Y
 _2119_/Y
 _2120_/Y
 _2121_/X
 _2122_/Y
 _2123_/X
 _2124_/Y
 _2125_/Y
 _2126_/X
 _2127_/Y
 _2128_/X
 _2129_/X
 _2130_/Y
 _2131_/Y
 _2132_/X
 _2133_/X
 _2134_/X
 _2135_/Y
 _2136_/Y
 _2137_/Y
 _2138_/Y
 _2139_/Y
 _2140_/X
 _2141_/Y
 _2142_/Y
 _2143_/Y
 _2144_/Y
 _2145_/Y
 _2146_/X
 _2147_/X
 _2148_/Y
 _2149_/X
 _2150_/Y
 _2151_/X
 _2152_/X
 _2153_/Y
 _2154_/X
 _2155_/Y
 _2156_/Y
 _2157_/X
 _2158_/X
 _2159_/Y
 _2160_/X
 _2161_/Y
 _2162_/Y
 _2163_/Y
 _2164_/Y
 _2165_/Y
 _2166_/Y
 _2167_/Y
 _2168_/X
 _2169_/X
 _2170_/X
 _2171_/Y
 _2172_/X
 _2173_/X
 _2174_/Y
 _2175_/X
 _2176_/X
 _2177_/X
 _2178_/X
 _2179_/X
 _2180_/Y
 _2181_/X
 _2182_/X
 _2183_/X
 _2184_/X
 _2185_/X
 _2186_/X
 _2187_/X
 _2188_/Y
 _2189_/X
 _2190_/X
 _2191_/X
 _2192_/X
 _2193_/X
 _2194_/X
 _2195_/X
 _2196_/X
 _2197_/X
 _2198_/X
 _2199_/X
 _2200_/X
 _2201_/X
 _2202_/X
 _2203_/X
 _2204_/X
 _2205_/X
 _2206_/Y
 _2207_/Y
 _2208_/Y
 _2209_/X
 _2210_/X
 _2211_/X
 _2212_/X
 _2213_/X
 _2214_/X
 _2215_/X
 _2216_/X
 _2217_/X
 _2218_/X
 _2219_/X
 _2220_/Y
 _2221_/X
 _2222_/X
 _2223_/X
 _2224_/X
 _2225_/X
 _2226_/X
 _2227_/X
 _2228_/X
 _2229_/X
 _2230_/Y
 _2231_/X
 _2232_/X
 _2233_/X
 _2234_/X
 _2235_/X
 _2236_/X
 _2237_/X
 _2238_/X
 _2239_/Y
 _2240_/X
 _2241_/Y
 _2242_/X
 _2243_/Y
 _2244_/X
 _2245_/X
 _2246_/X
 _2247_/X
 _2248_/X
 _2249_/X
 _2250_/X
 _2251_/X
 _2252_/Y
 _2253_/X
 _2254_/Y
 _2255_/X
 _2256_/X
 _2257_/X
 _2258_/X
 _2259_/X
 _2260_/X
 _2261_/X
 _2262_/X
 _2263_/X
 _2264_/Y
 _2265_/Y
 _2266_/X
 _2267_/X
 _2268_/X
 _2269_/X
 _2270_/X
 _2271_/X
 _2272_/X
 _2273_/X
 _2274_/X
 _2275_/Y
 _2276_/Y
 _2277_/Y
 _2278_/X
 _2279_/Y
 _2280_/Y
 _2281_/Y
 _2282_/Y
 _2283_/X
 _2284_/Y
 _2285_/X
 _2286_/X
 _2287_/X
 _2288_/X
 _2289_/X
 _2290_/X
 _2291_/Y
 _2292_/X
 _2293_/X
 _2294_/Y
 _2295_/Y
 _2296_/X
 _2297_/X
 _2298_/X
 _2299_/X
 _2300_/X
 _2301_/Y
 _2302_/X
 _2303_/Y
 _2304_/X
 _2305_/X
 _2306_/Y
 _2307_/Y
 _2308_/X
 _2309_/X
 _2310_/X
 _2311_/X
 _2312_/X
 _2313_/X
 _2314_/Y
 _2315_/X
 _2316_/X
 _2317_/X
 _2318_/X
 _2319_/X
 _2320_/X
 _2321_/X
 _2322_/X
 _2323_/X
 _2324_/X
 _2325_/Y
 _2326_/Y
 _2327_/X
 _2328_/X
 _2329_/X
 _2330_/X
 _2331_/X
 _2332_/X
 _2333_/X
 _2334_/Y
 _2335_/Y
 _2336_/X
 _2337_/Y
 _2338_/X
 _2339_/Y
 _2340_/Y
 _2341_/X
 _2342_/X
 _2343_/X
 _2344_/Y
 _2345_/Y
 _2346_/Y
 _2347_/X
 _2348_/Y
 _2349_/Y
 _2350_/X
 _2351_/Y
 _2352_/Y
 _2353_/X
 _2354_/X
 _2355_/X
 _2356_/X
 _2357_/Y
 _2358_/Y
 _2359_/Y
 _2360_/Y
 _2361_/X
 _2362_/X
 _2363_/X
 _2364_/X
 _2365_/X
 _2366_/X
 _2367_/X
 _2368_/X
 _2369_/X
 _2370_/X
 _2371_/X
 _2372_/X
 _2373_/X
 _2374_/X
 _2375_/X
 _2376_/X
 _2377_/X
 _2378_/X
 _2379_/X
 _2380_/X
 _2381_/X
 _2382_/X
 _2383_/X
 _2384_/X
 _2385_/X
 _2386_/X
 _2387_/X
 _2388_/X
 _2389_/X
 _2390_/X
 _2391_/X
 _2392_/X
 _2393_/X
 _2394_/X
 _2395_/X
 _2396_/X
 _2397_/X
 _2398_/X
 _2399_/X
 _2400_/X
 _2401_/X
 _2402_/X
 _2403_/X
 _2404_/X
 _2405_/X
 _2406_/X
 _2407_/X
 _2408_/X
 _2409_/X
 _2410_/X
 _2411_/X
 _2412_/X
 _2413_/X
 _2414_/X
 _2415_/X
 _2416_/X
 _2417_/X
 _2418_/X
 _2419_/X
 _2420_/X
 _2421_/X
 _2422_/X
 _2423_/X
 _2424_/X
 _2425_/X
 _2426_/X
 _2427_/X
 _2428_/X
 _2429_/X
 _2430_/X
 _2431_/X
 _2432_/X
 _2433_/X
 _2434_/X
 _2435_/X
 _2436_/X
 _2437_/X
 _2438_/X
 _2439_/X
 _2440_/X
 _2441_/X
 _2442_/X
 _2443_/X
 _2444_/X
 _2445_/X
 _2446_/X
 _2447_/X
 _2448_/X
 _2449_/X
 _2450_/X
 _2451_/X
 _2452_/X
 _2453_/X
 _2454_/X
 _2455_/X
 _2456_/X
 _2457_/X
 _2458_/X
 _2459_/X
 _2460_/X
 _2461_/X
 _2462_/X
 _2463_/X
 _2464_/X
 _2465_/X
 _2466_/X
 _2467_/X
 _2468_/X
 _2469_/X
 _2470_/X
 _2471_/X
 _2472_/X
 _2473_/X
 _2474_/X
 _2475_/X
 _2476_/X
 _2477_/X
 _2478_/X
 _2479_/X
 _2480_/X
 _2481_/X
 _2482_/X
 _2483_/X
 _2484_/X
 _2485_/X
 _2486_/X
 _2487_/X
 _2488_/X
 _2489_/X
 _2490_/X
 _2491_/X
 _2492_/X
 _2493_/X
 _2494_/X
 _2495_/X
 _2496_/X
 _2497_/X
 _2498_/X
 _2499_/X
 _2500_/X
 _2501_/X
 _2502_/X
 _2503_/X
 _2504_/X
 _2505_/X
 _2506_/X
 _2507_/X
 _2508_/X
 _2509_/X
 _2510_/X
 _2511_/X
 _2512_/X
 _2513_/X
 _2514_/X
 _2515_/X
 _2516_/X
 _2517_/X
 _2518_/X
 _2519_/X
 _2520_/X
 _2521_/X
 _2522_/X
 _2523_/X
 _2524_/X
 _2525_/X
 _2526_/X
 _2527_/X
 _2528_/X
 _2529_/X
 _2530_/X
 _2531_/X
 _2532_/X
 _2533_/X
 _2534_/X
 _2535_/X
 _2536_/X
 _2537_/X
 _2538_/X
 _2539_/X
 _2540_/X
 _2541_/X
 _2542_/X
 _2543_/X
 _2544_/X
 _2545_/X
 _2546_/X
 _2547_/X
 _2548_/X
 _2549_/X
 _2550_/X
 _2551_/X
 _2552_/X
 _2553_/X
 _2554_/X
 _2555_/X
 _2556_/X
 _2557_/X
 _2558_/X
 _2559_/X
 _2560_/X
 _2561_/X
 _2562_/X
 _2563_/X
 _2564_/X
 _2565_/Y
 _2566_/X
 _2567_/X
 _2568_/X
 _2569_/X
 _2570_/X
 _2571_/X
 _2572_/X
 _2573_/X
 _2574_/X
 _2575_/X
 _2576_/X
 _2577_/X
 _2578_/X
 _2579_/X
 _2580_/X
 _2581_/X
 _2582_/X
 _2583_/X
 _2584_/X
 _2585_/X
 _2586_/X
 _2587_/X
 _2588_/X
 _2589_/X
 _2590_/X
 _2591_/X
 _2592_/X
 _2593_/X
 _2594_/X
 _2595_/X
 _2596_/X
 _2597_/X
 _2598_/X
 _2599_/X
 _2600_/X
 _2601_/X
 _2602_/X
 _2603_/X
 _2604_/X
 _2605_/X
 _2606_/X
 _2607_/X
 _2608_/X
 _2609_/X
 _2610_/X
 _2611_/X
 _2612_/X
 _2613_/X
 _2614_/X
 _2615_/X
 _2616_/X
 _2617_/X
 _2618_/X
 _2619_/X
 _2620_/X
 _2621_/X
 _2622_/X
 _2623_/X
 _2624_/X
 _2625_/X
 _2626_/X
 _2627_/X
 _2628_/X
 _2629_/X
 _2630_/X
 _2631_/X
 _2632_/X
 _2633_/X
 _2634_/X
 _2635_/X
 _2636_/Y
 _2637_/X
 _2638_/X
 _2639_/X
 _2640_/X
 _2641_/X
 _2642_/X
 _2643_/X
 _2644_/X
 _2645_/X
 _2646_/X
 _2647_/X
 _2648_/X
 _2649_/X
 _2650_/X
 _2651_/X
 _2652_/X
 _2653_/X
 _2654_/X
 _2655_/X
 _2656_/X
 _2657_/X
 _2658_/X
 _2659_/X
 _2660_/X
 _2661_/X
 _2662_/X
 _2663_/X
 _2664_/X
 _2665_/X
 _2666_/X
 _2667_/X
 _2668_/X
 _2669_/X
 _2670_/X
 _2671_/X
 _2672_/X
 _2673_/X
 _2674_/X
 _2675_/X
 _2676_/X
 _2677_/X
 _2678_/X
 _2679_/X
 _2680_/X
 _2681_/X
 _2682_/X
 _2683_/X
 _2684_/X
 _2685_/X
 _2686_/X
 _2687_/X
 _2688_/X
 _2689_/X
 _2690_/X
 _2691_/X
 _2692_/X
 _2693_/X
 _2694_/X
 _2695_/X
 _2696_/X
 _2697_/X
 _2698_/X
 _2699_/X
 _2700_/X
 _2701_/X
 _2702_/X
 _2703_/X
 _2704_/X
 _2705_/X
 _2706_/X
 _2707_/X
 _2708_/X
 _2709_/X
 _2710_/X
 _2711_/X
 _2712_/X
 _2713_/X
 _2714_/X
 _2715_/X
 _2716_/X
 _2717_/X
 _2718_/X
 _2719_/X
 _2720_/X
 _2721_/X
 _2722_/X
 _2723_/X
 _2724_/X
 _2725_/X
 _2726_/X
 _2727_/X
 _2728_/X
 _2729_/X
 _2730_/X
 _2731_/X
 _2732_/X
 _2733_/X
 _2734_/X
 _2735_/X
 _2736_/X
 _2737_/X
 _2738_/X
 _2739_/X
 _2740_/X
 _2741_/X
 _2742_/X
 _2743_/X
 _2744_/X
 _2745_/X
 _2746_/X
 _2747_/X
 _2748_/X
 _2749_/X
 _2750_/X
 _2751_/X
 _2752_/X
 _2753_/X
 _2754_/X
 _2755_/X
 _2756_/X
 _2757_/X
 _2758_/X
 _2759_/X
 _2760_/X
 _2761_/X
 _2762_/X
 _2763_/X
 _2764_/X
 _2765_/X
 _2766_/X
 _2767_/X
 _2768_/X
 _2769_/X
 _2770_/X
 _2771_/X
 _2772_/X
 _2773_/X
 _2774_/X
 _2775_/X
 _2776_/X
 _2777_/X
 _2778_/X
 _2779_/X
 _2780_/X
 _2781_/X
 _2782_/X
 _2783_/X
 _2784_/X
 _2785_/X
 _2786_/X
 _2787_/X
 _2788_/X
 _2789_/X
 _2790_/X
 _2791_/X
 _2792_/X
 _2793_/X
 _2794_/X
 _2795_/X
 _2796_/X
 _2797_/X
 _2798_/X
 _2799_/X
 _2800_/X
 _2801_/X
 _2802_/X
 _2803_/X
 _2804_/X
 _2805_/X
 _2806_/X
 _2807_/X
 _2808_/X
 _2809_/X
 _2810_/X
 _2811_/X
 _2812_/X
 _2813_/X
 _2814_/Y
 _2815_/X
 _2816_/X
 _2817_/X
 _2818_/Y
 _2819_/X
 _2820_/X
 _2821_/X
 _2822_/X
 _2823_/X
 _2824_/Y
 _2825_/X
 _2826_/X
 _2827_/X
 _2828_/Y
 _2829_/X
 _2830_/X
 _2831_/X
 _2832_/X
 _2833_/X
 _2834_/Y
 _2835_/Y
 _2836_/X
 _2837_/X
 _2838_/X
 _2839_/Y
 _2840_/X
 _2841_/X
 _2842_/X
 _2843_/X
 _2844_/Y
 _2845_/X
 _2846_/X
 _2847_/X
 _2848_/X
 _2849_/X
 _2850_/X
 _2851_/X
 _2852_/X
 _2853_/X
 _2854_/Y
 _2855_/X
 _2856_/Y
 _2857_/Y
 _2858_/Y
 _2859_/X
 _2860_/Y
 _2861_/X
 _2862_/X
 _2863_/X
 _2864_/X
 _2865_/X
 _2866_/X
 _2867_/X
 _2868_/X
 _2869_/Y
 _2870_/Y
 _2871_/Y
 _2872_/Y
 _2873_/Y
 _2874_/Y
 _2875_/X
 _2876_/X
 _2877_/X
 _2878_/X
 _2879_/X
 _2880_/X
 _2881_/X
 _2882_/X
 _2883_/Y
 _2884_/Y
 _2885_/Y
 _2886_/X
 _2887_/Y
 _2888_/X
 _2889_/X
 _2890_/X
 _2891_/X
 _2892_/X
 _2893_/X
 _2894_/X
 _2895_/X
 _2896_/X
 _2897_/X
 _2898_/X
 _2899_/Y
 _2900_/X
 _2901_/X
 _2902_/Y
 _2903_/X
 _2904_/Y
 _2905_/X
 _2906_/Y
 _2907_/X
 _2908_/X
 _2909_/X
 _2910_/X
 _2911_/Y
 _2912_/X
 _2913_/X
 _2914_/Y
 _2915_/X
 _2916_/Y
 _2917_/X
 _2918_/X
 _2919_/X
 _2920_/Y
 _2921_/X
 _2922_/X
 _2923_/Y
 _2924_/X
 _2925_/X
 _2926_/Y
 _2927_/X
 _2928_/X
 _2929_/X
 _2930_/X
 _2931_/X
 _2932_/X
 _2933_/X
 _2934_/X
 _2935_/X
 _2936_/Y
 _2937_/Y
 _2938_/X
 _2939_/X
 _2940_/X
 _2941_/X
 _2942_/X
 _2943_/X
 _2944_/Y
 _2945_/Y
 _2946_/X
 _2947_/X
 _2948_/X
 _2949_/X
 _2950_/X
 _2951_/X
 _2952_/X
 _2953_/Y
 _2954_/X
 _2955_/Y
 _2956_/Y
 _2957_/X
 _2958_/X
 _2959_/Y
 _2960_/X
 _2961_/X
 _2962_/Y
 _2963_/Y
 _2964_/X
 _2965_/Y
 _2966_/X
 _2967_/X
 _2968_/X
 _2969_/Y
 _2970_/X
 _2971_/X
 _2972_/X
 _2973_/X
 _2974_/Y
 _2975_/X
 _2976_/Y
 _2977_/X
 _2978_/X
 _2979_/Y
 _2980_/Y
 _2981_/Y
 _2982_/X
 _2983_/X
 _2984_/X
 _2985_/X
 _2986_/X
 _2987_/X
 _2988_/X
 _2989_/X
 _2990_/X
 _2991_/X
 _2992_/X
 _2993_/X
 _2994_/X
 _2995_/X
 _2996_/X
 _2997_/X
 _2998_/X
 _2999_/X
 _3000_/X
 _3001_/X
 _3002_/X
 _3003_/X
 _3004_/X
 _3005_/X
 _3006_/X
 _3007_/X
 _3008_/X
 _3009_/X
 _3010_/X
 _3011_/X
 _3012_/X
 _3013_/X
 _3014_/X
 _3015_/X
 _3016_/X
 _3017_/Y
 _3018_/Y
 _3019_/Y
 _3020_/X
 _3021_/X
 _3022_/X
 _3023_/X
 _3024_/X
 _3025_/X
 _3026_/X
 _3027_/X
 _3028_/X
 _3029_/X
 _3030_/X
 _3031_/X
 _3032_/X
 _3033_/X
 _3034_/X
 _3035_/X
 _3036_/X
 _3037_/X
 _3038_/X
 _3039_/X
 _3040_/X
 _3041_/X
 _3042_/X
 _3043_/X
 _3044_/X
 _3045_/X
 _3046_/X
 _3047_/X
 _3048_/X
 _3049_/X
 _3050_/X
 _3051_/X
 _3052_/X
 _3053_/X
 _3054_/X
 _3055_/X
 _3056_/X
 _3057_/X
 _3058_/X
 _3059_/X
 _3060_/X
 _3061_/X
 _3062_/X
 _3063_/X
 _3064_/X
 _3065_/X
 _3066_/X
 _3067_/X
 _3068_/X
 _3069_/X
 _3070_/X
 _3071_/X
 _3072_/X
 _3073_/X
 _3074_/X
 _3075_/X
 _3076_/X
 _3077_/X
 _3078_/X
 _3079_/X
 _3080_/X
 _3081_/X
 _3082_/X
 _3083_/X
 _3084_/X
 _3085_/X
 _3086_/X
 _3087_/X
 _3088_/X
 _3089_/X
 _3090_/X
 _3091_/X
 _3092_/X
 _3093_/X
 _3094_/X
 _3095_/X
 _3096_/X
 _3097_/X
 _3098_/X
 _3099_/X
 _3100_/X
 _3101_/X
 _3102_/X
 _3103_/X
 _3104_/X
 _3105_/X
 _3106_/X
 _3107_/X
 _3108_/X
 _3109_/X
 _3110_/X
 _3111_/X
 _3112_/X
 _3113_/X
 _3114_/X
 _3115_/X
 _3116_/X
 _3117_/X
 _3118_/X
 _3119_/X
 _3120_/X
 _3121_/X
 _3122_/X
 _3123_/X
 _3124_/X
 _3125_/X
 _3126_/X
 _3127_/X
 _3128_/X
 _3129_/X
 _3130_/X
 _3131_/X
 _3132_/X
 _3133_/X
 _3134_/Y
 _3135_/X
 _3136_/X
 _3137_/X
 _3138_/X
 _3139_/X
 _3140_/X
 _3141_/X
 _3142_/X
 _3143_/X
 _3144_/X
 _3145_/X
 _3146_/X
 _3147_/X
 _3148_/X
 _3149_/X
 _3150_/X
 _3151_/X
 _3152_/X
 _3153_/X
 _3154_/X
 _3155_/X
 _3156_/X
 _3157_/X
 _3158_/X
 _3159_/X
 _3160_/X
 _3161_/X
 _3162_/X
 _3163_/X
 _3164_/X
 _3165_/Y
 _3166_/X
 _3167_/Y
 _3168_/X
 _3169_/X
 _3170_/X
 _3171_/X
 _3172_/X
 _3173_/X
 _3174_/X
 _3175_/X
 _3176_/X
 _3177_/X
 _3178_/X
 _3179_/X
 _3180_/X
 _3181_/X
 _3182_/X
 _3183_/X
 _3184_/X
 _3185_/X
 _3186_/X
 _3187_/X
 _3188_/X
 _3189_/X
 _3190_/X
 _3191_/X
 _3192_/Q
 _3193_/Q
 _3194_/Q
 _3195_/Q
 _3196_/Q
 _3197_/Q
 _3198_/Q
 _3199_/Q
 _3200_/Q
 _3201_/Q
 _3202_/Q
 _3203_/Q
 _3204_/Q
 _3205_/Q
 _3206_/Q
 _3207_/Q
 _3208_/Q
 _3209_/Q
 _3210_/Q
 _3211_/Q
 _3212_/Q
 _3213_/Q
 _3214_/Q
 _3215_/Q
 _3216_/Q
 _3217_/Q
 _3218_/Q
 _3219_/Q
 _3220_/Q
 _3221_/Q
 _3222_/Q
 _3223_/Q
 _3224_/Q
 _3225_/Q
 _3226_/Q
 _3227_/Q
 _3228_/Q
 _3229_/Q
 _3230_/Q
 _3231_/Q
 _3232_/Q
 _3233_/Q
 _3234_/Q
 _3235_/Q
 _3236_/Q
 _3237_/Q
 _3238_/Q
 _3239_/Q
 _3240_/Q
 _3241_/Q
 _3242_/Q
 _3243_/Q
 _3244_/Q
 _3245_/Q
 _3246_/Q
 _3247_/Q
 _3248_/Q
 _3249_/Q
 _3250_/Q
 _3251_/Q
 _3252_/Q
 _3253_/Q
 _3254_/Q
 _3255_/Q
 _3256_/Q
 _3257_/Q
 _3258_/Q
 _3259_/Q
 _3260_/Q
 _3261_/Q
 _3262_/Q
 _3263_/Q
 _3264_/Q
 _3265_/Q
 _3266_/Q
 _3267_/Q
 _3268_/Q
 _3269_/Q
 _3270_/Q
 _3271_/Q
 _3272_/Q
 _3273_/Q
 _3274_/Q
 _3275_/Q
 _3276_/Q
 _3277_/Q
 _3278_/Q
 _3279_/Q
 _3280_/Q
 _3281_/Q
 _3282_/Q
 _3283_/Q
 _3284_/Q
 _3285_/Q
 _3286_/Q
 _3287_/Q
 _3288_/Q
 _3289_/Q
 _3290_/Q
 _3291_/Q
 _3292_/Q
 _3293_/Q
 _3294_/Q
 _3295_/Q
 _3296_/Q
 _3297_/Q
 _3298_/Q
 _3299_/Q
 _3300_/Q
 _3301_/Q
 _3302_/Q
 _3303_/Q
 _3304_/Q
 _3305_/Q
 _3306_/Q
 _3307_/Q
 _3308_/Q
 _3309_/Q
 _3310_/Q
 _3311_/Q
 _3312_/Q
 _3313_/Q
 _3314_/Q
 _3315_/Q
 _3316_/Q
 _3317_/Q
 _3318_/Q
 _3319_/Q
 _3320_/Q
 _3321_/Q
 _3322_/Q
 _3323_/Q
 _3324_/Q
 _3325_/Q
 _3326_/Q
 _3327_/Q
 _3328_/Q
 _3329_/Q
 _3330_/Q
 _3331_/Q
 _3332_/Q
 _3333_/Q
 _3334_/Q
 _3335_/Q
 _3336_/Q
 _3337_/Q
 _3338_/Q
 _3339_/Q
 _3340_/Q
 _3341_/Q
 _3342_/Q
 _3343_/Q
 _3344_/Q
 _3345_/Q
 _3346_/Q
 _3347_/Q
 _3348_/Q
 _3349_/Q
 _3350_/Q
 _3351_/Q
 _3352_/Q
 _3353_/Q
 _3354_/Q
 _3355_/Q
 _3356_/Q
 _3357_/Q
 _3358_/Q
 _3359_/Q
 _3360_/Q
 _3361_/Q
 _3362_/Q
 _3363_/Q
 _3364_/Q
 _3365_/Q
 _3366_/Q
 _3367_/Q
 _3368_/Q
 _3369_/Q
 _3370_/Q
 _3371_/Q
 _3372_/Q
 _3373_/Q
 _3374_/Q
 _3375_/Q
 _3376_/Q
 _3377_/Q
 _3378_/Q
 _3379_/Q
 _3380_/Q
 _3381_/Q
 _3382_/Q
 _3383_/Q
 _3384_/Q
 _3385_/Q
 _3386_/Q
 _3387_/Q
 _3388_/Q
 _3389_/Q
 _3390_/Q
 _3391_/Q
 _3392_/Q
 _3393_/Q
 _3394_/Q
 _3395_/Q
 _3396_/Q
 _3397_/Q
 _3398_/Q
 _3399_/Q
 _3400_/Q
 _3401_/Q
 _3402_/Q
 _3403_/Q
 _3404_/Q
 _3405_/Q
 _3406_/Q
 _3407_/Q
 _3408_/Q
 _3409_/Q
 _3410_/Q
 _3411_/Q
 _3412_/Q
 _3413_/Q
 _3414_/Q
 _3415_/Q
 _3416_/Q
 _3417_/Q
 _3418_/Q
 _3419_/Q
 _3420_/Q
 _3421_/Q
 _3422_/Q
 _3423_/Q
 _3424_/Q
 _3425_/Q
 _3426_/Q
 _3427_/Q
 _3428_/Q
 _3429_/Q
 _3430_/Q
 _3431_/Q
 _3432_/Q
 _3433_/Q
 _3434_/Q
 _3435_/Q
 _3436_/Q
 _3437_/Q
 _3438_/Q
 _3439_/Q
 _3440_/Q
 _3441_/Q
 _3442_/Q
 _3443_/Q
 _3444_/Q
 _3445_/Q
 _3446_/Q
 _3447_/Q
 _3448_/Q
 _3449_/Q
 _3450_/Q
 _3451_/Q
 _3452_/Q
 _3453_/Q
 _3454_/Q
 _3455_/Q
 _3456_/Q
 _3457_/Q
 _3458_/Q
 _3459_/Q
 _3460_/Q
 _3461_/Q
 _3462_/Q
 _3463_/Q
 _3464_/Q
 _3465_/Q
 _3466_/Q
 _3467_/Q
 _3468_/Q
 _3469_/Q
 _3470_/Q
 _3471_/Q
 _3472_/Q
 _3473_/Q
 _3474_/Q
 _3475_/Q
 _3476_/Q
 _3477_/Q
 _3478_/Q
 _3479_/Q
 _3480_/Q
 _3481_/Q
 _3482_/Q
 _3483_/Q
 _3484_/Q
 _3485_/Q
 _3486_/Q
 _3487_/Q
 _3488_/Q
 _3489_/Q
 _3490_/Q
 _3491_/Q
 _3492_/Q
 _3493_/Q
 _3494_/Q
 _3495_/Q
 _3496_/Q
 _3497_/Q
 _3498_/Q
 _3499_/Q
 _3500_/Q
 _3501_/Q
 _3502_/Q
 _3503_/Q
 _3504_/Q
 _3505_/Q
 _3506_/Q
 _3507_/Q
 _3508_/Q
 _3509_/Q
 _3510_/Q
 _3511_/Q
 _3512_/Q
 _3513_/Q
 _3514_/Q
 _3515_/Q
 _3516_/Q
 _3517_/Q
 _3518_/Q
 _3519_/Q
 _3520_/Q
 _3521_/Q
 _3522_/Q
 _3523_/Q
 _3524_/Q
 _3525_/Q
 _3526_/Q
 _3527_/Q
 _3528_/Q
 _3529_/Q
 _3530_/Q
 _3531_/Q
 _3532_/Q
 _3533_/Q
 _3534_/Q
 _3535_/Q
 _3536_/Q
 _3537_/Q
 _3538_/Q
 _3539_/Q
 _3540_/Q
 _3541_/Q
 _3542_/Q
 _3543_/Q
 _3544_/Q
 _3545_/Q
 _3546_/Q
 _3547_/Q
 _3548_/Q
 _3549_/Q
 _3550_/Q
 _3551_/Q
 _3552_/Q
 _3553_/Q
 _3554_/Q
 _3555_/Q
 _3556_/Q
 _3557_/Q
 _3558_/X
 _3559_/Z
 _3560_/Z
 _3561_/Z
 _3562_/Z
 _3563_/Z
 _3564_/Z
 _3565_/Z
 _3566_/Z
 _3567_/Z
 _3568_/Z
 _3569_/Z
 _3570_/Z
 _3571_/Z
 _3572_/Z
 _3573_/Z
 _3574_/Z
 fanout100/X
 fanout101/X
 fanout102/X
 fanout103/X
 fanout104/X
 fanout105/X
 fanout106/X
 fanout107/X
 fanout108/X
 fanout109/X
 fanout110/X
 fanout111/X
 fanout112/X
 fanout113/X
 fanout114/X
 fanout115/X
 fanout116/X
 fanout117/X
 fanout118/X
 fanout119/X
 fanout120/X
 fanout121/X
 fanout122/X
 fanout123/X
 fanout124/X
 fanout125/X
 fanout126/X
 fanout127/X
 fanout128/X
 fanout129/X
 fanout130/X
 fanout131/X
 fanout132/X
 fanout133/X
 fanout134/X
 fanout135/X
 fanout136/X
 fanout137/X
 fanout138/X
 fanout139/X
 fanout140/X
 fanout141/X
 fanout142/X
 fanout143/X
 fanout144/X
 fanout145/X
 fanout146/X
 fanout147/X
 fanout148/X
 fanout149/X
 fanout150/X
 fanout151/X
 fanout152/X
 fanout153/X
 fanout154/X
 fanout155/X
 fanout156/X
 fanout157/X
 fanout158/X
 fanout159/X
 fanout160/X
 fanout161/X
 fanout162/X
 fanout163/X
 fanout164/X
 fanout165/X
 fanout166/X
 fanout167/X
 fanout168/X
 fanout169/X
 fanout170/X
 fanout171/X
 fanout172/X
 fanout173/X
 fanout174/X
 fanout175/X
 fanout176/X
 fanout177/X
 fanout178/X
 fanout179/X
 fanout180/X
 fanout181/X
 fanout182/X
 fanout183/X
 fanout83/X
 fanout84/X
 fanout85/X
 fanout86/X
 fanout87/X
 fanout88/X
 fanout89/X
 fanout90/X
 fanout91/X
 fanout92/X
 fanout93/X
 fanout94/X
 fanout95/X
 fanout96/X
 fanout97/X
 fanout98/X
 fanout99/X
 input1/X
 input10/X
 input11/X
 input12/X
 input13/X
 input14/X
 input15/X
 input16/X
 input17/X
 input18/X
 input19/X
 input2/X
 input20/X
 input21/X
 input22/X
 input23/X
 input24/X
 input25/X
 input26/X
 input27/X
 input28/X
 input29/X
 input3/X
 input30/X
 input31/X
 input32/X
 input33/X
 input34/X
 input4/X
 input5/X
 input6/X
 input7/X
 input8/X
 input9/X
 output35/X
 output36/X
 output37/X
 output38/X
 output39/X
 output40/X
 output41/X
 output42/X
 output43/X
 output44/X
 output45/X
 output46/X
 output47/X
 output48/X
 output49/X
 output50/X
 output51/X
 output52/X
 output53/X
 output54/X
 output55/X
 output56/X
 output57/X
 output58/X
 output59/X
 output60/X
 output61/X
 output62/X
 output63/X
 output64/X
 output65/X
 output66/X
 output67/X
 output68/X
 output69/X
 output70/X
 output71/X
 output72/X
 output73/X
 output74/X
 output75/X
 output76/X
 output77/X
 output78/X
 output79/X
 output80/X
 output81/X
 output82/X
Found 0 partially unannotated drivers.
parastic_annotation_check
check_slew

===========================================================================
 report_check_types -max_slew -max_cap -max_fanout -violators
============================================================================

===========================================================================
max slew violation count 0
max fanout violation count 0
max cap violation count 0
============================================================================
check_slew_end
tns_report

===========================================================================
 report_tns
============================================================================
tns 0.00
tns_report_end
wns_report

===========================================================================
 report_wns
============================================================================
wns 0.00
wns_report_end
worst_slack

===========================================================================
 report_worst_slack -max (Setup)
============================================================================
worst slack 7.53

===========================================================================
 report_worst_slack -min (Hold)
============================================================================
worst slack 6.72
worst_slack_end
clock_skew

===========================================================================
 report_clock_skew
============================================================================
Clock clk_48
No launch/capture paths found.

clock_skew_end
power_report

===========================================================================
 report_power
============================================================================
Group                  Internal  Switching    Leakage      Total
                          Power      Power      Power      Power (Watts)
----------------------------------------------------------------
Sequential             5.08e-04   2.69e-04   3.07e-09   7.77e-04  29.6%
Combinational          9.54e-04   8.97e-04   8.53e-09   1.85e-03  70.4%
Macro                  0.00e+00   0.00e+00   0.00e+00   0.00e+00   0.0%
Pad                    0.00e+00   0.00e+00   0.00e+00   0.00e+00   0.0%
----------------------------------------------------------------
Total                  1.46e-03   1.17e-03   1.16e-08   2.63e-03 100.0%
                          55.6%      44.4%       0.0%
power_report_end
area_report

===========================================================================
 report_design_area
============================================================================
Design area 24426 u^2 45% utilization.
area_report_end
Setting global connections for newly added cells...
Writing OpenROAD database to /openlane/designs/vahid6i/runs/RUN_2023.04.06_14.48.18/tmp/placement/8-resizer.odb...
Writing netlist to /openlane/designs/vahid6i/runs/RUN_2023.04.06_14.48.18/tmp/placement/8-resizer.nl.v...
Writing powered netlist to /openlane/designs/vahid6i/runs/RUN_2023.04.06_14.48.18/tmp/placement/8-resizer.pnl.v...
Writing layout to /openlane/designs/vahid6i/runs/RUN_2023.04.06_14.48.18/tmp/placement/8-resizer.def...
Writing timing constraints to /openlane/designs/vahid6i/runs/RUN_2023.04.06_14.48.18/tmp/placement/8-resizer.sdc...

