
===========================================================================
report_checks -path_delay max (Setup)
============================================================================
Startpoint: clock (input port clocked by clk_48)
Endpoint: led_clock (output port clocked by clk_48)
Path Group: clk_48
Path Type: max

Fanout     Cap    Slew   Delay    Time   Description
-----------------------------------------------------------------------------
                  0.00    0.00    0.00   clock clk_48 (rise edge)
                          0.00    0.00   clock network delay (ideal)
                          3.00    3.00 ^ input external delay
                  0.02    0.01    3.01 ^ clock (in)
     1    0.00                           clock (net)
                  0.02    0.00    3.01 ^ input33/A (sky130_fd_sc_hd__clkbuf_1)
                  0.06    0.09    3.10 ^ input33/X (sky130_fd_sc_hd__clkbuf_1)
     1    0.00                           net33 (net)
                  0.06    0.00    3.10 ^ fanout191/A (sky130_fd_sc_hd__clkbuf_2)
                  0.13    0.18    3.28 ^ fanout191/X (sky130_fd_sc_hd__clkbuf_2)
     3    0.02                           net191 (net)
                  0.13    0.00    3.28 ^ fanout190/A (sky130_fd_sc_hd__clkbuf_2)
                  0.10    0.18    3.46 ^ fanout190/X (sky130_fd_sc_hd__clkbuf_2)
     3    0.02                           net190 (net)
                  0.10    0.00    3.47 ^ fanout177/A (sky130_fd_sc_hd__dlymetal6s2s_1)
                  0.16    0.20    3.67 ^ fanout177/X (sky130_fd_sc_hd__dlymetal6s2s_1)
     3    0.01                           net177 (net)
                  0.16    0.00    3.67 ^ fanout173/A (sky130_fd_sc_hd__dlymetal6s2s_1)
                  0.19    0.24    3.91 ^ fanout173/X (sky130_fd_sc_hd__dlymetal6s2s_1)
     6    0.02                           net173 (net)
                  0.19    0.00    3.91 ^ _3702_/A (sky130_fd_sc_hd__clkbuf_1)
                  0.04    0.11    4.02 ^ _3702_/X (sky130_fd_sc_hd__clkbuf_1)
     1    0.00                           net78 (net)
                  0.04    0.00    4.02 ^ output78/A (sky130_fd_sc_hd__buf_2)
                  0.17    0.21    4.23 ^ output78/X (sky130_fd_sc_hd__buf_2)
     1    0.03                           led_clock (net)
                  0.17    0.00    4.23 ^ led_clock (out)
                                  4.23   data arrival time

                  0.00   15.00   15.00   clock clk_48 (rise edge)
                          0.00   15.00   clock network delay (ideal)
                         -0.25   14.75   clock uncertainty
                          0.00   14.75   clock reconvergence pessimism
                         -3.00   11.75   output external delay
                                 11.75   data required time
-----------------------------------------------------------------------------
                                 11.75   data required time
                                 -4.23   data arrival time
-----------------------------------------------------------------------------
                                  7.52   slack (MET)


