OpenROAD 6840b7481d49c83870f79646cf979e66f22f6833 
This program is licensed under the BSD-3 license. See the LICENSE file for details.
Components of this program may be licensed under more restrictive licenses which must be honored.
[INFO]: Reading ODB at '/openlane/designs/vahid6i/runs/RUN_2023.04.16_13.47.40/tmp/floorplan/6-pdn.odb'...
[INFO]: Setting RC values...
[INFO]: Setting signal min routing layer to: met1 and clock min routing layer to met1. 
[INFO]: Setting signal max routing layer to: met5 and clock max routing layer to met5. 
[INFO GPL-0002] DBU: 1000
[INFO GPL-0003] SiteSize: 460 2720
[INFO GPL-0004] CoreAreaLxLy: 5520 10880
[INFO GPL-0005] CoreAreaUxUy: 243800 247520
[INFO GPL-0006] NumInstances: 3054
[INFO GPL-0007] NumPlaceInstances: 2079
[INFO GPL-0008] NumFixedInstances: 975
[INFO GPL-0009] NumDummyInstances: 0
[INFO GPL-0010] NumNets: 2113
[INFO GPL-0011] NumPins: 7257
[INFO GPL-0012] DieAreaLxLy: 0 0
[INFO GPL-0013] DieAreaUxUy: 249555 260275
[INFO GPL-0014] CoreAreaLxLy: 5520 10880
[INFO GPL-0015] CoreAreaUxUy: 243800 247520
[INFO GPL-0016] CoreArea: 56386579200
[INFO GPL-0017] NonPlaceInstsArea: 1655337600
[INFO GPL-0018] PlaceInstsArea: 22755574400
[INFO GPL-0019] Util(%): 41.58
[INFO GPL-0020] StdInstsArea: 22755574400
[INFO GPL-0021] MacroInstsArea: 0
[InitialPlace]  Iter: 1 CG residual: 0.00000569 HPWL: 38383055
[InitialPlace]  Iter: 2 CG residual: 0.00000010 HPWL: 34948619
[InitialPlace]  Iter: 3 CG residual: 0.00000009 HPWL: 35181685
[InitialPlace]  Iter: 4 CG residual: 0.00000010 HPWL: 35303534
[InitialPlace]  Iter: 5 CG residual: 0.00000011 HPWL: 35290475
[INFO GPL-0031] FillerInit: NumGCells: 2509
[INFO GPL-0032] FillerInit: NumGNets: 2113
[INFO GPL-0033] FillerInit: NumGPins: 7257
[INFO GPL-0023] TargetDensity: 0.50
[INFO GPL-0024] AveragePlaceInstArea: 10945442
[INFO GPL-0025] IdealBinArea: 21890884
[INFO GPL-0026] IdealBinCnt: 2575
[INFO GPL-0027] TotalBinArea: 56386579200
[INFO GPL-0028] BinCnt: 32 32
[INFO GPL-0029] BinSize: 7447 7395
[INFO GPL-0030] NumBins: 1024
[NesterovSolve] Iter: 1 overflow: 0.950231 HPWL: 23105841
[NesterovSolve] Iter: 10 overflow: 0.881692 HPWL: 30053504
[NesterovSolve] Iter: 20 overflow: 0.878366 HPWL: 30198570
[NesterovSolve] Iter: 30 overflow: 0.877026 HPWL: 30092766
[NesterovSolve] Iter: 40 overflow: 0.876058 HPWL: 30078672
[NesterovSolve] Iter: 50 overflow: 0.875588 HPWL: 30079746
[NesterovSolve] Iter: 60 overflow: 0.875657 HPWL: 30079049
[NesterovSolve] Iter: 70 overflow: 0.875621 HPWL: 30081140
[NesterovSolve] Iter: 80 overflow: 0.875436 HPWL: 30086287
[NesterovSolve] Iter: 90 overflow: 0.875125 HPWL: 30101889
[NesterovSolve] Iter: 100 overflow: 0.87479 HPWL: 30131080
[NesterovSolve] Iter: 110 overflow: 0.874474 HPWL: 30174114
[NesterovSolve] Iter: 120 overflow: 0.873945 HPWL: 30248993
[NesterovSolve] Iter: 130 overflow: 0.872959 HPWL: 30382213
[NesterovSolve] Iter: 140 overflow: 0.870995 HPWL: 30614074
[NesterovSolve] Iter: 150 overflow: 0.867734 HPWL: 31028615
[NesterovSolve] Iter: 160 overflow: 0.862385 HPWL: 31793826
[NesterovSolve] Iter: 170 overflow: 0.854731 HPWL: 32931996
[NesterovSolve] Iter: 180 overflow: 0.84527 HPWL: 34278931
[NesterovSolve] Iter: 190 overflow: 0.831171 HPWL: 35854657
[NesterovSolve] Iter: 200 overflow: 0.812342 HPWL: 37929391
[NesterovSolve] Iter: 210 overflow: 0.786991 HPWL: 40364832
[INFO GPL-0100] worst slack 8.06e-09
[INFO GPL-0103] Weighted 2 nets.
[NesterovSolve] Iter: 220 overflow: 0.762944 HPWL: 42684340
[NesterovSolve] Iter: 230 overflow: 0.726031 HPWL: 45364617
[NesterovSolve] Iter: 240 overflow: 0.691005 HPWL: 47525438
[NesterovSolve] Iter: 250 overflow: 0.647327 HPWL: 49754132
[INFO GPL-0100] worst slack 8.06e-09
[INFO GPL-0103] Weighted 2 nets.
[NesterovSolve] Iter: 260 overflow: 0.60302 HPWL: 51679275
[NesterovSolve] Snapshot saved at iter = 260
[NesterovSolve] Iter: 270 overflow: 0.556854 HPWL: 53483062
[NesterovSolve] Iter: 280 overflow: 0.504085 HPWL: 55591635
[INFO GPL-0100] worst slack 7.66e-09
[INFO GPL-0103] Weighted 2 nets.
[NesterovSolve] Iter: 290 overflow: 0.452818 HPWL: 57199547
[NesterovSolve] Iter: 300 overflow: 0.399193 HPWL: 58072669
[NesterovSolve] Iter: 310 overflow: 0.35001 HPWL: 58799862
[NesterovSolve] Iter: 320 overflow: 0.317105 HPWL: 59077095
[INFO GPL-0100] worst slack 7.84e-09
[INFO GPL-0103] Weighted 2 nets.
[NesterovSolve] Iter: 330 overflow: 0.280976 HPWL: 59614102
[NesterovSolve] Iter: 340 overflow: 0.24929 HPWL: 60082879
[NesterovSolve] Iter: 350 overflow: 0.222411 HPWL: 60387846
[INFO GPL-0100] worst slack 7.69e-09
[INFO GPL-0103] Weighted 2 nets.
[INFO GPL-0075] Routability numCall: 1 inflationIterCnt: 1 bloatIterCnt: 0
[INFO GPL-0036] TileLxLy: 0 0
[INFO GPL-0037] TileSize: 6900 6900
[INFO GPL-0038] TileCnt: 36 37
[INFO GPL-0039] numRoutingLayers: 6
[INFO GPL-0040] NumTiles: 1332
[INFO GPL-0063] TotalRouteOverflowH2: 0.0
[INFO GPL-0064] TotalRouteOverflowV2: 0.06666672229766846
[INFO GPL-0065] OverflowTileCnt2: 1
[INFO GPL-0066] 0.5%RC: 1.005128209407513
[INFO GPL-0067] 1.0%RC: 1.0026666688919068
[INFO GPL-0068] 2.0%RC: 1.0
[INFO GPL-0069] 5.0%RC: 0.9905027910317789
[INFO GPL-0070] 0.5rcK: 1.0
[INFO GPL-0071] 1.0rcK: 1.0
[INFO GPL-0072] 2.0rcK: 0.0
[INFO GPL-0073] 5.0rcK: 0.0
[INFO GPL-0074] FinalRC: 1.0038974
[NesterovSolve] Iter: 360 overflow: 0.193263 HPWL: 60622493
[NesterovSolve] Iter: 370 overflow: 0.170867 HPWL: 60897133
[NesterovSolve] Iter: 380 overflow: 0.144464 HPWL: 61117373
[INFO GPL-0100] worst slack 7.8e-09
[INFO GPL-0103] Weighted 2 nets.
[NesterovSolve] Iter: 390 overflow: 0.12125 HPWL: 61382972
[NesterovSolve] Iter: 400 overflow: 0.100924 HPWL: 61573461
[NesterovSolve] Finished with Overflow: 0.099794
Setting global connections for newly added cells...
Writing OpenROAD database to /openlane/designs/vahid6i/runs/RUN_2023.04.16_13.47.40/tmp/placement/7-global.odb...
Writing layout to /openlane/designs/vahid6i/runs/RUN_2023.04.16_13.47.40/tmp/placement/7-global.def...
[INFO]: Setting RC values...
min_report

===========================================================================
report_checks -path_delay min (Hold)
============================================================================
Startpoint: clock (input port clocked by clk_48)
Endpoint: led_clock (output port clocked by clk_48)
Path Group: clk_48
Path Type: min

Fanout     Cap    Slew   Delay    Time   Description
-----------------------------------------------------------------------------
                  0.00    0.00    0.00   clock clk_48 (rise edge)
                          0.00    0.00   clock network delay (ideal)
                          3.00    3.00 v input external delay
                  1.89    1.31    4.31 v clock (in)
   343    0.86                           clock (net)
                  1.89    0.00    4.31 v _3702_/A (sky130_fd_sc_hd__buf_2)
                  0.13    0.65    4.96 v _3702_/X (sky130_fd_sc_hd__buf_2)
     1    0.03                           led_clock (net)
                  0.13    0.00    4.96 v led_clock (out)
                                  4.96   data arrival time

                  0.00    0.00    0.00   clock clk_48 (rise edge)
                          0.00    0.00   clock network delay (ideal)
                          0.25    0.25   clock uncertainty
                          0.00    0.25   clock reconvergence pessimism
                         -3.00   -2.75   output external delay
                                 -2.75   data required time
-----------------------------------------------------------------------------
                                 -2.75   data required time
                                 -4.96   data arrival time
-----------------------------------------------------------------------------
                                  7.71   slack (MET)


min_report_end
max_report

===========================================================================
report_checks -path_delay max (Setup)
============================================================================
Startpoint: clock (input port clocked by clk_48)
Endpoint: led_clock (output port clocked by clk_48)
Path Group: clk_48
Path Type: max

Fanout     Cap    Slew   Delay    Time   Description
-----------------------------------------------------------------------------
                  0.00    0.00    0.00   clock clk_48 (rise edge)
                          0.00    0.00   clock network delay (ideal)
                          3.00    3.00 ^ input external delay
                  4.09    2.96    5.96 ^ clock (in)
   343    0.92                           clock (net)
                  4.09    0.00    5.96 ^ _3702_/A (sky130_fd_sc_hd__buf_2)
                  0.20    0.64    6.59 ^ _3702_/X (sky130_fd_sc_hd__buf_2)
     1    0.03                           led_clock (net)
                  0.20    0.00    6.59 ^ led_clock (out)
                                  6.59   data arrival time

                  0.00   15.00   15.00   clock clk_48 (rise edge)
                          0.00   15.00   clock network delay (ideal)
                         -0.25   14.75   clock uncertainty
                          0.00   14.75   clock reconvergence pessimism
                         -3.00   11.75   output external delay
                                 11.75   data required time
-----------------------------------------------------------------------------
                                 11.75   data required time
                                 -6.59   data arrival time
-----------------------------------------------------------------------------
                                  5.16   slack (MET)


max_report_end
check_report

===========================================================================
report_checks -unconstrained
============================================================================
Startpoint: clock (input port clocked by clk_48)
Endpoint: led_clock (output port clocked by clk_48)
Path Group: clk_48
Path Type: max

Fanout     Cap    Slew   Delay    Time   Description
-----------------------------------------------------------------------------
                  0.00    0.00    0.00   clock clk_48 (rise edge)
                          0.00    0.00   clock network delay (ideal)
                          3.00    3.00 ^ input external delay
                  4.09    2.96    5.96 ^ clock (in)
   343    0.92                           clock (net)
                  4.09    0.00    5.96 ^ _3702_/A (sky130_fd_sc_hd__buf_2)
                  0.20    0.64    6.59 ^ _3702_/X (sky130_fd_sc_hd__buf_2)
     1    0.03                           led_clock (net)
                  0.20    0.00    6.59 ^ led_clock (out)
                                  6.59   data arrival time

                  0.00   15.00   15.00   clock clk_48 (rise edge)
                          0.00   15.00   clock network delay (ideal)
                         -0.25   14.75   clock uncertainty
                          0.00   14.75   clock reconvergence pessimism
                         -3.00   11.75   output external delay
                                 11.75   data required time
-----------------------------------------------------------------------------
                                 11.75   data required time
                                 -6.59   data arrival time
-----------------------------------------------------------------------------
                                  5.16   slack (MET)



===========================================================================
report_checks --slack_max -0.01
============================================================================
No paths found.
check_report_end
parastic_annotation_check

===========================================================================
report_parasitic_annotation -report_unannotated
============================================================================
Found 2113 unannotated drivers.
 D_R_data[0]
 D_R_data[10]
 D_R_data[11]
 D_R_data[12]
 D_R_data[13]
 D_R_data[14]
 D_R_data[15]
 D_R_data[1]
 D_R_data[2]
 D_R_data[3]
 D_R_data[4]
 D_R_data[5]
 D_R_data[6]
 D_R_data[7]
 D_R_data[8]
 D_R_data[9]
 I_data[0]
 I_data[10]
 I_data[11]
 I_data[12]
 I_data[13]
 I_data[14]
 I_data[15]
 I_data[1]
 I_data[2]
 I_data[3]
 I_data[4]
 I_data[5]
 I_data[6]
 I_data[7]
 I_data[8]
 I_data[9]
 clock
 reset
 _1640_/X
 _1641_/X
 _1642_/X
 _1643_/Y
 _1644_/X
 _1645_/X
 _1646_/X
 _1647_/X
 _1648_/X
 _1649_/X
 _1650_/X
 _1651_/X
 _1652_/X
 _1653_/X
 _1654_/X
 _1655_/X
 _1656_/X
 _1657_/X
 _1658_/X
 _1659_/X
 _1660_/X
 _1661_/X
 _1662_/X
 _1663_/X
 _1664_/X
 _1665_/X
 _1666_/X
 _1667_/X
 _1668_/X
 _1669_/X
 _1670_/X
 _1671_/X
 _1672_/X
 _1673_/X
 _1674_/X
 _1675_/X
 _1676_/X
 _1677_/X
 _1678_/X
 _1679_/X
 _1680_/X
 _1681_/X
 _1682_/X
 _1683_/X
 _1684_/Y
 _1685_/X
 _1686_/X
 _1687_/X
 _1688_/Y
 _1689_/Y
 _1690_/Y
 _1691_/X
 _1692_/X
 _1693_/X
 _1694_/X
 _1695_/X
 _1696_/Y
 _1697_/X
 _1698_/Y
 _1699_/Y
 _1700_/Y
 _1701_/Y
 _1702_/Y
 _1703_/X
 _1704_/Y
 _1705_/Y
 _1706_/X
 _1707_/X
 _1708_/Y
 _1709_/X
 _1710_/Y
 _1711_/X
 _1712_/Y
 _1713_/X
 _1714_/X
 _1715_/X
 _1716_/X
 _1717_/X
 _1718_/X
 _1719_/Y
 _1720_/X
 _1721_/X
 _1722_/Y
 _1723_/X
 _1724_/Y
 _1725_/Y
 _1726_/Y
 _1727_/X
 _1728_/X
 _1729_/X
 _1730_/X
 _1731_/X
 _1732_/X
 _1733_/X
 _1734_/X
 _1735_/X
 _1736_/X
 _1737_/X
 _1738_/X
 _1739_/X
 _1740_/X
 _1741_/X
 _1742_/X
 _1743_/X
 _1744_/X
 _1745_/X
 _1746_/X
 _1747_/X
 _1748_/X
 _1749_/X
 _1750_/X
 _1751_/X
 _1752_/X
 _1753_/X
 _1754_/X
 _1755_/X
 _1756_/X
 _1757_/X
 _1758_/X
 _1759_/X
 _1760_/Y
 _1761_/X
 _1762_/X
 _1763_/X
 _1764_/X
 _1765_/X
 _1766_/X
 _1767_/X
 _1768_/X
 _1769_/X
 _1770_/X
 _1771_/X
 _1772_/X
 _1773_/X
 _1774_/X
 _1775_/X
 _1776_/X
 _1777_/X
 _1778_/X
 _1779_/X
 _1780_/X
 _1781_/X
 _1782_/X
 _1783_/X
 _1784_/X
 _1785_/X
 _1786_/X
 _1787_/X
 _1788_/X
 _1789_/X
 _1790_/X
 _1791_/X
 _1792_/X
 _1793_/X
 _1794_/X
 _1795_/X
 _1796_/X
 _1797_/X
 _1798_/X
 _1799_/X
 _1800_/X
 _1801_/X
 _1802_/X
 _1803_/X
 _1804_/X
 _1805_/X
 _1806_/X
 _1807_/X
 _1808_/X
 _1809_/X
 _1810_/X
 _1811_/X
 _1812_/X
 _1813_/X
 _1814_/X
 _1815_/X
 _1816_/X
 _1817_/X
 _1818_/X
 _1819_/X
 _1820_/X
 _1821_/X
 _1822_/X
 _1823_/X
 _1824_/X
 _1825_/X
 _1826_/X
 _1827_/X
 _1828_/X
 _1829_/X
 _1830_/X
 _1831_/X
 _1832_/X
 _1833_/X
 _1834_/X
 _1835_/X
 _1836_/X
 _1837_/X
 _1838_/X
 _1839_/X
 _1840_/X
 _1841_/X
 _1842_/X
 _1843_/X
 _1844_/X
 _1845_/X
 _1846_/X
 _1847_/X
 _1848_/X
 _1849_/X
 _1850_/X
 _1851_/X
 _1852_/X
 _1853_/X
 _1854_/X
 _1855_/X
 _1856_/X
 _1857_/X
 _1858_/X
 _1859_/X
 _1860_/X
 _1861_/X
 _1862_/X
 _1863_/X
 _1864_/X
 _1865_/X
 _1866_/X
 _1867_/X
 _1868_/X
 _1869_/X
 _1870_/X
 _1871_/X
 _1872_/X
 _1873_/X
 _1874_/X
 _1875_/X
 _1876_/X
 _1877_/X
 _1878_/X
 _1879_/X
 _1880_/X
 _1881_/X
 _1882_/X
 _1883_/X
 _1884_/X
 _1885_/X
 _1886_/X
 _1887_/X
 _1888_/X
 _1889_/X
 _1890_/X
 _1891_/X
 _1892_/X
 _1893_/X
 _1894_/X
 _1895_/X
 _1896_/X
 _1897_/X
 _1898_/X
 _1899_/X
 _1900_/X
 _1901_/X
 _1902_/X
 _1903_/X
 _1904_/X
 _1905_/X
 _1906_/X
 _1907_/X
 _1908_/X
 _1909_/X
 _1910_/X
 _1911_/X
 _1912_/X
 _1913_/X
 _1914_/X
 _1915_/X
 _1916_/X
 _1917_/X
 _1918_/X
 _1919_/X
 _1920_/Y
 _1921_/X
 _1922_/X
 _1923_/X
 _1924_/X
 _1925_/X
 _1926_/X
 _1927_/X
 _1928_/Y
 _1929_/Y
 _1930_/X
 _1931_/X
 _1932_/X
 _1933_/X
 _1934_/X
 _1935_/X
 _1936_/X
 _1937_/X
 _1938_/X
 _1939_/X
 _1940_/X
 _1941_/X
 _1942_/X
 _1943_/X
 _1944_/X
 _1945_/X
 _1946_/X
 _1947_/X
 _1948_/X
 _1949_/X
 _1950_/X
 _1951_/X
 _1952_/X
 _1953_/X
 _1954_/X
 _1955_/X
 _1956_/X
 _1957_/X
 _1958_/X
 _1959_/X
 _1960_/X
 _1961_/X
 _1962_/X
 _1963_/X
 _1964_/X
 _1965_/X
 _1966_/X
 _1967_/X
 _1968_/X
 _1969_/X
 _1970_/X
 _1971_/X
 _1972_/X
 _1973_/X
 _1974_/X
 _1975_/X
 _1976_/X
 _1977_/X
 _1978_/X
 _1979_/X
 _1980_/X
 _1981_/X
 _1982_/X
 _1983_/X
 _1984_/X
 _1985_/X
 _1986_/X
 _1987_/X
 _1988_/X
 _1989_/X
 _1990_/X
 _1991_/X
 _1992_/X
 _1993_/X
 _1994_/X
 _1995_/X
 _1996_/X
 _1997_/X
 _1998_/X
 _1999_/X
 _2000_/X
 _2001_/X
 _2002_/X
 _2003_/X
 _2004_/X
 _2005_/X
 _2006_/X
 _2007_/X
 _2008_/X
 _2009_/X
 _2010_/X
 _2011_/X
 _2012_/X
 _2013_/X
 _2014_/X
 _2015_/X
 _2016_/X
 _2017_/X
 _2018_/X
 _2019_/X
 _2020_/X
 _2021_/X
 _2022_/X
 _2023_/X
 _2024_/X
 _2025_/X
 _2026_/X
 _2027_/X
 _2028_/X
 _2029_/X
 _2030_/X
 _2031_/X
 _2032_/X
 _2033_/X
 _2034_/X
 _2035_/X
 _2036_/X
 _2037_/X
 _2038_/X
 _2039_/X
 _2040_/X
 _2041_/X
 _2042_/X
 _2043_/X
 _2044_/X
 _2045_/X
 _2046_/X
 _2047_/X
 _2048_/X
 _2049_/X
 _2050_/X
 _2051_/X
 _2052_/X
 _2053_/X
 _2054_/X
 _2055_/X
 _2056_/X
 _2057_/X
 _2058_/X
 _2059_/X
 _2060_/X
 _2061_/X
 _2062_/X
 _2063_/X
 _2064_/X
 _2065_/X
 _2066_/X
 _2067_/X
 _2068_/X
 _2069_/X
 _2070_/X
 _2071_/X
 _2072_/X
 _2073_/X
 _2074_/X
 _2075_/X
 _2076_/X
 _2077_/X
 _2078_/X
 _2079_/X
 _2080_/X
 _2081_/X
 _2082_/X
 _2083_/X
 _2084_/X
 _2085_/X
 _2086_/X
 _2087_/X
 _2088_/X
 _2089_/X
 _2090_/X
 _2091_/X
 _2092_/X
 _2093_/X
 _2094_/X
 _2095_/X
 _2096_/X
 _2097_/Y
 _2098_/Y
 _2099_/X
 _2100_/X
 _2101_/X
 _2102_/Y
 _2103_/Y
 _2104_/X
 _2105_/X
 _2106_/Y
 _2107_/Y
 _2108_/Y
 _2109_/Y
 _2110_/Y
 _2111_/X
 _2112_/X
 _2113_/X
 _2114_/X
 _2115_/X
 _2116_/X
 _2117_/X
 _2118_/X
 _2119_/Y
 _2120_/Y
 _2121_/Y
 _2122_/Y
 _2123_/Y
 _2124_/X
 _2125_/Y
 _2126_/X
 _2127_/X
 _2128_/X
 _2129_/X
 _2130_/X
 _2131_/Y
 _2132_/X
 _2133_/Y
 _2134_/Y
 _2135_/X
 _2136_/Y
 _2137_/X
 _2138_/X
 _2139_/X
 _2140_/X
 _2141_/X
 _2142_/Y
 _2143_/X
 _2144_/X
 _2145_/Y
 _2146_/X
 _2147_/X
 _2148_/X
 _2149_/Y
 _2150_/X
 _2151_/Y
 _2152_/X
 _2153_/Y
 _2154_/Y
 _2155_/Y
 _2156_/X
 _2157_/Y
 _2158_/X
 _2159_/X
 _2160_/X
 _2161_/X
 _2162_/Y
 _2163_/X
 _2164_/X
 _2165_/Y
 _2166_/X
 _2167_/X
 _2168_/X
 _2169_/X
 _2170_/Y
 _2171_/X
 _2172_/X
 _2173_/Y
 _2174_/X
 _2175_/X
 _2176_/X
 _2177_/X
 _2178_/Y
 _2179_/X
 _2180_/X
 _2181_/X
 _2182_/X
 _2183_/X
 _2184_/Y
 _2185_/X
 _2186_/Y
 _2187_/X
 _2188_/X
 _2189_/Y
 _2190_/X
 _2191_/Y
 _2192_/X
 _2193_/X
 _2194_/Y
 _2195_/Y
 _2196_/X
 _2197_/Y
 _2198_/Y
 _2199_/X
 _2200_/Y
 _2201_/Y
 _2202_/Y
 _2203_/X
 _2204_/Y
 _2205_/X
 _2206_/Y
 _2207_/Y
 _2208_/X
 _2209_/X
 _2210_/X
 _2211_/X
 _2212_/X
 _2213_/Y
 _2214_/Y
 _2215_/Y
 _2216_/X
 _2217_/Y
 _2218_/X
 _2219_/X
 _2220_/X
 _2221_/Y
 _2222_/X
 _2223_/Y
 _2224_/X
 _2225_/X
 _2226_/X
 _2227_/X
 _2228_/X
 _2229_/Y
 _2230_/Y
 _2231_/Y
 _2232_/X
 _2233_/Y
 _2234_/Y
 _2235_/X
 _2236_/X
 _2237_/X
 _2238_/X
 _2239_/X
 _2240_/X
 _2241_/Y
 _2242_/X
 _2243_/Y
 _2244_/X
 _2245_/X
 _2246_/X
 _2247_/X
 _2248_/X
 _2249_/X
 _2250_/X
 _2251_/X
 _2252_/X
 _2253_/X
 _2254_/X
 _2255_/X
 _2256_/X
 _2257_/X
 _2258_/Y
 _2259_/X
 _2260_/X
 _2261_/X
 _2262_/X
 _2263_/X
 _2264_/X
 _2265_/X
 _2266_/X
 _2267_/X
 _2268_/X
 _2269_/X
 _2270_/X
 _2271_/X
 _2272_/Y
 _2273_/Y
 _2274_/X
 _2275_/X
 _2276_/X
 _2277_/X
 _2278_/X
 _2279_/X
 _2280_/X
 _2281_/X
 _2282_/X
 _2283_/X
 _2284_/Y
 _2285_/Y
 _2286_/X
 _2287_/X
 _2288_/Y
 _2289_/Y
 _2290_/X
 _2291_/X
 _2292_/X
 _2293_/X
 _2294_/X
 _2295_/Y
 _2296_/X
 _2297_/X
 _2298_/X
 _2299_/Y
 _2300_/X
 _2301_/X
 _2302_/X
 _2303_/X
 _2304_/X
 _2305_/X
 _2306_/X
 _2307_/X
 _2308_/X
 _2309_/X
 _2310_/X
 _2311_/X
 _2312_/X
 _2313_/X
 _2314_/X
 _2315_/X
 _2316_/X
 _2317_/Y
 _2318_/X
 _2319_/Y
 _2320_/X
 _2321_/X
 _2322_/X
 _2323_/X
 _2324_/X
 _2325_/X
 _2326_/X
 _2327_/X
 _2328_/X
 _2329_/X
 _2330_/Y
 _2331_/Y
 _2332_/Y
 _2333_/X
 _2334_/X
 _2335_/Y
 _2336_/Y
 _2337_/X
 _2338_/X
 _2339_/X
 _2340_/X
 _2341_/X
 _2342_/X
 _2343_/Y
 _2344_/Y
 _2345_/Y
 _2346_/Y
 _2347_/Y
 _2348_/Y
 _2349_/X
 _2350_/Y
 _2351_/X
 _2352_/X
 _2353_/X
 _2354_/X
 _2355_/X
 _2356_/X
 _2357_/X
 _2358_/X
 _2359_/Y
 _2360_/X
 _2361_/X
 _2362_/X
 _2363_/X
 _2364_/X
 _2365_/X
 _2366_/X
 _2367_/X
 _2368_/Y
 _2369_/X
 _2370_/Y
 _2371_/X
 _2372_/X
 _2373_/X
 _2374_/X
 _2375_/X
 _2376_/X
 _2377_/X
 _2378_/Y
 _2379_/Y
 _2380_/Y
 _2381_/X
 _2382_/X
 _2383_/X
 _2384_/X
 _2385_/X
 _2386_/X
 _2387_/X
 _2388_/Y
 _2389_/Y
 _2390_/Y
 _2391_/Y
 _2392_/Y
 _2393_/Y
 _2394_/X
 _2395_/X
 _2396_/X
 _2397_/X
 _2398_/X
 _2399_/X
 _2400_/X
 _2401_/Y
 _2402_/X
 _2403_/X
 _2404_/X
 _2405_/X
 _2406_/X
 _2407_/X
 _2408_/X
 _2409_/X
 _2410_/Y
 _2411_/X
 _2412_/Y
 _2413_/Y
 _2414_/X
 _2415_/X
 _2416_/X
 _2417_/Y
 _2418_/X
 _2419_/X
 _2420_/X
 _2421_/X
 _2422_/X
 _2423_/X
 _2424_/Y
 _2425_/Y
 _2426_/Y
 _2427_/Y
 _2428_/X
 _2429_/X
 _2430_/X
 _2431_/X
 _2432_/X
 _2433_/X
 _2434_/X
 _2435_/X
 _2436_/X
 _2437_/X
 _2438_/X
 _2439_/X
 _2440_/X
 _2441_/X
 _2442_/X
 _2443_/X
 _2444_/X
 _2445_/X
 _2446_/X
 _2447_/X
 _2448_/X
 _2449_/X
 _2450_/X
 _2451_/X
 _2452_/X
 _2453_/X
 _2454_/X
 _2455_/X
 _2456_/X
 _2457_/X
 _2458_/X
 _2459_/X
 _2460_/X
 _2461_/X
 _2462_/X
 _2463_/X
 _2464_/X
 _2465_/X
 _2466_/X
 _2467_/X
 _2468_/X
 _2469_/X
 _2470_/X
 _2471_/X
 _2472_/X
 _2473_/Y
 _2474_/X
 _2475_/X
 _2476_/X
 _2477_/X
 _2478_/X
 _2479_/X
 _2480_/X
 _2481_/X
 _2482_/X
 _2483_/X
 _2484_/X
 _2485_/X
 _2486_/X
 _2487_/X
 _2488_/X
 _2489_/X
 _2490_/X
 _2491_/X
 _2492_/X
 _2493_/X
 _2494_/X
 _2495_/X
 _2496_/X
 _2497_/X
 _2498_/X
 _2499_/X
 _2500_/X
 _2501_/X
 _2502_/X
 _2503_/X
 _2504_/X
 _2505_/X
 _2506_/X
 _2507_/X
 _2508_/X
 _2509_/X
 _2510_/X
 _2511_/X
 _2512_/X
 _2513_/X
 _2514_/X
 _2515_/X
 _2516_/X
 _2517_/X
 _2518_/X
 _2519_/X
 _2520_/X
 _2521_/X
 _2522_/X
 _2523_/X
 _2524_/X
 _2525_/X
 _2526_/X
 _2527_/X
 _2528_/X
 _2529_/X
 _2530_/X
 _2531_/X
 _2532_/X
 _2533_/X
 _2534_/X
 _2535_/X
 _2536_/X
 _2537_/X
 _2538_/X
 _2539_/X
 _2540_/X
 _2541_/X
 _2542_/X
 _2543_/X
 _2544_/X
 _2545_/X
 _2546_/X
 _2547_/X
 _2548_/X
 _2549_/X
 _2550_/X
 _2551_/X
 _2552_/X
 _2553_/X
 _2554_/X
 _2555_/X
 _2556_/X
 _2557_/X
 _2558_/X
 _2559_/X
 _2560_/X
 _2561_/X
 _2562_/X
 _2563_/X
 _2564_/X
 _2565_/X
 _2566_/X
 _2567_/X
 _2568_/X
 _2569_/X
 _2570_/X
 _2571_/X
 _2572_/X
 _2573_/X
 _2574_/X
 _2575_/X
 _2576_/X
 _2577_/X
 _2578_/X
 _2579_/X
 _2580_/X
 _2581_/X
 _2582_/X
 _2583_/X
 _2584_/X
 _2585_/X
 _2586_/X
 _2587_/X
 _2588_/X
 _2589_/X
 _2590_/X
 _2591_/X
 _2592_/X
 _2593_/X
 _2594_/X
 _2595_/X
 _2596_/X
 _2597_/X
 _2598_/X
 _2599_/X
 _2600_/X
 _2601_/X
 _2602_/X
 _2603_/X
 _2604_/X
 _2605_/X
 _2606_/X
 _2607_/X
 _2608_/X
 _2609_/X
 _2610_/X
 _2611_/X
 _2612_/X
 _2613_/X
 _2614_/X
 _2615_/X
 _2616_/X
 _2617_/X
 _2618_/X
 _2619_/X
 _2620_/X
 _2621_/X
 _2622_/X
 _2623_/X
 _2624_/X
 _2625_/X
 _2626_/X
 _2627_/X
 _2628_/X
 _2629_/Y
 _2630_/X
 _2631_/X
 _2632_/X
 _2633_/X
 _2634_/X
 _2635_/X
 _2636_/X
 _2637_/X
 _2638_/X
 _2639_/X
 _2640_/X
 _2641_/X
 _2642_/X
 _2643_/X
 _2644_/X
 _2645_/X
 _2646_/X
 _2647_/X
 _2648_/X
 _2649_/X
 _2650_/X
 _2651_/X
 _2652_/X
 _2653_/X
 _2654_/X
 _2655_/X
 _2656_/X
 _2657_/X
 _2658_/X
 _2659_/X
 _2660_/X
 _2661_/X
 _2662_/X
 _2663_/X
 _2664_/X
 _2665_/X
 _2666_/X
 _2667_/X
 _2668_/X
 _2669_/X
 _2670_/X
 _2671_/X
 _2672_/X
 _2673_/X
 _2674_/X
 _2675_/X
 _2676_/X
 _2677_/X
 _2678_/X
 _2679_/X
 _2680_/X
 _2681_/X
 _2682_/X
 _2683_/X
 _2684_/X
 _2685_/X
 _2686_/X
 _2687_/X
 _2688_/X
 _2689_/X
 _2690_/X
 _2691_/X
 _2692_/X
 _2693_/X
 _2694_/X
 _2695_/X
 _2696_/X
 _2697_/X
 _2698_/X
 _2699_/X
 _2700_/Y
 _2701_/X
 _2702_/X
 _2703_/X
 _2704_/X
 _2705_/X
 _2706_/X
 _2707_/X
 _2708_/X
 _2709_/X
 _2710_/X
 _2711_/X
 _2712_/X
 _2713_/X
 _2714_/X
 _2715_/X
 _2716_/X
 _2717_/X
 _2718_/X
 _2719_/X
 _2720_/X
 _2721_/X
 _2722_/X
 _2723_/X
 _2724_/X
 _2725_/X
 _2726_/X
 _2727_/X
 _2728_/X
 _2729_/X
 _2730_/X
 _2731_/X
 _2732_/X
 _2733_/X
 _2734_/X
 _2735_/X
 _2736_/X
 _2737_/X
 _2738_/X
 _2739_/X
 _2740_/X
 _2741_/X
 _2742_/X
 _2743_/X
 _2744_/X
 _2745_/X
 _2746_/X
 _2747_/X
 _2748_/X
 _2749_/X
 _2750_/X
 _2751_/X
 _2752_/X
 _2753_/X
 _2754_/X
 _2755_/X
 _2756_/X
 _2757_/X
 _2758_/X
 _2759_/X
 _2760_/X
 _2761_/X
 _2762_/X
 _2763_/X
 _2764_/X
 _2765_/X
 _2766_/X
 _2767_/X
 _2768_/X
 _2769_/X
 _2770_/X
 _2771_/X
 _2772_/X
 _2773_/X
 _2774_/X
 _2775_/X
 _2776_/X
 _2777_/X
 _2778_/X
 _2779_/X
 _2780_/X
 _2781_/X
 _2782_/X
 _2783_/X
 _2784_/X
 _2785_/X
 _2786_/X
 _2787_/X
 _2788_/X
 _2789_/X
 _2790_/X
 _2791_/X
 _2792_/X
 _2793_/X
 _2794_/X
 _2795_/X
 _2796_/X
 _2797_/X
 _2798_/X
 _2799_/X
 _2800_/X
 _2801_/X
 _2802_/X
 _2803_/X
 _2804_/X
 _2805_/X
 _2806_/X
 _2807_/Y
 _2808_/X
 _2809_/X
 _2810_/X
 _2811_/X
 _2812_/Y
 _2813_/X
 _2814_/X
 _2815_/X
 _2816_/X
 _2817_/Y
 _2818_/X
 _2819_/X
 _2820_/X
 _2821_/X
 _2822_/X
 _2823_/X
 _2824_/X
 _2825_/Y
 _2826_/X
 _2827_/X
 _2828_/Y
 _2829_/Y
 _2830_/X
 _2831_/X
 _2832_/X
 _2833_/X
 _2834_/X
 _2835_/Y
 _2836_/X
 _2837_/X
 _2838_/X
 _2839_/X
 _2840_/X
 _2841_/Y
 _2842_/X
 _2843_/Y
 _2844_/Y
 _2845_/X
 _2846_/X
 _2847_/X
 _2848_/Y
 _2849_/X
 _2850_/X
 _2851_/X
 _2852_/X
 _2853_/X
 _2854_/X
 _2855_/Y
 _2856_/Y
 _2857_/Y
 _2858_/X
 _2859_/Y
 _2860_/Y
 _2861_/Y
 _2862_/Y
 _2863_/Y
 _2864_/X
 _2865_/X
 _2866_/Y
 _2867_/X
 _2868_/X
 _2869_/X
 _2870_/X
 _2871_/Y
 _2872_/X
 _2873_/X
 _2874_/Y
 _2875_/Y
 _2876_/X
 _2877_/Y
 _2878_/X
 _2879_/Y
 _2880_/X
 _2881_/X
 _2882_/X
 _2883_/X
 _2884_/X
 _2885_/X
 _2886_/Y
 _2887_/Y
 _2888_/Y
 _2889_/Y
 _2890_/X
 _2891_/Y
 _2892_/X
 _2893_/X
 _2894_/X
 _2895_/X
 _2896_/X
 _2897_/X
 _2898_/X
 _2899_/X
 _2900_/Y
 _2901_/X
 _2902_/X
 _2903_/Y
 _2904_/X
 _2905_/Y
 _2906_/X
 _2907_/Y
 _2908_/X
 _2909_/X
 _2910_/Y
 _2911_/Y
 _2912_/X
 _2913_/Y
 _2914_/X
 _2915_/Y
 _2916_/X
 _2917_/Y
 _2918_/X
 _2919_/X
 _2920_/X
 _2921_/Y
 _2922_/Y
 _2923_/X
 _2924_/X
 _2925_/Y
 _2926_/X
 _2927_/Y
 _2928_/X
 _2929_/X
 _2930_/X
 _2931_/Y
 _2932_/X
 _2933_/Y
 _2934_/X
 _2935_/X
 _2936_/Y
 _2937_/X
 _2938_/Y
 _2939_/X
 _2940_/X
 _2941_/X
 _2942_/X
 _2943_/X
 _2944_/X
 _2945_/X
 _2946_/X
 _2947_/X
 _2948_/X
 _2949_/Y
 _2950_/Y
 _2951_/X
 _2952_/Y
 _2953_/X
 _2954_/Y
 _2955_/X
 _2956_/Y
 _2957_/Y
 _2958_/X
 _2959_/Y
 _2960_/X
 _2961_/X
 _2962_/X
 _2963_/X
 _2964_/X
 _2965_/X
 _2966_/X
 _2967_/X
 _2968_/X
 _2969_/Y
 _2970_/X
 _2971_/Y
 _2972_/X
 _2973_/Y
 _2974_/Y
 _2975_/X
 _2976_/X
 _2977_/X
 _2978_/X
 _2979_/Y
 _2980_/Y
 _2981_/Y
 _2982_/X
 _2983_/X
 _2984_/X
 _2985_/Y
 _2986_/Y
 _2987_/X
 _2988_/X
 _2989_/X
 _2990_/X
 _2991_/X
 _2992_/Y
 _2993_/X
 _2994_/X
 _2995_/Y
 _2996_/X
 _2997_/Y
 _2998_/X
 _2999_/X
 _3000_/X
 _3001_/X
 _3002_/Y
 _3003_/Y
 _3004_/Y
 _3005_/X
 _3006_/Y
 _3007_/Y
 _3008_/X
 _3009_/Y
 _3010_/Y
 _3011_/X
 _3012_/X
 _3013_/X
 _3014_/X
 _3015_/Y
 _3016_/X
 _3017_/X
 _3018_/Y
 _3019_/Y
 _3020_/Y
 _3021_/X
 _3022_/X
 _3023_/X
 _3024_/X
 _3025_/X
 _3026_/X
 _3027_/X
 _3028_/X
 _3029_/X
 _3030_/X
 _3031_/X
 _3032_/X
 _3033_/X
 _3034_/X
 _3035_/X
 _3036_/X
 _3037_/X
 _3038_/X
 _3039_/X
 _3040_/X
 _3041_/X
 _3042_/X
 _3043_/X
 _3044_/X
 _3045_/X
 _3046_/X
 _3047_/X
 _3048_/X
 _3049_/X
 _3050_/X
 _3051_/X
 _3052_/X
 _3053_/X
 _3054_/X
 _3055_/X
 _3056_/X
 _3057_/X
 _3058_/X
 _3059_/X
 _3060_/X
 _3061_/X
 _3062_/X
 _3063_/X
 _3064_/X
 _3065_/X
 _3066_/X
 _3067_/X
 _3068_/X
 _3069_/X
 _3070_/X
 _3071_/X
 _3072_/X
 _3073_/X
 _3074_/X
 _3075_/X
 _3076_/X
 _3077_/X
 _3078_/X
 _3079_/X
 _3080_/X
 _3081_/X
 _3082_/X
 _3083_/X
 _3084_/X
 _3085_/X
 _3086_/X
 _3087_/X
 _3088_/X
 _3089_/X
 _3090_/X
 _3091_/X
 _3092_/Y
 _3093_/X
 _3094_/X
 _3095_/X
 _3096_/X
 _3097_/X
 _3098_/X
 _3099_/X
 _3100_/X
 _3101_/X
 _3102_/X
 _3103_/X
 _3104_/X
 _3105_/X
 _3106_/X
 _3107_/X
 _3108_/X
 _3109_/X
 _3110_/X
 _3111_/X
 _3112_/X
 _3113_/X
 _3114_/X
 _3115_/X
 _3116_/X
 _3117_/X
 _3118_/X
 _3119_/X
 _3120_/X
 _3121_/X
 _3122_/X
 _3123_/X
 _3124_/X
 _3125_/X
 _3126_/X
 _3127_/X
 _3128_/X
 _3129_/X
 _3130_/X
 _3131_/X
 _3132_/X
 _3133_/X
 _3134_/X
 _3135_/X
 _3136_/X
 _3137_/X
 _3138_/X
 _3139_/X
 _3140_/X
 _3141_/X
 _3142_/X
 _3143_/X
 _3144_/X
 _3145_/X
 _3146_/X
 _3147_/X
 _3148_/X
 _3149_/X
 _3150_/X
 _3151_/X
 _3152_/X
 _3153_/X
 _3154_/X
 _3155_/X
 _3156_/X
 _3157_/X
 _3158_/X
 _3159_/X
 _3160_/X
 _3161_/X
 _3162_/X
 _3163_/X
 _3164_/X
 _3165_/X
 _3166_/X
 _3167_/X
 _3168_/X
 _3169_/X
 _3170_/X
 _3171_/X
 _3172_/X
 _3173_/X
 _3174_/X
 _3175_/X
 _3176_/X
 _3177_/X
 _3178_/X
 _3179_/X
 _3180_/X
 _3181_/X
 _3182_/X
 _3183_/X
 _3184_/X
 _3185_/X
 _3186_/X
 _3187_/X
 _3188_/X
 _3189_/X
 _3190_/X
 _3191_/X
 _3192_/X
 _3193_/X
 _3194_/X
 _3195_/X
 _3196_/X
 _3197_/X
 _3198_/X
 _3199_/X
 _3200_/X
 _3201_/X
 _3202_/X
 _3203_/X
 _3204_/X
 _3205_/X
 _3206_/X
 _3207_/X
 _3208_/X
 _3209_/X
 _3210_/X
 _3211_/X
 _3212_/X
 _3213_/X
 _3214_/X
 _3215_/X
 _3216_/X
 _3217_/X
 _3218_/X
 _3219_/X
 _3220_/X
 _3221_/X
 _3222_/X
 _3223_/X
 _3224_/X
 _3225_/X
 _3226_/X
 _3227_/X
 _3228_/X
 _3229_/X
 _3230_/X
 _3231_/X
 _3232_/X
 _3233_/X
 _3234_/X
 _3235_/X
 _3236_/X
 _3237_/X
 _3238_/X
 _3239_/X
 _3240_/X
 _3241_/X
 _3242_/X
 _3243_/X
 _3244_/Y
 _3245_/X
 _3246_/X
 _3247_/Y
 _3248_/X
 _3249_/X
 _3250_/X
 _3251_/X
 _3252_/X
 _3253_/X
 _3254_/X
 _3255_/X
 _3256_/X
 _3257_/X
 _3258_/X
 _3259_/X
 _3260_/X
 _3261_/X
 _3262_/X
 _3263_/X
 _3264_/X
 _3265_/X
 _3266_/X
 _3267_/X
 _3268_/X
 _3269_/X
 _3270_/X
 _3271_/X
 _3272_/X
 _3273_/X
 _3274_/X
 _3275_/X
 _3276_/X
 _3277_/X
 _3278_/X
 _3279_/X
 _3280_/X
 _3281_/X
 _3282_/X
 _3283_/X
 _3284_/X
 _3285_/X
 _3286_/X
 _3287_/X
 _3288_/X
 _3289_/X
 _3290_/X
 _3291_/X
 _3292_/X
 _3293_/X
 _3294_/X
 _3295_/X
 _3296_/X
 _3297_/Y
 _3298_/X
 _3299_/X
 _3300_/X
 _3301_/X
 _3302_/X
 _3303_/X
 _3304_/X
 _3305_/X
 _3306_/X
 _3307_/X
 _3308_/X
 _3309_/X
 _3310_/X
 _3311_/X
 _3312_/X
 _3313_/X
 _3314_/X
 _3315_/X
 _3316_/X
 _3317_/X
 _3318_/X
 _3319_/Y
 _3320_/X
 _3321_/X
 _3322_/X
 _3323_/X
 _3324_/X
 _3325_/X
 _3326_/X
 _3327_/X
 _3328_/Q
 _3329_/Q
 _3330_/Q
 _3331_/Q
 _3332_/Q
 _3333_/Q
 _3334_/Q
 _3335_/Q
 _3336_/Q
 _3337_/Q
 _3338_/Q
 _3339_/Q
 _3340_/Q
 _3341_/Q
 _3342_/Q
 _3343_/Q
 _3344_/Q
 _3345_/Q
 _3346_/Q
 _3347_/Q
 _3348_/Q
 _3349_/Q
 _3350_/Q
 _3351_/Q
 _3352_/Q
 _3353_/Q
 _3354_/Q
 _3355_/Q
 _3356_/Q
 _3357_/Q
 _3358_/Q
 _3359_/Q
 _3360_/Q
 _3361_/Q
 _3362_/Q
 _3363_/Q
 _3364_/Q
 _3365_/Q
 _3366_/Q
 _3367_/Q
 _3368_/Q
 _3369_/Q
 _3370_/Q
 _3371_/Q
 _3372_/Q
 _3373_/Q
 _3374_/Q
 _3375_/Q
 _3376_/Q
 _3377_/Q
 _3378_/Q
 _3379_/Q
 _3380_/Q
 _3381_/Q
 _3382_/Q
 _3383_/Q
 _3384_/Q
 _3385_/Q
 _3386_/Q
 _3387_/Q
 _3388_/Q
 _3389_/Q
 _3390_/Q
 _3391_/Q
 _3392_/Q
 _3393_/Q
 _3394_/Q
 _3395_/Q
 _3396_/Q
 _3397_/Q
 _3398_/Q
 _3399_/Q
 _3400_/Q
 _3401_/Q
 _3402_/Q
 _3403_/Q
 _3404_/Q
 _3405_/Q
 _3406_/Q
 _3407_/Q
 _3408_/Q
 _3409_/Q
 _3410_/Q
 _3411_/Q
 _3412_/Q
 _3413_/Q
 _3414_/Q
 _3415_/Q
 _3416_/Q
 _3417_/Q
 _3418_/Q
 _3419_/Q
 _3420_/Q
 _3421_/Q
 _3422_/Q
 _3423_/Q
 _3424_/Q
 _3425_/Q
 _3426_/Q
 _3427_/Q
 _3428_/Q
 _3429_/Q
 _3430_/Q
 _3431_/Q
 _3432_/Q
 _3433_/Q
 _3434_/Q
 _3435_/Q
 _3436_/Q
 _3437_/Q
 _3438_/Q
 _3439_/Q
 _3440_/Q
 _3441_/Q
 _3442_/Q
 _3443_/Q
 _3444_/Q
 _3445_/Q
 _3446_/Q
 _3447_/Q
 _3448_/Q
 _3449_/Q
 _3450_/Q
 _3451_/Q
 _3452_/Q
 _3453_/Q
 _3454_/Q
 _3455_/Q
 _3456_/Q
 _3457_/Q
 _3458_/Q
 _3459_/Q
 _3460_/Q
 _3461_/Q
 _3462_/Q
 _3463_/Q
 _3464_/Q
 _3465_/Q
 _3466_/Q
 _3467_/Q
 _3468_/Q
 _3469_/Q
 _3470_/Q
 _3471_/Q
 _3472_/Q
 _3473_/Q
 _3474_/Q
 _3475_/Q
 _3476_/Q
 _3477_/Q
 _3478_/Q
 _3479_/Q
 _3480_/Q
 _3481_/Q
 _3482_/Q
 _3483_/Q
 _3484_/Q
 _3485_/Q
 _3486_/Q
 _3487_/Q
 _3488_/Q
 _3489_/Q
 _3490_/Q
 _3491_/Q
 _3492_/Q
 _3493_/Q
 _3494_/Q
 _3495_/Q
 _3496_/Q
 _3497_/Q
 _3498_/Q
 _3499_/Q
 _3500_/Q
 _3501_/Q
 _3502_/Q
 _3503_/Q
 _3504_/Q
 _3505_/Q
 _3506_/Q
 _3507_/Q
 _3508_/Q
 _3509_/Q
 _3510_/Q
 _3511_/Q
 _3512_/Q
 _3513_/Q
 _3514_/Q
 _3515_/Q
 _3516_/Q
 _3517_/Q
 _3518_/Q
 _3519_/Q
 _3520_/Q
 _3521_/Q
 _3522_/Q
 _3523_/Q
 _3524_/Q
 _3525_/Q
 _3526_/Q
 _3527_/Q
 _3528_/Q
 _3529_/Q
 _3530_/Q
 _3531_/Q
 _3532_/Q
 _3533_/Q
 _3534_/Q
 _3535_/Q
 _3536_/Q
 _3537_/Q
 _3538_/Q
 _3539_/Q
 _3540_/Q
 _3541_/Q
 _3542_/Q
 _3543_/Q
 _3544_/Q
 _3545_/Q
 _3546_/Q
 _3547_/Q
 _3548_/Q
 _3549_/Q
 _3550_/Q
 _3551_/Q
 _3552_/Q
 _3553_/Q
 _3554_/Q
 _3555_/Q
 _3556_/Q
 _3557_/Q
 _3558_/Q
 _3559_/Q
 _3560_/Q
 _3561_/Q
 _3562_/Q
 _3563_/Q
 _3564_/Q
 _3565_/Q
 _3566_/Q
 _3567_/Q
 _3568_/Q
 _3569_/Q
 _3570_/Q
 _3571_/Q
 _3572_/Q
 _3573_/Q
 _3574_/Q
 _3575_/Q
 _3576_/Q
 _3577_/Q
 _3578_/Q
 _3579_/Q
 _3580_/Q
 _3581_/Q
 _3582_/Q
 _3583_/Q
 _3584_/Q
 _3585_/Q
 _3586_/Q
 _3587_/Q
 _3588_/Q
 _3589_/Q
 _3590_/Q
 _3591_/Q
 _3592_/Q
 _3593_/Q
 _3594_/Q
 _3595_/Q
 _3596_/Q
 _3597_/Q
 _3598_/Q
 _3599_/Q
 _3600_/Q
 _3601_/Q
 _3602_/Q
 _3603_/Q
 _3604_/Q
 _3605_/Q
 _3606_/Q
 _3607_/Q
 _3608_/Q
 _3609_/Q
 _3610_/Q
 _3611_/Q
 _3612_/Q
 _3613_/Q
 _3614_/Q
 _3615_/Q
 _3616_/Q
 _3617_/Q
 _3618_/Q
 _3619_/Q
 _3620_/Q
 _3621_/Q
 _3622_/Q
 _3623_/Q
 _3624_/Q
 _3625_/Q
 _3626_/Q
 _3627_/Q
 _3628_/Q
 _3629_/Q
 _3630_/Q
 _3631_/Q
 _3632_/Q
 _3633_/Q
 _3634_/Q
 _3635_/Q
 _3636_/Q
 _3637_/Q
 _3638_/Q
 _3639_/Q
 _3640_/Q
 _3641_/Q
 _3642_/Q
 _3643_/Q
 _3644_/Q
 _3645_/Q
 _3646_/Q
 _3647_/Q
 _3648_/Q
 _3649_/Q
 _3650_/Q
 _3651_/Q
 _3652_/Q
 _3653_/Q
 _3654_/Q
 _3655_/Q
 _3656_/Q
 _3657_/Q
 _3658_/Q
 _3659_/Q
 _3660_/Q
 _3661_/Q
 _3662_/Q
 _3663_/Q
 _3664_/Q
 _3665_/Q
 _3666_/Q
 _3667_/Q
 _3668_/Q
 _3669_/Q
 _3670_/Q
 _3671_/Q
 _3672_/Q
 _3673_/Q
 _3674_/Q
 _3675_/Q
 _3676_/Q
 _3677_/Q
 _3678_/Q
 _3679_/Q
 _3680_/Q
 _3681_/Q
 _3682_/Q
 _3683_/Q
 _3684_/Q
 _3685_/Q
 _3686_/Q
 _3687_/Q
 _3688_/Q
 _3689_/Q
 _3690_/Q
 _3691_/Q
 _3692_/Q
 _3693_/Q
 _3694_/Q
 _3695_/Q
 _3696_/Q
 _3697_/Q
 _3698_/Q
 _3699_/Q
 _3700_/Q
 _3701_/Q
 _3702_/X
 _3703_/Z
 _3704_/Z
 _3705_/Z
 _3706_/Z
 _3707_/Z
 _3708_/Z
 _3709_/Z
 _3710_/Z
 _3711_/Z
 _3712_/Z
 _3713_/Z
 _3714_/Z
 _3715_/Z
 _3716_/Z
 _3717_/Z
 _3718_/Z
Found 0 partially unannotated drivers.
parastic_annotation_check
check_slew

===========================================================================
 report_check_types -max_slew -max_cap -max_fanout -violators
============================================================================
max slew

Pin                                    Limit    Slew   Slack
------------------------------------------------------------
_3340_/CLK                              1.50    4.09   -2.59 (VIOLATED)
_3391_/CLK                              1.50    4.09   -2.59 (VIOLATED)
_3568_/CLK                              1.50    4.09   -2.59 (VIOLATED)
_3605_/CLK                              1.50    4.09   -2.59 (VIOLATED)
_3388_/CLK                              1.50    4.09   -2.59 (VIOLATED)
_3404_/CLK                              1.50    4.09   -2.59 (VIOLATED)
_3623_/CLK                              1.50    4.09   -2.59 (VIOLATED)
_3342_/CLK                              1.50    4.09   -2.59 (VIOLATED)
_3390_/CLK                              1.50    4.09   -2.59 (VIOLATED)
_3406_/CLK                              1.50    4.09   -2.59 (VIOLATED)
_3337_/CLK                              1.50    4.09   -2.59 (VIOLATED)
_3385_/CLK                              1.50    4.09   -2.59 (VIOLATED)
_3570_/CLK                              1.50    4.09   -2.59 (VIOLATED)
_3639_/CLK                              1.50    4.09   -2.59 (VIOLATED)
_3401_/CLK                              1.50    4.09   -2.59 (VIOLATED)
_3607_/CLK                              1.50    4.09   -2.59 (VIOLATED)
_3440_/CLK                              1.50    4.09   -2.59 (VIOLATED)
_3621_/CLK                              1.50    4.09   -2.59 (VIOLATED)
_3637_/CLK                              1.50    4.09   -2.59 (VIOLATED)
_3474_/CLK                              1.50    4.09   -2.59 (VIOLATED)
_3490_/CLK                              1.50    4.09   -2.59 (VIOLATED)
_3565_/CLK                              1.50    4.09   -2.59 (VIOLATED)
_3458_/CLK                              1.50    4.09   -2.59 (VIOLATED)
_3485_/CLK                              1.50    4.09   -2.59 (VIOLATED)
_3442_/CLK                              1.50    4.09   -2.59 (VIOLATED)
_3620_/CLK                              1.50    4.09   -2.59 (VIOLATED)
_3634_/CLK                              1.50    4.09   -2.59 (VIOLATED)
_3602_/CLK                              1.50    4.09   -2.59 (VIOLATED)
_3618_/CLK                              1.50    4.09   -2.59 (VIOLATED)
_3469_/CLK                              1.50    4.09   -2.59 (VIOLATED)
_3387_/CLK                              1.50    4.09   -2.59 (VIOLATED)
_3403_/CLK                              1.50    4.09   -2.59 (VIOLATED)
_3437_/CLK                              1.50    4.09   -2.59 (VIOLATED)
_3604_/CLK                              1.50    4.09   -2.59 (VIOLATED)
_3636_/CLK                              1.50    4.09   -2.59 (VIOLATED)
_3339_/CLK                              1.50    4.09   -2.59 (VIOLATED)
_3336_/CLK                              1.50    4.09   -2.59 (VIOLATED)
_3384_/CLK                              1.50    4.09   -2.59 (VIOLATED)
_3400_/CLK                              1.50    4.09   -2.59 (VIOLATED)
_3567_/CLK                              1.50    4.09   -2.59 (VIOLATED)
_3343_/CLK                              1.50    4.09   -2.59 (VIOLATED)
_3407_/CLK                              1.50    4.09   -2.59 (VIOLATED)
_3472_/CLK                              1.50    4.09   -2.59 (VIOLATED)
_3488_/CLK                              1.50    4.09   -2.59 (VIOLATED)
_3564_/CLK                              1.50    4.09   -2.59 (VIOLATED)
_3475_/CLK                              1.50    4.09   -2.59 (VIOLATED)
_3491_/CLK                              1.50    4.09   -2.59 (VIOLATED)
_3571_/CLK                              1.50    4.09   -2.59 (VIOLATED)
_3608_/CLK                              1.50    4.09   -2.59 (VIOLATED)
_3624_/CLK                              1.50    4.09   -2.59 (VIOLATED)
_3633_/CLK                              1.50    4.09   -2.59 (VIOLATED)
_3640_/CLK                              1.50    4.09   -2.59 (VIOLATED)
_3601_/CLK                              1.50    4.09   -2.59 (VIOLATED)
_3471_/CLK                              1.50    4.09   -2.59 (VIOLATED)
_3443_/CLK                              1.50    4.09   -2.59 (VIOLATED)
_3487_/CLK                              1.50    4.09   -2.59 (VIOLATED)
_3456_/CLK                              1.50    4.09   -2.59 (VIOLATED)
_3459_/CLK                              1.50    4.09   -2.59 (VIOLATED)
_3504_/CLK                              1.50    4.09   -2.59 (VIOLATED)
_3507_/CLK                              1.50    4.09   -2.59 (VIOLATED)
_3335_/CLK                              1.50    4.09   -2.59 (VIOLATED)
_3383_/CLK                              1.50    4.09   -2.59 (VIOLATED)
_3399_/CLK                              1.50    4.09   -2.59 (VIOLATED)
_3424_/CLK                              1.50    4.09   -2.59 (VIOLATED)
_3427_/CLK                              1.50    4.09   -2.59 (VIOLATED)
_3523_/CLK                              1.50    4.09   -2.59 (VIOLATED)
_3563_/CLK                              1.50    4.09   -2.59 (VIOLATED)
_3632_/CLK                              1.50    4.09   -2.59 (VIOLATED)
_3439_/CLK                              1.50    4.09   -2.59 (VIOLATED)
_3520_/CLK                              1.50    4.09   -2.59 (VIOLATED)
_3617_/CLK                              1.50    4.09   -2.59 (VIOLATED)
_3436_/CLK                              1.50    4.09   -2.59 (VIOLATED)
_3536_/CLK                              1.50    4.09   -2.59 (VIOLATED)
_3539_/CLK                              1.50    4.09   -2.59 (VIOLATED)
_3405_/CLK                              1.50    4.09   -2.59 (VIOLATED)
_3341_/CLK                              1.50    4.09   -2.59 (VIOLATED)
_3389_/CLK                              1.50    4.09   -2.59 (VIOLATED)
_3616_/CLK                              1.50    4.09   -2.59 (VIOLATED)
_3484_/CLK                              1.50    4.09   -2.59 (VIOLATED)
_3468_/CLK                              1.50    4.09   -2.59 (VIOLATED)
_3656_/CLK                              1.50    4.09   -2.59 (VIOLATED)
_3455_/CLK                              1.50    4.09   -2.59 (VIOLATED)
_3503_/CLK                              1.50    4.09   -2.59 (VIOLATED)
_3600_/CLK                              1.50    4.09   -2.59 (VIOLATED)
_3500_/CLK                              1.50    4.09   -2.59 (VIOLATED)
_3615_/CLK                              1.50    4.09   -2.59 (VIOLATED)
_3452_/CLK                              1.50    4.09   -2.59 (VIOLATED)
_3653_/CLK                              1.50    4.09   -2.59 (VIOLATED)
_3435_/CLK                              1.50    4.09   -2.59 (VIOLATED)
_3441_/CLK                              1.50    4.09   -2.59 (VIOLATED)
_3467_/CLK                              1.50    4.09   -2.59 (VIOLATED)
_3483_/CLK                              1.50    4.09   -2.59 (VIOLATED)
_3638_/CLK                              1.50    4.09   -2.59 (VIOLATED)
_3451_/CLK                              1.50    4.09   -2.59 (VIOLATED)
_3499_/CLK                              1.50    4.09   -2.59 (VIOLATED)
_3482_/CLK                              1.50    4.09   -2.59 (VIOLATED)
_3506_/CLK                              1.50    4.09   -2.59 (VIOLATED)
_3538_/CLK                              1.50    4.09   -2.59 (VIOLATED)
_3426_/CLK                              1.50    4.09   -2.59 (VIOLATED)
_3522_/CLK                              1.50    4.09   -2.59 (VIOLATED)
_3606_/CLK                              1.50    4.09   -2.59 (VIOLATED)
_3655_/CLK                              1.50    4.09   -2.59 (VIOLATED)
_3466_/CLK                              1.50    4.09   -2.59 (VIOLATED)
_3457_/CLK                              1.50    4.09   -2.59 (VIOLATED)
_3473_/CLK                              1.50    4.09   -2.59 (VIOLATED)
_3489_/CLK                              1.50    4.09   -2.59 (VIOLATED)
_3505_/CLK                              1.50    4.09   -2.59 (VIOLATED)
_3425_/CLK                              1.50    4.09   -2.59 (VIOLATED)
_3392_/CLK                              1.50    4.09   -2.59 (VIOLATED)
_3470_/CLK                              1.50    4.09   -2.59 (VIOLATED)
_3486_/CLK                              1.50    4.09   -2.59 (VIOLATED)
_3492_/CLK                              1.50    4.09   -2.59 (VIOLATED)
_3376_/CLK                              1.50    4.09   -2.59 (VIOLATED)
_3444_/CLK                              1.50    4.09   -2.59 (VIOLATED)
_3569_/CLK                              1.50    4.09   -2.59 (VIOLATED)
_3537_/CLK                              1.50    4.09   -2.59 (VIOLATED)
_3622_/CLK                              1.50    4.09   -2.59 (VIOLATED)
_3521_/CLK                              1.50    4.09   -2.59 (VIOLATED)
_3328_/CLK                              1.50    4.09   -2.59 (VIOLATED)
_3654_/CLK                              1.50    4.09   -2.59 (VIOLATED)
_3556_/CLK                              1.50    4.09   -2.59 (VIOLATED)
_3460_/CLK                              1.50    4.09   -2.59 (VIOLATED)
_3476_/CLK                              1.50    4.09   -2.59 (VIOLATED)
_3609_/CLK                              1.50    4.09   -2.59 (VIOLATED)
_3334_/CLK                              1.50    4.09   -2.59 (VIOLATED)
_3382_/CLK                              1.50    4.09   -2.59 (VIOLATED)
_3398_/CLK                              1.50    4.09   -2.59 (VIOLATED)
_3562_/CLK                              1.50    4.09   -2.59 (VIOLATED)
_3338_/CLK                              1.50    4.09   -2.59 (VIOLATED)
_3386_/CLK                              1.50    4.09   -2.59 (VIOLATED)
_3402_/CLK                              1.50    4.09   -2.59 (VIOLATED)
_3612_/CLK                              1.50    4.09   -2.59 (VIOLATED)
_3331_/CLK                              1.50    4.09   -2.59 (VIOLATED)
_3379_/CLK                              1.50    4.09   -2.59 (VIOLATED)
_3395_/CLK                              1.50    4.09   -2.59 (VIOLATED)
_3566_/CLK                              1.50    4.09   -2.59 (VIOLATED)
_3559_/CLK                              1.50    4.09   -2.59 (VIOLATED)
_3626_/CLK                              1.50    4.09   -2.59 (VIOLATED)
_3594_/CLK                              1.50    4.09   -2.59 (VIOLATED)
_3635_/CLK                              1.50    4.09   -2.59 (VIOLATED)
_3603_/CLK                              1.50    4.09   -2.59 (VIOLATED)
_3619_/CLK                              1.50    4.09   -2.59 (VIOLATED)
_3479_/CLK                              1.50    4.09   -2.59 (VIOLATED)
_3463_/CLK                              1.50    4.09   -2.59 (VIOLATED)
_3631_/CLK                              1.50    4.09   -2.59 (VIOLATED)
_3599_/CLK                              1.50    4.09   -2.59 (VIOLATED)
_3454_/CLK                              1.50    4.09   -2.59 (VIOLATED)
_3434_/CLK                              1.50    4.09   -2.59 (VIOLATED)
_3438_/CLK                              1.50    4.09   -2.59 (VIOLATED)
_3450_/CLK                              1.50    4.09   -2.59 (VIOLATED)
_3447_/CLK                              1.50    4.09   -2.59 (VIOLATED)
_3429_/CLK                              1.50    4.09   -2.59 (VIOLATED)
_3502_/CLK                              1.50    4.09   -2.59 (VIOLATED)
_3495_/CLK                              1.50    4.09   -2.59 (VIOLATED)
_3498_/CLK                              1.50    4.09   -2.59 (VIOLATED)
_3628_/CLK                              1.50    4.09   -2.59 (VIOLATED)
_3329_/CLK                              1.50    4.09   -2.59 (VIOLATED)
_3333_/CLK                              1.50    4.09   -2.59 (VIOLATED)
_3431_/CLK                              1.50    4.09   -2.59 (VIOLATED)
_3377_/CLK                              1.50    4.09   -2.59 (VIOLATED)
_3381_/CLK                              1.50    4.09   -2.59 (VIOLATED)
_3393_/CLK                              1.50    4.09   -2.59 (VIOLATED)
_3397_/CLK                              1.50    4.09   -2.59 (VIOLATED)
_3422_/CLK                              1.50    4.09   -2.59 (VIOLATED)
_3518_/CLK                              1.50    4.09   -2.59 (VIOLATED)
_3557_/CLK                              1.50    4.09   -2.59 (VIOLATED)
_3534_/CLK                              1.50    4.09   -2.59 (VIOLATED)
_3610_/CLK                              1.50    4.09   -2.59 (VIOLATED)
_3461_/CLK                              1.50    4.09   -2.59 (VIOLATED)
_3477_/CLK                              1.50    4.09   -2.59 (VIOLATED)
_3493_/CLK                              1.50    4.09   -2.59 (VIOLATED)
_3445_/CLK                              1.50    4.09   -2.59 (VIOLATED)
_3630_/CLK                              1.50    4.09   -2.59 (VIOLATED)
_3692_/CLK                              1.50    4.09   -2.59 (VIOLATED)
_3693_/CLK                              1.50    4.09   -2.59 (VIOLATED)
_3590_/CLK                              1.50    4.09   -2.59 (VIOLATED)
_3664_/CLK                              1.50    4.09   -2.59 (VIOLATED)
_3591_/CLK                              1.50    4.09   -2.59 (VIOLATED)
_3578_/CLK                              1.50    4.09   -2.59 (VIOLATED)
_3663_/CLK                              1.50    4.09   -2.59 (VIOLATED)
_3691_/CLK                              1.50    4.09   -2.59 (VIOLATED)
_3589_/CLK                              1.50    4.09   -2.59 (VIOLATED)
_3598_/CLK                              1.50    4.09   -2.59 (VIOLATED)
_3665_/CLK                              1.50    4.09   -2.59 (VIOLATED)
_3662_/CLK                              1.50    4.09   -2.59 (VIOLATED)
_3411_/CLK                              1.50    4.09   -2.59 (VIOLATED)
_3415_/CLK                              1.50    4.09   -2.59 (VIOLATED)
_3453_/CLK                              1.50    4.09   -2.59 (VIOLATED)
_3501_/CLK                              1.50    4.09   -2.59 (VIOLATED)
_3644_/CLK                              1.50    4.09   -2.59 (VIOLATED)
_3330_/CLK                              1.50    4.09   -2.59 (VIOLATED)
_3332_/CLK                              1.50    4.09   -2.59 (VIOLATED)
_3394_/CLK                              1.50    4.09   -2.59 (VIOLATED)
_3396_/CLK                              1.50    4.09   -2.59 (VIOLATED)
_3511_/CLK                              1.50    4.09   -2.59 (VIOLATED)
_3527_/CLK                              1.50    4.09   -2.59 (VIOLATED)
_3533_/CLK                              1.50    4.09   -2.59 (VIOLATED)
_3378_/CLK                              1.50    4.09   -2.59 (VIOLATED)
_3517_/CLK                              1.50    4.09   -2.59 (VIOLATED)
_3558_/CLK                              1.50    4.09   -2.59 (VIOLATED)
_3560_/CLK                              1.50    4.09   -2.59 (VIOLATED)
_3380_/CLK                              1.50    4.09   -2.59 (VIOLATED)
_3421_/CLK                              1.50    4.09   -2.59 (VIOLATED)
_3412_/CLK                              1.50    4.09   -2.59 (VIOLATED)
_3478_/CLK                              1.50    4.09   -2.59 (VIOLATED)
_3480_/CLK                              1.50    4.09   -2.59 (VIOLATED)
_3428_/CLK                              1.50    4.09   -2.59 (VIOLATED)
_3462_/CLK                              1.50    4.09   -2.59 (VIOLATED)
_3464_/CLK                              1.50    4.09   -2.59 (VIOLATED)
_3593_/CLK                              1.50    4.09   -2.59 (VIOLATED)
_3596_/CLK                              1.50    4.09   -2.59 (VIOLATED)
_3625_/CLK                              1.50    4.09   -2.59 (VIOLATED)
_3641_/CLK                              1.50    4.09   -2.59 (VIOLATED)
_3508_/CLK                              1.50    4.09   -2.59 (VIOLATED)
_3519_/CLK                              1.50    4.09   -2.59 (VIOLATED)
_3535_/CLK                              1.50    4.09   -2.59 (VIOLATED)
_3524_/CLK                              1.50    4.09   -2.59 (VIOLATED)
_3611_/CLK                              1.50    4.09   -2.59 (VIOLATED)
_3613_/CLK                              1.50    4.09   -2.59 (VIOLATED)
_3629_/CLK                              1.50    4.09   -2.59 (VIOLATED)
_3661_/CLK                              1.50    4.09   -2.59 (VIOLATED)
_3673_/CLK                              1.50    4.09   -2.59 (VIOLATED)
_3420_/CLK                              1.50    4.09   -2.59 (VIOLATED)
_3423_/CLK                              1.50    4.09   -2.59 (VIOLATED)
_3516_/CLK                              1.50    4.09   -2.59 (VIOLATED)
_3672_/CLK                              1.50    4.09   -2.59 (VIOLATED)
_3532_/CLK                              1.50    4.09   -2.59 (VIOLATED)
_3597_/CLK                              1.50    4.09   -2.59 (VIOLATED)
_3432_/CLK                              1.50    4.09   -2.59 (VIOLATED)
_3525_/CLK                              1.50    4.09   -2.59 (VIOLATED)
_3561_/CLK                              1.50    4.09   -2.59 (VIOLATED)
_3650_/CLK                              1.50    4.09   -2.59 (VIOLATED)
_3465_/CLK                              1.50    4.09   -2.59 (VIOLATED)
_3481_/CLK                              1.50    4.09   -2.59 (VIOLATED)
_3614_/CLK                              1.50    4.09   -2.59 (VIOLATED)
_3531_/CLK                              1.50    4.09   -2.59 (VIOLATED)
_3449_/CLK                              1.50    4.09   -2.59 (VIOLATED)
_3515_/CLK                              1.50    4.09   -2.59 (VIOLATED)
_3497_/CLK                              1.50    4.09   -2.59 (VIOLATED)
_3652_/CLK                              1.50    4.09   -2.59 (VIOLATED)
_3419_/CLK                              1.50    4.09   -2.59 (VIOLATED)
_3530_/CLK                              1.50    4.09   -2.59 (VIOLATED)
_3592_/CLK                              1.50    4.09   -2.59 (VIOLATED)
_3649_/CLK                              1.50    4.09   -2.59 (VIOLATED)
_3648_/CLK                              1.50    4.09   -2.59 (VIOLATED)
_3627_/CLK                              1.50    4.09   -2.59 (VIOLATED)
_3408_/CLK                              1.50    4.09   -2.59 (VIOLATED)
_3509_/CLK                              1.50    4.09   -2.59 (VIOLATED)
_3669_/CLK                              1.50    4.09   -2.59 (VIOLATED)
_3670_/CLK                              1.50    4.09   -2.59 (VIOLATED)
_3595_/CLK                              1.50    4.09   -2.59 (VIOLATED)
_3433_/CLK                              1.50    4.09   -2.59 (VIOLATED)
_3671_/CLK                              1.50    4.09   -2.59 (VIOLATED)
_3647_/CLK                              1.50    4.09   -2.59 (VIOLATED)
_3529_/CLK                              1.50    4.09   -2.59 (VIOLATED)
_3513_/CLK                              1.50    4.09   -2.59 (VIOLATED)
_3413_/CLK                              1.50    4.09   -2.59 (VIOLATED)
_3651_/CLK                              1.50    4.09   -2.59 (VIOLATED)
_3668_/CLK                              1.50    4.09   -2.59 (VIOLATED)
_3418_/CLK                              1.50    4.09   -2.59 (VIOLATED)
_3514_/CLK                              1.50    4.09   -2.59 (VIOLATED)
_3448_/CLK                              1.50    4.09   -2.59 (VIOLATED)
_3496_/CLK                              1.50    4.09   -2.59 (VIOLATED)
_3446_/CLK                              1.50    4.09   -2.59 (VIOLATED)
_3494_/CLK                              1.50    4.09   -2.59 (VIOLATED)
_3430_/CLK                              1.50    4.09   -2.59 (VIOLATED)
_3416_/CLK                              1.50    4.09   -2.59 (VIOLATED)
_3512_/CLK                              1.50    4.09   -2.59 (VIOLATED)
_3528_/CLK                              1.50    4.09   -2.59 (VIOLATED)
_3409_/CLK                              1.50    4.09   -2.59 (VIOLATED)
_3414_/CLK                              1.50    4.09   -2.59 (VIOLATED)
_3510_/CLK                              1.50    4.09   -2.59 (VIOLATED)
_3526_/CLK                              1.50    4.09   -2.59 (VIOLATED)
_3417_/CLK                              1.50    4.09   -2.59 (VIOLATED)
_3643_/CLK                              1.50    4.09   -2.59 (VIOLATED)
_3645_/CLK                              1.50    4.09   -2.59 (VIOLATED)
_3646_/CLK                              1.50    4.09   -2.59 (VIOLATED)
_3642_/CLK                              1.50    4.09   -2.59 (VIOLATED)
_3410_/CLK                              1.50    4.09   -2.59 (VIOLATED)
_3667_/CLK                              1.50    4.09   -2.59 (VIOLATED)
_3688_/CLK                              1.50    4.09   -2.59 (VIOLATED)
_3686_/CLK                              1.50    4.09   -2.59 (VIOLATED)
clock                                   1.50    4.09   -2.59 (VIOLATED)
_3542_/CLK                              1.50    4.09   -2.59 (VIOLATED)
_3575_/CLK                              1.50    4.09   -2.59 (VIOLATED)
_3580_/CLK                              1.50    4.09   -2.59 (VIOLATED)
_3581_/CLK                              1.50    4.09   -2.59 (VIOLATED)
_3659_/CLK                              1.50    4.09   -2.59 (VIOLATED)
_3666_/CLK                              1.50    4.09   -2.59 (VIOLATED)
_3574_/CLK                              1.50    4.09   -2.59 (VIOLATED)
_3587_/CLK                              1.50    4.09   -2.59 (VIOLATED)
_3576_/CLK                              1.50    4.09   -2.59 (VIOLATED)
_3697_/CLK                              1.50    4.09   -2.59 (VIOLATED)
_3541_/CLK                              1.50    4.09   -2.59 (VIOLATED)
_3678_/CLK                              1.50    4.09   -2.59 (VIOLATED)
_3696_/CLK                              1.50    4.09   -2.59 (VIOLATED)
_3675_/CLK                              1.50    4.09   -2.59 (VIOLATED)
_3588_/CLK                              1.50    4.09   -2.59 (VIOLATED)
_3690_/CLK                              1.50    4.09   -2.59 (VIOLATED)
_3577_/CLK                              1.50    4.09   -2.59 (VIOLATED)
_3545_/CLK                              1.50    4.09   -2.59 (VIOLATED)
_3579_/CLK                              1.50    4.09   -2.59 (VIOLATED)
_3582_/CLK                              1.50    4.09   -2.59 (VIOLATED)
_3583_/CLK                              1.50    4.09   -2.59 (VIOLATED)
_3547_/CLK                              1.50    4.09   -2.59 (VIOLATED)
_3584_/CLK                              1.50    4.09   -2.59 (VIOLATED)
_3586_/CLK                              1.50    4.09   -2.59 (VIOLATED)
_3546_/CLK                              1.50    4.09   -2.59 (VIOLATED)
_3548_/CLK                              1.50    4.09   -2.59 (VIOLATED)
_3549_/CLK                              1.50    4.09   -2.59 (VIOLATED)
_3550_/CLK                              1.50    4.09   -2.59 (VIOLATED)
_3676_/CLK                              1.50    4.09   -2.59 (VIOLATED)
_3702_/A                                1.50    4.09   -2.59 (VIOLATED)
_3551_/CLK                              1.50    4.09   -2.59 (VIOLATED)
_3701_/CLK                              1.50    4.09   -2.59 (VIOLATED)
_3543_/CLK                              1.50    4.09   -2.59 (VIOLATED)
_3544_/CLK                              1.50    4.09   -2.59 (VIOLATED)
_3552_/CLK                              1.50    4.09   -2.59 (VIOLATED)
_3700_/CLK                              1.50    4.09   -2.59 (VIOLATED)
_3553_/CLK                              1.50    4.09   -2.59 (VIOLATED)
_3660_/CLK                              1.50    4.09   -2.59 (VIOLATED)
_3680_/CLK                              1.50    4.09   -2.59 (VIOLATED)
_3540_/CLK                              1.50    4.09   -2.59 (VIOLATED)
_3677_/CLK                              1.50    4.09   -2.59 (VIOLATED)
_3689_/CLK                              1.50    4.09   -2.59 (VIOLATED)
_3555_/CLK                              1.50    4.09   -2.59 (VIOLATED)
_3679_/CLK                              1.50    4.09   -2.59 (VIOLATED)
_3554_/CLK                              1.50    4.09   -2.59 (VIOLATED)
_3674_/CLK                              1.50    4.09   -2.59 (VIOLATED)
_3681_/CLK                              1.50    4.09   -2.59 (VIOLATED)
_3657_/CLK                              1.50    4.09   -2.59 (VIOLATED)
_3658_/CLK                              1.50    4.09   -2.59 (VIOLATED)
_3572_/CLK                              1.50    4.09   -2.59 (VIOLATED)
_3573_/CLK                              1.50    4.09   -2.59 (VIOLATED)
_3683_/CLK                              1.50    4.09   -2.59 (VIOLATED)
_3682_/CLK                              1.50    4.09   -2.59 (VIOLATED)
_3687_/CLK                              1.50    4.09   -2.59 (VIOLATED)
_3585_/CLK                              1.50    4.09   -2.59 (VIOLATED)
_3695_/CLK                              1.50    4.09   -2.59 (VIOLATED)
_3685_/CLK                              1.50    4.09   -2.59 (VIOLATED)
_3684_/CLK                              1.50    4.09   -2.59 (VIOLATED)
_3698_/CLK                              1.50    4.09   -2.59 (VIOLATED)
_3699_/CLK                              1.50    4.09   -2.59 (VIOLATED)
_3694_/CLK                              1.50    4.09   -2.59 (VIOLATED)

max fanout

Pin                                   Limit Fanout  Slack
---------------------------------------------------------
clock                                     6    343   -337 (VIOLATED)
_3659_/Q                                  6     17    -11 (VIOLATED)
_3660_/Q                                  6     17    -11 (VIOLATED)

max capacitance

Pin                                    Limit     Cap   Slack
------------------------------------------------------------
clock                                   0.33    0.92   -0.59 (VIOLATED)


===========================================================================
max slew violation count 344
max fanout violation count 3
max cap violation count 1
============================================================================
check_slew_end
tns_report

===========================================================================
 report_tns
============================================================================
tns 0.00
tns_report_end
wns_report

===========================================================================
 report_wns
============================================================================
wns 0.00
wns_report_end
worst_slack

===========================================================================
 report_worst_slack -max (Setup)
============================================================================
worst slack 5.16

===========================================================================
 report_worst_slack -min (Hold)
============================================================================
worst slack 7.71
worst_slack_end
clock_skew

===========================================================================
 report_clock_skew
============================================================================
Clock clk_48
No launch/capture paths found.

clock_skew_end
power_report

===========================================================================
 report_power
============================================================================
Group                  Internal  Switching    Leakage      Total
                          Power      Power      Power      Power (Watts)
----------------------------------------------------------------
Sequential             7.17e-04   4.10e-04   3.14e-09   1.13e-03  49.4%
Combinational          6.51e-04   5.04e-04   5.65e-09   1.16e-03  50.6%
Macro                  0.00e+00   0.00e+00   0.00e+00   0.00e+00   0.0%
Pad                    0.00e+00   0.00e+00   0.00e+00   0.00e+00   0.0%
----------------------------------------------------------------
Total                  1.37e-03   9.14e-04   8.79e-09   2.28e-03 100.0%
                          60.0%      40.0%       0.0%
power_report_end
area_report

===========================================================================
 report_design_area
============================================================================
Design area 23758 u^2 42% utilization.
area_report_end
Setting global connections for newly added cells...
Writing OpenROAD database to /openlane/designs/vahid6i/runs/RUN_2023.04.16_13.47.40/tmp/placement/7-global.odb...
Writing layout to /openlane/designs/vahid6i/runs/RUN_2023.04.16_13.47.40/tmp/placement/7-global.def...
