OpenROAD 6840b7481d49c83870f79646cf979e66f22f6833 
This program is licensed under the BSD-3 license. See the LICENSE file for details.
Components of this program may be licensed under more restrictive licenses which must be honored.
[INFO]: Reading ODB at '/openlane/designs/vahid6i/runs/RUN_2023.03.27_21.25.06/tmp/12-vahid6i.odb'...
[WARNING STA-0357] virtual clock clk_48 can not be propagated.
[INFO]: Setting signal min routing layer to: met1 and clock min routing layer to met1. 
[INFO]: Setting signal max routing layer to: met5 and clock max routing layer to met5. 
-congestion_iterations 50 -verbose
[INFO GRT-0020] Min routing layer: met1
[INFO GRT-0021] Max routing layer: met5
[INFO GRT-0022] Global adjustment: 30%
[INFO GRT-0023] Grid origin: (0, 0)
[INFO GRT-0043] No OR_DEFAULT vias defined.
[INFO GRT-0088] Layer li1     Track-Pitch = 0.4600  line-2-Via Pitch: 0.3400
[INFO GRT-0088] Layer met1    Track-Pitch = 0.3400  line-2-Via Pitch: 0.3400
[INFO GRT-0088] Layer met2    Track-Pitch = 0.4600  line-2-Via Pitch: 0.3500
[INFO GRT-0088] Layer met3    Track-Pitch = 0.6800  line-2-Via Pitch: 0.6150
[INFO GRT-0088] Layer met4    Track-Pitch = 0.9200  line-2-Via Pitch: 1.0400
[INFO GRT-0088] Layer met5    Track-Pitch = 3.4000  line-2-Via Pitch: 3.1100
[INFO GRT-0019] Found 0 clock nets.
[INFO GRT-0001] Minimum degree: 2
[INFO GRT-0002] Maximum degree: 7
[INFO GRT-0003] Macros: 0
[INFO GRT-0004] Blockages: 7850

[INFO GRT-0053] Routing resources analysis:
          Routing      Original      Derated      Resource
Layer     Direction    Resources     Resources    Reduction (%)
---------------------------------------------------------------
li1        Vertical            0             0          0.00%
met1       Horizontal      25200         12628          49.89%
met2       Vertical        18900         12457          34.09%
met3       Horizontal      12600          8841          29.83%
met4       Vertical         7560          4802          36.48%
met5       Horizontal       2520          1224          51.43%
---------------------------------------------------------------

[INFO GRT-0101] Running extra iterations to remove overflow.
[INFO GRT-0197] Via related to pin nodes: 9087
[INFO GRT-0198] Via related Steiner nodes: 333
[INFO GRT-0199] Via filling finished.
[INFO GRT-0111] Final number of vias: 10369
[INFO GRT-0112] Final usage 3D: 42244

[INFO GRT-0096] Final congestion report:
Layer         Resource        Demand        Usage (%)    Max H / Max V / Total Overflow
---------------------------------------------------------------------------------------
li1                  0             0            0.00%             0 /  0 /  0
met1             12628          4895           38.76%             0 /  0 /  0
met2             12457          4973           39.92%             0 /  0 /  0
met3              8841           692            7.83%             0 /  0 /  0
met4              4802           560           11.66%             0 /  0 /  0
met5              1224            17            1.39%             0 /  0 /  0
---------------------------------------------------------------------------------------
Total            39952         11137           27.88%             0 /  0 /  0

[INFO GRT-0018] Total wirelength: 112573 um
[INFO GRT-0014] Routed nets: 2155
[INFO]: Setting RC values...
[INFO RSZ-0033] No hold violations found.
Placement Analysis
---------------------------------
total displacement          0.0 u
average displacement        0.0 u
max displacement            0.0 u
original HPWL           69100.3 u
legalized HPWL          70610.7 u
delta HPWL                    2 %

[INFO DPL-0020] Mirrored 741 instances
[INFO DPL-0021] HPWL before           70610.7 u
[INFO DPL-0022] HPWL after            69100.3 u
[INFO DPL-0023] HPWL delta               -2.1 %
Setting global connections for newly added cells...
Writing OpenROAD database to /openlane/designs/vahid6i/runs/RUN_2023.03.27_21.25.06/tmp/13-vahid6i.odb...
Writing netlist to /openlane/designs/vahid6i/runs/RUN_2023.03.27_21.25.06/tmp/13-vahid6i.nl.v...
Writing powered netlist to /openlane/designs/vahid6i/runs/RUN_2023.03.27_21.25.06/tmp/13-vahid6i.pnl.v...
Writing layout to /openlane/designs/vahid6i/runs/RUN_2023.03.27_21.25.06/tmp/13-vahid6i.def...
Writing timing constraints to /openlane/designs/vahid6i/runs/RUN_2023.03.27_21.25.06/tmp/13-vahid6i.sdc...
min_report

===========================================================================
report_checks -path_delay min (Hold)
============================================================================
Startpoint: clock (input port clocked by clk_48)
Endpoint: led_clock (output port clocked by clk_48)
Path Group: clk_48
Path Type: min

Fanout     Cap    Slew   Delay    Time   Description
-----------------------------------------------------------------------------
                  0.00    0.00    0.00   clock clk_48 (rise edge)
                          0.00    0.00   clock network delay (ideal)
                          3.00    3.00 v input external delay
                  0.01    0.00    3.00 v clock (in)
     1    0.00                           clock (net)
                  0.01    0.00    3.00 v input33/A (sky130_fd_sc_hd__clkbuf_1)
                  0.03    0.07    3.08 v input33/X (sky130_fd_sc_hd__clkbuf_1)
     1    0.00                           net33 (net)
                  0.03    0.00    3.08 v fanout187/A (sky130_fd_sc_hd__clkbuf_2)
                  0.09    0.14    3.22 v fanout187/X (sky130_fd_sc_hd__clkbuf_2)
     3    0.02                           net187 (net)
                  0.09    0.00    3.22 v fanout186/A (sky130_fd_sc_hd__clkbuf_2)
                  0.08    0.16    3.38 v fanout186/X (sky130_fd_sc_hd__clkbuf_2)
     3    0.02                           net186 (net)
                  0.08    0.00    3.39 v fanout167/A (sky130_fd_sc_hd__clkbuf_2)
                  0.08    0.16    3.54 v fanout167/X (sky130_fd_sc_hd__clkbuf_2)
     4    0.02                           net167 (net)
                  0.08    0.00    3.55 v fanout159/A (sky130_fd_sc_hd__clkbuf_1)
                  0.07    0.14    3.68 v fanout159/X (sky130_fd_sc_hd__clkbuf_1)
     3    0.01                           net159 (net)
                  0.07    0.00    3.68 v _3424_/A (sky130_fd_sc_hd__clkbuf_1)
                  0.03    0.09    3.78 v _3424_/X (sky130_fd_sc_hd__clkbuf_1)
     1    0.00                           net78 (net)
                  0.03    0.00    3.78 v output78/A (sky130_fd_sc_hd__clkbuf_4)
                  0.09    0.17    3.95 v output78/X (sky130_fd_sc_hd__clkbuf_4)
     1    0.04                           led_clock (net)
                  0.09    0.00    3.95 v led_clock (out)
                                  3.95   data arrival time

                  0.00    0.00    0.00   clock clk_48 (rise edge)
                          0.00    0.00   clock network delay (ideal)
                          0.25    0.25   clock uncertainty
                          0.00    0.25   clock reconvergence pessimism
                         -3.00   -2.75   output external delay
                                 -2.75   data required time
-----------------------------------------------------------------------------
                                 -2.75   data required time
                                 -3.95   data arrival time
-----------------------------------------------------------------------------
                                  6.70   slack (MET)


min_report_end
max_report

===========================================================================
report_checks -path_delay max (Setup)
============================================================================
Startpoint: clock (input port clocked by clk_48)
Endpoint: led_clock (output port clocked by clk_48)
Path Group: clk_48
Path Type: max

Fanout     Cap    Slew   Delay    Time   Description
-----------------------------------------------------------------------------
                  0.00    0.00    0.00   clock clk_48 (rise edge)
                          0.00    0.00   clock network delay (ideal)
                          3.00    3.00 ^ input external delay
                  0.02    0.01    3.01 ^ clock (in)
     1    0.00                           clock (net)
                  0.02    0.00    3.01 ^ input33/A (sky130_fd_sc_hd__clkbuf_1)
                  0.06    0.09    3.10 ^ input33/X (sky130_fd_sc_hd__clkbuf_1)
     1    0.00                           net33 (net)
                  0.06    0.00    3.10 ^ fanout187/A (sky130_fd_sc_hd__clkbuf_2)
                  0.13    0.18    3.28 ^ fanout187/X (sky130_fd_sc_hd__clkbuf_2)
     3    0.02                           net187 (net)
                  0.13    0.00    3.28 ^ fanout186/A (sky130_fd_sc_hd__clkbuf_2)
                  0.12    0.20    3.48 ^ fanout186/X (sky130_fd_sc_hd__clkbuf_2)
     3    0.02                           net186 (net)
                  0.12    0.00    3.48 ^ fanout167/A (sky130_fd_sc_hd__clkbuf_2)
                  0.12    0.20    3.68 ^ fanout167/X (sky130_fd_sc_hd__clkbuf_2)
     4    0.02                           net167 (net)
                  0.12    0.00    3.68 ^ fanout159/A (sky130_fd_sc_hd__clkbuf_1)
                  0.15    0.18    3.86 ^ fanout159/X (sky130_fd_sc_hd__clkbuf_1)
     3    0.01                           net159 (net)
                  0.15    0.00    3.86 ^ _3424_/A (sky130_fd_sc_hd__clkbuf_1)
                  0.05    0.11    3.97 ^ _3424_/X (sky130_fd_sc_hd__clkbuf_1)
     1    0.00                           net78 (net)
                  0.05    0.00    3.97 ^ output78/A (sky130_fd_sc_hd__clkbuf_4)
                  0.12    0.20    4.17 ^ output78/X (sky130_fd_sc_hd__clkbuf_4)
     1    0.04                           led_clock (net)
                  0.12    0.00    4.18 ^ led_clock (out)
                                  4.18   data arrival time

                  0.00   15.00   15.00   clock clk_48 (rise edge)
                          0.00   15.00   clock network delay (ideal)
                         -0.25   14.75   clock uncertainty
                          0.00   14.75   clock reconvergence pessimism
                         -3.00   11.75   output external delay
                                 11.75   data required time
-----------------------------------------------------------------------------
                                 11.75   data required time
                                 -4.18   data arrival time
-----------------------------------------------------------------------------
                                  7.57   slack (MET)


max_report_end
check_report

===========================================================================
report_checks -unconstrained
============================================================================
Startpoint: clock (input port clocked by clk_48)
Endpoint: led_clock (output port clocked by clk_48)
Path Group: clk_48
Path Type: max

Fanout     Cap    Slew   Delay    Time   Description
-----------------------------------------------------------------------------
                  0.00    0.00    0.00   clock clk_48 (rise edge)
                          0.00    0.00   clock network delay (ideal)
                          3.00    3.00 ^ input external delay
                  0.02    0.01    3.01 ^ clock (in)
     1    0.00                           clock (net)
                  0.02    0.00    3.01 ^ input33/A (sky130_fd_sc_hd__clkbuf_1)
                  0.06    0.09    3.10 ^ input33/X (sky130_fd_sc_hd__clkbuf_1)
     1    0.00                           net33 (net)
                  0.06    0.00    3.10 ^ fanout187/A (sky130_fd_sc_hd__clkbuf_2)
                  0.13    0.18    3.28 ^ fanout187/X (sky130_fd_sc_hd__clkbuf_2)
     3    0.02                           net187 (net)
                  0.13    0.00    3.28 ^ fanout186/A (sky130_fd_sc_hd__clkbuf_2)
                  0.12    0.20    3.48 ^ fanout186/X (sky130_fd_sc_hd__clkbuf_2)
     3    0.02                           net186 (net)
                  0.12    0.00    3.48 ^ fanout167/A (sky130_fd_sc_hd__clkbuf_2)
                  0.12    0.20    3.68 ^ fanout167/X (sky130_fd_sc_hd__clkbuf_2)
     4    0.02                           net167 (net)
                  0.12    0.00    3.68 ^ fanout159/A (sky130_fd_sc_hd__clkbuf_1)
                  0.15    0.18    3.86 ^ fanout159/X (sky130_fd_sc_hd__clkbuf_1)
     3    0.01                           net159 (net)
                  0.15    0.00    3.86 ^ _3424_/A (sky130_fd_sc_hd__clkbuf_1)
                  0.05    0.11    3.97 ^ _3424_/X (sky130_fd_sc_hd__clkbuf_1)
     1    0.00                           net78 (net)
                  0.05    0.00    3.97 ^ output78/A (sky130_fd_sc_hd__clkbuf_4)
                  0.12    0.20    4.17 ^ output78/X (sky130_fd_sc_hd__clkbuf_4)
     1    0.04                           led_clock (net)
                  0.12    0.00    4.18 ^ led_clock (out)
                                  4.18   data arrival time

                  0.00   15.00   15.00   clock clk_48 (rise edge)
                          0.00   15.00   clock network delay (ideal)
                         -0.25   14.75   clock uncertainty
                          0.00   14.75   clock reconvergence pessimism
                         -3.00   11.75   output external delay
                                 11.75   data required time
-----------------------------------------------------------------------------
                                 11.75   data required time
                                 -4.18   data arrival time
-----------------------------------------------------------------------------
                                  7.57   slack (MET)



===========================================================================
report_checks --slack_max -0.01
============================================================================
No paths found.
check_report_end
parastic_annotation_check

===========================================================================
report_parasitic_annotation -report_unannotated
============================================================================
Found 2155 unannotated drivers.
 D_R_data[0]
 D_R_data[10]
 D_R_data[11]
 D_R_data[12]
 D_R_data[13]
 D_R_data[14]
 D_R_data[15]
 D_R_data[1]
 D_R_data[2]
 D_R_data[3]
 D_R_data[4]
 D_R_data[5]
 D_R_data[6]
 D_R_data[7]
 D_R_data[8]
 D_R_data[9]
 I_data[0]
 I_data[10]
 I_data[11]
 I_data[12]
 I_data[13]
 I_data[14]
 I_data[15]
 I_data[1]
 I_data[2]
 I_data[3]
 I_data[4]
 I_data[5]
 I_data[6]
 I_data[7]
 I_data[8]
 I_data[9]
 clock
 reset
 _1507_/X
 _1508_/X
 _1509_/X
 _1510_/X
 _1511_/X
 _1512_/X
 _1513_/X
 _1514_/X
 _1515_/X
 _1516_/X
 _1517_/X
 _1518_/X
 _1519_/X
 _1520_/X
 _1521_/X
 _1522_/X
 _1523_/X
 _1524_/X
 _1525_/X
 _1526_/X
 _1527_/X
 _1528_/X
 _1529_/X
 _1530_/X
 _1531_/X
 _1532_/X
 _1533_/X
 _1534_/X
 _1535_/X
 _1536_/X
 _1537_/X
 _1538_/X
 _1539_/X
 _1540_/X
 _1541_/X
 _1542_/X
 _1543_/X
 _1544_/X
 _1545_/X
 _1546_/X
 _1547_/X
 _1548_/X
 _1549_/X
 _1550_/X
 _1551_/X
 _1552_/Y
 _1553_/X
 _1554_/X
 _1555_/Y
 _1556_/X
 _1557_/X
 _1558_/X
 _1559_/Y
 _1560_/X
 _1561_/Y
 _1562_/Y
 _1563_/Y
 _1564_/X
 _1565_/Y
 _1566_/Y
 _1567_/Y
 _1568_/Y
 _1569_/Y
 _1570_/Y
 _1571_/Y
 _1572_/X
 _1573_/X
 _1574_/X
 _1575_/X
 _1576_/X
 _1577_/X
 _1578_/X
 _1579_/X
 _1580_/X
 _1581_/Y
 _1582_/X
 _1583_/X
 _1584_/Y
 _1585_/Y
 _1586_/X
 _1587_/X
 _1588_/X
 _1589_/X
 _1590_/Y
 _1591_/X
 _1592_/X
 _1593_/X
 _1594_/X
 _1595_/X
 _1596_/X
 _1597_/X
 _1598_/X
 _1599_/X
 _1600_/X
 _1601_/X
 _1602_/X
 _1603_/X
 _1604_/X
 _1605_/X
 _1606_/X
 _1607_/X
 _1608_/X
 _1609_/X
 _1610_/X
 _1611_/X
 _1612_/X
 _1613_/X
 _1614_/X
 _1615_/X
 _1616_/X
 _1617_/X
 _1618_/X
 _1619_/X
 _1620_/X
 _1621_/X
 _1622_/X
 _1623_/X
 _1624_/X
 _1625_/X
 _1626_/X
 _1627_/X
 _1628_/X
 _1629_/X
 _1630_/X
 _1631_/X
 _1632_/X
 _1633_/X
 _1634_/X
 _1635_/X
 _1636_/X
 _1637_/X
 _1638_/X
 _1639_/X
 _1640_/X
 _1641_/X
 _1642_/X
 _1643_/X
 _1644_/X
 _1645_/X
 _1646_/X
 _1647_/X
 _1648_/X
 _1649_/X
 _1650_/X
 _1651_/X
 _1652_/X
 _1653_/X
 _1654_/X
 _1655_/X
 _1656_/X
 _1657_/X
 _1658_/X
 _1659_/X
 _1660_/X
 _1661_/X
 _1662_/X
 _1663_/X
 _1664_/X
 _1665_/X
 _1666_/X
 _1667_/X
 _1668_/X
 _1669_/X
 _1670_/X
 _1671_/X
 _1672_/X
 _1673_/X
 _1674_/X
 _1675_/X
 _1676_/X
 _1677_/X
 _1678_/X
 _1679_/X
 _1680_/X
 _1681_/X
 _1682_/X
 _1683_/X
 _1684_/X
 _1685_/X
 _1686_/X
 _1687_/X
 _1688_/X
 _1689_/X
 _1690_/X
 _1691_/X
 _1692_/X
 _1693_/X
 _1694_/X
 _1695_/X
 _1696_/X
 _1697_/X
 _1698_/X
 _1699_/X
 _1700_/X
 _1701_/X
 _1702_/X
 _1703_/X
 _1704_/X
 _1705_/X
 _1706_/X
 _1707_/X
 _1708_/X
 _1709_/X
 _1710_/X
 _1711_/X
 _1712_/X
 _1713_/X
 _1714_/X
 _1715_/X
 _1716_/X
 _1717_/X
 _1718_/X
 _1719_/X
 _1720_/X
 _1721_/X
 _1722_/X
 _1723_/X
 _1724_/X
 _1725_/X
 _1726_/X
 _1727_/X
 _1728_/X
 _1729_/X
 _1730_/X
 _1731_/X
 _1732_/X
 _1733_/X
 _1734_/X
 _1735_/X
 _1736_/X
 _1737_/X
 _1738_/X
 _1739_/X
 _1740_/X
 _1741_/X
 _1742_/X
 _1743_/X
 _1744_/X
 _1745_/X
 _1746_/X
 _1747_/X
 _1748_/X
 _1749_/X
 _1750_/X
 _1751_/X
 _1752_/X
 _1753_/X
 _1754_/X
 _1755_/X
 _1756_/X
 _1757_/X
 _1758_/X
 _1759_/X
 _1760_/X
 _1761_/X
 _1762_/X
 _1763_/X
 _1764_/X
 _1765_/X
 _1766_/X
 _1767_/X
 _1768_/X
 _1769_/X
 _1770_/X
 _1771_/X
 _1772_/X
 _1773_/X
 _1774_/X
 _1775_/X
 _1776_/X
 _1777_/X
 _1778_/X
 _1779_/X
 _1780_/X
 _1781_/X
 _1782_/X
 _1783_/X
 _1784_/X
 _1785_/X
 _1786_/X
 _1787_/X
 _1788_/X
 _1789_/X
 _1790_/X
 _1791_/X
 _1792_/X
 _1793_/X
 _1794_/Y
 _1795_/X
 _1796_/X
 _1797_/X
 _1798_/X
 _1799_/X
 _1800_/X
 _1801_/X
 _1802_/X
 _1803_/X
 _1804_/X
 _1805_/X
 _1806_/X
 _1807_/X
 _1808_/X
 _1809_/X
 _1810_/X
 _1811_/X
 _1812_/X
 _1813_/X
 _1814_/X
 _1815_/X
 _1816_/X
 _1817_/X
 _1818_/X
 _1819_/X
 _1820_/X
 _1821_/X
 _1822_/X
 _1823_/X
 _1824_/X
 _1825_/X
 _1826_/X
 _1827_/X
 _1828_/X
 _1829_/X
 _1830_/X
 _1831_/X
 _1832_/X
 _1833_/X
 _1834_/X
 _1835_/X
 _1836_/X
 _1837_/X
 _1838_/X
 _1839_/X
 _1840_/X
 _1841_/X
 _1842_/X
 _1843_/X
 _1844_/X
 _1845_/X
 _1846_/X
 _1847_/X
 _1848_/X
 _1849_/X
 _1850_/X
 _1851_/X
 _1852_/X
 _1853_/X
 _1854_/X
 _1855_/X
 _1856_/X
 _1857_/X
 _1858_/X
 _1859_/X
 _1860_/X
 _1861_/X
 _1862_/X
 _1863_/X
 _1864_/X
 _1865_/X
 _1866_/X
 _1867_/X
 _1868_/X
 _1869_/X
 _1870_/X
 _1871_/X
 _1872_/X
 _1873_/X
 _1874_/X
 _1875_/X
 _1876_/X
 _1877_/X
 _1878_/X
 _1879_/X
 _1880_/X
 _1881_/X
 _1882_/X
 _1883_/X
 _1884_/X
 _1885_/X
 _1886_/X
 _1887_/X
 _1888_/X
 _1889_/X
 _1890_/X
 _1891_/X
 _1892_/X
 _1893_/X
 _1894_/X
 _1895_/X
 _1896_/X
 _1897_/X
 _1898_/X
 _1899_/X
 _1900_/X
 _1901_/X
 _1902_/X
 _1903_/X
 _1904_/X
 _1905_/X
 _1906_/X
 _1907_/X
 _1908_/X
 _1909_/X
 _1910_/X
 _1911_/X
 _1912_/X
 _1913_/X
 _1914_/X
 _1915_/X
 _1916_/X
 _1917_/X
 _1918_/X
 _1919_/X
 _1920_/X
 _1921_/X
 _1922_/X
 _1923_/X
 _1924_/X
 _1925_/X
 _1926_/X
 _1927_/X
 _1928_/X
 _1929_/X
 _1930_/X
 _1931_/X
 _1932_/X
 _1933_/X
 _1934_/X
 _1935_/X
 _1936_/X
 _1937_/X
 _1938_/X
 _1939_/X
 _1940_/X
 _1941_/X
 _1942_/X
 _1943_/X
 _1944_/X
 _1945_/X
 _1946_/X
 _1947_/X
 _1948_/X
 _1949_/X
 _1950_/X
 _1951_/X
 _1952_/X
 _1953_/X
 _1954_/X
 _1955_/X
 _1956_/X
 _1957_/X
 _1958_/X
 _1959_/X
 _1960_/X
 _1961_/X
 _1962_/X
 _1963_/X
 _1964_/X
 _1965_/X
 _1966_/X
 _1967_/X
 _1968_/X
 _1969_/X
 _1970_/X
 _1971_/X
 _1972_/X
 _1973_/Y
 _1974_/X
 _1975_/X
 _1976_/Y
 _1977_/Y
 _1978_/Y
 _1979_/Y
 _1980_/X
 _1981_/Y
 _1982_/X
 _1983_/X
 _1984_/X
 _1985_/X
 _1986_/Y
 _1987_/Y
 _1988_/Y
 _1989_/Y
 _1990_/X
 _1991_/X
 _1992_/X
 _1993_/X
 _1994_/X
 _1995_/X
 _1996_/Y
 _1997_/X
 _1998_/Y
 _1999_/Y
 _2000_/Y
 _2001_/Y
 _2002_/X
 _2003_/X
 _2004_/X
 _2005_/X
 _2006_/Y
 _2007_/X
 _2008_/Y
 _2009_/X
 _2010_/Y
 _2011_/X
 _2012_/X
 _2013_/X
 _2014_/X
 _2015_/Y
 _2016_/X
 _2017_/Y
 _2018_/Y
 _2019_/Y
 _2020_/Y
 _2021_/X
 _2022_/X
 _2023_/X
 _2024_/Y
 _2025_/X
 _2026_/X
 _2027_/Y
 _2028_/Y
 _2029_/Y
 _2030_/Y
 _2031_/Y
 _2032_/X
 _2033_/Y
 _2034_/Y
 _2035_/Y
 _2036_/X
 _2037_/X
 _2038_/Y
 _2039_/X
 _2040_/X
 _2041_/X
 _2042_/X
 _2043_/X
 _2044_/Y
 _2045_/X
 _2046_/X
 _2047_/Y
 _2048_/Y
 _2049_/X
 _2050_/Y
 _2051_/X
 _2052_/Y
 _2053_/Y
 _2054_/Y
 _2055_/X
 _2056_/Y
 _2057_/Y
 _2058_/X
 _2059_/X
 _2060_/Y
 _2061_/Y
 _2062_/X
 _2063_/Y
 _2064_/X
 _2065_/Y
 _2066_/Y
 _2067_/X
 _2068_/Y
 _2069_/Y
 _2070_/Y
 _2071_/X
 _2072_/Y
 _2073_/Y
 _2074_/Y
 _2075_/Y
 _2076_/X
 _2077_/Y
 _2078_/X
 _2079_/Y
 _2080_/X
 _2081_/Y
 _2082_/X
 _2083_/Y
 _2084_/X
 _2085_/X
 _2086_/Y
 _2087_/X
 _2088_/X
 _2089_/Y
 _2090_/Y
 _2091_/Y
 _2092_/Y
 _2093_/X
 _2094_/X
 _2095_/X
 _2096_/X
 _2097_/X
 _2098_/X
 _2099_/Y
 _2100_/Y
 _2101_/X
 _2102_/X
 _2103_/X
 _2104_/X
 _2105_/X
 _2106_/X
 _2107_/X
 _2108_/X
 _2109_/X
 _2110_/X
 _2111_/X
 _2112_/X
 _2113_/X
 _2114_/X
 _2115_/X
 _2116_/X
 _2117_/X
 _2118_/Y
 _2119_/X
 _2120_/X
 _2121_/X
 _2122_/X
 _2123_/X
 _2124_/X
 _2125_/X
 _2126_/X
 _2127_/X
 _2128_/X
 _2129_/X
 _2130_/X
 _2131_/X
 _2132_/X
 _2133_/Y
 _2134_/X
 _2135_/X
 _2136_/Y
 _2137_/X
 _2138_/X
 _2139_/X
 _2140_/X
 _2141_/X
 _2142_/X
 _2143_/X
 _2144_/X
 _2145_/Y
 _2146_/Y
 _2147_/Y
 _2148_/Y
 _2149_/X
 _2150_/X
 _2151_/X
 _2152_/X
 _2153_/X
 _2154_/X
 _2155_/Y
 _2156_/X
 _2157_/X
 _2158_/Y
 _2159_/Y
 _2160_/X
 _2161_/X
 _2162_/X
 _2163_/X
 _2164_/X
 _2165_/X
 _2166_/X
 _2167_/X
 _2168_/X
 _2169_/Y
 _2170_/X
 _2171_/X
 _2172_/X
 _2173_/X
 _2174_/X
 _2175_/X
 _2176_/X
 _2177_/X
 _2178_/X
 _2179_/X
 _2180_/X
 _2181_/Y
 _2182_/X
 _2183_/X
 _2184_/X
 _2185_/X
 _2186_/X
 _2187_/X
 _2188_/X
 _2189_/X
 _2190_/Y
 _2191_/Y
 _2192_/Y
 _2193_/X
 _2194_/X
 _2195_/X
 _2196_/X
 _2197_/X
 _2198_/X
 _2199_/X
 _2200_/X
 _2201_/X
 _2202_/Y
 _2203_/X
 _2204_/Y
 _2205_/X
 _2206_/Y
 _2207_/X
 _2208_/Y
 _2209_/X
 _2210_/X
 _2211_/X
 _2212_/X
 _2213_/X
 _2214_/X
 _2215_/Y
 _2216_/X
 _2217_/Y
 _2218_/X
 _2219_/X
 _2220_/X
 _2221_/X
 _2222_/X
 _2223_/X
 _2224_/Y
 _2225_/Y
 _2226_/Y
 _2227_/X
 _2228_/Y
 _2229_/Y
 _2230_/Y
 _2231_/X
 _2232_/X
 _2233_/X
 _2234_/X
 _2235_/X
 _2236_/X
 _2237_/X
 _2238_/Y
 _2239_/Y
 _2240_/Y
 _2241_/X
 _2242_/X
 _2243_/X
 _2244_/X
 _2245_/Y
 _2246_/X
 _2247_/Y
 _2248_/Y
 _2249_/X
 _2250_/X
 _2251_/X
 _2252_/X
 _2253_/X
 _2254_/X
 _2255_/Y
 _2256_/X
 _2257_/Y
 _2258_/Y
 _2259_/X
 _2260_/X
 _2261_/X
 _2262_/X
 _2263_/X
 _2264_/Y
 _2265_/Y
 _2266_/X
 _2267_/Y
 _2268_/X
 _2269_/Y
 _2270_/X
 _2271_/X
 _2272_/X
 _2273_/X
 _2274_/X
 _2275_/X
 _2276_/X
 _2277_/X
 _2278_/X
 _2279_/Y
 _2280_/Y
 _2281_/Y
 _2282_/Y
 _2283_/Y
 _2284_/X
 _2285_/Y
 _2286_/Y
 _2287_/X
 _2288_/X
 _2289_/X
 _2290_/X
 _2291_/X
 _2292_/X
 _2293_/X
 _2294_/X
 _2295_/X
 _2296_/X
 _2297_/X
 _2298_/X
 _2299_/X
 _2300_/X
 _2301_/X
 _2302_/X
 _2303_/X
 _2304_/X
 _2305_/X
 _2306_/X
 _2307_/X
 _2308_/X
 _2309_/X
 _2310_/X
 _2311_/X
 _2312_/X
 _2313_/X
 _2314_/X
 _2315_/X
 _2316_/X
 _2317_/X
 _2318_/X
 _2319_/X
 _2320_/X
 _2321_/X
 _2322_/X
 _2323_/X
 _2324_/X
 _2325_/X
 _2326_/X
 _2327_/X
 _2328_/X
 _2329_/X
 _2330_/X
 _2331_/X
 _2332_/X
 _2333_/X
 _2334_/X
 _2335_/X
 _2336_/X
 _2337_/X
 _2338_/X
 _2339_/X
 _2340_/X
 _2341_/X
 _2342_/X
 _2343_/X
 _2344_/X
 _2345_/X
 _2346_/X
 _2347_/X
 _2348_/X
 _2349_/X
 _2350_/X
 _2351_/X
 _2352_/X
 _2353_/X
 _2354_/X
 _2355_/X
 _2356_/X
 _2357_/X
 _2358_/X
 _2359_/X
 _2360_/X
 _2361_/X
 _2362_/X
 _2363_/X
 _2364_/X
 _2365_/X
 _2366_/X
 _2367_/X
 _2368_/X
 _2369_/X
 _2370_/X
 _2371_/X
 _2372_/X
 _2373_/X
 _2374_/X
 _2375_/X
 _2376_/X
 _2377_/X
 _2378_/X
 _2379_/X
 _2380_/X
 _2381_/X
 _2382_/X
 _2383_/X
 _2384_/X
 _2385_/X
 _2386_/X
 _2387_/X
 _2388_/X
 _2389_/X
 _2390_/X
 _2391_/X
 _2392_/X
 _2393_/X
 _2394_/X
 _2395_/X
 _2396_/X
 _2397_/X
 _2398_/X
 _2399_/X
 _2400_/X
 _2401_/X
 _2402_/Y
 _2403_/X
 _2404_/X
 _2405_/X
 _2406_/X
 _2407_/X
 _2408_/X
 _2409_/X
 _2410_/X
 _2411_/X
 _2412_/X
 _2413_/X
 _2414_/X
 _2415_/X
 _2416_/X
 _2417_/X
 _2418_/X
 _2419_/X
 _2420_/X
 _2421_/X
 _2422_/X
 _2423_/X
 _2424_/X
 _2425_/X
 _2426_/X
 _2427_/X
 _2428_/X
 _2429_/X
 _2430_/X
 _2431_/X
 _2432_/X
 _2433_/X
 _2434_/X
 _2435_/X
 _2436_/X
 _2437_/X
 _2438_/X
 _2439_/X
 _2440_/X
 _2441_/X
 _2442_/X
 _2443_/X
 _2444_/X
 _2445_/X
 _2446_/X
 _2447_/X
 _2448_/X
 _2449_/X
 _2450_/X
 _2451_/X
 _2452_/X
 _2453_/X
 _2454_/X
 _2455_/X
 _2456_/X
 _2457_/X
 _2458_/X
 _2459_/X
 _2460_/X
 _2461_/X
 _2462_/X
 _2463_/X
 _2464_/X
 _2465_/X
 _2466_/X
 _2467_/X
 _2468_/X
 _2469_/X
 _2470_/X
 _2471_/X
 _2472_/X
 _2473_/X
 _2474_/X
 _2475_/X
 _2476_/X
 _2477_/X
 _2478_/X
 _2479_/X
 _2480_/X
 _2481_/X
 _2482_/X
 _2483_/X
 _2484_/X
 _2485_/X
 _2486_/X
 _2487_/X
 _2488_/X
 _2489_/X
 _2490_/X
 _2491_/X
 _2492_/X
 _2493_/X
 _2494_/X
 _2495_/X
 _2496_/X
 _2497_/X
 _2498_/X
 _2499_/X
 _2500_/X
 _2501_/X
 _2502_/X
 _2503_/X
 _2504_/X
 _2505_/X
 _2506_/X
 _2507_/X
 _2508_/X
 _2509_/X
 _2510_/X
 _2511_/X
 _2512_/X
 _2513_/X
 _2514_/X
 _2515_/X
 _2516_/X
 _2517_/X
 _2518_/X
 _2519_/X
 _2520_/X
 _2521_/X
 _2522_/X
 _2523_/X
 _2524_/X
 _2525_/X
 _2526_/X
 _2527_/X
 _2528_/X
 _2529_/X
 _2530_/X
 _2531_/X
 _2532_/X
 _2533_/X
 _2534_/X
 _2535_/X
 _2536_/X
 _2537_/X
 _2538_/X
 _2539_/X
 _2540_/X
 _2541_/X
 _2542_/X
 _2543_/X
 _2544_/X
 _2545_/X
 _2546_/X
 _2547_/X
 _2548_/X
 _2549_/X
 _2550_/X
 _2551_/X
 _2552_/X
 _2553_/X
 _2554_/X
 _2555_/X
 _2556_/X
 _2557_/X
 _2558_/X
 _2559_/X
 _2560_/Y
 _2561_/X
 _2562_/X
 _2563_/X
 _2564_/X
 _2565_/X
 _2566_/X
 _2567_/X
 _2568_/X
 _2569_/X
 _2570_/X
 _2571_/X
 _2572_/X
 _2573_/X
 _2574_/X
 _2575_/X
 _2576_/X
 _2577_/X
 _2578_/X
 _2579_/X
 _2580_/X
 _2581_/X
 _2582_/X
 _2583_/X
 _2584_/X
 _2585_/X
 _2586_/X
 _2587_/X
 _2588_/X
 _2589_/X
 _2590_/X
 _2591_/X
 _2592_/X
 _2593_/X
 _2594_/X
 _2595_/X
 _2596_/X
 _2597_/X
 _2598_/X
 _2599_/X
 _2600_/X
 _2601_/X
 _2602_/X
 _2603_/X
 _2604_/X
 _2605_/X
 _2606_/X
 _2607_/X
 _2608_/X
 _2609_/X
 _2610_/X
 _2611_/X
 _2612_/X
 _2613_/X
 _2614_/X
 _2615_/X
 _2616_/X
 _2617_/X
 _2618_/X
 _2619_/X
 _2620_/X
 _2621_/X
 _2622_/X
 _2623_/X
 _2624_/X
 _2625_/X
 _2626_/X
 _2627_/X
 _2628_/X
 _2629_/X
 _2630_/X
 _2631_/X
 _2632_/X
 _2633_/X
 _2634_/X
 _2635_/X
 _2636_/X
 _2637_/X
 _2638_/X
 _2639_/X
 _2640_/X
 _2641_/X
 _2642_/X
 _2643_/X
 _2644_/X
 _2645_/X
 _2646_/X
 _2647_/X
 _2648_/X
 _2649_/X
 _2650_/X
 _2651_/X
 _2652_/X
 _2653_/X
 _2654_/X
 _2655_/X
 _2656_/X
 _2657_/X
 _2658_/X
 _2659_/X
 _2660_/X
 _2661_/X
 _2662_/X
 _2663_/X
 _2664_/X
 _2665_/X
 _2666_/X
 _2667_/X
 _2668_/X
 _2669_/X
 _2670_/X
 _2671_/X
 _2672_/X
 _2673_/X
 _2674_/X
 _2675_/X
 _2676_/X
 _2677_/X
 _2678_/X
 _2679_/X
 _2680_/X
 _2681_/X
 _2682_/X
 _2683_/X
 _2684_/X
 _2685_/X
 _2686_/X
 _2687_/X
 _2688_/X
 _2689_/X
 _2690_/X
 _2691_/X
 _2692_/X
 _2693_/X
 _2694_/X
 _2695_/X
 _2696_/X
 _2697_/X
 _2698_/X
 _2699_/X
 _2700_/X
 _2701_/X
 _2702_/X
 _2703_/X
 _2704_/X
 _2705_/X
 _2706_/Y
 _2707_/X
 _2708_/X
 _2709_/X
 _2710_/X
 _2711_/X
 _2712_/X
 _2713_/X
 _2714_/X
 _2715_/X
 _2716_/X
 _2717_/Y
 _2718_/Y
 _2719_/X
 _2720_/X
 _2721_/X
 _2722_/Y
 _2723_/Y
 _2724_/X
 _2725_/Y
 _2726_/Y
 _2727_/X
 _2728_/X
 _2729_/X
 _2730_/X
 _2731_/X
 _2732_/X
 _2733_/Y
 _2734_/X
 _2735_/Y
 _2736_/X
 _2737_/Y
 _2738_/X
 _2739_/Y
 _2740_/Y
 _2741_/X
 _2742_/Y
 _2743_/X
 _2744_/X
 _2745_/X
 _2746_/Y
 _2747_/Y
 _2748_/X
 _2749_/X
 _2750_/X
 _2751_/Y
 _2752_/X
 _2753_/X
 _2754_/X
 _2755_/X
 _2756_/Y
 _2757_/X
 _2758_/X
 _2759_/Y
 _2760_/X
 _2761_/X
 _2762_/X
 _2763_/X
 _2764_/Y
 _2765_/Y
 _2766_/Y
 _2767_/Y
 _2768_/X
 _2769_/X
 _2770_/Y
 _2771_/Y
 _2772_/Y
 _2773_/Y
 _2774_/Y
 _2775_/Y
 _2776_/Y
 _2777_/X
 _2778_/Y
 _2779_/Y
 _2780_/X
 _2781_/Y
 _2782_/Y
 _2783_/X
 _2784_/X
 _2785_/X
 _2786_/Y
 _2787_/X
 _2788_/X
 _2789_/X
 _2790_/X
 _2791_/Y
 _2792_/X
 _2793_/Y
 _2794_/X
 _2795_/Y
 _2796_/X
 _2797_/Y
 _2798_/X
 _2799_/Y
 _2800_/X
 _2801_/Y
 _2802_/Y
 _2803_/Y
 _2804_/Y
 _2805_/Y
 _2806_/Y
 _2807_/Y
 _2808_/X
 _2809_/X
 _2810_/X
 _2811_/Y
 _2812_/X
 _2813_/X
 _2814_/X
 _2815_/X
 _2816_/X
 _2817_/X
 _2818_/X
 _2819_/X
 _2820_/X
 _2821_/X
 _2822_/X
 _2823_/X
 _2824_/X
 _2825_/X
 _2826_/X
 _2827_/X
 _2828_/X
 _2829_/X
 _2830_/X
 _2831_/X
 _2832_/X
 _2833_/X
 _2834_/X
 _2835_/X
 _2836_/X
 _2837_/X
 _2838_/X
 _2839_/X
 _2840_/X
 _2841_/X
 _2842_/X
 _2843_/X
 _2844_/X
 _2845_/X
 _2846_/X
 _2847_/X
 _2848_/X
 _2849_/X
 _2850_/X
 _2851_/X
 _2852_/X
 _2853_/X
 _2854_/X
 _2855_/X
 _2856_/X
 _2857_/X
 _2858_/X
 _2859_/X
 _2860_/X
 _2861_/X
 _2862_/X
 _2863_/X
 _2864_/X
 _2865_/X
 _2866_/X
 _2867_/X
 _2868_/X
 _2869_/X
 _2870_/X
 _2871_/X
 _2872_/X
 _2873_/X
 _2874_/X
 _2875_/X
 _2876_/X
 _2877_/X
 _2878_/X
 _2879_/X
 _2880_/X
 _2881_/X
 _2882_/X
 _2883_/X
 _2884_/X
 _2885_/X
 _2886_/X
 _2887_/X
 _2888_/X
 _2889_/X
 _2890_/X
 _2891_/X
 _2892_/X
 _2893_/X
 _2894_/X
 _2895_/X
 _2896_/X
 _2897_/X
 _2898_/X
 _2899_/X
 _2900_/X
 _2901_/X
 _2902_/X
 _2903_/X
 _2904_/X
 _2905_/X
 _2906_/X
 _2907_/X
 _2908_/X
 _2909_/X
 _2910_/X
 _2911_/X
 _2912_/X
 _2913_/X
 _2914_/X
 _2915_/X
 _2916_/X
 _2917_/X
 _2918_/X
 _2919_/X
 _2920_/X
 _2921_/X
 _2922_/X
 _2923_/X
 _2924_/X
 _2925_/X
 _2926_/X
 _2927_/X
 _2928_/X
 _2929_/X
 _2930_/X
 _2931_/X
 _2932_/X
 _2933_/X
 _2934_/X
 _2935_/X
 _2936_/X
 _2937_/X
 _2938_/X
 _2939_/X
 _2940_/X
 _2941_/X
 _2942_/X
 _2943_/X
 _2944_/X
 _2945_/X
 _2946_/X
 _2947_/X
 _2948_/X
 _2949_/X
 _2950_/X
 _2951_/X
 _2952_/X
 _2953_/X
 _2954_/X
 _2955_/X
 _2956_/X
 _2957_/X
 _2958_/X
 _2959_/X
 _2960_/X
 _2961_/X
 _2962_/X
 _2963_/X
 _2964_/X
 _2965_/X
 _2966_/X
 _2967_/X
 _2968_/X
 _2969_/X
 _2970_/X
 _2971_/X
 _2972_/X
 _2973_/X
 _2974_/X
 _2975_/X
 _2976_/X
 _2977_/X
 _2978_/X
 _2979_/X
 _2980_/X
 _2981_/X
 _2982_/X
 _2983_/X
 _2984_/X
 _2985_/X
 _2986_/X
 _2987_/X
 _2988_/X
 _2989_/X
 _2990_/X
 _2991_/X
 _2992_/X
 _2993_/X
 _2994_/X
 _2995_/X
 _2996_/Y
 _2997_/X
 _2998_/X
 _2999_/X
 _3000_/X
 _3001_/X
 _3002_/X
 _3003_/X
 _3004_/X
 _3005_/X
 _3006_/X
 _3007_/X
 _3008_/X
 _3009_/X
 _3010_/X
 _3011_/X
 _3012_/X
 _3013_/X
 _3014_/X
 _3015_/X
 _3016_/X
 _3017_/X
 _3018_/X
 _3019_/X
 _3020_/X
 _3021_/X
 _3022_/X
 _3023_/X
 _3024_/X
 _3025_/X
 _3026_/X
 _3027_/Y
 _3028_/X
 _3029_/X
 _3030_/X
 _3031_/X
 _3032_/X
 _3033_/Y
 _3034_/X
 _3035_/X
 _3036_/X
 _3037_/X
 _3038_/X
 _3039_/X
 _3040_/X
 _3041_/X
 _3042_/X
 _3043_/X
 _3044_/X
 _3045_/X
 _3046_/X
 _3047_/X
 _3048_/X
 _3049_/X
 _3050_/X
 _3051_/Y
 _3052_/X
 _3053_/X
 _3054_/X
 _3055_/X
 _3056_/X
 _3057_/X
 _3058_/Q
 _3059_/Q
 _3060_/Q
 _3061_/Q
 _3062_/Q
 _3063_/Q
 _3064_/Q
 _3065_/Q
 _3066_/Q
 _3067_/Q
 _3068_/Q
 _3069_/Q
 _3070_/Q
 _3071_/Q
 _3072_/Q
 _3073_/Q
 _3074_/Q
 _3075_/Q
 _3076_/Q
 _3077_/Q
 _3078_/Q
 _3079_/Q
 _3080_/Q
 _3081_/Q
 _3082_/Q
 _3083_/Q
 _3084_/Q
 _3085_/Q
 _3086_/Q
 _3087_/Q
 _3088_/Q
 _3089_/Q
 _3090_/Q
 _3091_/Q
 _3092_/Q
 _3093_/Q
 _3094_/Q
 _3095_/Q
 _3096_/Q
 _3097_/Q
 _3098_/Q
 _3099_/Q
 _3100_/Q
 _3101_/Q
 _3102_/Q
 _3103_/Q
 _3104_/Q
 _3105_/Q
 _3106_/Q
 _3107_/Q
 _3108_/Q
 _3109_/Q
 _3110_/Q
 _3111_/Q
 _3112_/Q
 _3113_/Q
 _3114_/Q
 _3115_/Q
 _3116_/Q
 _3117_/Q
 _3118_/Q
 _3119_/Q
 _3120_/Q
 _3121_/Q
 _3122_/Q
 _3123_/Q
 _3124_/Q
 _3125_/Q
 _3126_/Q
 _3127_/Q
 _3128_/Q
 _3129_/Q
 _3130_/Q
 _3131_/Q
 _3132_/Q
 _3133_/Q
 _3134_/Q
 _3135_/Q
 _3136_/Q
 _3137_/Q
 _3138_/Q
 _3139_/Q
 _3140_/Q
 _3141_/Q
 _3142_/Q
 _3143_/Q
 _3144_/Q
 _3145_/Q
 _3146_/Q
 _3147_/Q
 _3148_/Q
 _3149_/Q
 _3150_/Q
 _3151_/Q
 _3152_/Q
 _3153_/Q
 _3154_/Q
 _3155_/Q
 _3156_/Q
 _3157_/Q
 _3158_/Q
 _3159_/Q
 _3160_/Q
 _3161_/Q
 _3162_/Q
 _3163_/Q
 _3164_/Q
 _3165_/Q
 _3166_/Q
 _3167_/Q
 _3168_/Q
 _3169_/Q
 _3170_/Q
 _3171_/Q
 _3172_/Q
 _3173_/Q
 _3174_/Q
 _3175_/Q
 _3176_/Q
 _3177_/Q
 _3178_/Q
 _3179_/Q
 _3180_/Q
 _3181_/Q
 _3182_/Q
 _3183_/Q
 _3184_/Q
 _3185_/Q
 _3186_/Q
 _3187_/Q
 _3188_/Q
 _3189_/Q
 _3190_/Q
 _3191_/Q
 _3192_/Q
 _3193_/Q
 _3194_/Q
 _3195_/Q
 _3196_/Q
 _3197_/Q
 _3198_/Q
 _3199_/Q
 _3200_/Q
 _3201_/Q
 _3202_/Q
 _3203_/Q
 _3204_/Q
 _3205_/Q
 _3206_/Q
 _3207_/Q
 _3208_/Q
 _3209_/Q
 _3210_/Q
 _3211_/Q
 _3212_/Q
 _3213_/Q
 _3214_/Q
 _3215_/Q
 _3216_/Q
 _3217_/Q
 _3218_/Q
 _3219_/Q
 _3220_/Q
 _3221_/Q
 _3222_/Q
 _3223_/Q
 _3224_/Q
 _3225_/Q
 _3226_/Q
 _3227_/Q
 _3228_/Q
 _3229_/Q
 _3230_/Q
 _3231_/Q
 _3232_/Q
 _3233_/Q
 _3234_/Q
 _3235_/Q
 _3236_/Q
 _3237_/Q
 _3238_/Q
 _3239_/Q
 _3240_/Q
 _3241_/Q
 _3242_/Q
 _3243_/Q
 _3244_/Q
 _3245_/Q
 _3246_/Q
 _3247_/Q
 _3248_/Q
 _3249_/Q
 _3250_/Q
 _3251_/Q
 _3252_/Q
 _3253_/Q
 _3254_/Q
 _3255_/Q
 _3256_/Q
 _3257_/Q
 _3258_/Q
 _3259_/Q
 _3260_/Q
 _3261_/Q
 _3262_/Q
 _3263_/Q
 _3264_/Q
 _3265_/Q
 _3266_/Q
 _3267_/Q
 _3268_/Q
 _3269_/Q
 _3270_/Q
 _3271_/Q
 _3272_/Q
 _3273_/Q
 _3274_/Q
 _3275_/Q
 _3276_/Q
 _3277_/Q
 _3278_/Q
 _3279_/Q
 _3280_/Q
 _3281_/Q
 _3282_/Q
 _3283_/Q
 _3284_/Q
 _3285_/Q
 _3286_/Q
 _3287_/Q
 _3288_/Q
 _3289_/Q
 _3290_/Q
 _3291_/Q
 _3292_/Q
 _3293_/Q
 _3294_/Q
 _3295_/Q
 _3296_/Q
 _3297_/Q
 _3298_/Q
 _3299_/Q
 _3300_/Q
 _3301_/Q
 _3302_/Q
 _3303_/Q
 _3304_/Q
 _3305_/Q
 _3306_/Q
 _3307_/Q
 _3308_/Q
 _3309_/Q
 _3310_/Q
 _3311_/Q
 _3312_/Q
 _3313_/Q
 _3314_/Q
 _3315_/Q
 _3316_/Q
 _3317_/Q
 _3318_/Q
 _3319_/Q
 _3320_/Q
 _3321_/Q
 _3322_/Q
 _3323_/Q
 _3324_/Q
 _3325_/Q
 _3326_/Q
 _3327_/Q
 _3328_/Q
 _3329_/Q
 _3330_/Q
 _3331_/Q
 _3332_/Q
 _3333_/Q
 _3334_/Q
 _3335_/Q
 _3336_/Q
 _3337_/Q
 _3338_/Q
 _3339_/Q
 _3340_/Q
 _3341_/Q
 _3342_/Q
 _3343_/Q
 _3344_/Q
 _3345_/Q
 _3346_/Q
 _3347_/Q
 _3348_/Q
 _3349_/Q
 _3350_/Q
 _3351_/Q
 _3352_/Q
 _3353_/Q
 _3354_/Q
 _3355_/Q
 _3356_/Q
 _3357_/Q
 _3358_/Q
 _3359_/Q
 _3360_/Q
 _3361_/Q
 _3362_/Q
 _3363_/Q
 _3364_/Q
 _3365_/Q
 _3366_/Q
 _3367_/Q
 _3368_/Q
 _3369_/Q
 _3370_/Q
 _3371_/Q
 _3372_/Q
 _3373_/Q
 _3374_/Q
 _3375_/Q
 _3376_/Q
 _3377_/Q
 _3378_/Q
 _3379_/Q
 _3380_/Q
 _3381_/Q
 _3382_/Q
 _3383_/Q
 _3384_/Q
 _3385_/Q
 _3386_/Q
 _3387_/Q
 _3388_/Q
 _3389_/Q
 _3390_/Q
 _3391_/Q
 _3392_/Q
 _3393_/Q
 _3394_/Q
 _3395_/Q
 _3396_/Q
 _3397_/Q
 _3398_/Q
 _3399_/Q
 _3400_/Q
 _3401_/Q
 _3402_/Q
 _3403_/Q
 _3404_/Q
 _3405_/Q
 _3406_/Q
 _3407_/Q
 _3408_/Q
 _3409_/Q
 _3410_/Q
 _3411_/Q
 _3412_/Q
 _3413_/Q
 _3414_/Q
 _3415_/Q
 _3416_/Q
 _3417_/Q
 _3418_/Q
 _3419_/Q
 _3420_/Q
 _3421_/Q
 _3422_/Q
 _3423_/Q
 _3424_/X
 _3425_/Z
 _3426_/Z
 _3427_/Z
 _3428_/Z
 _3429_/Z
 _3430_/Z
 _3431_/Z
 _3432_/Z
 _3433_/Z
 _3434_/Z
 _3435_/Z
 _3436_/Z
 _3437_/Z
 _3438_/Z
 _3439_/Z
 _3440_/Z
 fanout100/X
 fanout101/X
 fanout102/X
 fanout103/X
 fanout104/X
 fanout105/X
 fanout106/X
 fanout107/X
 fanout108/X
 fanout109/X
 fanout110/X
 fanout111/X
 fanout112/X
 fanout113/X
 fanout114/X
 fanout115/X
 fanout116/X
 fanout117/X
 fanout118/X
 fanout119/X
 fanout120/X
 fanout121/X
 fanout122/X
 fanout123/X
 fanout124/X
 fanout125/X
 fanout126/X
 fanout127/X
 fanout128/X
 fanout129/X
 fanout130/X
 fanout131/X
 fanout132/X
 fanout133/X
 fanout134/X
 fanout135/X
 fanout136/X
 fanout137/X
 fanout138/X
 fanout139/X
 fanout140/X
 fanout141/X
 fanout142/X
 fanout143/X
 fanout144/X
 fanout145/X
 fanout146/X
 fanout147/X
 fanout148/X
 fanout149/X
 fanout150/X
 fanout151/X
 fanout152/X
 fanout153/X
 fanout154/X
 fanout155/X
 fanout156/X
 fanout157/X
 fanout158/X
 fanout159/X
 fanout160/X
 fanout161/X
 fanout162/X
 fanout163/X
 fanout164/X
 fanout165/X
 fanout166/X
 fanout167/X
 fanout168/X
 fanout169/X
 fanout170/X
 fanout171/X
 fanout172/X
 fanout173/X
 fanout174/X
 fanout175/X
 fanout176/X
 fanout177/X
 fanout178/X
 fanout179/X
 fanout180/X
 fanout181/X
 fanout182/X
 fanout183/X
 fanout184/X
 fanout185/X
 fanout186/X
 fanout187/X
 fanout83/X
 fanout84/X
 fanout85/X
 fanout86/X
 fanout87/X
 fanout88/X
 fanout89/X
 fanout90/X
 fanout91/X
 fanout92/X
 fanout93/X
 fanout94/X
 fanout95/X
 fanout96/X
 fanout97/X
 fanout98/X
 fanout99/X
 input1/X
 input10/X
 input11/X
 input12/X
 input13/X
 input14/X
 input15/X
 input16/X
 input17/X
 input18/X
 input19/X
 input2/X
 input20/X
 input21/X
 input22/X
 input23/X
 input24/X
 input25/X
 input26/X
 input27/X
 input28/X
 input29/X
 input3/X
 input30/X
 input31/X
 input32/X
 input33/X
 input34/X
 input4/X
 input5/X
 input6/X
 input7/X
 input8/X
 input9/X
 output35/X
 output36/X
 output37/X
 output38/X
 output39/X
 output40/X
 output41/X
 output42/X
 output43/X
 output44/X
 output45/X
 output46/X
 output47/X
 output48/X
 output49/X
 output50/X
 output51/X
 output52/X
 output53/X
 output54/X
 output55/X
 output56/X
 output57/X
 output58/X
 output59/X
 output60/X
 output61/X
 output62/X
 output63/X
 output64/X
 output65/X
 output66/X
 output67/X
 output68/X
 output69/X
 output70/X
 output71/X
 output72/X
 output73/X
 output74/X
 output75/X
 output76/X
 output77/X
 output78/X
 output79/X
 output80/X
 output81/X
 output82/X
Found 0 partially unannotated drivers.
parastic_annotation_check
check_slew

===========================================================================
 report_check_types -max_slew -max_cap -max_fanout -violators
============================================================================

===========================================================================
max slew violation count 0
max fanout violation count 0
max cap violation count 0
============================================================================
check_slew_end
tns_report

===========================================================================
 report_tns
============================================================================
tns 0.00
tns_report_end
wns_report

===========================================================================
 report_wns
============================================================================
wns 0.00
wns_report_end
worst_slack

===========================================================================
 report_worst_slack -max (Setup)
============================================================================
worst slack 7.57

===========================================================================
 report_worst_slack -min (Hold)
============================================================================
worst slack 6.70
worst_slack_end
clock_skew

===========================================================================
 report_clock_skew
============================================================================
Clock clk_48
No launch/capture paths found.

clock_skew_end
power_report

===========================================================================
 report_power
============================================================================
Group                  Internal  Switching    Leakage      Total
                          Power      Power      Power      Power (Watts)
----------------------------------------------------------------
Sequential             5.19e-04   3.05e-04   3.07e-09   8.24e-04  40.8%
Combinational          6.26e-04   5.71e-04   7.86e-09   1.20e-03  59.2%
Macro                  0.00e+00   0.00e+00   0.00e+00   0.00e+00   0.0%
Pad                    0.00e+00   0.00e+00   0.00e+00   0.00e+00   0.0%
----------------------------------------------------------------
Total                  1.14e-03   8.76e-04   1.09e-08   2.02e-03 100.0%
                          56.6%      43.4%       0.0%
power_report_end
area_report

===========================================================================
 report_design_area
============================================================================
Design area 23561 u^2 44% utilization.
area_report_end
Setting global connections for newly added cells...
Writing OpenROAD database to /openlane/designs/vahid6i/runs/RUN_2023.03.27_21.25.06/tmp/13-vahid6i.odb...
Writing netlist to /openlane/designs/vahid6i/runs/RUN_2023.03.27_21.25.06/tmp/13-vahid6i.nl.v...
Writing powered netlist to /openlane/designs/vahid6i/runs/RUN_2023.03.27_21.25.06/tmp/13-vahid6i.pnl.v...
Writing layout to /openlane/designs/vahid6i/runs/RUN_2023.03.27_21.25.06/tmp/13-vahid6i.def...
Writing timing constraints to /openlane/designs/vahid6i/runs/RUN_2023.03.27_21.25.06/tmp/13-vahid6i.sdc...
