OpenROAD 6840b7481d49c83870f79646cf979e66f22f6833 
This program is licensed under the BSD-3 license. See the LICENSE file for details.
Components of this program may be licensed under more restrictive licenses which must be honored.
[INFO]: Reading ODB at '/openlane/designs/vahid6i/runs/RUN_2023.04.16_13.57.13/results/routing/vahid6i.odb'...
[WARNING STA-0357] virtual clock clk_48 can not be propagated.
min_report

===========================================================================
report_checks -path_delay min (Hold)
============================================================================
Startpoint: clock (input port clocked by clk_48)
Endpoint: led_clock (output port clocked by clk_48)
Path Group: clk_48
Path Type: min

Fanout     Cap    Slew   Delay    Time   Description
-----------------------------------------------------------------------------
                  0.00    0.00    0.00   clock clk_48 (rise edge)
                          0.00    0.00   clock network delay (ideal)
                          3.00    3.00 v input external delay
                  0.01    0.00    3.00 v clock (in)
     1    0.00                           clock (net)
                  0.01    0.00    3.00 v input17/A (sky130_fd_sc_hd__clkbuf_1)
                  0.04    0.08    3.09 v input17/X (sky130_fd_sc_hd__clkbuf_1)
     1    0.01                           net17 (net)
                  0.04    0.00    3.09 v fanout109/A (sky130_fd_sc_hd__clkbuf_2)
                  0.13    0.18    3.27 v fanout109/X (sky130_fd_sc_hd__clkbuf_2)
     3    0.03                           net109 (net)
                  0.13    0.00    3.27 v fanout108/A (sky130_fd_sc_hd__dlymetal6s2s_1)
                  0.11    0.23    3.49 v fanout108/X (sky130_fd_sc_hd__dlymetal6s2s_1)
     3    0.02                           net108 (net)
                  0.11    0.00    3.49 v fanout96/A (sky130_fd_sc_hd__dlymetal6s2s_1)
                  0.11    0.22    3.71 v fanout96/X (sky130_fd_sc_hd__dlymetal6s2s_1)
     3    0.02                           net96 (net)
                  0.11    0.00    3.71 v fanout91/A (sky130_fd_sc_hd__dlymetal6s2s_1)
                  0.10    0.21    3.92 v fanout91/X (sky130_fd_sc_hd__dlymetal6s2s_1)
     5    0.02                           net91 (net)
                  0.10    0.00    3.92 v _2039_/A (sky130_fd_sc_hd__clkbuf_1)
                  0.02    0.10    4.02 v _2039_/X (sky130_fd_sc_hd__clkbuf_1)
     1    0.00                           net45 (net)
                  0.02    0.00    4.02 v output45/A (sky130_fd_sc_hd__buf_2)
                  0.09    0.16    4.19 v output45/X (sky130_fd_sc_hd__buf_2)
     1    0.03                           led_clock (net)
                  0.09    0.00    4.19 v led_clock (out)
                                  4.19   data arrival time

                  0.00    0.00    0.00   clock clk_48 (rise edge)
                          0.00    0.00   clock network delay (ideal)
                          0.25    0.25   clock uncertainty
                          0.00    0.25   clock reconvergence pessimism
                         -3.00   -2.75   output external delay
                                 -2.75   data required time
-----------------------------------------------------------------------------
                                 -2.75   data required time
                                 -4.19   data arrival time
-----------------------------------------------------------------------------
                                  6.94   slack (MET)


min_report_end
max_report

===========================================================================
report_checks -path_delay max (Setup)
============================================================================
Startpoint: clock (input port clocked by clk_48)
Endpoint: led_clock (output port clocked by clk_48)
Path Group: clk_48
Path Type: max

Fanout     Cap    Slew   Delay    Time   Description
-----------------------------------------------------------------------------
                  0.00    0.00    0.00   clock clk_48 (rise edge)
                          0.00    0.00   clock network delay (ideal)
                          3.00    3.00 ^ input external delay
                  0.02    0.01    3.01 ^ clock (in)
     1    0.00                           clock (net)
                  0.02    0.00    3.01 ^ input17/A (sky130_fd_sc_hd__clkbuf_1)
                  0.08    0.10    3.12 ^ input17/X (sky130_fd_sc_hd__clkbuf_1)
     1    0.01                           net17 (net)
                  0.08    0.00    3.12 ^ fanout109/A (sky130_fd_sc_hd__clkbuf_2)
                  0.20    0.23    3.35 ^ fanout109/X (sky130_fd_sc_hd__clkbuf_2)
     3    0.04                           net109 (net)
                  0.20    0.00    3.35 ^ fanout108/A (sky130_fd_sc_hd__dlymetal6s2s_1)
                  0.22    0.26    3.62 ^ fanout108/X (sky130_fd_sc_hd__dlymetal6s2s_1)
     3    0.02                           net108 (net)
                  0.22    0.00    3.62 ^ fanout96/A (sky130_fd_sc_hd__dlymetal6s2s_1)
                  0.22    0.27    3.89 ^ fanout96/X (sky130_fd_sc_hd__dlymetal6s2s_1)
     3    0.02                           net96 (net)
                  0.22    0.00    3.89 ^ fanout91/A (sky130_fd_sc_hd__dlymetal6s2s_1)
                  0.20    0.26    4.14 ^ fanout91/X (sky130_fd_sc_hd__dlymetal6s2s_1)
     5    0.02                           net91 (net)
                  0.20    0.00    4.14 ^ _2039_/A (sky130_fd_sc_hd__clkbuf_1)
                  0.04    0.11    4.26 ^ _2039_/X (sky130_fd_sc_hd__clkbuf_1)
     1    0.00                           net45 (net)
                  0.04    0.00    4.26 ^ output45/A (sky130_fd_sc_hd__buf_2)
                  0.17    0.21    4.47 ^ output45/X (sky130_fd_sc_hd__buf_2)
     1    0.03                           led_clock (net)
                  0.17    0.00    4.47 ^ led_clock (out)
                                  4.47   data arrival time

                  0.00   15.00   15.00   clock clk_48 (rise edge)
                          0.00   15.00   clock network delay (ideal)
                         -0.25   14.75   clock uncertainty
                          0.00   14.75   clock reconvergence pessimism
                         -3.00   11.75   output external delay
                                 11.75   data required time
-----------------------------------------------------------------------------
                                 11.75   data required time
                                 -4.47   data arrival time
-----------------------------------------------------------------------------
                                  7.28   slack (MET)


max_report_end
check_report

===========================================================================
report_checks -unconstrained
============================================================================
Startpoint: clock (input port clocked by clk_48)
Endpoint: led_clock (output port clocked by clk_48)
Path Group: clk_48
Path Type: max

Fanout     Cap    Slew   Delay    Time   Description
-----------------------------------------------------------------------------
                  0.00    0.00    0.00   clock clk_48 (rise edge)
                          0.00    0.00   clock network delay (ideal)
                          3.00    3.00 ^ input external delay
                  0.02    0.01    3.01 ^ clock (in)
     1    0.00                           clock (net)
                  0.02    0.00    3.01 ^ input17/A (sky130_fd_sc_hd__clkbuf_1)
                  0.08    0.10    3.12 ^ input17/X (sky130_fd_sc_hd__clkbuf_1)
     1    0.01                           net17 (net)
                  0.08    0.00    3.12 ^ fanout109/A (sky130_fd_sc_hd__clkbuf_2)
                  0.20    0.23    3.35 ^ fanout109/X (sky130_fd_sc_hd__clkbuf_2)
     3    0.04                           net109 (net)
                  0.20    0.00    3.35 ^ fanout108/A (sky130_fd_sc_hd__dlymetal6s2s_1)
                  0.22    0.26    3.62 ^ fanout108/X (sky130_fd_sc_hd__dlymetal6s2s_1)
     3    0.02                           net108 (net)
                  0.22    0.00    3.62 ^ fanout96/A (sky130_fd_sc_hd__dlymetal6s2s_1)
                  0.22    0.27    3.89 ^ fanout96/X (sky130_fd_sc_hd__dlymetal6s2s_1)
     3    0.02                           net96 (net)
                  0.22    0.00    3.89 ^ fanout91/A (sky130_fd_sc_hd__dlymetal6s2s_1)
                  0.20    0.26    4.14 ^ fanout91/X (sky130_fd_sc_hd__dlymetal6s2s_1)
     5    0.02                           net91 (net)
                  0.20    0.00    4.14 ^ _2039_/A (sky130_fd_sc_hd__clkbuf_1)
                  0.04    0.11    4.26 ^ _2039_/X (sky130_fd_sc_hd__clkbuf_1)
     1    0.00                           net45 (net)
                  0.04    0.00    4.26 ^ output45/A (sky130_fd_sc_hd__buf_2)
                  0.17    0.21    4.47 ^ output45/X (sky130_fd_sc_hd__buf_2)
     1    0.03                           led_clock (net)
                  0.17    0.00    4.47 ^ led_clock (out)
                                  4.47   data arrival time

                  0.00   15.00   15.00   clock clk_48 (rise edge)
                          0.00   15.00   clock network delay (ideal)
                         -0.25   14.75   clock uncertainty
                          0.00   14.75   clock reconvergence pessimism
                         -3.00   11.75   output external delay
                                 11.75   data required time
-----------------------------------------------------------------------------
                                 11.75   data required time
                                 -4.47   data arrival time
-----------------------------------------------------------------------------
                                  7.28   slack (MET)



===========================================================================
report_checks --slack_max -0.01
============================================================================
No paths found.
check_report_end
parastic_annotation_check

===========================================================================
report_parasitic_annotation -report_unannotated
============================================================================
Found 1 unannotated drivers.
 vahid6i_110/LO
Found 0 partially unannotated drivers.
parastic_annotation_check
check_slew

===========================================================================
 report_check_types -max_slew -max_cap -max_fanout -violators
============================================================================
max fanout

Pin                                   Limit Fanout  Slack
---------------------------------------------------------
fanout57/X                                6      7        (VIOLATED)


===========================================================================
max slew violation count 0
max fanout violation count 1
max cap violation count 0
============================================================================
check_slew_end
tns_report

===========================================================================
 report_tns
============================================================================
tns 0.00
tns_report_end
wns_report

===========================================================================
 report_wns
============================================================================
wns 0.00
wns_report_end
worst_slack

===========================================================================
 report_worst_slack -max (Setup)
============================================================================
worst slack 7.28

===========================================================================
 report_worst_slack -min (Hold)
============================================================================
worst slack 6.94
worst_slack_end
clock_skew

===========================================================================
 report_clock_skew
============================================================================
Clock clk_48
No launch/capture paths found.

clock_skew_end
power_report

===========================================================================
 report_power
============================================================================
Group                  Internal  Switching    Leakage      Total
                          Power      Power      Power      Power (Watts)
----------------------------------------------------------------
Sequential             6.05e-04   7.05e-04   1.84e-09   1.31e-03  63.7%
Combinational          3.30e-04   4.16e-04   7.31e-09   7.47e-04  36.3%
Macro                  0.00e+00   0.00e+00   0.00e+00   0.00e+00   0.0%
Pad                    0.00e+00   0.00e+00   0.00e+00   0.00e+00   0.0%
----------------------------------------------------------------
Total                  9.36e-04   1.12e-03   9.15e-09   2.06e-03 100.0%
                          45.5%      54.5%       0.0%
power_report_end
area_report

===========================================================================
 report_design_area
============================================================================
Design area 13727 u^2 44% utilization.
area_report_end
Setting global connections for newly added cells...
[WARNING] Did not save OpenROAD database!
Writing SDF to /openlane/designs/vahid6i/runs/RUN_2023.04.16_13.57.13/results/routing/mca/process_corner_nom/vahid6i.sdf...
Writing timing model to /openlane/designs/vahid6i/runs/RUN_2023.04.16_13.57.13/results/routing/mca/process_corner_nom/vahid6i.lib...
