Thu Apr 06 14:48:18 UTC 2023 - Executing "openroad -exit -no_init -python /openlane/scripts/odbpy/lefutil.py get_metal_layers -o /openlane/designs/vahid6i/runs/RUN_2023.04.06_14.48.18/tmp/layers.list /home/hugodg/sky130_workspace/open_pdks/sky130/sky130A/libs.ref/sky130_fd_sc_hd/techlef/sky130_fd_sc_hd__nom.tlef"

Thu Apr 06 14:48:18 UTC 2023 - Executing "/openlane/scripts/mergeLef.py -o /openlane/designs/vahid6i/runs/RUN_2023.04.06_14.48.18/tmp/merged.nom.lef -i /home/hugodg/sky130_workspace/open_pdks/sky130/sky130A/libs.ref/sky130_fd_sc_hd/techlef/sky130_fd_sc_hd__nom.tlef {/home/hugodg/sky130_workspace/open_pdks/sky130/sky130A/libs.ref/sky130_fd_sc_hd/lef/sky130_ef_sc_hd.lef /home/hugodg/sky130_workspace/open_pdks/sky130/sky130A/libs.ref/sky130_fd_sc_hd/lef/sky130_fd_sc_hd.lef} |& tee /dev/null"

Thu Apr 06 14:48:18 UTC 2023 - Executing "/openlane/scripts/mergeLef.py -o /openlane/designs/vahid6i/runs/RUN_2023.04.06_14.48.18/tmp/merged.min.lef -i /home/hugodg/sky130_workspace/open_pdks/sky130/sky130A/libs.ref/sky130_fd_sc_hd/techlef/sky130_fd_sc_hd__min.tlef {/home/hugodg/sky130_workspace/open_pdks/sky130/sky130A/libs.ref/sky130_fd_sc_hd/lef/sky130_ef_sc_hd.lef /home/hugodg/sky130_workspace/open_pdks/sky130/sky130A/libs.ref/sky130_fd_sc_hd/lef/sky130_fd_sc_hd.lef} |& tee /dev/null"

Thu Apr 06 14:48:18 UTC 2023 - Executing "/openlane/scripts/mergeLef.py -o /openlane/designs/vahid6i/runs/RUN_2023.04.06_14.48.18/tmp/merged.max.lef -i /home/hugodg/sky130_workspace/open_pdks/sky130/sky130A/libs.ref/sky130_fd_sc_hd/techlef/sky130_fd_sc_hd__max.tlef {/home/hugodg/sky130_workspace/open_pdks/sky130/sky130A/libs.ref/sky130_fd_sc_hd/lef/sky130_ef_sc_hd.lef /home/hugodg/sky130_workspace/open_pdks/sky130/sky130A/libs.ref/sky130_fd_sc_hd/lef/sky130_fd_sc_hd.lef} |& tee /dev/null"

Thu Apr 06 14:48:18 UTC 2023 - Executing "python3 /openlane/scripts/mergeLib.py --output /openlane/designs/vahid6i/runs/RUN_2023.04.06_14.48.18/tmp/synthesis/merged.lib --name sky130A_merged /home/hugodg/sky130_workspace/open_pdks/sky130/sky130A/libs.ref/sky130_fd_sc_hd/lib/sky130_fd_sc_hd__tt_025C_1v80.lib"

Thu Apr 06 14:48:19 UTC 2023 - Executing "python3 /openlane/scripts/libtrim.py --cell-file /openlane/designs/vahid6i/runs/RUN_2023.04.06_14.48.18/tmp/synthesis/trimmed.lib.exclude.list --output /openlane/designs/vahid6i/runs/RUN_2023.04.06_14.48.18/tmp/synthesis/trimmed.lib /openlane/designs/vahid6i/runs/RUN_2023.04.06_14.48.18/tmp/synthesis/merged.lib"

Thu Apr 06 14:48:19 UTC 2023 - Executing "python3 /openlane/scripts/libtrim.py --cell-file /openlane/designs/vahid6i/runs/RUN_2023.04.06_14.48.18/tmp/cts/cts.lib.exclude.list --output /openlane/designs/vahid6i/runs/RUN_2023.04.06_14.48.18/tmp/cts/cts.lib /home/hugodg/sky130_workspace/open_pdks/sky130/sky130A/libs.ref/sky130_fd_sc_hd/lib/sky130_fd_sc_hd__tt_025C_1v80.lib"

Thu Apr 06 14:48:19 UTC 2023 - Executing "python3 /openlane/scripts/new_tracks.py -i /home/hugodg/sky130_workspace/open_pdks/sky130/sky130A/libs.tech/openlane/sky130_fd_sc_hd/tracks.info -o /openlane/designs/vahid6i/runs/RUN_2023.04.06_14.48.18/tmp/routing/config.tracks"

Thu Apr 06 14:48:19 UTC 2023 - Executing "echo {OpenLane f4c6f5feadc99c82f1efab384a4ec6e73913e262} > /openlane/designs/vahid6i/runs/RUN_2023.04.06_14.48.18/OPENLANE_VERSION"

Thu Apr 06 14:48:19 UTC 2023 - Executing "sed -E {s/^([[:space:]]+)pg_pin(.*)/\1pin\2\n\1    direction : "inout";/g} /home/hugodg/sky130_workspace/open_pdks/sky130/sky130A/libs.ref/sky130_fd_sc_hd/lib/sky130_fd_sc_hd__tt_025C_1v80.lib > /openlane/designs/vahid6i/runs/RUN_2023.04.06_14.48.18/tmp/synthesis/1-sky130_fd_sc_hd__tt_025C_1v80.no_pg.lib"

Thu Apr 06 14:48:19 UTC 2023 - Executing "sed -E {s/^([[:space:]]+)pg_pin(.*)/\1pin\2\n\1    direction : "inout";/g} /openlane/designs/vahid6i/runs/RUN_2023.04.06_14.48.18/tmp/synthesis/trimmed.lib > /openlane/designs/vahid6i/runs/RUN_2023.04.06_14.48.18/tmp/synthesis/1-trimmed.no_pg.lib"

Thu Apr 06 14:48:19 UTC 2023 - Executing "yosys -c /openlane/scripts/yosys/synth.tcl |& tee /dev/null /openlane/designs/vahid6i/runs/RUN_2023.04.06_14.48.18/logs/synthesis/1-synthesis.log"

Thu Apr 06 14:48:21 UTC 2023 - Executing "sed -i.bak -e {s/\(set ::env(CURRENT_NETLIST)\).*/\1 \/openlane\/designs\/vahid6i\/runs\/RUN_2023.04.06_14.48.18\/results\/synthesis\/vahid6i.v/} /openlane/designs/vahid6i/runs/RUN_2023.04.06_14.48.18/config.tcl"

Thu Apr 06 14:48:21 UTC 2023 - Executing "sed -i.bak /defparam/d /openlane/designs/vahid6i/runs/RUN_2023.04.06_14.48.18/results/synthesis/vahid6i.v"

Thu Apr 06 14:48:21 UTC 2023 - Executing "openroad -exit /openlane/scripts/openroad/sta.tcl |& tee /dev/null /openlane/designs/vahid6i/runs/RUN_2023.04.06_14.48.18/logs/synthesis/2-sta.log"

Thu Apr 06 14:48:22 UTC 2023 - Executing "openroad -exit /openlane/scripts/openroad/floorplan.tcl |& tee /dev/null /openlane/designs/vahid6i/runs/RUN_2023.04.06_14.48.18/logs/floorplan/3-initial_fp.log"

Thu Apr 06 14:48:22 UTC 2023 - Executing "openroad -exit -no_init -python /openlane/scripts/odbpy/defutil.py extract_core_dims --output-data /openlane/designs/vahid6i/runs/RUN_2023.04.06_14.48.18/tmp/dimensions.txt --input-lef /openlane/designs/vahid6i/runs/RUN_2023.04.06_14.48.18/tmp/merged.nom.lef /openlane/designs/vahid6i/runs/RUN_2023.04.06_14.48.18/tmp/floorplan/3-initial_fp.def"

Thu Apr 06 14:48:22 UTC 2023 - Executing "openroad -exit /openlane/scripts/openroad/ioplacer.tcl |& tee /dev/null /openlane/designs/vahid6i/runs/RUN_2023.04.06_14.48.18/logs/floorplan/4-io.log"

Thu Apr 06 14:48:23 UTC 2023 - Executing "openroad -exit /openlane/scripts/openroad/tapcell.tcl |& tee /dev/null /openlane/designs/vahid6i/runs/RUN_2023.04.06_14.48.18/logs/floorplan/5-tap.log"

Thu Apr 06 14:48:23 UTC 2023 - Executing "openroad -exit /openlane/scripts/openroad/pdn.tcl |& tee /dev/null /openlane/designs/vahid6i/runs/RUN_2023.04.06_14.48.18/logs/floorplan/6-pdn.log"

Thu Apr 06 14:48:23 UTC 2023 - Executing "openroad -exit /openlane/scripts/openroad/gpl.tcl |& tee /dev/null /openlane/designs/vahid6i/runs/RUN_2023.04.06_14.48.18/logs/placement/7-global.log"

Thu Apr 06 14:48:27 UTC 2023 - Executing "openroad -exit /openlane/scripts/openroad/resizer.tcl |& tee /dev/null /openlane/designs/vahid6i/runs/RUN_2023.04.06_14.48.18/logs/placement/8-resizer.log"

Thu Apr 06 14:48:27 UTC 2023 - Executing "sed -i.bak -e {s/\(set ::env(CURRENT_NETLIST)\).*/\1 \/openlane\/designs\/vahid6i\/runs\/RUN_2023.04.06_14.48.18\/tmp\/placement\/8-resizer.nl.v/} /openlane/designs/vahid6i/runs/RUN_2023.04.06_14.48.18/config.tcl"

Thu Apr 06 14:48:28 UTC 2023 - Executing "openroad -exit /openlane/scripts/openroad/dpl.tcl |& tee /dev/null /openlane/designs/vahid6i/runs/RUN_2023.04.06_14.48.18/logs/placement/9-detailed.log"

Thu Apr 06 14:48:28 UTC 2023 - Executing "sed -i.bak -e {s/\(set ::env(CURRENT_NETLIST)\).*/\1 \/openlane\/designs\/vahid6i\/runs\/RUN_2023.04.06_14.48.18\/results\/placement\/vahid6i.nl.v/} /openlane/designs/vahid6i/runs/RUN_2023.04.06_14.48.18/config.tcl"

Thu Apr 06 14:48:28 UTC 2023 - Executing "openroad -exit /openlane/scripts/openroad/cts.tcl |& tee /dev/null /openlane/designs/vahid6i/runs/RUN_2023.04.06_14.48.18/logs/cts/10-cts.log"

Thu Apr 06 14:48:49 UTC 2023 - Executing "openroad -exit /openlane/scripts/openroad/resizer_timing.tcl |& tee /dev/null /openlane/designs/vahid6i/runs/RUN_2023.04.06_14.48.18/logs/cts/11-resizer.log"

Thu Apr 06 14:48:50 UTC 2023 - Executing "sed -i.bak -e {s/\(set ::env(CURRENT_NETLIST)\).*/\1 \/openlane\/designs\/vahid6i\/runs\/RUN_2023.04.06_14.48.18\/tmp\/cts\/11-vahid6i.resized.nl.v/} /openlane/designs/vahid6i/runs/RUN_2023.04.06_14.48.18/config.tcl"

Thu Apr 06 14:48:50 UTC 2023 - Executing "openroad -exit /openlane/scripts/openroad/resizer_routing_design.tcl |& tee /dev/null /openlane/designs/vahid6i/runs/RUN_2023.04.06_14.48.18/logs/routing/12-resizer_design.log"

Thu Apr 06 14:48:56 UTC 2023 - Executing "sed -i.bak -e {s/\(set ::env(CURRENT_NETLIST)\).*/\1 \/openlane\/designs\/vahid6i\/runs\/RUN_2023.04.06_14.48.18\/tmp\/12-vahid6i.nl.v/} /openlane/designs/vahid6i/runs/RUN_2023.04.06_14.48.18/config.tcl"

Thu Apr 06 14:48:56 UTC 2023 - Executing "openroad -exit /openlane/scripts/openroad/resizer_routing_timing.tcl |& tee /dev/null /openlane/designs/vahid6i/runs/RUN_2023.04.06_14.48.18/logs/routing/13-resizer_timing.log"

Thu Apr 06 14:48:57 UTC 2023 - Executing "sed -i.bak -e {s/\(set ::env(CURRENT_NETLIST)\).*/\1 \/openlane\/designs\/vahid6i\/runs\/RUN_2023.04.06_14.48.18\/tmp\/13-vahid6i.nl.v/} /openlane/designs/vahid6i/runs/RUN_2023.04.06_14.48.18/config.tcl"

Thu Apr 06 14:48:57 UTC 2023 - Executing "openroad -exit /openlane/scripts/openroad/dpl.tcl |& tee /dev/null /openlane/designs/vahid6i/runs/RUN_2023.04.06_14.48.18/logs/routing/14-diode_legalization.log"

Thu Apr 06 14:48:57 UTC 2023 - Executing "sed -i.bak -e {s/\(set ::env(CURRENT_NETLIST)\).*/\1 \/openlane\/designs\/vahid6i\/runs\/RUN_2023.04.06_14.48.18\/tmp\/routing\/diode.nl.v/} /openlane/designs/vahid6i/runs/RUN_2023.04.06_14.48.18/config.tcl"

Thu Apr 06 14:48:57 UTC 2023 - Executing "openroad -exit /openlane/scripts/openroad/groute.tcl |& tee /dev/null /openlane/designs/vahid6i/runs/RUN_2023.04.06_14.48.18/logs/routing/15-global.log"

Thu Apr 06 14:48:58 UTC 2023 - Executing "openroad -exit /openlane/scripts/openroad/write_views.tcl |& tee /dev/null /openlane/designs/vahid6i/runs/RUN_2023.04.06_14.48.18/logs/routing/15-global_write_netlist.log"

Thu Apr 06 14:48:59 UTC 2023 - Executing "sed -i.bak -e {s/\(set ::env(CURRENT_NETLIST)\).*/\1 \/openlane\/designs\/vahid6i\/runs\/RUN_2023.04.06_14.48.18\/tmp\/routing\/global.nl.v/} /openlane/designs/vahid6i/runs/RUN_2023.04.06_14.48.18/config.tcl"

Thu Apr 06 14:48:59 UTC 2023 - Executing "openroad -exit /openlane/scripts/openroad/fill.tcl |& tee /dev/null /openlane/designs/vahid6i/runs/RUN_2023.04.06_14.48.18/logs/routing/17-fill.log"

Thu Apr 06 14:48:59 UTC 2023 - Executing "sed -i.bak -e {s/\(set ::env(CURRENT_NETLIST)\).*/\1 \/openlane\/designs\/vahid6i\/runs\/RUN_2023.04.06_14.48.18\/tmp\/routing\/17-fill.nl.v/} /openlane/designs/vahid6i/runs/RUN_2023.04.06_14.48.18/config.tcl"

Thu Apr 06 14:48:59 UTC 2023 - Executing "openroad -exit /openlane/scripts/openroad/droute.tcl |& tee /dev/null /openlane/designs/vahid6i/runs/RUN_2023.04.06_14.48.18/logs/routing/18-detailed.log"

Thu Apr 06 14:49:52 UTC 2023 - Executing "sed -i.bak -e {s/\(set ::env(CURRENT_NETLIST)\).*/\1 \/openlane\/designs\/vahid6i\/runs\/RUN_2023.04.06_14.48.18\/results\/routing\/vahid6i.nl.v/} /openlane/designs/vahid6i/runs/RUN_2023.04.06_14.48.18/config.tcl"

Thu Apr 06 14:49:52 UTC 2023 - Executing "python3 /openlane/scripts/drc_rosetta.py tr to_klayout -o /openlane/designs/vahid6i/runs/RUN_2023.04.06_14.48.18/reports/routing/drt.klayout.xml --design-name vahid6i /openlane/designs/vahid6i/runs/RUN_2023.04.06_14.48.18/reports/routing/drt.drc"

Thu Apr 06 14:49:52 UTC 2023 - Executing "openroad -exit -no_init -python /openlane/scripts/odbpy/wire_lengths.py --report-out /openlane/designs/vahid6i/runs/RUN_2023.04.06_14.48.18/reports/routing/19-wire_lengths.csv --input-lef /openlane/designs/vahid6i/runs/RUN_2023.04.06_14.48.18/tmp/merged.nom.lef --output-def /dev/null --output /openlane/designs/vahid6i/runs/RUN_2023.04.06_14.48.18/results/routing/vahid6i.odb /openlane/designs/vahid6i/runs/RUN_2023.04.06_14.48.18/results/routing/vahid6i.odb |& tee /dev/null /openlane/designs/vahid6i/runs/RUN_2023.04.06_14.48.18/logs/routing/19-wire_lengths.log"

Thu Apr 06 14:49:52 UTC 2023 - Executing "openroad -exit /openlane/scripts/openroad/rcx.tcl |& tee /dev/null /openlane/designs/vahid6i/runs/RUN_2023.04.06_14.48.18/logs/signoff/20-parasitics_extraction.min.log"

Thu Apr 06 14:49:53 UTC 2023 - Executing "openroad -exit /openlane/scripts/openroad/sta_multi_corner.tcl |& tee /dev/null /openlane/designs/vahid6i/runs/RUN_2023.04.06_14.48.18/logs/signoff/21-rcx_mcsta.min.log"

Thu Apr 06 14:49:57 UTC 2023 - Executing "openroad -exit /openlane/scripts/openroad/rcx.tcl |& tee /dev/null /openlane/designs/vahid6i/runs/RUN_2023.04.06_14.48.18/logs/signoff/22-parasitics_extraction.max.log"

Thu Apr 06 14:49:57 UTC 2023 - Executing "openroad -exit /openlane/scripts/openroad/sta_multi_corner.tcl |& tee /dev/null /openlane/designs/vahid6i/runs/RUN_2023.04.06_14.48.18/logs/signoff/23-rcx_mcsta.max.log"

Thu Apr 06 14:50:01 UTC 2023 - Executing "openroad -exit /openlane/scripts/openroad/rcx.tcl |& tee /dev/null /openlane/designs/vahid6i/runs/RUN_2023.04.06_14.48.18/logs/signoff/24-parasitics_extraction.nom.log"

Thu Apr 06 14:50:02 UTC 2023 - Executing "openroad -exit /openlane/scripts/openroad/sta_multi_corner.tcl |& tee /dev/null /openlane/designs/vahid6i/runs/RUN_2023.04.06_14.48.18/logs/signoff/25-rcx_mcsta.nom.log"

Thu Apr 06 14:50:05 UTC 2023 - Executing "openroad -exit /openlane/scripts/openroad/sta.tcl |& tee /dev/null /openlane/designs/vahid6i/runs/RUN_2023.04.06_14.48.18/logs/signoff/26-rcx_sta.log"

Thu Apr 06 14:50:06 UTC 2023 - Executing "openroad -exit /openlane/scripts/openroad/irdrop.tcl |& tee /dev/null /openlane/designs/vahid6i/runs/RUN_2023.04.06_14.48.18/logs/signoff/27-irdrop.log"

Thu Apr 06 14:50:07 UTC 2023 - Executing "magic -noconsole -dnull -rcfile /home/hugodg/sky130_workspace/open_pdks/sky130/sky130A/libs.tech/magic/sky130A.magicrc < /openlane/scripts/magic/def/mag_gds.tcl |& tee /dev/null /openlane/designs/vahid6i/runs/RUN_2023.04.06_14.48.18/logs/signoff/28-gdsii.log"

Thu Apr 06 14:50:08 UTC 2023 - Executing "magic -noconsole -dnull -rcfile /home/hugodg/sky130_workspace/open_pdks/sky130/sky130A/libs.tech/magic/sky130A.magicrc < /openlane/scripts/magic/gds/mag_with_pointers.tcl |& tee /dev/null /openlane/designs/vahid6i/runs/RUN_2023.04.06_14.48.18/logs/signoff/28-gds_ptrs.log"

Thu Apr 06 14:50:08 UTC 2023 - Executing "sed -i.bak -n {/^<< properties >>/,/^<< end >>/p} /openlane/designs/vahid6i/runs/RUN_2023.04.06_14.48.18/tmp/signoff/gds_ptrs.mag"

Thu Apr 06 14:50:08 UTC 2023 - Executing "magic -noconsole -dnull -rcfile /home/hugodg/sky130_workspace/open_pdks/sky130/sky130A/libs.tech/magic/sky130A.magicrc < /openlane/scripts/magic/mag/lef.tcl |& tee /dev/null /openlane/designs/vahid6i/runs/RUN_2023.04.06_14.48.18/logs/signoff/28-lef.log"

Thu Apr 06 14:50:09 UTC 2023 - Executing "magic -noconsole -dnull -rcfile /home/hugodg/sky130_workspace/open_pdks/sky130/sky130A/libs.tech/magic/sky130A.magicrc < /openlane/scripts/magic/lef/maglef.tcl |& tee /dev/null /openlane/designs/vahid6i/runs/RUN_2023.04.06_14.48.18/logs/signoff/28-maglef.log"

Thu Apr 06 14:50:09 UTC 2023 - Executing "python3 /openlane/scripts/klayout/stream_out.py --output /openlane/designs/vahid6i/runs/RUN_2023.04.06_14.48.18/results/signoff/vahid6i.klayout.gds --lyt /home/hugodg/sky130_workspace/open_pdks/sky130/sky130A/libs.tech/klayout/tech/sky130A.lyt --lym /home/hugodg/sky130_workspace/open_pdks/sky130/sky130A/libs.tech/klayout/tech/sky130A.map --lyp /home/hugodg/sky130_workspace/open_pdks/sky130/sky130A/libs.tech/klayout/tech/sky130A.lyp --top vahid6i --with-gds-file /home/hugodg/sky130_workspace/open_pdks/sky130/sky130A/libs.ref/sky130_fd_sc_hd/gds/sky130_fd_sc_hd.gds --input-lef /openlane/designs/vahid6i/runs/RUN_2023.04.06_14.48.18/tmp/merged.nom.lef /openlane/designs/vahid6i/runs/RUN_2023.04.06_14.48.18/results/routing/vahid6i.def |& tee /dev/null /openlane/designs/vahid6i/runs/RUN_2023.04.06_14.48.18/logs/signoff/29-gdsii-klayout.log"

Thu Apr 06 14:50:09 UTC 2023 - Executing "klayout -b -r /openlane/scripts/klayout/xor.drc -rd a=/openlane/designs/vahid6i/runs/RUN_2023.04.06_14.48.18/results/signoff/vahid6i.gds -rd b=/openlane/designs/vahid6i/runs/RUN_2023.04.06_14.48.18/results/signoff/vahid6i.klayout.gds -rd jobs=1 -rd rdb_out=/openlane/designs/vahid6i/runs/RUN_2023.04.06_14.48.18/reports/signoff/30-xor.xml -rd ignore=81/14 -rd rpt_out=/openlane/designs/vahid6i/runs/RUN_2023.04.06_14.48.18/reports/signoff/30-xor.rpt |& tee /dev/null /openlane/designs/vahid6i/runs/RUN_2023.04.06_14.48.18/logs/signoff/30-xor.log"

Thu Apr 06 14:50:12 UTC 2023 - Executing "magic -noconsole -dnull -rcfile /home/hugodg/sky130_workspace/open_pdks/sky130/sky130A/libs.tech/magic/sky130A.magicrc < /openlane/scripts/magic/extract_spice.tcl |& tee /dev/null /openlane/designs/vahid6i/runs/RUN_2023.04.06_14.48.18/logs/signoff/31-spice.log"

Thu Apr 06 14:50:15 UTC 2023 - Executing "openroad -exit -no_init -python /openlane/scripts/odbpy/power_utils.py write_powered_def --output /openlane/designs/vahid6i/runs/RUN_2023.04.06_14.48.18/tmp/signoff/31-vahid6i.p.def --input-lef /openlane/designs/vahid6i/runs/RUN_2023.04.06_14.48.18/tmp/merged.nom.lef --power-port VPWR --ground-port VGND --powered-netlist {} /openlane/designs/vahid6i/runs/RUN_2023.04.06_14.48.18/results/routing/vahid6i.def |& tee /dev/null /openlane/designs/vahid6i/runs/RUN_2023.04.06_14.48.18/logs/signoff/32-write_powered_def.log"

Thu Apr 06 14:50:16 UTC 2023 - Executing "openroad -exit /openlane/scripts/openroad/write_views.tcl |& tee /dev/null /openlane/designs/vahid6i/runs/RUN_2023.04.06_14.48.18/logs/signoff/32-write_powered_verilog.log"

Thu Apr 06 14:50:16 UTC 2023 - Executing "sed -i.bak -e {s/\(set ::env(CURRENT_NETLIST)\).*/\1 \/openlane\/designs\/vahid6i\/runs\/RUN_2023.04.06_14.48.18\/tmp\/signoff\/31-vahid6i.nl.v/} /openlane/designs/vahid6i/runs/RUN_2023.04.06_14.48.18/config.tcl"

Thu Apr 06 14:50:16 UTC 2023 - Executing "netgen -batch source /openlane/designs/vahid6i/runs/RUN_2023.04.06_14.48.18/tmp/signoff/34-setup_file.lef.lvs |& tee /dev/null /openlane/designs/vahid6i/runs/RUN_2023.04.06_14.48.18/logs/signoff/34-lvs.lef.log"

Thu Apr 06 14:50:16 UTC 2023 - Executing "magic -noconsole -dnull -rcfile /home/hugodg/sky130_workspace/open_pdks/sky130/sky130A/libs.tech/magic/sky130A.magicrc < /openlane/scripts/magic/drc.tcl |& tee /dev/null /openlane/designs/vahid6i/runs/RUN_2023.04.06_14.48.18/logs/signoff/35-drc.log"

Thu Apr 06 14:50:26 UTC 2023 - Executing "python3 /openlane/scripts/drc_rosetta.py magic to_tcl -o /openlane/designs/vahid6i/runs/RUN_2023.04.06_14.48.18/reports/signoff/drc.tcl /openlane/designs/vahid6i/runs/RUN_2023.04.06_14.48.18/reports/signoff/drc.rpt"

Thu Apr 06 14:50:26 UTC 2023 - Executing "python3 /openlane/scripts/drc_rosetta.py magic to_tr -o /openlane/designs/vahid6i/runs/RUN_2023.04.06_14.48.18/reports/signoff/drc.tr /openlane/designs/vahid6i/runs/RUN_2023.04.06_14.48.18/reports/signoff/drc.rpt"

Thu Apr 06 14:50:26 UTC 2023 - Executing "python3 /openlane/scripts/drc_rosetta.py tr to_klayout -o /openlane/designs/vahid6i/runs/RUN_2023.04.06_14.48.18/reports/signoff/drc.klayout.xml --design-name vahid6i /openlane/designs/vahid6i/runs/RUN_2023.04.06_14.48.18/reports/signoff/drc.tr"

Thu Apr 06 14:50:26 UTC 2023 - Executing "python3 /openlane/scripts/drc_rosetta.py magic to_rdb -o /openlane/designs/vahid6i/runs/RUN_2023.04.06_14.48.18/reports/signoff/drc.rdb /openlane/designs/vahid6i/runs/RUN_2023.04.06_14.48.18/reports/signoff/drc.rpt"

Thu Apr 06 14:50:26 UTC 2023 - Executing "openroad -exit /openlane/scripts/openroad/antenna_check.tcl |& tee /dev/null /openlane/designs/vahid6i/runs/RUN_2023.04.06_14.48.18/logs/signoff/36-antenna.log"

Thu Apr 06 14:50:26 UTC 2023 - Executing "python3 /openlane/scripts/extract_antenna_violators.py --output /openlane/designs/vahid6i/runs/RUN_2023.04.06_14.48.18/reports/signoff/36-antenna_violators.rpt /openlane/designs/vahid6i/runs/RUN_2023.04.06_14.48.18/logs/signoff/36-antenna.log"

Thu Apr 06 14:50:27 UTC 2023 - Executing "awk -v vdd=VPWR -v gnd=VGND -f /home/hugodg/sky130_workspace/open_pdks/sky130/sky130A/libs.tech/openlane/cvc/power.awk /openlane/designs/vahid6i/runs/RUN_2023.04.06_14.48.18/tmp/signoff/31-vahid6i.nl.v > /openlane/designs/vahid6i/runs/RUN_2023.04.06_14.48.18/tmp/signoff/vahid6i.power"

Thu Apr 06 14:50:27 UTC 2023 - Executing "awk -f /home/hugodg/sky130_workspace/open_pdks/sky130/sky130A/libs.tech/openlane/cvc/cdl.awk /home/hugodg/sky130_workspace/open_pdks/sky130/sky130A/libs.ref/sky130_fd_sc_hd/cdl/sky130_fd_sc_hd.cdl /openlane/designs/vahid6i/runs/RUN_2023.04.06_14.48.18/results/signoff/vahid6i.lef.spice > /openlane/designs/vahid6i/runs/RUN_2023.04.06_14.48.18/tmp/signoff/vahid6i.cdl"

Thu Apr 06 14:50:27 UTC 2023 - Executing "cvc_rv /home/hugodg/sky130_workspace/open_pdks/sky130/sky130A/libs.tech/openlane/cvc/cvcrc |& tee /dev/null /openlane/designs/vahid6i/runs/RUN_2023.04.06_14.48.18/logs/signoff/37-erc_screen.log"

