
===========================================================================
report_checks -path_delay max (Setup)
============================================================================
Startpoint: clock (input port clocked by clk_48)
Endpoint: led_clock (output port clocked by clk_48)
Path Group: clk_48
Path Type: max

Fanout     Cap    Slew   Delay    Time   Description
-----------------------------------------------------------------------------
                  0.00    0.00    0.00   clock clk_48 (rise edge)
                          0.00    0.00   clock network delay (ideal)
                          3.00    3.00 ^ input external delay
                  2.82    2.02    5.02 ^ clock (in)
   335    0.63                           clock (net)
                  2.82    0.00    5.02 ^ _3558_/A (sky130_fd_sc_hd__buf_2)
                  0.19    0.53    5.55 ^ _3558_/X (sky130_fd_sc_hd__buf_2)
     1    0.03                           led_clock (net)
                  0.19    0.00    5.55 ^ led_clock (out)
                                  5.55   data arrival time

                  0.00   15.00   15.00   clock clk_48 (rise edge)
                          0.00   15.00   clock network delay (ideal)
                         -0.25   14.75   clock uncertainty
                          0.00   14.75   clock reconvergence pessimism
                         -3.00   11.75   output external delay
                                 11.75   data required time
-----------------------------------------------------------------------------
                                 11.75   data required time
                                 -5.55   data arrival time
-----------------------------------------------------------------------------
                                  6.20   slack (MET)


