
===========================================================================
report_checks -path_delay min (Hold)
============================================================================
Startpoint: clock (input port clocked by clk_48)
Endpoint: led_clock (output port clocked by clk_48)
Path Group: clk_48
Path Type: min

Fanout     Cap    Slew   Delay    Time   Description
-----------------------------------------------------------------------------
                  0.00    0.00    0.00   clock clk_48 (rise edge)
                          0.00    0.00   clock network delay (ideal)
                          3.00    3.00 v input external delay
                  1.23    0.90    3.90 v clock (in)
   343    0.58                           clock (net)
                  1.23    0.00    3.90 v _3702_/A (sky130_fd_sc_hd__buf_2)
                  0.11    0.51    4.41 v _3702_/X (sky130_fd_sc_hd__buf_2)
     1    0.03                           led_clock (net)
                  0.11    0.00    4.41 v led_clock (out)
                                  4.41   data arrival time

                  0.00    0.00    0.00   clock clk_48 (rise edge)
                          0.00    0.00   clock network delay (ideal)
                          0.25    0.25   clock uncertainty
                          0.00    0.25   clock reconvergence pessimism
                         -3.00   -2.75   output external delay
                                 -2.75   data required time
-----------------------------------------------------------------------------
                                 -2.75   data required time
                                 -4.41   data arrival time
-----------------------------------------------------------------------------
                                  7.16   slack (MET)


