
===========================================================================
report_checks -path_delay min (Hold)
============================================================================
Startpoint: clock (input port clocked by clk_48)
Endpoint: led_clock (output port clocked by clk_48)
Path Group: clk_48
Path Type: min

Fanout     Cap    Slew   Delay    Time   Description
-----------------------------------------------------------------------------
                  0.00    0.00    0.00   clock clk_48 (rise edge)
                          0.00    0.00   clock network delay (ideal)
                          3.00    3.00 v input external delay
                  0.01    0.00    3.00 v clock (in)
     1    0.00                           clock (net)
                  0.01    0.00    3.00 v input33/A (sky130_fd_sc_hd__clkbuf_1)
                  0.04    0.08    3.09 v input33/X (sky130_fd_sc_hd__clkbuf_1)
     1    0.01                           net33 (net)
                  0.04    0.00    3.09 v fanout187/A (sky130_fd_sc_hd__clkbuf_2)
                  0.14    0.18    3.27 v fanout187/X (sky130_fd_sc_hd__clkbuf_2)
     3    0.04                           net187 (net)
                  0.14    0.00    3.27 v fanout186/A (sky130_fd_sc_hd__clkbuf_2)
                  0.11    0.20    3.47 v fanout186/X (sky130_fd_sc_hd__clkbuf_2)
     3    0.03                           net186 (net)
                  0.11    0.00    3.47 v fanout167/A (sky130_fd_sc_hd__clkbuf_2)
                  0.11    0.19    3.66 v fanout167/X (sky130_fd_sc_hd__clkbuf_2)
     4    0.03                           net167 (net)
                  0.11    0.00    3.66 v fanout159/A (sky130_fd_sc_hd__clkbuf_1)
                  0.08    0.15    3.81 v fanout159/X (sky130_fd_sc_hd__clkbuf_1)
     3    0.01                           net159 (net)
                  0.08    0.00    3.82 v _3424_/A (sky130_fd_sc_hd__clkbuf_1)
                  0.02    0.10    3.91 v _3424_/X (sky130_fd_sc_hd__clkbuf_1)
     1    0.00                           net78 (net)
                  0.02    0.00    3.91 v output78/A (sky130_fd_sc_hd__clkbuf_4)
                  0.08    0.17    4.08 v output78/X (sky130_fd_sc_hd__clkbuf_4)
     1    0.03                           led_clock (net)
                  0.08    0.00    4.08 v led_clock (out)
                                  4.08   data arrival time

                  0.00    0.00    0.00   clock clk_48 (rise edge)
                          0.00    0.00   clock network delay (ideal)
                          0.25    0.25   clock uncertainty
                          0.00    0.25   clock reconvergence pessimism
                         -3.00   -2.75   output external delay
                                 -2.75   data required time
-----------------------------------------------------------------------------
                                 -2.75   data required time
                                 -4.08   data arrival time
-----------------------------------------------------------------------------
                                  6.83   slack (MET)


