
===========================================================================
report_checks -path_delay min (Hold)
============================================================================
Startpoint: clock (input port clocked by clk_48)
Endpoint: led_clock (output port clocked by clk_48)
Path Group: clk_48
Path Type: min

Fanout     Cap    Slew   Delay    Time   Description
-----------------------------------------------------------------------------
                  0.00    0.00    0.00   clock clk_48 (rise edge)
                          0.00    0.00   clock network delay (ideal)
                          3.00    3.00 v input external delay
                  0.01    0.01    3.01 v clock (in)
     1    0.00                           clock (net)
                  0.01    0.00    3.01 v input17/A (sky130_fd_sc_hd__clkbuf_1)
                  0.04    0.08    3.08 v input17/X (sky130_fd_sc_hd__clkbuf_1)
     1    0.00                           net17 (net)
                  0.04    0.00    3.08 v fanout109/A (sky130_fd_sc_hd__clkbuf_2)
                  0.09    0.14    3.23 v fanout109/X (sky130_fd_sc_hd__clkbuf_2)
     3    0.02                           net109 (net)
                  0.09    0.00    3.23 v fanout108/A (sky130_fd_sc_hd__dlymetal6s2s_1)
                  0.10    0.20    3.42 v fanout108/X (sky130_fd_sc_hd__dlymetal6s2s_1)
     3    0.02                           net108 (net)
                  0.10    0.00    3.43 v fanout96/A (sky130_fd_sc_hd__dlymetal6s2s_1)
                  0.09    0.20    3.62 v fanout96/X (sky130_fd_sc_hd__dlymetal6s2s_1)
     3    0.02                           net96 (net)
                  0.09    0.00    3.62 v fanout91/A (sky130_fd_sc_hd__dlymetal6s2s_1)
                  0.09    0.19    3.82 v fanout91/X (sky130_fd_sc_hd__dlymetal6s2s_1)
     5    0.02                           net91 (net)
                  0.09    0.00    3.82 v _2039_/A (sky130_fd_sc_hd__clkbuf_1)
                  0.03    0.10    3.92 v _2039_/X (sky130_fd_sc_hd__clkbuf_1)
     1    0.00                           net45 (net)
                  0.03    0.00    3.92 v output45/A (sky130_fd_sc_hd__buf_2)
                  0.09    0.17    4.08 v output45/X (sky130_fd_sc_hd__buf_2)
     1    0.03                           led_clock (net)
                  0.09    0.00    4.08 v led_clock (out)
                                  4.08   data arrival time

                  0.00    0.00    0.00   clock clk_48 (rise edge)
                          0.00    0.00   clock network delay (ideal)
                          0.25    0.25   clock uncertainty
                          0.00    0.25   clock reconvergence pessimism
                         -3.00   -2.75   output external delay
                                 -2.75   data required time
-----------------------------------------------------------------------------
                                 -2.75   data required time
                                 -4.08   data arrival time
-----------------------------------------------------------------------------
                                  6.83   slack (MET)


